#
# There is insufficient memory for the Java Runtime Environment to continue.
# Native memory allocation (malloc) failed to allocate 1138576 bytes for Chunk::new
# Possible reasons:
#   The system is out of physical RAM or swap space
#   The process is running with CompressedOops enabled, and the Java Heap may be blocking the growth of the native heap
# Possible solutions:
#   Reduce memory load on the system
#   Increase physical memory or swap space
#   Check if swap backing store is full
#   Decrease Java heap size (-Xmx/-Xms)
#   Decrease number of Java threads
#   Decrease Java thread stack sizes (-Xss)
#   Set larger code cache with -XX:ReservedCodeCacheSize=
#   JVM is running with Unscaled Compressed Oops mode in which the Java heap is
#     placed in the first 4GB address space. The Java Heap base address is the
#     maximum limit for the native heap growth. Please use -XX:HeapBaseMinAddress
#     to set the Java Heap base and to place the Java Heap above 4GB virtual address.
# This output file may be truncated or incomplete.
#
#  Out of Memory Error (arena.cpp:189), pid=17236, tid=19676
#
# JRE version: Java(TM) SE Runtime Environment (17.0.6+9) (build 17.0.6+9-LTS-190)
# Java VM: Java HotSpot(TM) 64-Bit Server VM (17.0.6+9-LTS-190, mixed mode, sharing, tiered, compressed oops, compressed class ptrs, g1 gc, windows-amd64)
# No core dump will be written. Minidumps are not enabled by default on client versions of Windows
#

---------------  S U M M A R Y ------------

Command Line: -Dclassworlds.conf=C:\Program Files\Java\apache-maven-3.9.7\bin\m2.conf -Dmaven.home=C:\Program Files\Java\apache-maven-3.9.7 -Dlibrary.jansi.path=C:\Program Files\Java\apache-maven-3.9.7\lib\jansi-native -Dmaven.multiModuleProjectDirectory=c:\Users\IBYTE\Documents\GitHub\TrendsIT\02.Nivelamento Prático\Curso de Spring Boot\api org.codehaus.plexus.classworlds.launcher.Launcher -q help:effective-pom -Doutput=c:\Users\IBYTE\Documents\GitHub\TrendsIT\02.Nivelamento Prático\Curso de Spring Boot\api\effective-pom.xml -f c:/Users/IBYTE/Documents/GitHub/TrendsIT/02.Nivelamento Prático/Curso de Spring Boot/api/pom.xml

Host: 12th Gen Intel(R) Core(TM) i5-12450H, 12 cores, 7G,  Windows 11 , 64 bit Build 22621 (10.0.22621.4830)
Time: Sat Feb  8 12:34:56 2025 Hora oficial do Brasil elapsed time: 4.450442 seconds (0d 0h 0m 4s)

---------------  T H R E A D  ---------------

Current thread (0x000001f66263cc10):  JavaThread "C2 CompilerThread0" daemon [_thread_in_native, id=19676, stack(0x00000002d0f00000,0x00000002d1000000)]


Current CompileTask:
C2:   4450 3421       4       org.codehaus.plexus.configuration.xml.XmlPlexusConfiguration::<init> (96 bytes)

Stack: [0x00000002d0f00000,0x00000002d1000000]
Native frames: (J=compiled Java code, j=interpreted, Vv=VM code, C=native code)
V  [jvm.dll+0x6734ea]
V  [jvm.dll+0x7d18f4]
V  [jvm.dll+0x7d309e]
V  [jvm.dll+0x7d3703]
V  [jvm.dll+0x2433c5]
V  [jvm.dll+0xaa46b]
V  [jvm.dll+0xaaa0c]
V  [jvm.dll+0x35eadf]
V  [jvm.dll+0x1b986a]
V  [jvm.dll+0x215f37]
V  [jvm.dll+0x215211]
V  [jvm.dll+0x1a1730]
V  [jvm.dll+0x224b6e]
V  [jvm.dll+0x222f15]
V  [jvm.dll+0x78753c]
V  [jvm.dll+0x781a7a]
V  [jvm.dll+0x672375]
C  [ucrtbase.dll+0x29333]
C  [KERNEL32.DLL+0x1259d]
C  [ntdll.dll+0x5af38]


---------------  P R O C E S S  ---------------

Threads class SMR info:
_java_thread_list=0x000001f663376430, length=12, elements={
0x000001f6442c9570, 0x000001f662623460, 0x000001f6626240d0, 0x000001f662639160,
0x000001f66263ab20, 0x000001f66263b4d0, 0x000001f66263be80, 0x000001f66263cc10,
0x000001f66263d6b0, 0x000001f662642bf0, 0x000001f6630d2eb0, 0x000001f6630d9a40
}

Java Threads: ( => current thread )
  0x000001f6442c9570 JavaThread "main" [_thread_in_native, id=23228, stack(0x00000002d0200000,0x00000002d0300000)]
  0x000001f662623460 JavaThread "Reference Handler" daemon [_thread_blocked, id=15236, stack(0x00000002d0900000,0x00000002d0a00000)]
  0x000001f6626240d0 JavaThread "Finalizer" daemon [_thread_blocked, id=11084, stack(0x00000002d0a00000,0x00000002d0b00000)]
  0x000001f662639160 JavaThread "Signal Dispatcher" daemon [_thread_blocked, id=22280, stack(0x00000002d0b00000,0x00000002d0c00000)]
  0x000001f66263ab20 JavaThread "Attach Listener" daemon [_thread_blocked, id=20960, stack(0x00000002d0c00000,0x00000002d0d00000)]
  0x000001f66263b4d0 JavaThread "Service Thread" daemon [_thread_blocked, id=16628, stack(0x00000002d0d00000,0x00000002d0e00000)]
  0x000001f66263be80 JavaThread "Monitor Deflation Thread" daemon [_thread_blocked, id=22632, stack(0x00000002d0e00000,0x00000002d0f00000)]
=>0x000001f66263cc10 JavaThread "C2 CompilerThread0" daemon [_thread_in_native, id=19676, stack(0x00000002d0f00000,0x00000002d1000000)]
  0x000001f66263d6b0 JavaThread "C1 CompilerThread0" daemon [_thread_blocked, id=19052, stack(0x00000002d1000000,0x00000002d1100000)]
  0x000001f662642bf0 JavaThread "Sweeper thread" daemon [_thread_blocked, id=22340, stack(0x00000002d1100000,0x00000002d1200000)]
  0x000001f6630d2eb0 JavaThread "Notification Thread" daemon [_thread_blocked, id=13660, stack(0x00000002d1200000,0x00000002d1300000)]
  0x000001f6630d9a40 JavaThread "Common-Cleaner" daemon [_thread_blocked, id=14376, stack(0x00000002d1400000,0x00000002d1500000)]

Other Threads:
  0x000001f66261e1c0 VMThread "VM Thread" [stack: 0x00000002d0800000,0x00000002d0900000] [id=20136]
  0x000001f6630d93a0 WatcherThread [stack: 0x00000002d1300000,0x00000002d1400000] [id=23424]
  0x000001f6443227e0 GCTaskThread "GC Thread#0" [stack: 0x00000002d0300000,0x00000002d0400000] [id=23008]
  0x000001f663802b20 GCTaskThread "GC Thread#1" [stack: 0x00000002d1500000,0x00000002d1600000] [id=19012]
  0x000001f663a4a110 GCTaskThread "GC Thread#2" [stack: 0x00000002d1600000,0x00000002d1700000] [id=19152]
  0x000001f663bfeb00 GCTaskThread "GC Thread#3" [stack: 0x00000002d1700000,0x00000002d1800000] [id=15596]
  0x000001f6638464f0 GCTaskThread "GC Thread#4" [stack: 0x00000002d1800000,0x00000002d1900000] [id=23488]
  0x000001f6638467a0 GCTaskThread "GC Thread#5" [stack: 0x00000002d1900000,0x00000002d1a00000] [id=19072]
  0x000001f663b16840 GCTaskThread "GC Thread#6" [stack: 0x00000002d1a00000,0x00000002d1b00000] [id=17740]
  0x000001f663b16af0 GCTaskThread "GC Thread#7" [stack: 0x00000002d1b00000,0x00000002d1c00000] [id=22288]
  0x000001f663c966b0 GCTaskThread "GC Thread#8" [stack: 0x00000002d1c00000,0x00000002d1d00000] [id=13560]
  0x000001f663c96960 GCTaskThread "GC Thread#9" [stack: 0x00000002d1d00000,0x00000002d1e00000] [id=18940]
  0x000001f644332e20 ConcurrentGCThread "G1 Main Marker" [stack: 0x00000002d0400000,0x00000002d0500000] [id=21800]
  0x000001f644333830 ConcurrentGCThread "G1 Conc#0" [stack: 0x00000002d0500000,0x00000002d0600000] [id=23496]
  0x000001f64438e530 ConcurrentGCThread "G1 Refine#0" [stack: 0x00000002d0600000,0x00000002d0700000] [id=16948]
  0x000001f6624c80e0 ConcurrentGCThread "G1 Service" [stack: 0x00000002d0700000,0x00000002d0800000] [id=1188]

Threads with active compile tasks:
C2 CompilerThread0     4469 3421       4       org.codehaus.plexus.configuration.xml.XmlPlexusConfiguration::<init> (96 bytes)

VM state: not at safepoint (normal execution)

VM Mutex/Monitor currently owned by a thread: None

Heap address: 0x0000000084800000, size: 1976 MB, Compressed Oops mode: 32-bit

CDS archive(s) mapped at: [0x0000000800000000-0x0000000800bd0000-0x0000000800bd0000), size 12386304, SharedBaseAddress: 0x0000000800000000, ArchiveRelocationMode: 0.
Compressed class space mapped at: 0x0000000800c00000-0x0000000840c00000, reserved size: 1073741824
Narrow klass base: 0x0000000800000000, Narrow klass shift: 0, Narrow klass range: 0x100000000

GC Precious Log:
 CPUs: 12 total, 12 available
 Memory: 7896M
 Large Page Support: Disabled
 NUMA Support: Disabled
 Compressed Oops: Enabled (32-bit)
 Heap Region Size: 1M
 Heap Min Capacity: 8M
 Heap Initial Capacity: 124M
 Heap Max Capacity: 1976M
 Pre-touch: Disabled
 Parallel Workers: 10
 Concurrent Workers: 3
 Concurrent Refinement Workers: 10
 Periodic GC: Disabled

Heap:
 garbage-first heap   total 126976K, used 32500K [0x0000000084800000, 0x0000000100000000)
  region size 1024K, 28 young (28672K), 10 survivors (10240K)
 Metaspace       used 15453K, committed 15680K, reserved 1064960K
  class space    used 1827K, committed 1920K, reserved 1048576K

Heap Regions: E=young(eden), S=young(survivor), O=old, HS=humongous(starts), HC=humongous(continues), CS=collection set, F=free, OA=open archive, CA=closed archive, TAMS=top-at-mark-start (previous, next)
|   0|0x0000000084800000, 0x0000000084900000, 0x0000000084900000|100%| O|  |TAMS 0x0000000084800000, 0x0000000084800000| Untracked 
|   1|0x0000000084900000, 0x0000000084a00000, 0x0000000084a00000|100%| O|  |TAMS 0x0000000084900000, 0x0000000084900000| Untracked 
|   2|0x0000000084a00000, 0x0000000084b00000, 0x0000000084b00000|100%| O|  |TAMS 0x0000000084a00000, 0x0000000084a00000| Untracked 
|   3|0x0000000084b00000, 0x0000000084c00000, 0x0000000084c00000|100%| O|  |TAMS 0x0000000084b00000, 0x0000000084b00000| Untracked 
|   4|0x0000000084c00000, 0x0000000084cbd200, 0x0000000084d00000| 73%| O|  |TAMS 0x0000000084c00000, 0x0000000084c00000| Untracked 
|   5|0x0000000084d00000, 0x0000000084d00000, 0x0000000084e00000|  0%| F|  |TAMS 0x0000000084d00000, 0x0000000084d00000| Untracked 
|   6|0x0000000084e00000, 0x0000000084e00000, 0x0000000084f00000|  0%| F|  |TAMS 0x0000000084e00000, 0x0000000084e00000| Untracked 
|   7|0x0000000084f00000, 0x0000000084f00000, 0x0000000085000000|  0%| F|  |TAMS 0x0000000084f00000, 0x0000000084f00000| Untracked 
|   8|0x0000000085000000, 0x0000000085000000, 0x0000000085100000|  0%| F|  |TAMS 0x0000000085000000, 0x0000000085000000| Untracked 
|   9|0x0000000085100000, 0x0000000085100000, 0x0000000085200000|  0%| F|  |TAMS 0x0000000085100000, 0x0000000085100000| Untracked 
|  10|0x0000000085200000, 0x0000000085200000, 0x0000000085300000|  0%| F|  |TAMS 0x0000000085200000, 0x0000000085200000| Untracked 
|  11|0x0000000085300000, 0x0000000085300000, 0x0000000085400000|  0%| F|  |TAMS 0x0000000085300000, 0x0000000085300000| Untracked 
|  12|0x0000000085400000, 0x0000000085400000, 0x0000000085500000|  0%| F|  |TAMS 0x0000000085400000, 0x0000000085400000| Untracked 
|  13|0x0000000085500000, 0x0000000085500000, 0x0000000085600000|  0%| F|  |TAMS 0x0000000085500000, 0x0000000085500000| Untracked 
|  14|0x0000000085600000, 0x0000000085600000, 0x0000000085700000|  0%| F|  |TAMS 0x0000000085600000, 0x0000000085600000| Untracked 
|  15|0x0000000085700000, 0x0000000085700000, 0x0000000085800000|  0%| F|  |TAMS 0x0000000085700000, 0x0000000085700000| Untracked 
|  16|0x0000000085800000, 0x0000000085800000, 0x0000000085900000|  0%| F|  |TAMS 0x0000000085800000, 0x0000000085800000| Untracked 
|  17|0x0000000085900000, 0x0000000085900000, 0x0000000085a00000|  0%| F|  |TAMS 0x0000000085900000, 0x0000000085900000| Untracked 
|  18|0x0000000085a00000, 0x0000000085a00000, 0x0000000085b00000|  0%| F|  |TAMS 0x0000000085a00000, 0x0000000085a00000| Untracked 
|  19|0x0000000085b00000, 0x0000000085b00000, 0x0000000085c00000|  0%| F|  |TAMS 0x0000000085b00000, 0x0000000085b00000| Untracked 
|  20|0x0000000085c00000, 0x0000000085c00000, 0x0000000085d00000|  0%| F|  |TAMS 0x0000000085c00000, 0x0000000085c00000| Untracked 
|  21|0x0000000085d00000, 0x0000000085d00000, 0x0000000085e00000|  0%| F|  |TAMS 0x0000000085d00000, 0x0000000085d00000| Untracked 
|  22|0x0000000085e00000, 0x0000000085e00000, 0x0000000085f00000|  0%| F|  |TAMS 0x0000000085e00000, 0x0000000085e00000| Untracked 
|  23|0x0000000085f00000, 0x0000000085f00000, 0x0000000086000000|  0%| F|  |TAMS 0x0000000085f00000, 0x0000000085f00000| Untracked 
|  24|0x0000000086000000, 0x0000000086000000, 0x0000000086100000|  0%| F|  |TAMS 0x0000000086000000, 0x0000000086000000| Untracked 
|  25|0x0000000086100000, 0x0000000086100000, 0x0000000086200000|  0%| F|  |TAMS 0x0000000086100000, 0x0000000086100000| Untracked 
|  26|0x0000000086200000, 0x0000000086200000, 0x0000000086300000|  0%| F|  |TAMS 0x0000000086200000, 0x0000000086200000| Untracked 
|  27|0x0000000086300000, 0x0000000086300000, 0x0000000086400000|  0%| F|  |TAMS 0x0000000086300000, 0x0000000086300000| Untracked 
|  28|0x0000000086400000, 0x0000000086400000, 0x0000000086500000|  0%| F|  |TAMS 0x0000000086400000, 0x0000000086400000| Untracked 
|  29|0x0000000086500000, 0x0000000086500000, 0x0000000086600000|  0%| F|  |TAMS 0x0000000086500000, 0x0000000086500000| Untracked 
|  30|0x0000000086600000, 0x0000000086600000, 0x0000000086700000|  0%| F|  |TAMS 0x0000000086600000, 0x0000000086600000| Untracked 
|  31|0x0000000086700000, 0x0000000086700000, 0x0000000086800000|  0%| F|  |TAMS 0x0000000086700000, 0x0000000086700000| Untracked 
|  32|0x0000000086800000, 0x0000000086800000, 0x0000000086900000|  0%| F|  |TAMS 0x0000000086800000, 0x0000000086800000| Untracked 
|  33|0x0000000086900000, 0x0000000086900000, 0x0000000086a00000|  0%| F|  |TAMS 0x0000000086900000, 0x0000000086900000| Untracked 
|  34|0x0000000086a00000, 0x0000000086a00000, 0x0000000086b00000|  0%| F|  |TAMS 0x0000000086a00000, 0x0000000086a00000| Untracked 
|  35|0x0000000086b00000, 0x0000000086b00000, 0x0000000086c00000|  0%| F|  |TAMS 0x0000000086b00000, 0x0000000086b00000| Untracked 
|  36|0x0000000086c00000, 0x0000000086c00000, 0x0000000086d00000|  0%| F|  |TAMS 0x0000000086c00000, 0x0000000086c00000| Untracked 
|  37|0x0000000086d00000, 0x0000000086d00000, 0x0000000086e00000|  0%| F|  |TAMS 0x0000000086d00000, 0x0000000086d00000| Untracked 
|  38|0x0000000086e00000, 0x0000000086e00000, 0x0000000086f00000|  0%| F|  |TAMS 0x0000000086e00000, 0x0000000086e00000| Untracked 
|  39|0x0000000086f00000, 0x0000000086f00000, 0x0000000087000000|  0%| F|  |TAMS 0x0000000086f00000, 0x0000000086f00000| Untracked 
|  40|0x0000000087000000, 0x0000000087100000, 0x0000000087100000|100%| S|CS|TAMS 0x0000000087000000, 0x0000000087000000| Complete 
|  41|0x0000000087100000, 0x0000000087200000, 0x0000000087200000|100%| S|CS|TAMS 0x0000000087100000, 0x0000000087100000| Complete 
|  42|0x0000000087200000, 0x0000000087300000, 0x0000000087300000|100%| S|CS|TAMS 0x0000000087200000, 0x0000000087200000| Complete 
|  43|0x0000000087300000, 0x0000000087400000, 0x0000000087400000|100%| S|CS|TAMS 0x0000000087300000, 0x0000000087300000| Complete 
|  44|0x0000000087400000, 0x0000000087500000, 0x0000000087500000|100%| S|CS|TAMS 0x0000000087400000, 0x0000000087400000| Complete 
|  45|0x0000000087500000, 0x0000000087600000, 0x0000000087600000|100%| S|CS|TAMS 0x0000000087500000, 0x0000000087500000| Complete 
|  46|0x0000000087600000, 0x0000000087700000, 0x0000000087700000|100%| S|CS|TAMS 0x0000000087600000, 0x0000000087600000| Complete 
|  47|0x0000000087700000, 0x0000000087800000, 0x0000000087800000|100%| S|CS|TAMS 0x0000000087700000, 0x0000000087700000| Complete 
|  48|0x0000000087800000, 0x0000000087900000, 0x0000000087900000|100%| S|CS|TAMS 0x0000000087800000, 0x0000000087800000| Complete 
|  49|0x0000000087900000, 0x0000000087a00000, 0x0000000087a00000|100%| S|CS|TAMS 0x0000000087900000, 0x0000000087900000| Complete 
|  50|0x0000000087a00000, 0x0000000087a00000, 0x0000000087b00000|  0%| F|  |TAMS 0x0000000087a00000, 0x0000000087a00000| Untracked 
|  51|0x0000000087b00000, 0x0000000087b00000, 0x0000000087c00000|  0%| F|  |TAMS 0x0000000087b00000, 0x0000000087b00000| Untracked 
|  52|0x0000000087c00000, 0x0000000087c00000, 0x0000000087d00000|  0%| F|  |TAMS 0x0000000087c00000, 0x0000000087c00000| Untracked 
|  53|0x0000000087d00000, 0x0000000087d00000, 0x0000000087e00000|  0%| F|  |TAMS 0x0000000087d00000, 0x0000000087d00000| Untracked 
|  54|0x0000000087e00000, 0x0000000087e00000, 0x0000000087f00000|  0%| F|  |TAMS 0x0000000087e00000, 0x0000000087e00000| Untracked 
|  55|0x0000000087f00000, 0x0000000087f00000, 0x0000000088000000|  0%| F|  |TAMS 0x0000000087f00000, 0x0000000087f00000| Untracked 
|  56|0x0000000088000000, 0x0000000088000000, 0x0000000088100000|  0%| F|  |TAMS 0x0000000088000000, 0x0000000088000000| Untracked 
|  57|0x0000000088100000, 0x0000000088100000, 0x0000000088200000|  0%| F|  |TAMS 0x0000000088100000, 0x0000000088100000| Untracked 
|  58|0x0000000088200000, 0x0000000088200000, 0x0000000088300000|  0%| F|  |TAMS 0x0000000088200000, 0x0000000088200000| Untracked 
|  59|0x0000000088300000, 0x0000000088300000, 0x0000000088400000|  0%| F|  |TAMS 0x0000000088300000, 0x0000000088300000| Untracked 
|  60|0x0000000088400000, 0x0000000088400000, 0x0000000088500000|  0%| F|  |TAMS 0x0000000088400000, 0x0000000088400000| Untracked 
|  61|0x0000000088500000, 0x0000000088500000, 0x0000000088600000|  0%| F|  |TAMS 0x0000000088500000, 0x0000000088500000| Untracked 
|  62|0x0000000088600000, 0x0000000088600000, 0x0000000088700000|  0%| F|  |TAMS 0x0000000088600000, 0x0000000088600000| Untracked 
|  63|0x0000000088700000, 0x0000000088700000, 0x0000000088800000|  0%| F|  |TAMS 0x0000000088700000, 0x0000000088700000| Untracked 
|  64|0x0000000088800000, 0x0000000088800000, 0x0000000088900000|  0%| F|  |TAMS 0x0000000088800000, 0x0000000088800000| Untracked 
|  65|0x0000000088900000, 0x0000000088900000, 0x0000000088a00000|  0%| F|  |TAMS 0x0000000088900000, 0x0000000088900000| Untracked 
|  66|0x0000000088a00000, 0x0000000088a00000, 0x0000000088b00000|  0%| F|  |TAMS 0x0000000088a00000, 0x0000000088a00000| Untracked 
|  67|0x0000000088b00000, 0x0000000088b00000, 0x0000000088c00000|  0%| F|  |TAMS 0x0000000088b00000, 0x0000000088b00000| Untracked 
|  68|0x0000000088c00000, 0x0000000088c00000, 0x0000000088d00000|  0%| F|  |TAMS 0x0000000088c00000, 0x0000000088c00000| Untracked 
|  69|0x0000000088d00000, 0x0000000088d00000, 0x0000000088e00000|  0%| F|  |TAMS 0x0000000088d00000, 0x0000000088d00000| Untracked 
|  70|0x0000000088e00000, 0x0000000088e00000, 0x0000000088f00000|  0%| F|  |TAMS 0x0000000088e00000, 0x0000000088e00000| Untracked 
|  71|0x0000000088f00000, 0x0000000088f00000, 0x0000000089000000|  0%| F|  |TAMS 0x0000000088f00000, 0x0000000088f00000| Untracked 
|  72|0x0000000089000000, 0x0000000089000000, 0x0000000089100000|  0%| F|  |TAMS 0x0000000089000000, 0x0000000089000000| Untracked 
|  73|0x0000000089100000, 0x0000000089100000, 0x0000000089200000|  0%| F|  |TAMS 0x0000000089100000, 0x0000000089100000| Untracked 
|  74|0x0000000089200000, 0x0000000089200000, 0x0000000089300000|  0%| F|  |TAMS 0x0000000089200000, 0x0000000089200000| Untracked 
|  75|0x0000000089300000, 0x0000000089300000, 0x0000000089400000|  0%| F|  |TAMS 0x0000000089300000, 0x0000000089300000| Untracked 
|  76|0x0000000089400000, 0x0000000089400000, 0x0000000089500000|  0%| F|  |TAMS 0x0000000089400000, 0x0000000089400000| Untracked 
|  77|0x0000000089500000, 0x0000000089500000, 0x0000000089600000|  0%| F|  |TAMS 0x0000000089500000, 0x0000000089500000| Untracked 
|  78|0x0000000089600000, 0x0000000089600000, 0x0000000089700000|  0%| F|  |TAMS 0x0000000089600000, 0x0000000089600000| Untracked 
|  79|0x0000000089700000, 0x0000000089700000, 0x0000000089800000|  0%| F|  |TAMS 0x0000000089700000, 0x0000000089700000| Untracked 
|  80|0x0000000089800000, 0x0000000089800000, 0x0000000089900000|  0%| F|  |TAMS 0x0000000089800000, 0x0000000089800000| Untracked 
|  81|0x0000000089900000, 0x0000000089900000, 0x0000000089a00000|  0%| F|  |TAMS 0x0000000089900000, 0x0000000089900000| Untracked 
|  82|0x0000000089a00000, 0x0000000089a00000, 0x0000000089b00000|  0%| F|  |TAMS 0x0000000089a00000, 0x0000000089a00000| Untracked 
|  83|0x0000000089b00000, 0x0000000089b00000, 0x0000000089c00000|  0%| F|  |TAMS 0x0000000089b00000, 0x0000000089b00000| Untracked 
|  84|0x0000000089c00000, 0x0000000089c00000, 0x0000000089d00000|  0%| F|  |TAMS 0x0000000089c00000, 0x0000000089c00000| Untracked 
|  85|0x0000000089d00000, 0x0000000089d00000, 0x0000000089e00000|  0%| F|  |TAMS 0x0000000089d00000, 0x0000000089d00000| Untracked 
|  86|0x0000000089e00000, 0x0000000089e00000, 0x0000000089f00000|  0%| F|  |TAMS 0x0000000089e00000, 0x0000000089e00000| Untracked 
|  87|0x0000000089f00000, 0x0000000089f00000, 0x000000008a000000|  0%| F|  |TAMS 0x0000000089f00000, 0x0000000089f00000| Untracked 
|  88|0x000000008a000000, 0x000000008a000000, 0x000000008a100000|  0%| F|  |TAMS 0x000000008a000000, 0x000000008a000000| Untracked 
|  89|0x000000008a100000, 0x000000008a100000, 0x000000008a200000|  0%| F|  |TAMS 0x000000008a100000, 0x000000008a100000| Untracked 
|  90|0x000000008a200000, 0x000000008a200000, 0x000000008a300000|  0%| F|  |TAMS 0x000000008a200000, 0x000000008a200000| Untracked 
|  91|0x000000008a300000, 0x000000008a300000, 0x000000008a400000|  0%| F|  |TAMS 0x000000008a300000, 0x000000008a300000| Untracked 
|  92|0x000000008a400000, 0x000000008a400000, 0x000000008a500000|  0%| F|  |TAMS 0x000000008a400000, 0x000000008a400000| Untracked 
|  93|0x000000008a500000, 0x000000008a500000, 0x000000008a600000|  0%| F|  |TAMS 0x000000008a500000, 0x000000008a500000| Untracked 
|  94|0x000000008a600000, 0x000000008a600000, 0x000000008a700000|  0%| F|  |TAMS 0x000000008a600000, 0x000000008a600000| Untracked 
|  95|0x000000008a700000, 0x000000008a700000, 0x000000008a800000|  0%| F|  |TAMS 0x000000008a700000, 0x000000008a700000| Untracked 
|  96|0x000000008a800000, 0x000000008a800000, 0x000000008a900000|  0%| F|  |TAMS 0x000000008a800000, 0x000000008a800000| Untracked 
|  97|0x000000008a900000, 0x000000008a900000, 0x000000008aa00000|  0%| F|  |TAMS 0x000000008a900000, 0x000000008a900000| Untracked 
|  98|0x000000008aa00000, 0x000000008aa00000, 0x000000008ab00000|  0%| F|  |TAMS 0x000000008aa00000, 0x000000008aa00000| Untracked 
|  99|0x000000008ab00000, 0x000000008ab00000, 0x000000008ac00000|  0%| F|  |TAMS 0x000000008ab00000, 0x000000008ab00000| Untracked 
| 100|0x000000008ac00000, 0x000000008ac00000, 0x000000008ad00000|  0%| F|  |TAMS 0x000000008ac00000, 0x000000008ac00000| Untracked 
| 101|0x000000008ad00000, 0x000000008ad00000, 0x000000008ae00000|  0%| F|  |TAMS 0x000000008ad00000, 0x000000008ad00000| Untracked 
| 102|0x000000008ae00000, 0x000000008ae00000, 0x000000008af00000|  0%| F|  |TAMS 0x000000008ae00000, 0x000000008ae00000| Untracked 
| 103|0x000000008af00000, 0x000000008af00000, 0x000000008b000000|  0%| F|  |TAMS 0x000000008af00000, 0x000000008af00000| Untracked 
| 104|0x000000008b000000, 0x000000008b000000, 0x000000008b100000|  0%| F|  |TAMS 0x000000008b000000, 0x000000008b000000| Untracked 
| 105|0x000000008b100000, 0x000000008b100000, 0x000000008b200000|  0%| F|  |TAMS 0x000000008b100000, 0x000000008b100000| Untracked 
| 106|0x000000008b200000, 0x000000008b280800, 0x000000008b300000| 50%| E|  |TAMS 0x000000008b200000, 0x000000008b200000| Complete 
| 107|0x000000008b300000, 0x000000008b400000, 0x000000008b400000|100%| E|CS|TAMS 0x000000008b300000, 0x000000008b300000| Complete 
| 108|0x000000008b400000, 0x000000008b500000, 0x000000008b500000|100%| E|CS|TAMS 0x000000008b400000, 0x000000008b400000| Complete 
| 109|0x000000008b500000, 0x000000008b600000, 0x000000008b600000|100%| E|CS|TAMS 0x000000008b500000, 0x000000008b500000| Complete 
| 110|0x000000008b600000, 0x000000008b700000, 0x000000008b700000|100%| E|CS|TAMS 0x000000008b600000, 0x000000008b600000| Complete 
| 111|0x000000008b700000, 0x000000008b800000, 0x000000008b800000|100%| E|CS|TAMS 0x000000008b700000, 0x000000008b700000| Complete 
| 112|0x000000008b800000, 0x000000008b900000, 0x000000008b900000|100%| E|CS|TAMS 0x000000008b800000, 0x000000008b800000| Complete 
| 113|0x000000008b900000, 0x000000008ba00000, 0x000000008ba00000|100%| E|CS|TAMS 0x000000008b900000, 0x000000008b900000| Complete 
| 114|0x000000008ba00000, 0x000000008bb00000, 0x000000008bb00000|100%| E|CS|TAMS 0x000000008ba00000, 0x000000008ba00000| Complete 
| 115|0x000000008bb00000, 0x000000008bc00000, 0x000000008bc00000|100%| E|CS|TAMS 0x000000008bb00000, 0x000000008bb00000| Complete 
| 116|0x000000008bc00000, 0x000000008bd00000, 0x000000008bd00000|100%| E|CS|TAMS 0x000000008bc00000, 0x000000008bc00000| Complete 
| 117|0x000000008bd00000, 0x000000008be00000, 0x000000008be00000|100%| E|CS|TAMS 0x000000008bd00000, 0x000000008bd00000| Complete 
| 118|0x000000008be00000, 0x000000008bf00000, 0x000000008bf00000|100%| E|CS|TAMS 0x000000008be00000, 0x000000008be00000| Complete 
| 119|0x000000008bf00000, 0x000000008c000000, 0x000000008c000000|100%| E|CS|TAMS 0x000000008bf00000, 0x000000008bf00000| Complete 
| 120|0x000000008c000000, 0x000000008c100000, 0x000000008c100000|100%| E|CS|TAMS 0x000000008c000000, 0x000000008c000000| Complete 
| 121|0x000000008c100000, 0x000000008c200000, 0x000000008c200000|100%| E|CS|TAMS 0x000000008c100000, 0x000000008c100000| Complete 
| 122|0x000000008c200000, 0x000000008c300000, 0x000000008c300000|100%| E|CS|TAMS 0x000000008c200000, 0x000000008c200000| Complete 
| 123|0x000000008c300000, 0x000000008c400000, 0x000000008c400000|100%| E|CS|TAMS 0x000000008c300000, 0x000000008c300000| Complete 

Card table byte_map: [0x000001f65b470000,0x000001f65b850000] _byte_map_base: 0x000001f65b04c000

Marking Bits (Prev, Next): (CMBitMap*) 0x000001f644322df0, (CMBitMap*) 0x000001f644322e30
 Prev Bits: [0x000001f65bc30000, 0x000001f65db10000)
 Next Bits: [0x000001f65db10000, 0x000001f65f9f0000)

Polling page: 0x000001f643a90000

Metaspace:

Usage:
  Non-class:     13.31 MB used.
      Class:      1.78 MB used.
       Both:     15.09 MB used.

Virtual space:
  Non-class space:       16.00 MB reserved,      13.44 MB ( 84%) committed,  2 nodes.
      Class space:        1.00 GB reserved,       1.88 MB ( <1%) committed,  1 nodes.
             Both:        1.02 GB reserved,      15.31 MB (  1%) committed. 

Chunk freelists:
   Non-Class:  1.98 MB
       Class:  1.97 MB
        Both:  3.95 MB

MaxMetaspaceSize: unlimited
CompressedClassSpaceSize: 1.00 GB
Initial GC threshold: 21.00 MB
Current GC threshold: 21.00 MB
CDS: on
MetaspaceReclaimPolicy: balanced
 - commit_granule_bytes: 65536.
 - commit_granule_words: 8192.
 - virtual_space_node_default_size: 1048576.
 - enlarge_chunks_in_place: 1.
 - new_chunks_are_fully_committed: 0.
 - uncommit_free_chunks: 1.
 - use_allocation_guard: 0.
 - handle_deallocations: 1.


Internal statistics:

num_allocs_failed_limit: 0.
num_arena_births: 92.
num_arena_deaths: 0.
num_vsnodes_births: 3.
num_vsnodes_deaths: 0.
num_space_committed: 245.
num_space_uncommitted: 0.
num_chunks_returned_to_freelist: 0.
num_chunks_taken_from_freelist: 623.
num_chunk_merges: 0.
num_chunk_splits: 432.
num_chunks_enlarged: 346.
num_purges: 0.
num_inconsistent_stats: 0.

CodeHeap 'non-profiled nmethods': size=120000Kb used=1448Kb max_used=1448Kb free=118552Kb
 bounds [0x000001f653610000, 0x000001f653880000, 0x000001f65ab40000]
CodeHeap 'profiled nmethods': size=120000Kb used=7400Kb max_used=7400Kb free=112599Kb
 bounds [0x000001f64bb40000, 0x000001f64c280000, 0x000001f653070000]
CodeHeap 'non-nmethods': size=5760Kb used=1174Kb max_used=1198Kb free=4585Kb
 bounds [0x000001f653070000, 0x000001f6532e0000, 0x000001f653610000]
 total_blobs=4039 nmethods=3573 adapters=378
 compilation: enabled
              stopped_count=0, restarted_count=0
 full_count=0

Compilation events (20 events):
Event: 4.432 Thread 0x000001f66263d6b0 3582       1       org.apache.maven.model.Model::getPomFile (5 bytes)
Event: 4.432 Thread 0x000001f66263d6b0 nmethod 3582 0x000001f653779410 code [0x000001f6537795a0, 0x000001f653779678]
Event: 4.432 Thread 0x000001f66263d6b0 3585       2       org.apache.maven.model.profile.DefaultProfileSelector::getActiveProfiles (223 bytes)
Event: 4.433 Thread 0x000001f66263d6b0 nmethod 3585 0x000001f64c275710 code [0x000001f64c2759e0, 0x000001f64c2765f8]
Event: 4.433 Thread 0x000001f66263d6b0 3587       2       org.apache.maven.model.merge.ModelMerger$ResourceKeyComputer::<init> (6 bytes)
Event: 4.433 Thread 0x000001f66263d6b0 nmethod 3587 0x000001f64c276e90 code [0x000001f64c277020, 0x000001f64c277178]
Event: 4.433 Thread 0x000001f66263d6b0 3586       1       org.apache.maven.model.ModelBase::setPluginRepositories (6 bytes)
Event: 4.433 Thread 0x000001f66263d6b0 nmethod 3586 0x000001f653779710 code [0x000001f6537798a0, 0x000001f6537799b8]
Event: 4.433 Thread 0x000001f66263d6b0 3588       1       org.apache.maven.model.DistributionManagement::getRepository (5 bytes)
Event: 4.433 Thread 0x000001f66263d6b0 nmethod 3588 0x000001f653779a10 code [0x000001f653779ba0, 0x000001f653779c78]
Event: 4.433 Thread 0x000001f66263d6b0 3589       1       org.apache.maven.model.DistributionManagement::getSnapshotRepository (5 bytes)
Event: 4.433 Thread 0x000001f66263d6b0 nmethod 3589 0x000001f653779d10 code [0x000001f653779ea0, 0x000001f653779f78]
Event: 4.433 Thread 0x000001f66263d6b0 3590       2       jdk.internal.reflect.Reflection::verifyMemberAccess (200 bytes)
Event: 4.434 Thread 0x000001f66263d6b0 nmethod 3590 0x000001f64c277210 code [0x000001f64c277560, 0x000001f64c2782f8]
Event: 4.434 Thread 0x000001f66263d6b0 3591       2       org.apache.maven.model.building.DefaultModelBuilder::injectProfileActivations (68 bytes)
Event: 4.435 Thread 0x000001f66263d6b0 nmethod 3591 0x000001f64c278990 code [0x000001f64c278b80, 0x000001f64c279058]
Event: 4.435 Thread 0x000001f66263d6b0 3592       2       org.eclipse.aether.resolution.ArtifactDescriptorResult::addDependency (40 bytes)
Event: 4.435 Thread 0x000001f66263d6b0 nmethod 3592 0x000001f64c279290 code [0x000001f64c279440, 0x000001f64c279718]
Event: 4.435 Thread 0x000001f66263d6b0 3593       2       org.apache.maven.plugin.internal.Maven2DependenciesValidator$$Lambda$160/0x0000000800e05138::apply (8 bytes)
Event: 4.435 Thread 0x000001f66263d6b0 nmethod 3593 0x000001f64c279810 code [0x000001f64c2799a0, 0x000001f64c279af8]

GC Heap History (6 events):
Event: 1.919 GC heap before
{Heap before GC invocations=0 (full 0):
 garbage-first heap   total 126976K, used 22528K [0x0000000084800000, 0x0000000100000000)
  region size 1024K, 23 young (23552K), 0 survivors (0K)
 Metaspace       used 5553K, committed 5760K, reserved 1056768K
  class space    used 661K, committed 768K, reserved 1048576K
}
Event: 1.926 GC heap after
{Heap after GC invocations=1 (full 0):
 garbage-first heap   total 126976K, used 3792K [0x0000000084800000, 0x0000000100000000)
  region size 1024K, 3 young (3072K), 3 survivors (3072K)
 Metaspace       used 5553K, committed 5760K, reserved 1056768K
  class space    used 661K, committed 768K, reserved 1048576K
}
Event: 2.803 GC heap before
{Heap before GC invocations=1 (full 0):
 garbage-first heap   total 126976K, used 34512K [0x0000000084800000, 0x0000000100000000)
  region size 1024K, 33 young (33792K), 3 survivors (3072K)
 Metaspace       used 9852K, committed 9984K, reserved 1064960K
  class space    used 1194K, committed 1280K, reserved 1048576K
}
Event: 2.811 GC heap after
{Heap after GC invocations=2 (full 0):
 garbage-first heap   total 126976K, used 5578K [0x0000000084800000, 0x0000000100000000)
  region size 1024K, 2 young (2048K), 2 survivors (2048K)
 Metaspace       used 9852K, committed 9984K, reserved 1064960K
  class space    used 1194K, committed 1280K, reserved 1048576K
}
Event: 4.357 GC heap before
{Heap before GC invocations=2 (full 0):
 garbage-first heap   total 126976K, used 79306K [0x0000000084800000, 0x0000000100000000)
  region size 1024K, 74 young (75776K), 2 survivors (2048K)
 Metaspace       used 15412K, committed 15616K, reserved 1064960K
  class space    used 1826K, committed 1920K, reserved 1048576K
}
Event: 4.371 GC heap after
{Heap after GC invocations=3 (full 0):
 garbage-first heap   total 126976K, used 15092K [0x0000000084800000, 0x0000000100000000)
  region size 1024K, 10 young (10240K), 10 survivors (10240K)
 Metaspace       used 15412K, committed 15616K, reserved 1064960K
  class space    used 1826K, committed 1920K, reserved 1048576K
}

Deoptimization events (20 events):
Event: 4.136 Thread 0x000001f6442c9570 Uncommon trap: trap_request=0xffffffdc fr.pc=0x000001f653771d98 relative=0x00000000000002f8
Event: 4.136 Thread 0x000001f6442c9570 Uncommon trap: reason=class_check action=make_not_entrant pc=0x000001f653771d98 method=java.util.ArrayList.toArray([Ljava/lang/Object;)[Ljava/lang/Object; @ 21 c2
Event: 4.136 Thread 0x000001f6442c9570 DEOPT PACKING pc=0x000001f653771d98 sp=0x00000002d02fd770
Event: 4.136 Thread 0x000001f6442c9570 DEOPT UNPACKING pc=0x000001f6530c23a3 sp=0x00000002d02fd6c0 mode 2
Event: 4.249 Thread 0x000001f6442c9570 Uncommon trap: trap_request=0xffffff45 fr.pc=0x000001f653764f9c relative=0x0000000000001cfc
Event: 4.249 Thread 0x000001f6442c9570 Uncommon trap: reason=unstable_if action=reinterpret pc=0x000001f653764f9c method=org.codehaus.plexus.util.xml.pull.MXParser.parseAttribute()C @ 758 c2
Event: 4.249 Thread 0x000001f6442c9570 DEOPT PACKING pc=0x000001f653764f9c sp=0x00000002d02fd440
Event: 4.249 Thread 0x000001f6442c9570 DEOPT UNPACKING pc=0x000001f6530c23a3 sp=0x00000002d02fd3b8 mode 2
Event: 4.340 Thread 0x000001f6442c9570 Uncommon trap: trap_request=0xffffff45 fr.pc=0x000001f653718dc4 relative=0x0000000000000504
Event: 4.340 Thread 0x000001f6442c9570 Uncommon trap: reason=unstable_if action=reinterpret pc=0x000001f653718dc4 method=java.lang.AbstractStringBuilder.putStringAt(ILjava/lang/String;II)V @ 8 c2
Event: 4.340 Thread 0x000001f6442c9570 DEOPT PACKING pc=0x000001f653718dc4 sp=0x00000002d02fd550
Event: 4.340 Thread 0x000001f6442c9570 DEOPT UNPACKING pc=0x000001f6530c23a3 sp=0x00000002d02fd430 mode 2
Event: 4.340 Thread 0x000001f6442c9570 Uncommon trap: trap_request=0xffffff45 fr.pc=0x000001f6536cf1f8 relative=0x00000000000003d8
Event: 4.340 Thread 0x000001f6442c9570 Uncommon trap: reason=unstable_if action=reinterpret pc=0x000001f6536cf1f8 method=java.lang.StringBuilder.toString()Ljava/lang/String; @ 4 c2
Event: 4.340 Thread 0x000001f6442c9570 DEOPT PACKING pc=0x000001f6536cf1f8 sp=0x00000002d02fd560
Event: 4.340 Thread 0x000001f6442c9570 DEOPT UNPACKING pc=0x000001f6530c23a3 sp=0x00000002d02fd538 mode 2
Event: 4.341 Thread 0x000001f6442c9570 Uncommon trap: trap_request=0xffffff45 fr.pc=0x000001f6536385cc relative=0x000000000000012c
Event: 4.341 Thread 0x000001f6442c9570 Uncommon trap: reason=unstable_if action=reinterpret pc=0x000001f6536385cc method=java.lang.AbstractStringBuilder.putStringAt(ILjava/lang/String;II)V @ 8 c2
Event: 4.341 Thread 0x000001f6442c9570 DEOPT PACKING pc=0x000001f6536385cc sp=0x00000002d02fd4f0
Event: 4.341 Thread 0x000001f6442c9570 DEOPT UNPACKING pc=0x000001f6530c23a3 sp=0x00000002d02fd420 mode 2

Classes unloaded (0 events):
No events

Classes redefined (0 events):
No events

Internal exceptions (20 events):
Event: 1.653 Thread 0x000001f6442c9570 Exception <a 'java/lang/NoSuchMethodError'{0x000000008b699260}: 'void java.lang.invoke.DirectMethodHandle$Holder.invokeSpecial(java.lang.Object, java.lang.Object, java.lang.Object)'> (0x000000008b699260) 
thrown [s\open\src\hotspot\share\interpreter\linkResolver.cpp, line 759]
Event: 1.700 Thread 0x000001f6442c9570 Exception <a 'java/lang/NoSuchMethodError'{0x000000008b5f7710}: 'java.lang.Object java.lang.invoke.DirectMethodHandle$Holder.invokeInterface(java.lang.Object, java.lang.Object)'> (0x000000008b5f7710) 
thrown [s\open\src\hotspot\share\interpreter\linkResolver.cpp, line 759]
Event: 1.719 Thread 0x000001f6442c9570 Exception <a 'java/lang/NoSuchMethodError'{0x000000008b4a1270}: 'java.lang.Object java.lang.invoke.Invokers$Holder.invokeExact_MT(java.lang.Object, java.lang.Object, java.lang.Object, java.lang.Object, java.lang.Object, java.lang.Object)'> (0x000000008b4a1270) 
thrown [s\open\src\hotspot\share\interpreter\linkResolver.cpp, line 759]
Event: 1.721 Thread 0x000001f6442c9570 Exception <a 'java/lang/NoSuchMethodError'{0x000000008b4b2730}: 'int java.lang.invoke.DirectMethodHandle$Holder.invokeSpecialIFC(java.lang.Object, java.lang.Object, java.lang.Object, java.lang.Object, java.lang.Object)'> (0x000000008b4b2730) 
thrown [s\open\src\hotspot\share\interpreter\linkResolver.cpp, line 759]
Event: 1.812 Thread 0x000001f6442c9570 Exception <a 'java/lang/NoSuchMethodError'{0x000000008b255da0}: 'java.lang.Object java.lang.invoke.DirectMethodHandle$Holder.newInvokeSpecial(java.lang.Object, java.lang.Object, java.lang.Object, java.lang.Object, java.lang.Object)'> (0x000000008b255da0) 
thrown [s\open\src\hotspot\share\interpreter\linkResolver.cpp, line 759]
Event: 1.856 Thread 0x000001f6442c9570 Exception <a 'java/lang/NoSuchMethodError'{0x000000008b15c340}: 'int java.lang.invoke.DirectMethodHandle$Holder.invokeStaticInit(java.lang.Object, java.lang.Object)'> (0x000000008b15c340) 
thrown [s\open\src\hotspot\share\interpreter\linkResolver.cpp, line 759]
Event: 1.865 Thread 0x000001f6442c9570 Exception <a 'java/lang/NoClassDefFoundError'{0x000000008b194940}: javax/enterprise/inject/Typed> (0x000000008b194940) 
thrown [s\open\src\hotspot\share\classfile\systemDictionary.cpp, line 245]
Event: 2.901 Thread 0x000001f6442c9570 Exception <a 'java/lang/NoSuchMethodError'{0x000000008c0462b0}: 'void java.lang.invoke.DirectMethodHandle$Holder.invokeStaticInit(java.lang.Object, java.lang.Object, java.lang.Object)'> (0x000000008c0462b0) 
thrown [s\open\src\hotspot\share\interpreter\linkResolver.cpp, line 759]
Event: 2.908 Thread 0x000001f6442c9570 Exception <a 'java/lang/ExceptionInInitializerError'{0x000000008c071810}> (0x000000008c071810) 
thrown [s\open\src\hotspot\share\oops\instanceKlass.cpp, line 1166]
Event: 2.946 Thread 0x000001f6442c9570 Implicit null exception at 0x000001f6536826af to 0x000001f65368280c
Event: 2.952 Thread 0x000001f6442c9570 Exception <a 'java/lang/NoSuchMethodError'{0x000000008bf805f0}: 'java.lang.Object java.lang.invoke.Invokers$Holder.invokeExact_MT(java.lang.Object, int, java.lang.Object)'> (0x000000008bf805f0) 
thrown [s\open\src\hotspot\share\interpreter\linkResolver.cpp, line 759]
Event: 2.974 Thread 0x000001f6442c9570 Exception <a 'java/lang/NoSuchMethodError'{0x000000008bffe3c8}: 'int java.lang.invoke.DirectMethodHandle$Holder.invokeSpecial(java.lang.Object, java.lang.Object, java.lang.Object, java.lang.Object)'> (0x000000008bffe3c8) 
thrown [s\open\src\hotspot\share\interpreter\linkResolver.cpp, line 759]
Event: 3.279 Thread 0x000001f6442c9570 Exception <a 'java/lang/NoClassDefFoundError'{0x000000008b68bb30}: com/google/inject/servlet/ServletModuleTargetVisitor> (0x000000008b68bb30) 
thrown [s\open\src\hotspot\share\classfile\systemDictionary.cpp, line 245]
Event: 3.355 Thread 0x000001f6442c9570 Exception <a 'java/lang/NoSuchMethodError'{0x000000008b41e7c0}: 'void java.lang.invoke.DirectMethodHandle$Holder.invokeVirtual(java.lang.Object, java.lang.Object)'> (0x000000008b41e7c0) 
thrown [s\open\src\hotspot\share\interpreter\linkResolver.cpp, line 759]
Event: 3.385 Thread 0x000001f6442c9570 Exception <a 'java/lang/NoSuchMethodError'{0x000000008b496448}: 'java.lang.Object java.lang.invoke.DirectMethodHandle$Holder.invokeStaticInit(java.lang.Object, int, int, int, int)'> (0x000000008b496448) 
thrown [s\open\src\hotspot\share\interpreter\linkResolver.cpp, line 759]
Event: 3.512 Thread 0x000001f6442c9570 Implicit null exception at 0x000001f653636cf2 to 0x000001f6536372c4
Event: 3.512 Thread 0x000001f6442c9570 Implicit null exception at 0x000001f6536378f2 to 0x000001f653637ed4
Event: 3.580 Thread 0x000001f6442c9570 Exception <a 'java/lang/NoSuchMethodError'{0x000000008ae87208}: 'void java.lang.invoke.DirectMethodHandle$Holder.invokeSpecial(java.lang.Object, java.lang.Object, java.lang.Object, java.lang.Object, java.lang.Object)'> (0x000000008ae87208) 
thrown [s\open\src\hotspot\share\interpreter\linkResolver.cpp, line 759]
Event: 3.583 Thread 0x000001f6442c9570 Exception <a 'java/lang/NoSuchMethodError'{0x000000008aea4af8}: 'java.lang.Object java.lang.invoke.DirectMethodHandle$Holder.invokeVirtual(java.lang.Object, java.lang.Object, java.lang.Object)'> (0x000000008aea4af8) 
thrown [s\open\src\hotspot\share\interpreter\linkResolver.cpp, line 759]
Event: 3.584 Thread 0x000001f6442c9570 Exception <a 'java/lang/NoSuchMethodError'{0x000000008aeb3d70}: 'void java.lang.invoke.DirectMethodHandle$Holder.invokeSpecial(java.lang.Object, java.lang.Object, java.lang.Object, java.lang.Object, java.lang.Object, java.lang.Object)'> (0x000000008aeb3d70) 
thrown [s\open\src\hotspot\share\interpreter\linkResolver.cpp, line 759]

VM Operations (20 events):
Event: 3.243 Executing VM operation: HandshakeAllThreads
Event: 3.243 Executing VM operation: HandshakeAllThreads done
Event: 3.285 Executing VM operation: ICBufferFull
Event: 3.286 Executing VM operation: ICBufferFull done
Event: 3.367 Executing VM operation: HandshakeAllThreads
Event: 3.368 Executing VM operation: HandshakeAllThreads done
Event: 3.400 Executing VM operation: HandshakeAllThreads
Event: 3.400 Executing VM operation: HandshakeAllThreads done
Event: 3.480 Executing VM operation: HandshakeAllThreads
Event: 3.480 Executing VM operation: HandshakeAllThreads done
Event: 3.481 Executing VM operation: HandshakeAllThreads
Event: 3.481 Executing VM operation: HandshakeAllThreads done
Event: 3.669 Executing VM operation: ICBufferFull
Event: 3.670 Executing VM operation: ICBufferFull done
Event: 3.915 Executing VM operation: ICBufferFull
Event: 3.915 Executing VM operation: ICBufferFull done
Event: 4.104 Executing VM operation: HandshakeAllThreads
Event: 4.104 Executing VM operation: HandshakeAllThreads done
Event: 4.357 Executing VM operation: G1CollectForAllocation
Event: 4.371 Executing VM operation: G1CollectForAllocation done

Events (20 events):
Event: 3.599 loading class java/util/spi/ResourceBundleProvider
Event: 3.599 loading class java/util/spi/ResourceBundleProvider done
Event: 3.599 loading class sun/util/resources/LocaleData$LocaleDataResourceBundleProvider done
Event: 3.599 loading class sun/util/resources/LocaleData$CommonResourceBundleProvider done
Event: 3.600 loading class sun/util/resources/Bundles$2
Event: 3.600 loading class sun/util/resources/Bundles$2 done
Event: 3.627 loading class java/lang/Short$ShortCache
Event: 3.628 loading class java/lang/Short$ShortCache done
Event: 3.628 loading class java/lang/Byte$ByteCache
Event: 3.628 loading class java/lang/Byte$ByteCache done
Event: 3.930 loading class java/util/stream/MatchOps$MatchKind
Event: 3.931 loading class java/util/stream/MatchOps$MatchKind done
Event: 3.931 loading class java/util/stream/MatchOps
Event: 3.931 loading class java/util/stream/MatchOps done
Event: 3.931 loading class java/util/stream/MatchOps$MatchOp
Event: 3.931 loading class java/util/stream/MatchOps$MatchOp done
Event: 3.931 loading class java/util/stream/MatchOps$BooleanTerminalSink
Event: 3.931 loading class java/util/stream/MatchOps$BooleanTerminalSink done
Event: 3.932 loading class java/util/stream/MatchOps$1MatchSink
Event: 3.932 loading class java/util/stream/MatchOps$1MatchSink done


Dynamic libraries:
0x00007ff65d420000 - 0x00007ff65d430000 	C:\Program Files\Java\jdk-17\bin\java.exe
0x00007ffae9250000 - 0x00007ffae9467000 	C:\WINDOWS\SYSTEM32\ntdll.dll
0x00007ffae8740000 - 0x00007ffae8804000 	C:\WINDOWS\System32\KERNEL32.DLL
0x00007ffae68a0000 - 0x00007ffae6c70000 	C:\WINDOWS\System32\KERNELBASE.dll
0x00007ffae6780000 - 0x00007ffae6891000 	C:\WINDOWS\System32\ucrtbase.dll
0x00007ffacff00000 - 0x00007ffacff18000 	C:\Program Files\Java\jdk-17\bin\jli.dll
0x00007ffae9110000 - 0x00007ffae91c1000 	C:\WINDOWS\System32\ADVAPI32.dll
0x00007ffae72f0000 - 0x00007ffae7397000 	C:\WINDOWS\System32\msvcrt.dll
0x00007ffae6f40000 - 0x00007ffae6fe7000 	C:\WINDOWS\System32\sechost.dll
0x00007ffae6c70000 - 0x00007ffae6c98000 	C:\WINDOWS\System32\bcrypt.dll
0x00007ffae73a0000 - 0x00007ffae74b4000 	C:\WINDOWS\System32\RPCRT4.dll
0x00007ffae8820000 - 0x00007ffae89ce000 	C:\WINDOWS\System32\USER32.dll
0x00007ffae6f10000 - 0x00007ffae6f36000 	C:\WINDOWS\System32\win32u.dll
0x00007ffae90e0000 - 0x00007ffae9109000 	C:\WINDOWS\System32\GDI32.dll
0x00007ffae6500000 - 0x00007ffae661b000 	C:\WINDOWS\System32\gdi32full.dll
0x00007ffae66e0000 - 0x00007ffae677a000 	C:\WINDOWS\System32\msvcp_win.dll
0x00007ffacfee0000 - 0x00007ffacfefb000 	C:\Program Files\Java\jdk-17\bin\VCRUNTIME140.dll
0x00007ffacf9d0000 - 0x00007ffacfc62000 	C:\WINDOWS\WinSxS\amd64_microsoft.windows.common-controls_6595b64144ccf1df_6.0.22621.4830_none_270fe7d773858e80\COMCTL32.dll
0x00007ffacbb30000 - 0x00007ffacbb3a000 	C:\WINDOWS\SYSTEM32\VERSION.dll
0x00007ffae91d0000 - 0x00007ffae9201000 	C:\WINDOWS\System32\IMM32.DLL
0x00007ffad8890000 - 0x00007ffad889c000 	C:\Program Files\Java\jdk-17\bin\vcruntime140_1.dll
0x00007ffaa3220000 - 0x00007ffaa32ae000 	C:\Program Files\Java\jdk-17\bin\msvcp140.dll
0x00007ffa8c210000 - 0x00007ffa8cde7000 	C:\Program Files\Java\jdk-17\bin\server\jvm.dll
0x00007ffae7510000 - 0x00007ffae7518000 	C:\WINDOWS\System32\PSAPI.DLL
0x00007ffac2080000 - 0x00007ffac2089000 	C:\WINDOWS\SYSTEM32\WSOCK32.dll
0x00007ffae8b50000 - 0x00007ffae8bc1000 	C:\WINDOWS\System32\WS2_32.dll
0x00007ffae1510000 - 0x00007ffae1544000 	C:\WINDOWS\SYSTEM32\WINMM.dll
0x00007ffae5540000 - 0x00007ffae5558000 	C:\WINDOWS\SYSTEM32\kernel.appcore.dll
0x00007ffaceb10000 - 0x00007ffaceb1a000 	C:\Program Files\Java\jdk-17\bin\jimage.dll
0x00007ffae3d10000 - 0x00007ffae3f42000 	C:\WINDOWS\SYSTEM32\DBGHELP.DLL
0x00007ffae7a80000 - 0x00007ffae7e10000 	C:\WINDOWS\System32\combase.dll
0x00007ffae7890000 - 0x00007ffae7967000 	C:\WINDOWS\System32\OLEAUT32.dll
0x00007ffacc3b0000 - 0x00007ffacc3e2000 	C:\WINDOWS\SYSTEM32\dbgcore.DLL
0x00007ffae6e90000 - 0x00007ffae6f0b000 	C:\WINDOWS\System32\bcryptPrimitives.dll
0x00007ffab2bc0000 - 0x00007ffab2be5000 	C:\Program Files\Java\jdk-17\bin\java.dll
0x00007ffa9a280000 - 0x00007ffa9a357000 	C:\Program Files\Java\jdk-17\bin\jsvml.dll
0x00007ffae7e10000 - 0x00007ffae8688000 	C:\WINDOWS\System32\SHELL32.dll
0x00007ffae4400000 - 0x00007ffae4d10000 	C:\WINDOWS\SYSTEM32\windows.storage.dll
0x00007ffae42c0000 - 0x00007ffae43ff000 	C:\WINDOWS\SYSTEM32\wintypes.dll
0x00007ffae8a40000 - 0x00007ffae8b4a000 	C:\WINDOWS\System32\SHCORE.dll
0x00007ffae7680000 - 0x00007ffae76de000 	C:\WINDOWS\System32\shlwapi.dll
0x00007ffae6430000 - 0x00007ffae645b000 	C:\WINDOWS\SYSTEM32\profapi.dll
0x00007ffacdc90000 - 0x00007ffacdca9000 	C:\Program Files\Java\jdk-17\bin\net.dll
0x00007ffae2c80000 - 0x00007ffae2dac000 	C:\WINDOWS\SYSTEM32\WINHTTP.dll
0x00007ffae59c0000 - 0x00007ffae5a29000 	C:\WINDOWS\system32\mswsock.dll
0x00007ffabc3a0000 - 0x00007ffabc3b6000 	C:\Program Files\Java\jdk-17\bin\nio.dll
0x00007ffabb0f0000 - 0x00007ffabb108000 	C:\Program Files\Java\jdk-17\bin\zip.dll
0x00007ffad8860000 - 0x00007ffad8884000 	C:\Program Files\Java\apache-maven-3.9.7\lib\jansi-native\Windows\x86_64\jansi.dll
0x00007ffad8a10000 - 0x00007ffad8a20000 	C:\Program Files\Java\jdk-17\bin\verify.dll

dbghelp: loaded successfully - version: 4.0.5 - missing functions: none
symbol engine: initialized successfully - sym options: 0x614 - pdb path: .;C:\Program Files\Java\jdk-17\bin;C:\WINDOWS\SYSTEM32;C:\WINDOWS\WinSxS\amd64_microsoft.windows.common-controls_6595b64144ccf1df_6.0.22621.4830_none_270fe7d773858e80;C:\Program Files\Java\jdk-17\bin\server;C:\Program Files\Java\apache-maven-3.9.7\lib\jansi-native\Windows\x86_64

VM Arguments:
jvm_args: -Dclassworlds.conf=C:\Program Files\Java\apache-maven-3.9.7\bin\m2.conf -Dmaven.home=C:\Program Files\Java\apache-maven-3.9.7 -Dlibrary.jansi.path=C:\Program Files\Java\apache-maven-3.9.7\lib\jansi-native -Dmaven.multiModuleProjectDirectory=c:\Users\IBYTE\Documents\GitHub\TrendsIT\02.Nivelamento Prático\Curso de Spring Boot\api 
java_command: org.codehaus.plexus.classworlds.launcher.Launcher -q help:effective-pom -Doutput=c:\Users\IBYTE\Documents\GitHub\TrendsIT\02.Nivelamento Prático\Curso de Spring Boot\api\effective-pom.xml -f c:/Users/IBYTE/Documents/GitHub/TrendsIT/02.Nivelamento Prático/Curso de Spring Boot/api/pom.xml
java_class_path (initial): C:\Program Files\Java\apache-maven-3.9.7\boot\plexus-classworlds-2.8.0.jar
Launcher Type: SUN_STANDARD

[Global flags]
     intx CICompilerCount                          = 4                                         {product} {ergonomic}
     uint ConcGCThreads                            = 3                                         {product} {ergonomic}
     uint G1ConcRefinementThreads                  = 10                                        {product} {ergonomic}
   size_t G1HeapRegionSize                         = 1048576                                   {product} {ergonomic}
    uintx GCDrainStackTargetSize                   = 64                                        {product} {ergonomic}
   size_t InitialHeapSize                          = 130023424                                 {product} {ergonomic}
   size_t MarkStackSize                            = 4194304                                   {product} {ergonomic}
   size_t MaxHeapSize                              = 2071986176                                {product} {ergonomic}
   size_t MaxNewSize                               = 1242562560                                {product} {ergonomic}
   size_t MinHeapDeltaBytes                        = 1048576                                   {product} {ergonomic}
   size_t MinHeapSize                              = 8388608                                   {product} {ergonomic}
    uintx NonNMethodCodeHeapSize                   = 5839372                                {pd product} {ergonomic}
    uintx NonProfiledCodeHeapSize                  = 122909434                              {pd product} {ergonomic}
    uintx ProfiledCodeHeapSize                     = 122909434                              {pd product} {ergonomic}
    uintx ReservedCodeCacheSize                    = 251658240                              {pd product} {ergonomic}
     bool SegmentedCodeCache                       = true                                      {product} {ergonomic}
   size_t SoftMaxHeapSize                          = 2071986176                             {manageable} {ergonomic}
     bool UseCompressedClassPointers               = true                           {product lp64_product} {ergonomic}
     bool UseCompressedOops                        = true                           {product lp64_product} {ergonomic}
     bool UseG1GC                                  = true                                      {product} {ergonomic}
     bool UseLargePagesIndividualAllocation        = false                                  {pd product} {ergonomic}

Logging:
Log output configuration:
 #0: stdout all=warning uptime,level,tags
 #1: stderr all=off uptime,level,tags

Environment Variables:
JAVA_HOME=C:\Program Files\Java\jdk-17\
PATH=C:\Windows\System32;C:\Program Files\Microsoft SQL Server\150\Tools\Binn\;C:\Program Files\Microsoft SQL Server\Client SDK\ODBC\170\Tools\Binn\;C:\Program Files\dotnet\;C:\Windows\System32\WindowsPowerShell\v1.0\;C:\Users\IBYTE\scripts;C:\Users\IBYTE\apache-maven-3.9.9-bin\bin;C:\Program Files\Java\apache-maven-3.9.7\bin;;C:\Program Files\Docker\Docker\resources\bin;C:\Program Files\MySQL\MySQL Shell 8.0\bin\;C:\Users\IBYTE\AppData\Local\Programs\Python\Python312\Scripts\;C:\Users\IBYTE\AppData\Local\Programs\Python\Python312\;C:\Users\IBYTE\AppData\Local\Programs\Python\Launcher\;C:\Users\IBYTE\AppData\Local\Microsoft\WindowsApps;C:\Users\IBYTE\AppData\Local\GitHubDesktop\bin;C:\Program Files\nodejs;C:\Users\IBYTE\AppData\Roaming\npm;C:\Users\IBYTE\.dotnet\tools;C:\Users\IBYTE\AppData\Local\Programs\Microsoft VS Code\bin;C:\cmder\bin;C:\Program Files\PostgreSQL\15\bin;C:\Program Files\MySQL\MySQL Server 8.0\bin;C:\Users\IBYTE\.dotnet\tools;C:\Program Files\Java\jdk-17\\bin
USERNAME=IBYTE
OS=Windows_NT
PROCESSOR_IDENTIFIER=Intel64 Family 6 Model 154 Stepping 3, GenuineIntel



---------------  S Y S T E M  ---------------

OS:
 Windows 11 , 64 bit Build 22621 (10.0.22621.4830)
OS uptime: 0 days 1:26 hours
Hyper-V role detected

CPU: total 12 (initial active 12) (6 cores per cpu, 2 threads per core) family 6 model 154 stepping 3 microcode 0x423, cx8, cmov, fxsr, ht, mmx, 3dnowpref, sse, sse2, sse3, ssse3, sse4.1, sse4.2, popcnt, lzcnt, tsc, tscinvbit, avx, avx2, aes, erms, clmul, bmi1, bmi2, adx, sha, fma, vzeroupper, clflush, clflushopt, clwb, hv

Memory: 4k page, system-wide physical 7896M (182M free)
TotalPageFile size 17590M (AvailPageFile size 4M)
current process WorkingSet (physical memory assigned to process): 168M, peak: 171M
current process commit charge ("private bytes"): 252M, peak: 255M

vm_info: Java HotSpot(TM) 64-Bit Server VM (17.0.6+9-LTS-190) for windows-amd64 JRE (17.0.6+9-LTS-190), built on Dec  6 2022 15:53:54 by "mach5one" with MS VC++ 17.1 (VS2022)

END.
