#
# There is insufficient memory for the Java Runtime Environment to continue.
# Native memory allocation (malloc) failed to allocate 963264 bytes. Error detail: Chunk::new
# Possible reasons:
#   The system is out of physical RAM or swap space
#   This process is running with CompressedOops enabled, and the Java Heap may be blocking the growth of the native heap
# Possible solutions:
#   Reduce memory load on the system
#   Increase physical memory or swap space
#   Check if swap backing store is full
#   Decrease Java heap size (-Xmx/-Xms)
#   Decrease number of Java threads
#   Decrease Java thread stack sizes (-Xss)
#   Set larger code cache with -XX:ReservedCodeCacheSize=
#   JVM is running with Unscaled Compressed Oops mode in which the Java heap is
#     placed in the first 4GB address space. The Java Heap base address is the
#     maximum limit for the native heap growth. Please use -XX:HeapBaseMinAddress
#     to set the Java Heap base and to place the Java Heap above 4GB virtual address.
# This output file may be truncated or incomplete.
#
#  Out of Memory Error (arena.cpp:168), pid=24588, tid=24580
#
# JRE version: OpenJDK Runtime Environment Temurin-21.0.5+11 (21.0.5+11) (build 21.0.5+11-LTS)
# Java VM: OpenJDK 64-Bit Server VM Temurin-21.0.5+11 (21.0.5+11-LTS, mixed mode, sharing, tiered, compressed oops, compressed class ptrs, parallel gc, windows-amd64)
# No core dump will be written. Minidumps are not enabled by default on client versions of Windows
#

---------------  S U M M A R Y ------------

Command Line: --add-modules=ALL-SYSTEM --add-opens=java.base/java.util=ALL-UNNAMED --add-opens=java.base/java.lang=ALL-UNNAMED --add-opens=java.base/sun.nio.fs=ALL-UNNAMED -Declipse.application=org.eclipse.jdt.ls.core.id1 -Dosgi.bundles.defaultStartLevel=4 -Declipse.product=org.eclipse.jdt.ls.core.product -Djava.import.generatesMetadataFilesAtProjectRoot=false -DDetectVMInstallationsJob.disabled=true -Dfile.encoding=utf8 -XX:+UseParallelGC -XX:GCTimeRatio=4 -XX:AdaptiveSizePolicyWeight=90 -Dsun.zip.disableMemoryMapping=true -Xmx2G -Xms100m -Xlog:disable -javaagent:c:\Users\IBYTE\.vscode\extensions\redhat.java-1.39.0-win32-x64\lombok\lombok-1.18.34.jar -XX:+HeapDumpOnOutOfMemoryError -XX:HeapDumpPath=c:\Users\IBYTE\AppData\Roaming\Code\User\workspaceStorage\59ce07a759c63856ad17a90456c615a0\redhat.java -Daether.dependencyCollector.impl=bf c:\Users\IBYTE\.vscode\extensions\redhat.java-1.39.0-win32-x64\server\plugins\org.eclipse.equinox.launcher_1.6.900.v20240613-2009.jar -configuration c:\Users\IBYTE\AppData\Roaming\Code\User\globalStorage\redhat.java\1.39.0\config_win -data c:\Users\IBYTE\AppData\Roaming\Code\User\workspaceStorage\59ce07a759c63856ad17a90456c615a0\redhat.java\jdt_ws --pipe=\\.\pipe\lsp-369051d90ff68598d00a16418d522815-sock

Host: 12th Gen Intel(R) Core(TM) i5-12450H, 12 cores, 7G,  Windows 11 , 64 bit Build 22621 (10.0.22621.4830)
Time: Mon Feb 10 12:24:11 2025 Hora oficial do Brasil elapsed time: 96.630000 seconds (0d 0h 1m 36s)

---------------  T H R E A D  ---------------

Current thread (0x000002b69b3672b0):  JavaThread "C2 CompilerThread0" daemon [_thread_in_native, id=24580, stack(0x000000f25b200000,0x000000f25b300000) (1024K)]


Current CompileTask:
C2:96630 11495 %s!   4       org.eclipse.jdt.internal.core.index.DiskIndex::readCategoryTable @ 260 (743 bytes)

Stack: [0x000000f25b200000,0x000000f25b300000]
Native frames: (J=compiled Java code, j=interpreted, Vv=VM code, C=native code)
V  [jvm.dll+0x6cd4e9]
V  [jvm.dll+0x8a7941]
V  [jvm.dll+0x8a9e6e]
V  [jvm.dll+0x8aa543]
V  [jvm.dll+0x27f6d6]
V  [jvm.dll+0xc500d]
V  [jvm.dll+0xc5543]
V  [jvm.dll+0x3b660c]
V  [jvm.dll+0x382835]
V  [jvm.dll+0x381c9a]
V  [jvm.dll+0x2479d0]
V  [jvm.dll+0x246faf]
V  [jvm.dll+0x1c75ce]
V  [jvm.dll+0x25682a]
V  [jvm.dll+0x254dca]
V  [jvm.dll+0x3f00d6]
V  [jvm.dll+0x8514fb]
V  [jvm.dll+0x6cbbed]
C  [ucrtbase.dll+0x29333]
C  [KERNEL32.DLL+0x1259d]
C  [ntdll.dll+0x5af38]


---------------  P R O C E S S  ---------------

Threads class SMR info:
_java_thread_list=0x000002b6a337f4d0, length=66, elements={
0x000002b63f45aab0, 0x000002b65827e0f0, 0x000002b69b354b40, 0x000002b69b356b60,
0x000002b69b357cf0, 0x000002b69b359840, 0x000002b69b362760, 0x000002b69b3672b0,
0x000002b69b36a6a0, 0x000002b69b433c40, 0x000002b69b6fae60, 0x000002b69b911590,
0x000002b69bcc7a90, 0x000002b69b583c50, 0x000002b69bc5f970, 0x000002b6a069abb0,
0x000002b6a09480b0, 0x000002b6a03139b0, 0x000002b6a03146d0, 0x000002b6a0314040,
0x000002b6a0313320, 0x000002b6a03153f0, 0x000002b6a0314d60, 0x000002b6a0315a80,
0x000002b6a0316110, 0x000002b6a0312c90, 0x000002b6a0bfe5d0, 0x000002b6a0c02770,
0x000002b6a0bfec60, 0x000002b6a0c006a0, 0x000002b6a0c04840, 0x000002b6a0c01a50,
0x000002b6a0c00010, 0x000002b6a0bff2f0, 0x000002b6a0c03490, 0x000002b6a0bff980,
0x000002b6a0c02e00, 0x000002b6a0c020e0, 0x000002b6a0c00d30, 0x000002b6a0c013c0,
0x000002b6a0c03b20, 0x000002b6a0c041b0, 0x000002b6a0c04ed0, 0x000002b6a0c05560,
0x000002b6a3008ed0, 0x000002b6a3008840, 0x000002b6a3007b20, 0x000002b6a300a280,
0x000002b6a3006e00, 0x000002b6a3004d30, 0x000002b6a30053c0, 0x000002b6a3004010,
0x000002b6a30081b0, 0x000002b6a300afa0, 0x000002b6a3009bf0, 0x000002b6a3009560,
0x000002b6a3006770, 0x000002b6a3007490, 0x000002b6a300b630, 0x000002b6a30046a0,
0x000002b6a3005a50, 0x000002b6a0b12680, 0x000002b6a0b11ff0, 0x000002b6a0b0e4e0,
0x000002b6a0b13a30, 0x000002b6a0b14de0
}

Java Threads: ( => current thread )
  0x000002b63f45aab0 JavaThread "main"                              [_thread_blocked, id=25276, stack(0x000000f25a800000,0x000000f25a900000) (1024K)]
  0x000002b65827e0f0 JavaThread "Reference Handler"          daemon [_thread_blocked, id=3100, stack(0x000000f25ac00000,0x000000f25ad00000) (1024K)]
  0x000002b69b354b40 JavaThread "Finalizer"                  daemon [_thread_blocked, id=28476, stack(0x000000f25ad00000,0x000000f25ae00000) (1024K)]
  0x000002b69b356b60 JavaThread "Signal Dispatcher"          daemon [_thread_blocked, id=10592, stack(0x000000f25ae00000,0x000000f25af00000) (1024K)]
  0x000002b69b357cf0 JavaThread "Attach Listener"            daemon [_thread_blocked, id=21832, stack(0x000000f25af00000,0x000000f25b000000) (1024K)]
  0x000002b69b359840 JavaThread "Service Thread"             daemon [_thread_blocked, id=21704, stack(0x000000f25b000000,0x000000f25b100000) (1024K)]
  0x000002b69b362760 JavaThread "Monitor Deflation Thread"   daemon [_thread_blocked, id=20680, stack(0x000000f25b100000,0x000000f25b200000) (1024K)]
=>0x000002b69b3672b0 JavaThread "C2 CompilerThread0"         daemon [_thread_in_native, id=24580, stack(0x000000f25b200000,0x000000f25b300000) (1024K)]
  0x000002b69b36a6a0 JavaThread "C1 CompilerThread0"         daemon [_thread_blocked, id=24932, stack(0x000000f25b300000,0x000000f25b400000) (1024K)]
  0x000002b69b433c40 JavaThread "Common-Cleaner"             daemon [_thread_blocked, id=9820, stack(0x000000f25b400000,0x000000f25b500000) (1024K)]
  0x000002b69b6fae60 JavaThread "Notification Thread"        daemon [_thread_blocked, id=17880, stack(0x000000f25b600000,0x000000f25b700000) (1024K)]
  0x000002b69b911590 JavaThread "Active Thread: Equinox Container: 6768c921-d7cd-456d-ad77-df576e50c757"        [_thread_blocked, id=2112, stack(0x000000f25be00000,0x000000f25bf00000) (1024K)]
  0x000002b69bcc7a90 JavaThread "Refresh Thread: Equinox Container: 6768c921-d7cd-456d-ad77-df576e50c757" daemon [_thread_blocked, id=11828, stack(0x000000f25bf00000,0x000000f25c000000) (1024K)]
  0x000002b69b583c50 JavaThread "Framework Event Dispatcher: Equinox Container: 6768c921-d7cd-456d-ad77-df576e50c757" daemon [_thread_blocked, id=24584, stack(0x000000f25b500000,0x000000f25b600000) (1024K)]
  0x000002b69bc5f970 JavaThread "Start Level: Equinox Container: 6768c921-d7cd-456d-ad77-df576e50c757" daemon [_thread_blocked, id=15596, stack(0x000000f25b700000,0x000000f25b800000) (1024K)]
  0x000002b6a069abb0 JavaThread "Bundle File Closer"         daemon [_thread_blocked, id=20380, stack(0x000000f25c200000,0x000000f25c300000) (1024K)]
  0x000002b6a09480b0 JavaThread "SCR Component Actor"        daemon [_thread_blocked, id=25148, stack(0x000000f25c500000,0x000000f25c600000) (1024K)]
  0x000002b6a03139b0 JavaThread "Worker-JM"                         [_thread_blocked, id=28300, stack(0x000000f25c600000,0x000000f25c700000) (1024K)]
  0x000002b6a03146d0 JavaThread "JNA Cleaner"                daemon [_thread_blocked, id=3136, stack(0x000000f25c700000,0x000000f25c800000) (1024K)]
  0x000002b6a0314040 JavaThread "Worker-0: Initialize Workspace"        [_thread_blocked, id=12444, stack(0x000000f25c800000,0x000000f25c900000) (1024K)]
  0x000002b6a0313320 JavaThread "Worker-1"                          [_thread_blocked, id=28812, stack(0x000000f25c900000,0x000000f25ca00000) (1024K)]
  0x000002b6a03153f0 JavaThread "Java indexing"              daemon [_thread_in_Java, id=17000, stack(0x000000f25ca00000,0x000000f25cb00000) (1024K)]
  0x000002b6a0314d60 JavaThread "Worker-2"                          [_thread_blocked, id=25568, stack(0x000000f25cb00000,0x000000f25cc00000) (1024K)]
  0x000002b6a0315a80 JavaThread "Worker-3: Java indexing... "        [_thread_blocked, id=13892, stack(0x000000f25cc00000,0x000000f25cd00000) (1024K)]
  0x000002b6a0316110 JavaThread "Worker-4"                          [_thread_blocked, id=24820, stack(0x000000f25cd00000,0x000000f25ce00000) (1024K)]
  0x000002b6a0312c90 JavaThread "Thread-2"                   daemon [_thread_in_native, id=25436, stack(0x000000f25ce00000,0x000000f25cf00000) (1024K)]
  0x000002b6a0bfe5d0 JavaThread "Thread-3"                   daemon [_thread_in_native, id=21428, stack(0x000000f25cf00000,0x000000f25d000000) (1024K)]
  0x000002b6a0c02770 JavaThread "Thread-4"                   daemon [_thread_in_native, id=24124, stack(0x000000f25d000000,0x000000f25d100000) (1024K)]
  0x000002b6a0bfec60 JavaThread "Thread-5"                   daemon [_thread_in_native, id=24752, stack(0x000000f25d100000,0x000000f25d200000) (1024K)]
  0x000002b6a0c006a0 JavaThread "Thread-6"                   daemon [_thread_in_native, id=2428, stack(0x000000f25d200000,0x000000f25d300000) (1024K)]
  0x000002b6a0c04840 JavaThread "Thread-7"                   daemon [_thread_in_native, id=22264, stack(0x000000f25d300000,0x000000f25d400000) (1024K)]
  0x000002b6a0c01a50 JavaThread "Thread-8"                   daemon [_thread_in_native, id=6756, stack(0x000000f25d400000,0x000000f25d500000) (1024K)]
  0x000002b6a0c00010 JavaThread "Thread-9"                   daemon [_thread_in_native, id=28464, stack(0x000000f25d500000,0x000000f25d600000) (1024K)]
  0x000002b6a0bff2f0 JavaThread "Thread-10"                  daemon [_thread_in_native, id=11404, stack(0x000000f25d600000,0x000000f25d700000) (1024K)]
  0x000002b6a0c03490 JavaThread "Thread-11"                  daemon [_thread_in_native, id=11664, stack(0x000000f25d700000,0x000000f25d800000) (1024K)]
  0x000002b6a0bff980 JavaThread "Thread-12"                  daemon [_thread_in_native, id=24784, stack(0x000000f25d800000,0x000000f25d900000) (1024K)]
  0x000002b6a0c02e00 JavaThread "Thread-13"                  daemon [_thread_in_native, id=29036, stack(0x000000f25d900000,0x000000f25da00000) (1024K)]
  0x000002b6a0c020e0 JavaThread "Thread-14"                  daemon [_thread_in_native, id=7372, stack(0x000000f25da00000,0x000000f25db00000) (1024K)]
  0x000002b6a0c00d30 JavaThread "pool-2-thread-1"                   [_thread_blocked, id=5208, stack(0x000000f25db00000,0x000000f25dc00000) (1024K)]
  0x000002b6a0c013c0 JavaThread "WorkspaceEventsHandler"            [_thread_blocked, id=24444, stack(0x000000f25dc00000,0x000000f25dd00000) (1024K)]
  0x000002b6a0c03b20 JavaThread "pool-1-thread-1"                   [_thread_blocked, id=21008, stack(0x000000f25dd00000,0x000000f25de00000) (1024K)]
  0x000002b6a0c041b0 JavaThread "Worker-5: Initialize workspace"        [_thread_blocked, id=14036, stack(0x000000f25de00000,0x000000f25df00000) (1024K)]
  0x000002b6a0c04ed0 JavaThread "LocalFile Deleter"          daemon [_thread_blocked, id=14120, stack(0x000000f25c100000,0x000000f25c200000) (1024K)]
  0x000002b6a0c05560 JavaThread "LocalFile Deleter"          daemon [_thread_blocked, id=28024, stack(0x000000f25df00000,0x000000f25e000000) (1024K)]
  0x000002b6a3008ed0 JavaThread "LocalFile Deleter"          daemon [_thread_blocked, id=25964, stack(0x000000f25e000000,0x000000f25e100000) (1024K)]
  0x000002b6a3008840 JavaThread "LocalFile Deleter"          daemon [_thread_blocked, id=29428, stack(0x000000f25e100000,0x000000f25e200000) (1024K)]
  0x000002b6a3007b20 JavaThread "LocalFile Deleter"          daemon [_thread_blocked, id=20696, stack(0x000000f25e200000,0x000000f25e300000) (1024K)]
  0x000002b6a300a280 JavaThread "LocalFile Deleter"          daemon [_thread_blocked, id=20236, stack(0x000000f25e300000,0x000000f25e400000) (1024K)]
  0x000002b6a3006e00 JavaThread "LocalFile Deleter"          daemon [_thread_blocked, id=23940, stack(0x000000f25e400000,0x000000f25e500000) (1024K)]
  0x000002b6a3004d30 JavaThread "LocalFile Deleter"          daemon [_thread_blocked, id=8824, stack(0x000000f25e500000,0x000000f25e600000) (1024K)]
  0x000002b6a30053c0 JavaThread "LocalFile Deleter"          daemon [_thread_blocked, id=20472, stack(0x000000f25e600000,0x000000f25e700000) (1024K)]
  0x000002b6a3004010 JavaThread "LocalFile Deleter"          daemon [_thread_blocked, id=29544, stack(0x000000f25e700000,0x000000f25e800000) (1024K)]
  0x000002b6a30081b0 JavaThread "Compiler Source File Reader" daemon [_thread_blocked, id=13196, stack(0x000000f25e900000,0x000000f25ea00000) (1024K)]
  0x000002b6a300afa0 JavaThread "Compiler Source File Reader" daemon [_thread_blocked, id=13564, stack(0x000000f25ea00000,0x000000f25eb00000) (1024K)]
  0x000002b6a3009bf0 JavaThread "Compiler Source File Reader" daemon [_thread_blocked, id=7444, stack(0x000000f25eb00000,0x000000f25ec00000) (1024K)]
  0x000002b6a3009560 JavaThread "Compiler Source File Reader" daemon [_thread_blocked, id=13844, stack(0x000000f25ec00000,0x000000f25ed00000) (1024K)]
  0x000002b6a3006770 JavaThread "Compiler Processing Task"   daemon [_thread_blocked, id=8928, stack(0x000000f25ed00000,0x000000f25ee00000) (1024K)]
  0x000002b6a3007490 JavaThread "Compiler Class File Writer" daemon [_thread_blocked, id=29284, stack(0x000000f25ee00000,0x000000f25ef00000) (1024K)]
  0x000002b6a300b630 JavaThread "Compiler Class File Writer" daemon [_thread_blocked, id=29268, stack(0x000000f25ef00000,0x000000f25f000000) (1024K)]
  0x000002b6a30046a0 JavaThread "Compiler Class File Writer" daemon [_thread_blocked, id=21608, stack(0x000000f25f000000,0x000000f25f100000) (1024K)]
  0x000002b6a3005a50 JavaThread "Compiler Class File Writer" daemon [_thread_blocked, id=8816, stack(0x000000f25f100000,0x000000f25f200000) (1024K)]
  0x000002b6a0b12680 JavaThread "Compiler Source File Reader" daemon [_thread_blocked, id=29276, stack(0x000000f25f200000,0x000000f25f300000) (1024K)]
  0x000002b6a0b11ff0 JavaThread "Compiler Class File Writer" daemon [_thread_blocked, id=4116, stack(0x000000f25f300000,0x000000f25f400000) (1024K)]
  0x000002b6a0b0e4e0 JavaThread "Compiler Source File Reader" daemon [_thread_blocked, id=29084, stack(0x000000f25f600000,0x000000f25f700000) (1024K)]
  0x000002b6a0b13a30 JavaThread "Compiler Source File Reader" daemon [_thread_blocked, id=28192, stack(0x000000f25f700000,0x000000f25f800000) (1024K)]
  0x000002b6a0b14de0 JavaThread "ForkJoinPool.commonPool-worker-1" daemon [_thread_blocked, id=13208, stack(0x000000f25a500000,0x000000f25a600000) (1024K)]
Total: 66

Other Threads:
  0x000002b64173e9e0 VMThread "VM Thread"                           [id=28704, stack(0x000000f25ab00000,0x000000f25ac00000) (1024K)]
  0x000002b65815ba00 WatcherThread "VM Periodic Task Thread"        [id=18532, stack(0x000000f25aa00000,0x000000f25ab00000) (1024K)]
  0x000002b64169efd0 WorkerThread "GC Thread#0"                     [id=1336, stack(0x000000f25a900000,0x000000f25aa00000) (1024K)]
  0x000002b6a00c9060 WorkerThread "GC Thread#1"                     [id=18732, stack(0x000000f25b800000,0x000000f25b900000) (1024K)]
  0x000002b6a00c9400 WorkerThread "GC Thread#2"                     [id=7380, stack(0x000000f25b900000,0x000000f25ba00000) (1024K)]
  0x000002b6a00c97a0 WorkerThread "GC Thread#3"                     [id=15680, stack(0x000000f25ba00000,0x000000f25bb00000) (1024K)]
  0x000002b69bdd11b0 WorkerThread "GC Thread#4"                     [id=9328, stack(0x000000f25bb00000,0x000000f25bc00000) (1024K)]
  0x000002b69bdd1550 WorkerThread "GC Thread#5"                     [id=7600, stack(0x000000f25bc00000,0x000000f25bd00000) (1024K)]
  0x000002b69bdd18f0 WorkerThread "GC Thread#6"                     [id=22052, stack(0x000000f25bd00000,0x000000f25be00000) (1024K)]
  0x000002b69bc604f0 WorkerThread "GC Thread#7"                     [id=26480, stack(0x000000f25c000000,0x000000f25c100000) (1024K)]
  0x000002b6a04487e0 WorkerThread "GC Thread#8"                     [id=27224, stack(0x000000f25c300000,0x000000f25c400000) (1024K)]
  0x000002b6a0449a00 WorkerThread "GC Thread#9"                     [id=25352, stack(0x000000f25c400000,0x000000f25c500000) (1024K)]
Total: 12

Threads with active compile tasks:
C2 CompilerThread0  96698 11495 %s!   4       org.eclipse.jdt.internal.core.index.DiskIndex::readCategoryTable @ 260 (743 bytes)
Total: 1

VM state: not at safepoint (normal execution)

VM Mutex/Monitor currently owned by a thread: None

Heap address: 0x0000000080000000, size: 2048 MB, Compressed Oops mode: 32-bit

CDS archive(s) mapped at: [0x000002b659000000-0x000002b659ba0000-0x000002b659ba0000), size 12189696, SharedBaseAddress: 0x000002b659000000, ArchiveRelocationMode: 1.
Compressed class space mapped at: 0x000002b65a000000-0x000002b69a000000, reserved size: 1073741824
Narrow klass base: 0x000002b659000000, Narrow klass shift: 0, Narrow klass range: 0x100000000

GC Precious Log:
 CardTable entry size: 512
 CPUs: 12 total, 12 available
 Memory: 7896M
 Large Page Support: Disabled
 NUMA Support: Disabled
 Compressed Oops: Enabled (32-bit)
 Alignments: Space 512K, Generation 512K, Heap 2M
 Heap Min Capacity: 100M
 Heap Initial Capacity: 100M
 Heap Max Capacity: 2G
 Pre-touch: Disabled
 Parallel Workers: 10

Heap:
 PSYoungGen      total 3584K, used 2279K [0x00000000d5580000, 0x00000000d5a00000, 0x0000000100000000)
  eden space 2560K, 49% used [0x00000000d5580000,0x00000000d56bd3f8,0x00000000d5800000)
  from space 1024K, 98% used [0x00000000d5900000,0x00000000d59fc808,0x00000000d5a00000)
  to   space 1024K, 0% used [0x00000000d5800000,0x00000000d5800000,0x00000000d5900000)
 ParOldGen       total 687104K, used 687008K [0x0000000080000000, 0x00000000a9f00000, 0x00000000d5580000)
  object space 687104K, 99% used [0x0000000080000000,0x00000000a9ee80c8,0x00000000a9f00000)
 Metaspace       used 61052K, committed 62464K, reserved 1114112K
  class space    used 6267K, committed 6912K, reserved 1048576K

Card table byte_map: [0x000002b641050000,0x000002b641460000] _byte_map_base: 0x000002b640c50000

Marking Bits: (ParMarkBitMap*) 0x00007ffad02c2250
 Begin Bits: [0x000002b653c80000, 0x000002b655c80000)
 End Bits:   [0x000002b655c80000, 0x000002b657c80000)

Polling page: 0x000002b640e40000

Metaspace:

Usage:
  Non-class:     53.50 MB used.
      Class:      6.12 MB used.
       Both:     59.62 MB used.

Virtual space:
  Non-class space:       64.00 MB reserved,      54.25 MB ( 85%) committed,  1 nodes.
      Class space:        1.00 GB reserved,       6.75 MB ( <1%) committed,  1 nodes.
             Both:        1.06 GB reserved,      61.00 MB (  6%) committed. 

Chunk freelists:
   Non-Class:  9.64 MB
       Class:  9.27 MB
        Both:  18.91 MB

MaxMetaspaceSize: unlimited
CompressedClassSpaceSize: 1.00 GB
Initial GC threshold: 21.00 MB
Current GC threshold: 97.31 MB
CDS: on
 - commit_granule_bytes: 65536.
 - commit_granule_words: 8192.
 - virtual_space_node_default_size: 8388608.
 - enlarge_chunks_in_place: 1.
 - use_allocation_guard: 0.


Internal statistics:

num_allocs_failed_limit: 9.
num_arena_births: 1096.
num_arena_deaths: 16.
num_vsnodes_births: 2.
num_vsnodes_deaths: 0.
num_space_committed: 976.
num_space_uncommitted: 0.
num_chunks_returned_to_freelist: 25.
num_chunks_taken_from_freelist: 3943.
num_chunk_merges: 15.
num_chunk_splits: 2438.
num_chunks_enlarged: 1384.
num_inconsistent_stats: 0.

CodeHeap 'non-profiled nmethods': size=120000Kb used=6872Kb max_used=6872Kb free=113127Kb
 bounds [0x000002b64c4a0000, 0x000002b64cb60000, 0x000002b6539d0000]
CodeHeap 'profiled nmethods': size=120000Kb used=23368Kb max_used=23368Kb free=96631Kb
 bounds [0x000002b6449d0000, 0x000002b6460b0000, 0x000002b64bf00000]
CodeHeap 'non-nmethods': size=5760Kb used=1419Kb max_used=1474Kb free=4340Kb
 bounds [0x000002b64bf00000, 0x000002b64c170000, 0x000002b64c4a0000]
 total_blobs=11480 nmethods=10750 adapters=636
 compilation: enabled
              stopped_count=0, restarted_count=0
 full_count=0

Compilation events (20 events):
Event: 95.756 Thread 0x000002b69b36a6a0 nmethod 11484% 0x000002b646098f90 code [0x000002b6460992c0, 0x000002b64609aa18]
Event: 95.787 Thread 0x000002b69b3672b0 11485       4       org.eclipse.jdt.internal.core.index.DiskIndex::addQueryResults (739 bytes)
Event: 95.788 Thread 0x000002b69b36a6a0 11486   !   3       org.eclipse.jdt.internal.core.index.Index::getMetaIndexQualifications (152 bytes)
Event: 95.790 Thread 0x000002b69b36a6a0 nmethod 11486 0x000002b64609b710 code [0x000002b64609ba00, 0x000002b64609cd88]
Event: 95.828 Thread 0x000002b69b3672b0 nmethod 11485 0x000002b64cb53210 code [0x000002b64cb534a0, 0x000002b64cb54420]
Event: 95.862 Thread 0x000002b69b3672b0 11487 % !   4       org.eclipse.jdt.internal.core.index.Index::query @ 161 (203 bytes)
Event: 95.873 Thread 0x000002b69b3672b0 nmethod 11487% 0x000002b64cb54d90 code [0x000002b64cb54f40, 0x000002b64cb552f8]
Event: 95.894 Thread 0x000002b69b36a6a0 11488       3       jdk.internal.misc.VM::isDirectMemoryPageAligned (4 bytes)
Event: 95.894 Thread 0x000002b69b36a6a0 nmethod 11488 0x000002b6452e8e10 code [0x000002b6452e8fa0, 0x000002b6452e90a0]
Event: 95.894 Thread 0x000002b69b36a6a0 11489       3       java.nio.Bits::pageSize (20 bytes)
Event: 95.895 Thread 0x000002b69b36a6a0 nmethod 11489 0x000002b64609d890 code [0x000002b64609da40, 0x000002b64609dbf0]
Event: 95.895 Thread 0x000002b69b36a6a0 11490   !   3       java.nio.Bits::reserveMemory (232 bytes)
Event: 95.900 Thread 0x000002b69b36a6a0 nmethod 11490 0x000002b64609dc90 code [0x000002b64609e080, 0x000002b64609f7f8]
Event: 95.900 Thread 0x000002b69b36a6a0 11491       3       jdk.internal.misc.Unsafe::setMemory (10 bytes)
Event: 95.900 Thread 0x000002b69b36a6a0 nmethod 11491 0x000002b6460a0390 code [0x000002b6460a0540, 0x000002b6460a06a0]
Event: 96.168 Thread 0x000002b69b3672b0 11492   !   4       org.eclipse.jdt.internal.core.index.Index::query (203 bytes)
Event: 96.179 Thread 0x000002b69b36a6a0 11493       3       com.google.gson.stream.JsonReader::nextQuotedValue (294 bytes)
Event: 96.181 Thread 0x000002b69b36a6a0 nmethod 11493 0x000002b6460a0790 code [0x000002b6460a0aa0, 0x000002b6460a1978]
Event: 96.184 Thread 0x000002b69b3672b0 nmethod 11492 0x000002b64cb55490 code [0x000002b64cb55660, 0x000002b64cb55bc0]
Event: 96.389 Thread 0x000002b69b3672b0 11495 %s!   4       org.eclipse.jdt.internal.core.index.DiskIndex::readCategoryTable @ 260 (743 bytes)

GC Heap History (20 events):
Event: 96.156 GC heap before
{Heap before GC invocations=1381 (full 3):
 PSYoungGen      total 4608K, used 4242K [0x00000000d5580000, 0x00000000d5b80000, 0x0000000100000000)
  eden space 3072K, 100% used [0x00000000d5580000,0x00000000d5880000,0x00000000d5880000)
  from space 1536K, 76% used [0x00000000d5880000,0x00000000d59a4808,0x00000000d5a00000)
  to   space 1536K, 0% used [0x00000000d5a00000,0x00000000d5a00000,0x00000000d5b80000)
 ParOldGen       total 677376K, used 676971K [0x0000000080000000, 0x00000000a9580000, 0x00000000d5580000)
  object space 677376K, 99% used [0x0000000080000000,0x00000000a951af00,0x00000000a9580000)
 Metaspace       used 61052K, committed 62464K, reserved 1114112K
  class space    used 6267K, committed 6912K, reserved 1048576K
}
Event: 96.160 GC heap after
{Heap after GC invocations=1381 (full 3):
 PSYoungGen      total 4608K, used 1152K [0x00000000d5580000, 0x00000000d5b80000, 0x0000000100000000)
  eden space 3072K, 0% used [0x00000000d5580000,0x00000000d5580000,0x00000000d5880000)
  from space 1536K, 75% used [0x00000000d5a00000,0x00000000d5b20000,0x00000000d5b80000)
  to   space 1536K, 0% used [0x00000000d5880000,0x00000000d5880000,0x00000000d5a00000)
 ParOldGen       total 678400K, used 677983K [0x0000000080000000, 0x00000000a9680000, 0x00000000d5580000)
  object space 678400K, 99% used [0x0000000080000000,0x00000000a9617f20,0x00000000a9680000)
 Metaspace       used 61052K, committed 62464K, reserved 1114112K
  class space    used 6267K, committed 6912K, reserved 1048576K
}
Event: 96.203 GC heap before
{Heap before GC invocations=1382 (full 3):
 PSYoungGen      total 4608K, used 4224K [0x00000000d5580000, 0x00000000d5b80000, 0x0000000100000000)
  eden space 3072K, 100% used [0x00000000d5580000,0x00000000d5880000,0x00000000d5880000)
  from space 1536K, 75% used [0x00000000d5a00000,0x00000000d5b20000,0x00000000d5b80000)
  to   space 1536K, 0% used [0x00000000d5880000,0x00000000d5880000,0x00000000d5a00000)
 ParOldGen       total 678400K, used 677983K [0x0000000080000000, 0x00000000a9680000, 0x00000000d5580000)
  object space 678400K, 99% used [0x0000000080000000,0x00000000a9617f20,0x00000000a9680000)
 Metaspace       used 61052K, committed 62464K, reserved 1114112K
  class space    used 6267K, committed 6912K, reserved 1048576K
}
Event: 96.207 GC heap after
{Heap after GC invocations=1382 (full 3):
 PSYoungGen      total 4608K, used 1234K [0x00000000d5580000, 0x00000000d5b80000, 0x0000000100000000)
  eden space 3072K, 0% used [0x00000000d5580000,0x00000000d5580000,0x00000000d5880000)
  from space 1536K, 80% used [0x00000000d5880000,0x00000000d59b4808,0x00000000d5a00000)
  to   space 1536K, 0% used [0x00000000d5a00000,0x00000000d5a00000,0x00000000d5b80000)
 ParOldGen       total 678912K, used 678800K [0x0000000080000000, 0x00000000a9700000, 0x00000000d5580000)
  object space 678912K, 99% used [0x0000000080000000,0x00000000a96e4328,0x00000000a9700000)
 Metaspace       used 61052K, committed 62464K, reserved 1114112K
  class space    used 6267K, committed 6912K, reserved 1048576K
}
Event: 96.224 GC heap before
{Heap before GC invocations=1383 (full 3):
 PSYoungGen      total 4608K, used 4306K [0x00000000d5580000, 0x00000000d5b80000, 0x0000000100000000)
  eden space 3072K, 100% used [0x00000000d5580000,0x00000000d5880000,0x00000000d5880000)
  from space 1536K, 80% used [0x00000000d5880000,0x00000000d59b4808,0x00000000d5a00000)
  to   space 1536K, 0% used [0x00000000d5a00000,0x00000000d5a00000,0x00000000d5b80000)
 ParOldGen       total 678912K, used 678800K [0x0000000080000000, 0x00000000a9700000, 0x00000000d5580000)
  object space 678912K, 99% used [0x0000000080000000,0x00000000a96e4328,0x00000000a9700000)
 Metaspace       used 61052K, committed 62464K, reserved 1114112K
  class space    used 6267K, committed 6912K, reserved 1048576K
}
Event: 96.231 GC heap after
{Heap after GC invocations=1383 (full 3):
 PSYoungGen      total 2048K, used 1507K [0x00000000d5580000, 0x00000000d6080000, 0x0000000100000000)
  eden space 512K, 0% used [0x00000000d5580000,0x00000000d5580000,0x00000000d5600000)
  from space 1536K, 98% used [0x00000000d5a00000,0x00000000d5b78fd0,0x00000000d5b80000)
  to   space 4096K, 0% used [0x00000000d5600000,0x00000000d5600000,0x00000000d5a00000)
 ParOldGen       total 680960K, used 680893K [0x0000000080000000, 0x00000000a9900000, 0x00000000d5580000)
  object space 680960K, 99% used [0x0000000080000000,0x00000000a98ef7b8,0x00000000a9900000)
 Metaspace       used 61052K, committed 62464K, reserved 1114112K
  class space    used 6267K, committed 6912K, reserved 1048576K
}
Event: 96.238 GC heap before
{Heap before GC invocations=1384 (full 3):
 PSYoungGen      total 2048K, used 2019K [0x00000000d5580000, 0x00000000d6080000, 0x0000000100000000)
  eden space 512K, 100% used [0x00000000d5580000,0x00000000d5600000,0x00000000d5600000)
  from space 1536K, 98% used [0x00000000d5a00000,0x00000000d5b78fd0,0x00000000d5b80000)
  to   space 4096K, 0% used [0x00000000d5600000,0x00000000d5600000,0x00000000d5a00000)
 ParOldGen       total 680960K, used 680893K [0x0000000080000000, 0x00000000a9900000, 0x00000000d5580000)
  object space 680960K, 99% used [0x0000000080000000,0x00000000a98ef7b8,0x00000000a9900000)
 Metaspace       used 61052K, committed 62464K, reserved 1114112K
  class space    used 6267K, committed 6912K, reserved 1048576K
}
Event: 96.244 GC heap after
{Heap after GC invocations=1384 (full 3):
 PSYoungGen      total 1536K, used 646K [0x00000000d5580000, 0x00000000d5a80000, 0x0000000100000000)
  eden space 512K, 0% used [0x00000000d5580000,0x00000000d5580000,0x00000000d5600000)
  from space 1024K, 63% used [0x00000000d5600000,0x00000000d56a1b78,0x00000000d5700000)
  to   space 2048K, 0% used [0x00000000d5880000,0x00000000d5880000,0x00000000d5a80000)
 ParOldGen       total 682496K, used 682201K [0x0000000080000000, 0x00000000a9a80000, 0x00000000d5580000)
  object space 682496K, 99% used [0x0000000080000000,0x00000000a9a36680,0x00000000a9a80000)
 Metaspace       used 61052K, committed 62464K, reserved 1114112K
  class space    used 6267K, committed 6912K, reserved 1048576K
}
Event: 96.247 GC heap before
{Heap before GC invocations=1385 (full 3):
 PSYoungGen      total 1536K, used 1158K [0x00000000d5580000, 0x00000000d5a80000, 0x0000000100000000)
  eden space 512K, 100% used [0x00000000d5580000,0x00000000d5600000,0x00000000d5600000)
  from space 1024K, 63% used [0x00000000d5600000,0x00000000d56a1b78,0x00000000d5700000)
  to   space 2048K, 0% used [0x00000000d5880000,0x00000000d5880000,0x00000000d5a80000)
 ParOldGen       total 682496K, used 682201K [0x0000000080000000, 0x00000000a9a80000, 0x00000000d5580000)
  object space 682496K, 99% used [0x0000000080000000,0x00000000a9a36680,0x00000000a9a80000)
 Metaspace       used 61052K, committed 62464K, reserved 1114112K
  class space    used 6267K, committed 6912K, reserved 1048576K
}
Event: 96.253 GC heap after
{Heap after GC invocations=1385 (full 3):
 PSYoungGen      total 1536K, used 512K [0x00000000d5580000, 0x00000000d5900000, 0x0000000100000000)
  eden space 1024K, 0% used [0x00000000d5580000,0x00000000d5580000,0x00000000d5680000)
  from space 512K, 100% used [0x00000000d5880000,0x00000000d5900000,0x00000000d5900000)
  to   space 1024K, 0% used [0x00000000d5700000,0x00000000d5700000,0x00000000d5800000)
 ParOldGen       total 683008K, used 682728K [0x0000000080000000, 0x00000000a9b00000, 0x00000000d5580000)
  object space 683008K, 99% used [0x0000000080000000,0x00000000a9aba1e8,0x00000000a9b00000)
 Metaspace       used 61052K, committed 62464K, reserved 1114112K
  class space    used 6267K, committed 6912K, reserved 1048576K
}
Event: 96.263 GC heap before
{Heap before GC invocations=1386 (full 3):
 PSYoungGen      total 1536K, used 1526K [0x00000000d5580000, 0x00000000d5900000, 0x0000000100000000)
  eden space 1024K, 99% used [0x00000000d5580000,0x00000000d567d930,0x00000000d5680000)
  from space 512K, 100% used [0x00000000d5880000,0x00000000d5900000,0x00000000d5900000)
  to   space 1024K, 0% used [0x00000000d5700000,0x00000000d5700000,0x00000000d5800000)
 ParOldGen       total 683008K, used 682728K [0x0000000080000000, 0x00000000a9b00000, 0x00000000d5580000)
  object space 683008K, 99% used [0x0000000080000000,0x00000000a9aba1e8,0x00000000a9b00000)
 Metaspace       used 61052K, committed 62464K, reserved 1114112K
  class space    used 6267K, committed 6912K, reserved 1048576K
}
Event: 96.271 GC heap after
{Heap after GC invocations=1386 (full 3):
 PSYoungGen      total 2560K, used 652K [0x00000000d5580000, 0x00000000d5900000, 0x0000000100000000)
  eden space 1536K, 0% used [0x00000000d5580000,0x00000000d5580000,0x00000000d5700000)
  from space 1024K, 63% used [0x00000000d5700000,0x00000000d57a31b8,0x00000000d5800000)
  to   space 1024K, 0% used [0x00000000d5800000,0x00000000d5800000,0x00000000d5900000)
 ParOldGen       total 683520K, used 683240K [0x0000000080000000, 0x00000000a9b80000, 0x00000000d5580000)
  object space 683520K, 99% used [0x0000000080000000,0x00000000a9b3a1e8,0x00000000a9b80000)
 Metaspace       used 61052K, committed 62464K, reserved 1114112K
  class space    used 6267K, committed 6912K, reserved 1048576K
}
Event: 96.345 GC heap before
{Heap before GC invocations=1387 (full 3):
 PSYoungGen      total 2560K, used 2188K [0x00000000d5580000, 0x00000000d5900000, 0x0000000100000000)
  eden space 1536K, 100% used [0x00000000d5580000,0x00000000d5700000,0x00000000d5700000)
  from space 1024K, 63% used [0x00000000d5700000,0x00000000d57a31b8,0x00000000d5800000)
  to   space 1024K, 0% used [0x00000000d5800000,0x00000000d5800000,0x00000000d5900000)
 ParOldGen       total 683520K, used 683240K [0x0000000080000000, 0x00000000a9b80000, 0x00000000d5580000)
  object space 683520K, 99% used [0x0000000080000000,0x00000000a9b3a1e8,0x00000000a9b80000)
 Metaspace       used 61052K, committed 62464K, reserved 1114112K
  class space    used 6267K, committed 6912K, reserved 1048576K
}
Event: 96.352 GC heap after
{Heap after GC invocations=1387 (full 3):
 PSYoungGen      total 2560K, used 524K [0x00000000d5580000, 0x00000000d5980000, 0x0000000100000000)
  eden space 1536K, 0% used [0x00000000d5580000,0x00000000d5580000,0x00000000d5700000)
  from space 1024K, 51% used [0x00000000d5800000,0x00000000d5883010,0x00000000d5900000)
  to   space 1024K, 0% used [0x00000000d5700000,0x00000000d5700000,0x00000000d5800000)
 ParOldGen       total 684032K, used 683775K [0x0000000080000000, 0x00000000a9c00000, 0x00000000d5580000)
  object space 684032K, 99% used [0x0000000080000000,0x00000000a9bbfca8,0x00000000a9c00000)
 Metaspace       used 61052K, committed 62464K, reserved 1114112K
  class space    used 6267K, committed 6912K, reserved 1048576K
}
Event: 96.368 GC heap before
{Heap before GC invocations=1388 (full 3):
 PSYoungGen      total 2560K, used 2060K [0x00000000d5580000, 0x00000000d5980000, 0x0000000100000000)
  eden space 1536K, 100% used [0x00000000d5580000,0x00000000d5700000,0x00000000d5700000)
  from space 1024K, 51% used [0x00000000d5800000,0x00000000d5883010,0x00000000d5900000)
  to   space 1024K, 0% used [0x00000000d5700000,0x00000000d5700000,0x00000000d5800000)
 ParOldGen       total 684032K, used 683775K [0x0000000080000000, 0x00000000a9c00000, 0x00000000d5580000)
  object space 684032K, 99% used [0x0000000080000000,0x00000000a9bbfca8,0x00000000a9c00000)
 Metaspace       used 61052K, committed 62464K, reserved 1114112K
  class space    used 6267K, committed 6912K, reserved 1048576K
}
Event: 96.373 GC heap after
{Heap after GC invocations=1388 (full 3):
 PSYoungGen      total 2560K, used 1003K [0x00000000d5580000, 0x00000000d5b80000, 0x0000000100000000)
  eden space 1536K, 0% used [0x00000000d5580000,0x00000000d5580000,0x00000000d5700000)
  from space 1024K, 98% used [0x00000000d5700000,0x00000000d57fafa0,0x00000000d5800000)
  to   space 2048K, 0% used [0x00000000d5980000,0x00000000d5980000,0x00000000d5b80000)
 ParOldGen       total 684544K, used 684441K [0x0000000080000000, 0x00000000a9c80000, 0x00000000d5580000)
  object space 684544K, 99% used [0x0000000080000000,0x00000000a9c66540,0x00000000a9c80000)
 Metaspace       used 61052K, committed 62464K, reserved 1114112K
  class space    used 6267K, committed 6912K, reserved 1048576K
}
Event: 96.393 GC heap before
{Heap before GC invocations=1389 (full 3):
 PSYoungGen      total 2560K, used 2539K [0x00000000d5580000, 0x00000000d5b80000, 0x0000000100000000)
  eden space 1536K, 100% used [0x00000000d5580000,0x00000000d5700000,0x00000000d5700000)
  from space 1024K, 98% used [0x00000000d5700000,0x00000000d57fafa0,0x00000000d5800000)
  to   space 2048K, 0% used [0x00000000d5980000,0x00000000d5980000,0x00000000d5b80000)
 ParOldGen       total 684544K, used 684441K [0x0000000080000000, 0x00000000a9c80000, 0x00000000d5580000)
  object space 684544K, 99% used [0x0000000080000000,0x00000000a9c66540,0x00000000a9c80000)
 Metaspace       used 61052K, committed 62464K, reserved 1114112K
  class space    used 6267K, committed 6912K, reserved 1048576K
}
Event: 96.399 GC heap after
{Heap after GC invocations=1389 (full 3):
 PSYoungGen      total 3584K, used 1240K [0x00000000d5580000, 0x00000000d5b00000, 0x0000000100000000)
  eden space 2048K, 0% used [0x00000000d5580000,0x00000000d5580000,0x00000000d5780000)
  from space 1536K, 80% used [0x00000000d5980000,0x00000000d5ab6130,0x00000000d5b00000)
  to   space 1536K, 0% used [0x00000000d5800000,0x00000000d5800000,0x00000000d5980000)
 ParOldGen       total 685568K, used 685397K [0x0000000080000000, 0x00000000a9d80000, 0x00000000d5580000)
  object space 685568K, 99% used [0x0000000080000000,0x00000000a9d554e0,0x00000000a9d80000)
 Metaspace       used 61052K, committed 62464K, reserved 1114112K
  class space    used 6267K, committed 6912K, reserved 1048576K
}
Event: 96.600 GC heap before
{Heap before GC invocations=1390 (full 3):
 PSYoungGen      total 3584K, used 3288K [0x00000000d5580000, 0x00000000d5b00000, 0x0000000100000000)
  eden space 2048K, 100% used [0x00000000d5580000,0x00000000d5780000,0x00000000d5780000)
  from space 1536K, 80% used [0x00000000d5980000,0x00000000d5ab6130,0x00000000d5b00000)
  to   space 1536K, 0% used [0x00000000d5800000,0x00000000d5800000,0x00000000d5980000)
 ParOldGen       total 685568K, used 685397K [0x0000000080000000, 0x00000000a9d80000, 0x00000000d5580000)
  object space 685568K, 99% used [0x0000000080000000,0x00000000a9d554e0,0x00000000a9d80000)
 Metaspace       used 61052K, committed 62464K, reserved 1114112K
  class space    used 6267K, committed 6912K, reserved 1048576K
}
Event: 96.608 GC heap after
{Heap after GC invocations=1390 (full 3):
 PSYoungGen      total 3584K, used 708K [0x00000000d5580000, 0x00000000d5a00000, 0x0000000100000000)
  eden space 2560K, 0% used [0x00000000d5580000,0x00000000d5580000,0x00000000d5800000)
  from space 1024K, 69% used [0x00000000d5800000,0x00000000d58b1008,0x00000000d5900000)
  to   space 1024K, 0% used [0x00000000d5900000,0x00000000d5900000,0x00000000d5a00000)
 ParOldGen       total 686592K, used 686468K [0x0000000080000000, 0x00000000a9e80000, 0x00000000d5580000)
  object space 686592K, 99% used [0x0000000080000000,0x00000000a9e61368,0x00000000a9e80000)
 Metaspace       used 61052K, committed 62464K, reserved 1114112K
  class space    used 6267K, committed 6912K, reserved 1048576K
}

Dll operation events (10 events):
Event: 0.014 Loaded shared library c:\Users\IBYTE\.vscode\extensions\redhat.java-1.39.0-win32-x64\jre\21.0.5-win32-x86_64\bin\java.dll
Event: 0.112 Loaded shared library c:\Users\IBYTE\.vscode\extensions\redhat.java-1.39.0-win32-x64\jre\21.0.5-win32-x86_64\bin\zip.dll
Event: 0.136 Loaded shared library C:\Users\IBYTE\.vscode\extensions\redhat.java-1.39.0-win32-x64\jre\21.0.5-win32-x86_64\bin\instrument.dll
Event: 0.143 Loaded shared library C:\Users\IBYTE\.vscode\extensions\redhat.java-1.39.0-win32-x64\jre\21.0.5-win32-x86_64\bin\net.dll
Event: 0.147 Loaded shared library C:\Users\IBYTE\.vscode\extensions\redhat.java-1.39.0-win32-x64\jre\21.0.5-win32-x86_64\bin\nio.dll
Event: 0.153 Loaded shared library C:\Users\IBYTE\.vscode\extensions\redhat.java-1.39.0-win32-x64\jre\21.0.5-win32-x86_64\bin\zip.dll
Event: 0.183 Loaded shared library C:\Users\IBYTE\.vscode\extensions\redhat.java-1.39.0-win32-x64\jre\21.0.5-win32-x86_64\bin\jimage.dll
Event: 0.314 Loaded shared library c:\Users\IBYTE\.vscode\extensions\redhat.java-1.39.0-win32-x64\jre\21.0.5-win32-x86_64\bin\verify.dll
Event: 2.068 Loaded shared library C:\Users\IBYTE\AppData\Roaming\Code\User\globalStorage\redhat.java\1.39.0\config_win\org.eclipse.equinox.launcher\org.eclipse.equinox.launcher.win32.win32.x86_64_1.2.1100.v20240722-2106\eclipse_11904.dll
Event: 5.980 Loaded shared library C:\Users\IBYTE\AppData\Local\Temp\jna-69471441\jna11429294253104928205.dll

Deoptimization events (20 events):
Event: 94.639 Thread 0x000002b6a03153f0 Uncommon trap: trap_request=0xffffff45 fr.pc=0x000002b64cb45490 relative=0x0000000000000630
Event: 94.639 Thread 0x000002b6a03153f0 Uncommon trap: reason=unstable_if action=reinterpret pc=0x000002b64cb45490 method=org.eclipse.jdt.internal.core.index.DiskIndex.readStreamChars(Ljava/io/InputStream;)[C @ 14 c2
Event: 94.639 Thread 0x000002b6a03153f0 DEOPT PACKING pc=0x000002b64cb45490 sp=0x000000f25cafef00
Event: 94.639 Thread 0x000002b6a03153f0 DEOPT UNPACKING pc=0x000002b64bf53aa2 sp=0x000000f25cafee70 mode 2
Event: 95.370 Thread 0x000002b6a03153f0 Uncommon trap: trap_request=0xffffff9d fr.pc=0x000002b64cb4fe4c relative=0x000000000000014c
Event: 95.370 Thread 0x000002b6a03153f0 Uncommon trap: reason=unreached action=reinterpret pc=0x000002b64cb4fe4c method=org.eclipse.jdt.internal.core.search.indexing.IndexManager.updateMetaIndex(Ljava/lang/String;Ljava/util/List;)V @ 136 c2
Event: 95.370 Thread 0x000002b6a03153f0 DEOPT PACKING pc=0x000002b64cb4fe4c sp=0x000000f25caff250
Event: 95.370 Thread 0x000002b6a03153f0 DEOPT UNPACKING pc=0x000002b64bf53aa2 sp=0x000000f25caff200 mode 2
Event: 95.440 Thread 0x000002b6a03153f0 Uncommon trap: trap_request=0xffffff45 fr.pc=0x000002b64cb48974 relative=0x0000000000000434
Event: 95.440 Thread 0x000002b6a03153f0 Uncommon trap: reason=unstable_if action=reinterpret pc=0x000002b64cb48974 method=org.eclipse.jdt.internal.core.index.DiskIndex.readStreamDocumentArray(Ljava/io/InputStream;I)[I @ 17 c2
Event: 95.440 Thread 0x000002b6a03153f0 DEOPT PACKING pc=0x000002b64cb48974 sp=0x000000f25cafedd0
Event: 95.440 Thread 0x000002b6a03153f0 DEOPT UNPACKING pc=0x000002b64bf53aa2 sp=0x000000f25cafed80 mode 2
Event: 95.787 Thread 0x000002b6a03153f0 DEOPT PACKING pc=0x000002b646085f1c sp=0x000000f25cafef50
Event: 95.787 Thread 0x000002b6a03153f0 DEOPT UNPACKING pc=0x000002b64bf54242 sp=0x000000f25cafe4c8 mode 0
Event: 96.168 Thread 0x000002b6a03153f0 DEOPT PACKING pc=0x000002b646083718 sp=0x000000f25caff0d0
Event: 96.168 Thread 0x000002b6a03153f0 DEOPT UNPACKING pc=0x000002b64bf54242 sp=0x000000f25cafe5a0 mode 0
Event: 96.180 Thread 0x000002b6a0c03b20 Uncommon trap: trap_request=0xffffff45 fr.pc=0x000002b64c55b1e0 relative=0x0000000000001320
Event: 96.180 Thread 0x000002b6a0c03b20 Uncommon trap: reason=unstable_if action=reinterpret pc=0x000002b64c55b1e0 method=com.google.gson.stream.JsonReader.nextQuotedValue(C)Ljava/lang/String; @ 120 c2
Event: 96.180 Thread 0x000002b6a0c03b20 DEOPT PACKING pc=0x000002b64c55b1e0 sp=0x000000f25ddfe2e0
Event: 96.180 Thread 0x000002b6a0c03b20 DEOPT UNPACKING pc=0x000002b64bf53aa2 sp=0x000000f25ddfe2e8 mode 2

Classes loaded (20 events):
Event: 42.248 Loading class java/nio/file/PathMatcher done
Event: 42.248 Loading class sun/nio/fs/WindowsFileSystem$2 done
Event: 42.330 Loading class java/util/Collections$SynchronizedRandomAccessList
Event: 42.331 Loading class java/util/Collections$SynchronizedList
Event: 42.331 Loading class java/util/Collections$SynchronizedList done
Event: 42.331 Loading class java/util/Collections$SynchronizedRandomAccessList done
Event: 42.337 Loading class java/util/concurrent/CompletableFuture$Signaller
Event: 42.337 Loading class java/util/concurrent/CompletableFuture$Signaller done
Event: 45.805 Loading class sun/nio/fs/WindowsFileCopy
Event: 45.867 Loading class sun/nio/fs/WindowsFileCopy done
Event: 70.622 Loading class java/util/concurrent/CompletableFuture$UniApply
Event: 70.623 Loading class java/util/concurrent/CompletableFuture$UniApply done
Event: 70.634 Loading class java/util/concurrent/CompletableFuture$UniExceptionally
Event: 70.635 Loading class java/util/concurrent/CompletableFuture$UniExceptionally done
Event: 88.637 Loading class java/lang/Throwable$WrappedPrintWriter
Event: 88.642 Loading class java/lang/Throwable$PrintStreamOrWriter
Event: 88.642 Loading class java/lang/Throwable$PrintStreamOrWriter done
Event: 88.642 Loading class java/lang/Throwable$WrappedPrintWriter done
Event: 92.284 Loading class java/lang/Throwable$WrappedPrintStream
Event: 92.285 Loading class java/lang/Throwable$WrappedPrintStream done

Classes unloaded (8 events):
Event: 7.301 Thread 0x000002b64173e9e0 Unloading class 0x000002b65a19ec00 'java/lang/invoke/LambdaForm$MH+0x000002b65a19ec00'
Event: 7.301 Thread 0x000002b64173e9e0 Unloading class 0x000002b65a19e800 'java/lang/invoke/LambdaForm$MH+0x000002b65a19e800'
Event: 7.301 Thread 0x000002b64173e9e0 Unloading class 0x000002b65a19e400 'java/lang/invoke/LambdaForm$MH+0x000002b65a19e400'
Event: 7.301 Thread 0x000002b64173e9e0 Unloading class 0x000002b65a19e000 'java/lang/invoke/LambdaForm$MH+0x000002b65a19e000'
Event: 7.301 Thread 0x000002b64173e9e0 Unloading class 0x000002b65a19dc00 'java/lang/invoke/LambdaForm$BMH+0x000002b65a19dc00'
Event: 7.301 Thread 0x000002b64173e9e0 Unloading class 0x000002b65a19d800 'java/lang/invoke/LambdaForm$DMH+0x000002b65a19d800'
Event: 7.301 Thread 0x000002b64173e9e0 Unloading class 0x000002b65a19c400 'java/lang/invoke/LambdaForm$DMH+0x000002b65a19c400'
Event: 41.144 Thread 0x000002b64173e9e0 Unloading class 0x000002b65a638400 'java/lang/invoke/LambdaForm$DMH+0x000002b65a638400'

Classes redefined (0 events):
No events

Internal exceptions (20 events):
Event: 92.909 Thread 0x000002b6a03153f0 Exception <a 'java/io/IOException'{0x00000000d5712ed8}> (0x00000000d5712ed8) 
thrown [s\src\hotspot\share\prims\jni.cpp, line 520]
Event: 92.962 Thread 0x000002b6a03153f0 Exception <a 'java/io/IOException'{0x00000000d57c2ea0}> (0x00000000d57c2ea0) 
thrown [s\src\hotspot\share\prims\jni.cpp, line 520]
Event: 92.967 Thread 0x000002b6a03153f0 Exception <a 'java/io/IOException'{0x00000000d57cc628}> (0x00000000d57cc628) 
thrown [s\src\hotspot\share\prims\jni.cpp, line 520]
Event: 93.005 Thread 0x000002b6a03153f0 Exception <a 'java/io/IOException'{0x00000000d56a0288}> (0x00000000d56a0288) 
thrown [s\src\hotspot\share\prims\jni.cpp, line 520]
Event: 93.010 Thread 0x000002b6a03153f0 Exception <a 'java/io/IOException'{0x00000000d56a9708}> (0x00000000d56a9708) 
thrown [s\src\hotspot\share\prims\jni.cpp, line 520]
Event: 93.052 Thread 0x000002b6a03153f0 Exception <a 'java/io/IOException'{0x00000000d57218c0}> (0x00000000d57218c0) 
thrown [s\src\hotspot\share\prims\jni.cpp, line 520]
Event: 93.057 Thread 0x000002b6a03153f0 Exception <a 'java/io/IOException'{0x00000000d572ac88}> (0x00000000d572ac88) 
thrown [s\src\hotspot\share\prims\jni.cpp, line 520]
Event: 93.117 Thread 0x000002b6a03153f0 Exception <a 'java/io/IOException'{0x00000000d5870f00}> (0x00000000d5870f00) 
thrown [s\src\hotspot\share\prims\jni.cpp, line 520]
Event: 93.121 Thread 0x000002b6a03153f0 Exception <a 'java/io/IOException'{0x00000000d587a4a0}> (0x00000000d587a4a0) 
thrown [s\src\hotspot\share\prims\jni.cpp, line 520]
Event: 93.173 Thread 0x000002b6a03153f0 Exception <a 'java/io/IOException'{0x00000000d5638978}> (0x00000000d5638978) 
thrown [s\src\hotspot\share\prims\jni.cpp, line 520]
Event: 93.177 Thread 0x000002b6a03153f0 Exception <a 'java/io/IOException'{0x00000000d5642040}> (0x00000000d5642040) 
thrown [s\src\hotspot\share\prims\jni.cpp, line 520]
Event: 93.807 Thread 0x000002b6a03153f0 Exception <a 'java/io/IOException'{0x00000000d5683f50}> (0x00000000d5683f50) 
thrown [s\src\hotspot\share\prims\jni.cpp, line 520]
Event: 93.809 Thread 0x000002b6a03153f0 Exception <a 'java/io/IOException'{0x00000000d568d060}> (0x00000000d568d060) 
thrown [s\src\hotspot\share\prims\jni.cpp, line 520]
Event: 93.846 Thread 0x000002b6a03153f0 Exception <a 'java/io/IOException'{0x00000000d577a968}> (0x00000000d577a968) 
thrown [s\src\hotspot\share\prims\jni.cpp, line 520]
Event: 93.851 Thread 0x000002b6a03153f0 Exception <a 'java/io/IOException'{0x00000000d5783f70}> (0x00000000d5783f70) 
thrown [s\src\hotspot\share\prims\jni.cpp, line 520]
Event: 94.153 Thread 0x000002b6a03153f0 Exception <a 'java/io/IOException'{0x00000000d586c200}> (0x00000000d586c200) 
thrown [s\src\hotspot\share\prims\jni.cpp, line 520]
Event: 94.156 Thread 0x000002b6a03153f0 Exception <a 'java/io/IOException'{0x00000000d58757b8}> (0x00000000d58757b8) 
thrown [s\src\hotspot\share\prims\jni.cpp, line 520]
Event: 94.271 Thread 0x000002b6a03153f0 Exception <a 'java/io/IOException'{0x00000000d5632fe8}> (0x00000000d5632fe8) 
thrown [s\src\hotspot\share\prims\jni.cpp, line 520]
Event: 94.276 Thread 0x000002b6a03153f0 Exception <a 'java/io/IOException'{0x00000000d563c3a8}> (0x00000000d563c3a8) 
thrown [s\src\hotspot\share\prims\jni.cpp, line 520]
Event: 94.527 Thread 0x000002b6a03153f0 Implicit null exception at 0x000002b64ca5a045 to 0x000002b64ca5c1c8

ZGC Phase Switch (0 events):
No events

VM Operations (20 events):
Event: 96.156 Executing VM operation: ParallelGCFailedAllocation (Allocation Failure)
Event: 96.160 Executing VM operation: ParallelGCFailedAllocation (Allocation Failure) done
Event: 96.203 Executing VM operation: ParallelGCFailedAllocation (Allocation Failure)
Event: 96.207 Executing VM operation: ParallelGCFailedAllocation (Allocation Failure) done
Event: 96.224 Executing VM operation: ParallelGCFailedAllocation (Allocation Failure)
Event: 96.231 Executing VM operation: ParallelGCFailedAllocation (Allocation Failure) done
Event: 96.238 Executing VM operation: ParallelGCFailedAllocation (Allocation Failure)
Event: 96.244 Executing VM operation: ParallelGCFailedAllocation (Allocation Failure) done
Event: 96.247 Executing VM operation: ParallelGCFailedAllocation (Allocation Failure)
Event: 96.253 Executing VM operation: ParallelGCFailedAllocation (Allocation Failure) done
Event: 96.263 Executing VM operation: ParallelGCFailedAllocation (Allocation Failure)
Event: 96.271 Executing VM operation: ParallelGCFailedAllocation (Allocation Failure) done
Event: 96.345 Executing VM operation: ParallelGCFailedAllocation (Allocation Failure)
Event: 96.352 Executing VM operation: ParallelGCFailedAllocation (Allocation Failure) done
Event: 96.368 Executing VM operation: ParallelGCFailedAllocation (Allocation Failure)
Event: 96.373 Executing VM operation: ParallelGCFailedAllocation (Allocation Failure) done
Event: 96.393 Executing VM operation: ParallelGCFailedAllocation (Allocation Failure)
Event: 96.399 Executing VM operation: ParallelGCFailedAllocation (Allocation Failure) done
Event: 96.600 Executing VM operation: ParallelGCFailedAllocation (Allocation Failure)
Event: 96.608 Executing VM operation: ParallelGCFailedAllocation (Allocation Failure) done

Memory protections (0 events):
No events

Nmethod flushes (20 events):
Event: 41.188 Thread 0x000002b64173e9e0 flushing  nmethod 0x000002b6452b9290
Event: 41.188 Thread 0x000002b64173e9e0 flushing  nmethod 0x000002b6452b9990
Event: 41.188 Thread 0x000002b64173e9e0 flushing  nmethod 0x000002b6452bb090
Event: 41.188 Thread 0x000002b64173e9e0 flushing  nmethod 0x000002b6452bb510
Event: 41.188 Thread 0x000002b64173e9e0 flushing  nmethod 0x000002b6452bba90
Event: 41.188 Thread 0x000002b64173e9e0 flushing  nmethod 0x000002b6452bbf90
Event: 41.188 Thread 0x000002b64173e9e0 flushing  nmethod 0x000002b6452bc310
Event: 41.188 Thread 0x000002b64173e9e0 flushing  nmethod 0x000002b6452bc910
Event: 41.188 Thread 0x000002b64173e9e0 flushing  nmethod 0x000002b6452bd190
Event: 41.188 Thread 0x000002b64173e9e0 flushing  nmethod 0x000002b6452bdd10
Event: 41.188 Thread 0x000002b64173e9e0 flushing  nmethod 0x000002b6452be810
Event: 41.188 Thread 0x000002b64173e9e0 flushing  nmethod 0x000002b6452cc890
Event: 41.188 Thread 0x000002b64173e9e0 flushing  nmethod 0x000002b6452cd210
Event: 41.188 Thread 0x000002b64173e9e0 flushing  nmethod 0x000002b6452cd790
Event: 41.188 Thread 0x000002b64173e9e0 flushing  nmethod 0x000002b6452e8e10
Event: 41.188 Thread 0x000002b64173e9e0 flushing  nmethod 0x000002b64531d090
Event: 41.188 Thread 0x000002b64173e9e0 flushing  nmethod 0x000002b64533c810
Event: 41.188 Thread 0x000002b64173e9e0 flushing  nmethod 0x000002b64533de10
Event: 41.188 Thread 0x000002b64173e9e0 flushing  nmethod 0x000002b645346c90
Event: 41.188 Thread 0x000002b64173e9e0 flushing  nmethod 0x000002b645352210

Events (20 events):
Event: 23.530 Thread 0x000002b6a0313320 Thread added: 0x000002b6a0b14750
Event: 24.332 Thread 0x000002b6a0b0f890 Thread exited: 0x000002b6a0b0f890
Event: 24.350 Thread 0x000002b6a0b12d10 Thread exited: 0x000002b6a0b12d10
Event: 24.350 Thread 0x000002b6a0b14de0 Thread exited: 0x000002b6a0b14de0
Event: 24.350 Thread 0x000002b6a0b14750 Thread exited: 0x000002b6a0b14750
Event: 24.352 Thread 0x000002b6a0b0f200 Thread exited: 0x000002b6a0b0f200
Event: 25.954 Thread 0x000002b6a0313320 Thread added: 0x000002b6a0b0ff20
Event: 25.955 Thread 0x000002b6a0313320 Thread added: 0x000002b6a0b0f890
Event: 25.955 Thread 0x000002b6a0313320 Thread added: 0x000002b6a0b12d10
Event: 25.955 Thread 0x000002b6a0313320 Thread added: 0x000002b6a0b0f200
Event: 25.956 Thread 0x000002b6a0313320 Thread added: 0x000002b6a0b105b0
Event: 26.520 Thread 0x000002b6a0b12d10 Thread exited: 0x000002b6a0b12d10
Event: 26.521 Thread 0x000002b6a0b105b0 Thread exited: 0x000002b6a0b105b0
Event: 26.522 Thread 0x000002b6a0b0f200 Thread exited: 0x000002b6a0b0f200
Event: 26.522 Thread 0x000002b6a0b0ff20 Thread exited: 0x000002b6a0b0ff20
Event: 26.523 Thread 0x000002b6a0b0f890 Thread exited: 0x000002b6a0b0f890
Event: 42.453 Thread 0x000002b6a0316110 Thread added: 0x000002b6a0b0e4e0
Event: 42.453 Thread 0x000002b6a0316110 Thread added: 0x000002b6a0b13a30
Event: 70.634 Thread 0x000002b6a0c03b20 Thread added: 0x000002b6a0b14de0
Event: 80.787 Thread 0x000002b6a30060e0 Thread exited: 0x000002b6a30060e0


Dynamic libraries:
0x00007ff6cdfe0000 - 0x00007ff6cdfee000 	c:\Users\IBYTE\.vscode\extensions\redhat.java-1.39.0-win32-x64\jre\21.0.5-win32-x86_64\bin\java.exe
0x00007ffb28f90000 - 0x00007ffb291a7000 	C:\WINDOWS\SYSTEM32\ntdll.dll
0x00007ffb27bd0000 - 0x00007ffb27c94000 	C:\WINDOWS\System32\KERNEL32.DLL
0x00007ffb265f0000 - 0x00007ffb269c0000 	C:\WINDOWS\System32\KERNELBASE.dll
0x00007ffb264d0000 - 0x00007ffb265e1000 	C:\WINDOWS\System32\ucrtbase.dll
0x00007ffb12260000 - 0x00007ffb1227e000 	c:\Users\IBYTE\.vscode\extensions\redhat.java-1.39.0-win32-x64\jre\21.0.5-win32-x86_64\bin\VCRUNTIME140.dll
0x00007ffb212a0000 - 0x00007ffb212b8000 	c:\Users\IBYTE\.vscode\extensions\redhat.java-1.39.0-win32-x64\jre\21.0.5-win32-x86_64\bin\jli.dll
0x00007ffb26ed0000 - 0x00007ffb2707e000 	C:\WINDOWS\System32\USER32.dll
0x00007ffb0b9e0000 - 0x00007ffb0bc72000 	C:\WINDOWS\WinSxS\amd64_microsoft.windows.common-controls_6595b64144ccf1df_6.0.22621.4830_none_270fe7d773858e80\COMCTL32.dll
0x00007ffb26270000 - 0x00007ffb26296000 	C:\WINDOWS\System32\win32u.dll
0x00007ffb27b20000 - 0x00007ffb27bc7000 	C:\WINDOWS\System32\msvcrt.dll
0x00007ffb27500000 - 0x00007ffb27529000 	C:\WINDOWS\System32\GDI32.dll
0x00007ffb269c0000 - 0x00007ffb26adb000 	C:\WINDOWS\System32\gdi32full.dll
0x00007ffb26be0000 - 0x00007ffb26c7a000 	C:\WINDOWS\System32\msvcp_win.dll
0x00007ffb28600000 - 0x00007ffb28631000 	C:\WINDOWS\System32\IMM32.DLL
0x00007ffb20b20000 - 0x00007ffb20b2c000 	c:\Users\IBYTE\.vscode\extensions\redhat.java-1.39.0-win32-x64\jre\21.0.5-win32-x86_64\bin\vcruntime140_1.dll
0x00007ffae5030000 - 0x00007ffae50bd000 	c:\Users\IBYTE\.vscode\extensions\redhat.java-1.39.0-win32-x64\jre\21.0.5-win32-x86_64\bin\msvcp140.dll
0x00007ffacf610000 - 0x00007ffad039f000 	c:\Users\IBYTE\.vscode\extensions\redhat.java-1.39.0-win32-x64\jre\21.0.5-win32-x86_64\bin\server\jvm.dll
0x00007ffb27530000 - 0x00007ffb275e1000 	C:\WINDOWS\System32\ADVAPI32.dll
0x00007ffb288b0000 - 0x00007ffb28957000 	C:\WINDOWS\System32\sechost.dll
0x00007ffb26240000 - 0x00007ffb26268000 	C:\WINDOWS\System32\bcrypt.dll
0x00007ffb28e30000 - 0x00007ffb28f44000 	C:\WINDOWS\System32\RPCRT4.dll
0x00007ffb28db0000 - 0x00007ffb28e21000 	C:\WINDOWS\System32\WS2_32.dll
0x00007ffb20900000 - 0x00007ffb20934000 	C:\WINDOWS\SYSTEM32\WINMM.dll
0x00007ffb26060000 - 0x00007ffb260ad000 	C:\WINDOWS\SYSTEM32\POWRPROF.dll
0x00007ffb10b60000 - 0x00007ffb10b6a000 	C:\WINDOWS\SYSTEM32\VERSION.dll
0x00007ffb26040000 - 0x00007ffb26053000 	C:\WINDOWS\SYSTEM32\UMPDC.dll
0x00007ffb25250000 - 0x00007ffb25268000 	C:\WINDOWS\SYSTEM32\kernel.appcore.dll
0x00007ffb1f4e0000 - 0x00007ffb1f4ea000 	c:\Users\IBYTE\.vscode\extensions\redhat.java-1.39.0-win32-x64\jre\21.0.5-win32-x86_64\bin\jimage.dll
0x00007ffb23540000 - 0x00007ffb23772000 	C:\WINDOWS\SYSTEM32\DBGHELP.DLL
0x00007ffb28a20000 - 0x00007ffb28db0000 	C:\WINDOWS\System32\combase.dll
0x00007ffb27640000 - 0x00007ffb27717000 	C:\WINDOWS\System32\OLEAUT32.dll
0x00007ffb0a180000 - 0x00007ffb0a1b2000 	C:\WINDOWS\SYSTEM32\dbgcore.DLL
0x00007ffb26ae0000 - 0x00007ffb26b5b000 	C:\WINDOWS\System32\bcryptPrimitives.dll
0x00007ffb120f0000 - 0x00007ffb120ff000 	c:\Users\IBYTE\.vscode\extensions\redhat.java-1.39.0-win32-x64\jre\21.0.5-win32-x86_64\bin\instrument.dll
0x00007ffb11c30000 - 0x00007ffb11c4f000 	c:\Users\IBYTE\.vscode\extensions\redhat.java-1.39.0-win32-x64\jre\21.0.5-win32-x86_64\bin\java.dll
0x00007ffb27d00000 - 0x00007ffb28578000 	C:\WINDOWS\System32\SHELL32.dll
0x00007ffb24140000 - 0x00007ffb24a50000 	C:\WINDOWS\SYSTEM32\windows.storage.dll
0x00007ffb24000000 - 0x00007ffb2413f000 	C:\WINDOWS\SYSTEM32\wintypes.dll
0x00007ffb27750000 - 0x00007ffb2785a000 	C:\WINDOWS\System32\SHCORE.dll
0x00007ffb26c80000 - 0x00007ffb26cde000 	C:\WINDOWS\System32\shlwapi.dll
0x00007ffb26170000 - 0x00007ffb2619b000 	C:\WINDOWS\SYSTEM32\profapi.dll
0x00007ffb05b30000 - 0x00007ffb05b48000 	c:\Users\IBYTE\.vscode\extensions\redhat.java-1.39.0-win32-x64\jre\21.0.5-win32-x86_64\bin\zip.dll
0x00007ffb1f460000 - 0x00007ffb1f470000 	C:\Users\IBYTE\.vscode\extensions\redhat.java-1.39.0-win32-x64\jre\21.0.5-win32-x86_64\bin\net.dll
0x00007ffb22cd0000 - 0x00007ffb22dfc000 	C:\WINDOWS\SYSTEM32\WINHTTP.dll
0x00007ffb25700000 - 0x00007ffb25769000 	C:\WINDOWS\system32\mswsock.dll
0x00007ffb04b00000 - 0x00007ffb04b16000 	C:\Users\IBYTE\.vscode\extensions\redhat.java-1.39.0-win32-x64\jre\21.0.5-win32-x86_64\bin\nio.dll
0x00007ffb12130000 - 0x00007ffb12140000 	c:\Users\IBYTE\.vscode\extensions\redhat.java-1.39.0-win32-x64\jre\21.0.5-win32-x86_64\bin\verify.dll
0x00007ffaf1120000 - 0x00007ffaf1165000 	C:\Users\IBYTE\AppData\Roaming\Code\User\globalStorage\redhat.java\1.39.0\config_win\org.eclipse.equinox.launcher\org.eclipse.equinox.launcher.win32.win32.x86_64_1.2.1100.v20240722-2106\eclipse_11904.dll
0x00007ffb27960000 - 0x00007ffb27b01000 	C:\WINDOWS\System32\ole32.dll
0x00007ffb25960000 - 0x00007ffb2597b000 	C:\WINDOWS\SYSTEM32\CRYPTSP.dll
0x00007ffb251b0000 - 0x00007ffb251e5000 	C:\WINDOWS\system32\rsaenh.dll
0x00007ffb257f0000 - 0x00007ffb25818000 	C:\WINDOWS\SYSTEM32\USERENV.dll
0x00007ffb25950000 - 0x00007ffb2595c000 	C:\WINDOWS\SYSTEM32\CRYPTBASE.dll
0x00007ffb24cf0000 - 0x00007ffb24d1d000 	C:\WINDOWS\SYSTEM32\IPHLPAPI.DLL
0x00007ffb28960000 - 0x00007ffb28969000 	C:\WINDOWS\System32\NSI.dll
0x00007ffaeb650000 - 0x00007ffaeb699000 	C:\Users\IBYTE\AppData\Local\Temp\jna-69471441\jna11429294253104928205.dll
0x00007ffb27b10000 - 0x00007ffb27b18000 	C:\WINDOWS\System32\PSAPI.DLL
0x00007ffb21990000 - 0x00007ffb219a9000 	C:\WINDOWS\SYSTEM32\dhcpcsvc6.DLL
0x00007ffb21970000 - 0x00007ffb2198f000 	C:\WINDOWS\SYSTEM32\dhcpcsvc.DLL

dbghelp: loaded successfully - version: 4.0.5 - missing functions: none
symbol engine: initialized successfully - sym options: 0x614 - pdb path: .;c:\Users\IBYTE\.vscode\extensions\redhat.java-1.39.0-win32-x64\jre\21.0.5-win32-x86_64\bin;C:\WINDOWS\SYSTEM32;C:\WINDOWS\WinSxS\amd64_microsoft.windows.common-controls_6595b64144ccf1df_6.0.22621.4830_none_270fe7d773858e80;c:\Users\IBYTE\.vscode\extensions\redhat.java-1.39.0-win32-x64\jre\21.0.5-win32-x86_64\bin\server;C:\Users\IBYTE\AppData\Roaming\Code\User\globalStorage\redhat.java\1.39.0\config_win\org.eclipse.equinox.launcher\org.eclipse.equinox.launcher.win32.win32.x86_64_1.2.1100.v20240722-2106;C:\Users\IBYTE\AppData\Local\Temp\jna-69471441

VM Arguments:
jvm_args: --add-modules=ALL-SYSTEM --add-opens=java.base/java.util=ALL-UNNAMED --add-opens=java.base/java.lang=ALL-UNNAMED --add-opens=java.base/sun.nio.fs=ALL-UNNAMED -Declipse.application=org.eclipse.jdt.ls.core.id1 -Dosgi.bundles.defaultStartLevel=4 -Declipse.product=org.eclipse.jdt.ls.core.product -Djava.import.generatesMetadataFilesAtProjectRoot=false -DDetectVMInstallationsJob.disabled=true -Dfile.encoding=utf8 -XX:+UseParallelGC -XX:GCTimeRatio=4 -XX:AdaptiveSizePolicyWeight=90 -Dsun.zip.disableMemoryMapping=true -Xmx2G -Xms100m -Xlog:disable -javaagent:c:\Users\IBYTE\.vscode\extensions\redhat.java-1.39.0-win32-x64\lombok\lombok-1.18.34.jar -XX:+HeapDumpOnOutOfMemoryError -XX:HeapDumpPath=c:\Users\IBYTE\AppData\Roaming\Code\User\workspaceStorage\59ce07a759c63856ad17a90456c615a0\redhat.java -Daether.dependencyCollector.impl=bf 
java_command: c:\Users\IBYTE\.vscode\extensions\redhat.java-1.39.0-win32-x64\server\plugins\org.eclipse.equinox.launcher_1.6.900.v20240613-2009.jar -configuration c:\Users\IBYTE\AppData\Roaming\Code\User\globalStorage\redhat.java\1.39.0\config_win -data c:\Users\IBYTE\AppData\Roaming\Code\User\workspaceStorage\59ce07a759c63856ad17a90456c615a0\redhat.java\jdt_ws --pipe=\\.\pipe\lsp-369051d90ff68598d00a16418d522815-sock
java_class_path (initial): c:\Users\IBYTE\.vscode\extensions\redhat.java-1.39.0-win32-x64\server\plugins\org.eclipse.equinox.launcher_1.6.900.v20240613-2009.jar
Launcher Type: SUN_STANDARD

[Global flags]
    uintx AdaptiveSizePolicyWeight                 = 90                                        {product} {command line}
     intx CICompilerCount                          = 4                                         {product} {ergonomic}
    uintx GCTimeRatio                              = 4                                         {product} {command line}
     bool HeapDumpOnOutOfMemoryError               = true                                   {manageable} {command line}
    ccstr HeapDumpPath                             = c:\Users\IBYTE\AppData\Roaming\Code\User\workspaceStorage\59ce07a759c63856ad17a90456c615a0\redhat.java         {manageable} {command line}
   size_t InitialHeapSize                          = 104857600                                 {product} {command line}
   size_t MaxHeapSize                              = 2147483648                                {product} {command line}
   size_t MaxNewSize                               = 715653120                                 {product} {ergonomic}
   size_t MinHeapDeltaBytes                        = 524288                                    {product} {ergonomic}
   size_t MinHeapSize                              = 104857600                                 {product} {command line}
   size_t NewSize                                  = 34603008                                  {product} {ergonomic}
    uintx NonNMethodCodeHeapSize                   = 5839372                                {pd product} {ergonomic}
    uintx NonProfiledCodeHeapSize                  = 122909434                              {pd product} {ergonomic}
   size_t OldSize                                  = 70254592                                  {product} {ergonomic}
    uintx ProfiledCodeHeapSize                     = 122909434                              {pd product} {ergonomic}
    uintx ReservedCodeCacheSize                    = 251658240                              {pd product} {ergonomic}
     bool SegmentedCodeCache                       = true                                      {product} {ergonomic}
   size_t SoftMaxHeapSize                          = 2147483648                             {manageable} {ergonomic}
     bool UseCompressedOops                        = true                           {product lp64_product} {ergonomic}
     bool UseLargePagesIndividualAllocation        = false                                  {pd product} {ergonomic}
     bool UseParallelGC                            = true                                      {product} {command line}

Logging:
Log output configuration:
 #0: stdout all=off uptime,level,tags foldmultilines=false
 #1: stderr all=off uptime,level,tags foldmultilines=false

Environment Variables:
JAVA_HOME=C:\Program Files\Java\jdk-17\
PATH=C:\Windows\System32;C:\Program Files\Microsoft SQL Server\150\Tools\Binn\;C:\Program Files\Microsoft SQL Server\Client SDK\ODBC\170\Tools\Binn\;C:\Program Files\dotnet\;C:\Windows\System32\WindowsPowerShell\v1.0\;C:\Users\IBYTE\scripts;C:\Users\IBYTE\apache-maven-3.9.9-bin\bin;C:\Program Files\Java\apache-maven-3.9.7\bin;;C:\Program Files\Docker\Docker\resources\bin;C:\Program Files\MySQL\MySQL Shell 8.0\bin\;C:\Users\IBYTE\AppData\Local\Programs\Python\Python312\Scripts\;C:\Users\IBYTE\AppData\Local\Programs\Python\Python312\;C:\Users\IBYTE\AppData\Local\Programs\Python\Launcher\;C:\Users\IBYTE\AppData\Local\Microsoft\WindowsApps;C:\Users\IBYTE\AppData\Local\GitHubDesktop\bin;C:\Program Files\nodejs;C:\Users\IBYTE\AppData\Roaming\npm;C:\Users\IBYTE\.dotnet\tools;C:\Users\IBYTE\AppData\Local\Programs\Microsoft VS Code\bin;C:\cmder\bin;C:\Program Files\PostgreSQL\15\bin;C:\Program Files\MySQL\MySQL Server 8.0\bin;C:\Users\IBYTE\.dotnet\tools;C:\Program Files\Java\jdk-17\\bin
USERNAME=IBYTE
OS=Windows_NT
PROCESSOR_IDENTIFIER=Intel64 Family 6 Model 154 Stepping 3, GenuineIntel
TMP=C:\Users\IBYTE\AppData\Local\Temp
TEMP=C:\Users\IBYTE\AppData\Local\Temp




Periodic native trim disabled

---------------  S Y S T E M  ---------------

OS:
 Windows 11 , 64 bit Build 22621 (10.0.22621.4830)
OS uptime: 1 days 20:46 hours
Hyper-V role detected

CPU: total 12 (initial active 12) (6 cores per cpu, 2 threads per core) family 6 model 154 stepping 3 microcode 0x423, cx8, cmov, fxsr, ht, mmx, 3dnowpref, sse, sse2, sse3, ssse3, sse4.1, sse4.2, popcnt, lzcnt, tsc, tscinvbit, avx, avx2, aes, erms, clmul, bmi1, bmi2, adx, sha, fma, vzeroupper, clflush, clflushopt, clwb, hv, serialize, rdtscp, rdpid, fsrm, f16c, cet_ibt, cet_ss
Processor Information for processor 0
  Max Mhz: 2000, Current Mhz: 2000, Mhz Limit: 2000
Processor Information for processor 1
  Max Mhz: 2000, Current Mhz: 2000, Mhz Limit: 2000
Processor Information for processor 2
  Max Mhz: 2000, Current Mhz: 2000, Mhz Limit: 2000
Processor Information for processor 3
  Max Mhz: 2000, Current Mhz: 2000, Mhz Limit: 2000
Processor Information for processor 4
  Max Mhz: 2000, Current Mhz: 2000, Mhz Limit: 2000
Processor Information for processor 5
  Max Mhz: 2000, Current Mhz: 2000, Mhz Limit: 2000
Processor Information for processor 6
  Max Mhz: 2000, Current Mhz: 2000, Mhz Limit: 2000
Processor Information for processor 7
  Max Mhz: 2000, Current Mhz: 2000, Mhz Limit: 2000
Processor Information for processor 8
  Max Mhz: 2000, Current Mhz: 1500, Mhz Limit: 1500
Processor Information for processor 9
  Max Mhz: 2000, Current Mhz: 1500, Mhz Limit: 1500
Processor Information for processor 10
  Max Mhz: 2000, Current Mhz: 1500, Mhz Limit: 1500
Processor Information for processor 11
  Max Mhz: 2000, Current Mhz: 1500, Mhz Limit: 1500

Memory: 4k page, system-wide physical 7896M (286M free)
TotalPageFile size 14654M (AvailPageFile size 4M)
current process WorkingSet (physical memory assigned to process): 474M, peak: 567M
current process commit charge ("private bytes"): 963M, peak: 965M

vm_info: OpenJDK 64-Bit Server VM (21.0.5+11-LTS) for windows-amd64 JRE (21.0.5+11-LTS), built on 2024-10-15T00:00:00Z by "admin" with MS VC++ 17.7 (VS2022)

END.
