#
# There is insufficient memory for the Java Runtime Environment to continue.
# Native memory allocation (malloc) failed to allocate 1108816 bytes for Chunk::new
# Possible reasons:
#   The system is out of physical RAM or swap space
#   The process is running with CompressedOops enabled, and the Java Heap may be blocking the growth of the native heap
# Possible solutions:
#   Reduce memory load on the system
#   Increase physical memory or swap space
#   Check if swap backing store is full
#   Decrease Java heap size (-Xmx/-Xms)
#   Decrease number of Java threads
#   Decrease Java thread stack sizes (-Xss)
#   Set larger code cache with -XX:ReservedCodeCacheSize=
#   JVM is running with Unscaled Compressed Oops mode in which the Java heap is
#     placed in the first 4GB address space. The Java Heap base address is the
#     maximum limit for the native heap growth. Please use -XX:HeapBaseMinAddress
#     to set the Java Heap base and to place the Java Heap above 4GB virtual address.
# This output file may be truncated or incomplete.
#
#  Out of Memory Error (arena.cpp:189), pid=17556, tid=7012
#
# JRE version: Java(TM) SE Runtime Environment (17.0.6+9) (build 17.0.6+9-LTS-190)
# Java VM: Java HotSpot(TM) 64-Bit Server VM (17.0.6+9-LTS-190, mixed mode, sharing, tiered, compressed oops, compressed class ptrs, g1 gc, windows-amd64)
# No core dump will be written. Minidumps are not enabled by default on client versions of Windows
#

---------------  S U M M A R Y ------------

Command Line: -Dclassworlds.conf=C:\Program Files\Java\apache-maven-3.9.7\bin\m2.conf -Dmaven.home=C:\Program Files\Java\apache-maven-3.9.7 -Dlibrary.jansi.path=C:\Program Files\Java\apache-maven-3.9.7\lib\jansi-native -Dmaven.multiModuleProjectDirectory=c:\Users\IBYTE\Documents\GitHub\TrendsIT\02.Nivelamento Prático\Curso de Spring Boot\api org.codehaus.plexus.classworlds.launcher.Launcher -q help:effective-pom -Doutput=c:\Users\IBYTE\Documents\GitHub\TrendsIT\02.Nivelamento Prático\Curso de Spring Boot\api\effective-pom.xml -f c:/Users/IBYTE/Documents/GitHub/TrendsIT/02.Nivelamento Prático/Curso de Spring Boot/api/pom.xml

Host: 12th Gen Intel(R) Core(TM) i5-12450H, 12 cores, 7G,  Windows 11 , 64 bit Build 22621 (10.0.22621.4830)
Time: Sat Feb  8 15:36:09 2025 Hora oficial do Brasil elapsed time: 1.489852 seconds (0d 0h 0m 1s)

---------------  T H R E A D  ---------------

Current thread (0x0000022711944470):  JavaThread "C2 CompilerThread0" daemon [_thread_in_native, id=7012, stack(0x00000048d9800000,0x00000048d9900000)]


Current CompileTask:
C2:   1490 3416       4       org.codehaus.plexus.configuration.DefaultPlexusConfiguration::add (101 bytes)

Stack: [0x00000048d9800000,0x00000048d9900000]
Native frames: (J=compiled Java code, j=interpreted, Vv=VM code, C=native code)
V  [jvm.dll+0x6734ea]
V  [jvm.dll+0x7d18f4]
V  [jvm.dll+0x7d309e]
V  [jvm.dll+0x7d3703]
V  [jvm.dll+0x2433c5]
V  [jvm.dll+0xaa46b]
V  [jvm.dll+0xaaa0c]
V  [jvm.dll+0x35eb2e]
V  [jvm.dll+0x329401]
V  [jvm.dll+0x32889a]
V  [jvm.dll+0x215ddf]
V  [jvm.dll+0x215211]
V  [jvm.dll+0x1a1730]
V  [jvm.dll+0x224b6e]
V  [jvm.dll+0x222f15]
V  [jvm.dll+0x78753c]
V  [jvm.dll+0x781a7a]
V  [jvm.dll+0x672375]
C  [ucrtbase.dll+0x29333]
C  [KERNEL32.DLL+0x1259d]
C  [ntdll.dll+0x5af38]


---------------  P R O C E S S  ---------------

Threads class SMR info:
_java_thread_list=0x0000022713768d50, length=14, elements={
0x00000227734b8eb0, 0x000002271192ccc0, 0x000002271192d930, 0x0000022711940a70,
0x0000022711942430, 0x0000022711942de0, 0x0000022711943790, 0x0000022711944470,
0x0000022711944f10, 0x0000022711948830, 0x00000227124fd330, 0x00000227125045f0,
0x00000227129038b0, 0x0000022713a06320
}

Java Threads: ( => current thread )
  0x00000227734b8eb0 JavaThread "main" [_thread_in_vm, id=7932, stack(0x00000048d8b00000,0x00000048d8c00000)]
  0x000002271192ccc0 JavaThread "Reference Handler" daemon [_thread_blocked, id=14764, stack(0x00000048d9200000,0x00000048d9300000)]
  0x000002271192d930 JavaThread "Finalizer" daemon [_thread_blocked, id=23352, stack(0x00000048d9300000,0x00000048d9400000)]
  0x0000022711940a70 JavaThread "Signal Dispatcher" daemon [_thread_blocked, id=6340, stack(0x00000048d9400000,0x00000048d9500000)]
  0x0000022711942430 JavaThread "Attach Listener" daemon [_thread_blocked, id=13556, stack(0x00000048d9500000,0x00000048d9600000)]
  0x0000022711942de0 JavaThread "Service Thread" daemon [_thread_blocked, id=21852, stack(0x00000048d9600000,0x00000048d9700000)]
  0x0000022711943790 JavaThread "Monitor Deflation Thread" daemon [_thread_blocked, id=10208, stack(0x00000048d9700000,0x00000048d9800000)]
=>0x0000022711944470 JavaThread "C2 CompilerThread0" daemon [_thread_in_native, id=7012, stack(0x00000048d9800000,0x00000048d9900000)]
  0x0000022711944f10 JavaThread "C1 CompilerThread0" daemon [_thread_in_native, id=10100, stack(0x00000048d9900000,0x00000048d9a00000)]
  0x0000022711948830 JavaThread "Sweeper thread" daemon [_thread_blocked, id=22064, stack(0x00000048d9a00000,0x00000048d9b00000)]
  0x00000227124fd330 JavaThread "Notification Thread" daemon [_thread_blocked, id=3988, stack(0x00000048d9b00000,0x00000048d9c00000)]
  0x00000227125045f0 JavaThread "Common-Cleaner" daemon [_thread_blocked, id=19360, stack(0x00000048d9d00000,0x00000048d9e00000)]
  0x00000227129038b0 JavaThread "C2 CompilerThread1" daemon [_thread_in_native, id=21812, stack(0x00000048d9e00000,0x00000048d9f00000)]
  0x0000022713a06320 JavaThread "C2 CompilerThread2" daemon [_thread_in_native, id=3104, stack(0x00000048d9f00000,0x00000048da000000)]

Other Threads:
  0x00000227119281c0 VMThread "VM Thread" [stack: 0x00000048d9100000,0x00000048d9200000] [id=23052]
  0x000002277352c790 WatcherThread [stack: 0x00000048d9c00000,0x00000048d9d00000] [id=14060]
  0x0000022773513210 GCTaskThread "GC Thread#0" [stack: 0x00000048d8c00000,0x00000048d8d00000] [id=14520]
  0x0000022712ff9440 GCTaskThread "GC Thread#1" [stack: 0x00000048da000000,0x00000048da100000] [id=19896]
  0x0000022712e23770 GCTaskThread "GC Thread#2" [stack: 0x00000048da100000,0x00000048da200000] [id=7768]
  0x00000227135dd140 GCTaskThread "GC Thread#3" [stack: 0x00000048da200000,0x00000048da300000] [id=5264]
  0x0000022713b5c2b0 GCTaskThread "GC Thread#4" [stack: 0x00000048da300000,0x00000048da400000] [id=18384]
  0x0000022713381280 GCTaskThread "GC Thread#5" [stack: 0x00000048da400000,0x00000048da500000] [id=13316]
  0x0000022713253b90 GCTaskThread "GC Thread#6" [stack: 0x00000048da500000,0x00000048da600000] [id=14504]
  0x0000022712dbd000 GCTaskThread "GC Thread#7" [stack: 0x00000048da600000,0x00000048da700000] [id=14672]
  0x0000022713540a70 GCTaskThread "GC Thread#8" [stack: 0x00000048da700000,0x00000048da800000] [id=14664]
  0x00000227135489d0 GCTaskThread "GC Thread#9" [stack: 0x00000048da800000,0x00000048da900000] [id=4408]
  0x0000022773523850 ConcurrentGCThread "G1 Main Marker" [stack: 0x00000048d8d00000,0x00000048d8e00000] [id=15824]
  0x0000022773524260 ConcurrentGCThread "G1 Conc#0" [stack: 0x00000048d8e00000,0x00000048d8f00000] [id=5212]
  0x00000227117d1f30 ConcurrentGCThread "G1 Refine#0" [stack: 0x00000048d8f00000,0x00000048d9000000] [id=18072]
  0x00000227117d2850 ConcurrentGCThread "G1 Service" [stack: 0x00000048d9000000,0x00000048d9100000] [id=21004]

Threads with active compile tasks:
C2 CompilerThread0     1504 3416       4       org.codehaus.plexus.configuration.DefaultPlexusConfiguration::add (101 bytes)
C1 CompilerThread0     1504 3496   !   3       org.apache.maven.model.PatternSet::clone (137 bytes)
C2 CompilerThread1     1504 3417       4       org.codehaus.plexus.configuration.xml.XmlPlexusConfiguration::<init> (96 bytes)
C2 CompilerThread2     1504 3419       4       org.codehaus.plexus.configuration.DefaultPlexusConfiguration::getChild (48 bytes)

VM state: not at safepoint (normal execution)

VM Mutex/Monitor currently owned by a thread: None

Heap address: 0x0000000084800000, size: 1976 MB, Compressed Oops mode: 32-bit

CDS archive(s) mapped at: [0x0000000800000000-0x0000000800bd0000-0x0000000800bd0000), size 12386304, SharedBaseAddress: 0x0000000800000000, ArchiveRelocationMode: 0.
Compressed class space mapped at: 0x0000000800c00000-0x0000000840c00000, reserved size: 1073741824
Narrow klass base: 0x0000000800000000, Narrow klass shift: 0, Narrow klass range: 0x100000000

GC Precious Log:
 CPUs: 12 total, 12 available
 Memory: 7896M
 Large Page Support: Disabled
 NUMA Support: Disabled
 Compressed Oops: Enabled (32-bit)
 Heap Region Size: 1M
 Heap Min Capacity: 8M
 Heap Initial Capacity: 124M
 Heap Max Capacity: 1976M
 Pre-touch: Disabled
 Parallel Workers: 10
 Concurrent Workers: 3
 Concurrent Refinement Workers: 10
 Periodic GC: Disabled

Heap:
 garbage-first heap   total 126976K, used 71350K [0x0000000084800000, 0x0000000100000000)
  region size 1024K, 67 young (68608K), 2 survivors (2048K)
 Metaspace       used 15352K, committed 15552K, reserved 1064960K
  class space    used 1822K, committed 1920K, reserved 1048576K

Heap Regions: E=young(eden), S=young(survivor), O=old, HS=humongous(starts), HC=humongous(continues), CS=collection set, F=free, OA=open archive, CA=closed archive, TAMS=top-at-mark-start (previous, next)
|   0|0x0000000084800000, 0x0000000084900000, 0x0000000084900000|100%| O|  |TAMS 0x0000000084800000, 0x0000000084800000| Untracked 
|   1|0x0000000084900000, 0x0000000084a00000, 0x0000000084a00000|100%| O|  |TAMS 0x0000000084900000, 0x0000000084900000| Untracked 
|   2|0x0000000084a00000, 0x0000000084b00000, 0x0000000084b00000|100%| O|  |TAMS 0x0000000084a00000, 0x0000000084a00000| Untracked 
|   3|0x0000000084b00000, 0x0000000084bad800, 0x0000000084c00000| 67%| O|  |TAMS 0x0000000084b00000, 0x0000000084b00000| Untracked 
|   4|0x0000000084c00000, 0x0000000084c00000, 0x0000000084d00000|  0%| F|  |TAMS 0x0000000084c00000, 0x0000000084c00000| Untracked 
|   5|0x0000000084d00000, 0x0000000084d00000, 0x0000000084e00000|  0%| F|  |TAMS 0x0000000084d00000, 0x0000000084d00000| Untracked 
|   6|0x0000000084e00000, 0x0000000084e00000, 0x0000000084f00000|  0%| F|  |TAMS 0x0000000084e00000, 0x0000000084e00000| Untracked 
|   7|0x0000000084f00000, 0x0000000084f00000, 0x0000000085000000|  0%| F|  |TAMS 0x0000000084f00000, 0x0000000084f00000| Untracked 
|   8|0x0000000085000000, 0x0000000085000000, 0x0000000085100000|  0%| F|  |TAMS 0x0000000085000000, 0x0000000085000000| Untracked 
|   9|0x0000000085100000, 0x0000000085100000, 0x0000000085200000|  0%| F|  |TAMS 0x0000000085100000, 0x0000000085100000| Untracked 
|  10|0x0000000085200000, 0x0000000085200000, 0x0000000085300000|  0%| F|  |TAMS 0x0000000085200000, 0x0000000085200000| Untracked 
|  11|0x0000000085300000, 0x0000000085300000, 0x0000000085400000|  0%| F|  |TAMS 0x0000000085300000, 0x0000000085300000| Untracked 
|  12|0x0000000085400000, 0x0000000085400000, 0x0000000085500000|  0%| F|  |TAMS 0x0000000085400000, 0x0000000085400000| Untracked 
|  13|0x0000000085500000, 0x0000000085500000, 0x0000000085600000|  0%| F|  |TAMS 0x0000000085500000, 0x0000000085500000| Untracked 
|  14|0x0000000085600000, 0x0000000085600000, 0x0000000085700000|  0%| F|  |TAMS 0x0000000085600000, 0x0000000085600000| Untracked 
|  15|0x0000000085700000, 0x0000000085700000, 0x0000000085800000|  0%| F|  |TAMS 0x0000000085700000, 0x0000000085700000| Untracked 
|  16|0x0000000085800000, 0x0000000085800000, 0x0000000085900000|  0%| F|  |TAMS 0x0000000085800000, 0x0000000085800000| Untracked 
|  17|0x0000000085900000, 0x0000000085900000, 0x0000000085a00000|  0%| F|  |TAMS 0x0000000085900000, 0x0000000085900000| Untracked 
|  18|0x0000000085a00000, 0x0000000085a00000, 0x0000000085b00000|  0%| F|  |TAMS 0x0000000085a00000, 0x0000000085a00000| Untracked 
|  19|0x0000000085b00000, 0x0000000085b00000, 0x0000000085c00000|  0%| F|  |TAMS 0x0000000085b00000, 0x0000000085b00000| Untracked 
|  20|0x0000000085c00000, 0x0000000085c00000, 0x0000000085d00000|  0%| F|  |TAMS 0x0000000085c00000, 0x0000000085c00000| Untracked 
|  21|0x0000000085d00000, 0x0000000085d00000, 0x0000000085e00000|  0%| F|  |TAMS 0x0000000085d00000, 0x0000000085d00000| Untracked 
|  22|0x0000000085e00000, 0x0000000085e00000, 0x0000000085f00000|  0%| F|  |TAMS 0x0000000085e00000, 0x0000000085e00000| Untracked 
|  23|0x0000000085f00000, 0x0000000085f00000, 0x0000000086000000|  0%| F|  |TAMS 0x0000000085f00000, 0x0000000085f00000| Untracked 
|  24|0x0000000086000000, 0x0000000086000000, 0x0000000086100000|  0%| F|  |TAMS 0x0000000086000000, 0x0000000086000000| Untracked 
|  25|0x0000000086100000, 0x0000000086100000, 0x0000000086200000|  0%| F|  |TAMS 0x0000000086100000, 0x0000000086100000| Untracked 
|  26|0x0000000086200000, 0x0000000086200000, 0x0000000086300000|  0%| F|  |TAMS 0x0000000086200000, 0x0000000086200000| Untracked 
|  27|0x0000000086300000, 0x0000000086300000, 0x0000000086400000|  0%| F|  |TAMS 0x0000000086300000, 0x0000000086300000| Untracked 
|  28|0x0000000086400000, 0x0000000086400000, 0x0000000086500000|  0%| F|  |TAMS 0x0000000086400000, 0x0000000086400000| Untracked 
|  29|0x0000000086500000, 0x0000000086500000, 0x0000000086600000|  0%| F|  |TAMS 0x0000000086500000, 0x0000000086500000| Untracked 
|  30|0x0000000086600000, 0x0000000086600000, 0x0000000086700000|  0%| F|  |TAMS 0x0000000086600000, 0x0000000086600000| Untracked 
|  31|0x0000000086700000, 0x0000000086700000, 0x0000000086800000|  0%| F|  |TAMS 0x0000000086700000, 0x0000000086700000| Untracked 
|  32|0x0000000086800000, 0x0000000086800000, 0x0000000086900000|  0%| F|  |TAMS 0x0000000086800000, 0x0000000086800000| Untracked 
|  33|0x0000000086900000, 0x0000000086900000, 0x0000000086a00000|  0%| F|  |TAMS 0x0000000086900000, 0x0000000086900000| Untracked 
|  34|0x0000000086a00000, 0x0000000086a00000, 0x0000000086b00000|  0%| F|  |TAMS 0x0000000086a00000, 0x0000000086a00000| Untracked 
|  35|0x0000000086b00000, 0x0000000086b00000, 0x0000000086c00000|  0%| F|  |TAMS 0x0000000086b00000, 0x0000000086b00000| Untracked 
|  36|0x0000000086c00000, 0x0000000086c00000, 0x0000000086d00000|  0%| F|  |TAMS 0x0000000086c00000, 0x0000000086c00000| Untracked 
|  37|0x0000000086d00000, 0x0000000086d00000, 0x0000000086e00000|  0%| F|  |TAMS 0x0000000086d00000, 0x0000000086d00000| Untracked 
|  38|0x0000000086e00000, 0x0000000086e00000, 0x0000000086f00000|  0%| F|  |TAMS 0x0000000086e00000, 0x0000000086e00000| Untracked 
|  39|0x0000000086f00000, 0x0000000086f00000, 0x0000000087000000|  0%| F|  |TAMS 0x0000000086f00000, 0x0000000086f00000| Untracked 
|  40|0x0000000087000000, 0x0000000087000000, 0x0000000087100000|  0%| F|  |TAMS 0x0000000087000000, 0x0000000087000000| Untracked 
|  41|0x0000000087100000, 0x0000000087100000, 0x0000000087200000|  0%| F|  |TAMS 0x0000000087100000, 0x0000000087100000| Untracked 
|  42|0x0000000087200000, 0x0000000087200000, 0x0000000087300000|  0%| F|  |TAMS 0x0000000087200000, 0x0000000087200000| Untracked 
|  43|0x0000000087300000, 0x0000000087300000, 0x0000000087400000|  0%| F|  |TAMS 0x0000000087300000, 0x0000000087300000| Untracked 
|  44|0x0000000087400000, 0x0000000087400000, 0x0000000087500000|  0%| F|  |TAMS 0x0000000087400000, 0x0000000087400000| Untracked 
|  45|0x0000000087500000, 0x0000000087500000, 0x0000000087600000|  0%| F|  |TAMS 0x0000000087500000, 0x0000000087500000| Untracked 
|  46|0x0000000087600000, 0x0000000087600000, 0x0000000087700000|  0%| F|  |TAMS 0x0000000087600000, 0x0000000087600000| Untracked 
|  47|0x0000000087700000, 0x0000000087700000, 0x0000000087800000|  0%| F|  |TAMS 0x0000000087700000, 0x0000000087700000| Untracked 
|  48|0x0000000087800000, 0x0000000087800000, 0x0000000087900000|  0%| F|  |TAMS 0x0000000087800000, 0x0000000087800000| Untracked 
|  49|0x0000000087900000, 0x0000000087900000, 0x0000000087a00000|  0%| F|  |TAMS 0x0000000087900000, 0x0000000087900000| Untracked 
|  50|0x0000000087a00000, 0x0000000087a00000, 0x0000000087b00000|  0%| F|  |TAMS 0x0000000087a00000, 0x0000000087a00000| Untracked 
|  51|0x0000000087b00000, 0x0000000087b00000, 0x0000000087c00000|  0%| F|  |TAMS 0x0000000087b00000, 0x0000000087b00000| Untracked 
|  52|0x0000000087c00000, 0x0000000087c00000, 0x0000000087d00000|  0%| F|  |TAMS 0x0000000087c00000, 0x0000000087c00000| Untracked 
|  53|0x0000000087d00000, 0x0000000087d00000, 0x0000000087e00000|  0%| F|  |TAMS 0x0000000087d00000, 0x0000000087d00000| Untracked 
|  54|0x0000000087e00000, 0x0000000087e00000, 0x0000000087f00000|  0%| F|  |TAMS 0x0000000087e00000, 0x0000000087e00000| Untracked 
|  55|0x0000000087f00000, 0x0000000087f00000, 0x0000000088000000|  0%| F|  |TAMS 0x0000000087f00000, 0x0000000087f00000| Untracked 
|  56|0x0000000088000000, 0x0000000088000000, 0x0000000088100000|  0%| F|  |TAMS 0x0000000088000000, 0x0000000088000000| Untracked 
|  57|0x0000000088100000, 0x0000000088180800, 0x0000000088200000| 50%| E|  |TAMS 0x0000000088100000, 0x0000000088100000| Complete 
|  58|0x0000000088200000, 0x0000000088300000, 0x0000000088300000|100%| E|CS|TAMS 0x0000000088200000, 0x0000000088200000| Complete 
|  59|0x0000000088300000, 0x0000000088400000, 0x0000000088400000|100%| E|CS|TAMS 0x0000000088300000, 0x0000000088300000| Complete 
|  60|0x0000000088400000, 0x0000000088500000, 0x0000000088500000|100%| E|CS|TAMS 0x0000000088400000, 0x0000000088400000| Complete 
|  61|0x0000000088500000, 0x0000000088600000, 0x0000000088600000|100%| E|CS|TAMS 0x0000000088500000, 0x0000000088500000| Complete 
|  62|0x0000000088600000, 0x0000000088700000, 0x0000000088700000|100%| E|CS|TAMS 0x0000000088600000, 0x0000000088600000| Complete 
|  63|0x0000000088700000, 0x0000000088800000, 0x0000000088800000|100%| E|CS|TAMS 0x0000000088700000, 0x0000000088700000| Complete 
|  64|0x0000000088800000, 0x0000000088900000, 0x0000000088900000|100%| E|CS|TAMS 0x0000000088800000, 0x0000000088800000| Complete 
|  65|0x0000000088900000, 0x0000000088a00000, 0x0000000088a00000|100%| E|CS|TAMS 0x0000000088900000, 0x0000000088900000| Complete 
|  66|0x0000000088a00000, 0x0000000088b00000, 0x0000000088b00000|100%| E|CS|TAMS 0x0000000088a00000, 0x0000000088a00000| Complete 
|  67|0x0000000088b00000, 0x0000000088c00000, 0x0000000088c00000|100%| E|CS|TAMS 0x0000000088b00000, 0x0000000088b00000| Complete 
|  68|0x0000000088c00000, 0x0000000088d00000, 0x0000000088d00000|100%| E|CS|TAMS 0x0000000088c00000, 0x0000000088c00000| Complete 
|  69|0x0000000088d00000, 0x0000000088e00000, 0x0000000088e00000|100%| E|CS|TAMS 0x0000000088d00000, 0x0000000088d00000| Complete 
|  70|0x0000000088e00000, 0x0000000088f00000, 0x0000000088f00000|100%| E|CS|TAMS 0x0000000088e00000, 0x0000000088e00000| Complete 
|  71|0x0000000088f00000, 0x0000000089000000, 0x0000000089000000|100%| E|CS|TAMS 0x0000000088f00000, 0x0000000088f00000| Complete 
|  72|0x0000000089000000, 0x0000000089100000, 0x0000000089100000|100%| E|CS|TAMS 0x0000000089000000, 0x0000000089000000| Complete 
|  73|0x0000000089100000, 0x0000000089200000, 0x0000000089200000|100%| E|CS|TAMS 0x0000000089100000, 0x0000000089100000| Complete 
|  74|0x0000000089200000, 0x0000000089300000, 0x0000000089300000|100%| E|CS|TAMS 0x0000000089200000, 0x0000000089200000| Complete 
|  75|0x0000000089300000, 0x0000000089400000, 0x0000000089400000|100%| E|CS|TAMS 0x0000000089300000, 0x0000000089300000| Complete 
|  76|0x0000000089400000, 0x0000000089500000, 0x0000000089500000|100%| E|CS|TAMS 0x0000000089400000, 0x0000000089400000| Complete 
|  77|0x0000000089500000, 0x0000000089600000, 0x0000000089600000|100%| E|CS|TAMS 0x0000000089500000, 0x0000000089500000| Complete 
|  78|0x0000000089600000, 0x0000000089700000, 0x0000000089700000|100%| E|CS|TAMS 0x0000000089600000, 0x0000000089600000| Complete 
|  79|0x0000000089700000, 0x0000000089800000, 0x0000000089800000|100%| E|CS|TAMS 0x0000000089700000, 0x0000000089700000| Complete 
|  80|0x0000000089800000, 0x0000000089900000, 0x0000000089900000|100%| E|CS|TAMS 0x0000000089800000, 0x0000000089800000| Complete 
|  81|0x0000000089900000, 0x0000000089a00000, 0x0000000089a00000|100%| E|CS|TAMS 0x0000000089900000, 0x0000000089900000| Complete 
|  82|0x0000000089a00000, 0x0000000089b00000, 0x0000000089b00000|100%| E|CS|TAMS 0x0000000089a00000, 0x0000000089a00000| Complete 
|  83|0x0000000089b00000, 0x0000000089c00000, 0x0000000089c00000|100%| E|CS|TAMS 0x0000000089b00000, 0x0000000089b00000| Complete 
|  84|0x0000000089c00000, 0x0000000089d00000, 0x0000000089d00000|100%| E|CS|TAMS 0x0000000089c00000, 0x0000000089c00000| Complete 
|  85|0x0000000089d00000, 0x0000000089e00000, 0x0000000089e00000|100%| E|CS|TAMS 0x0000000089d00000, 0x0000000089d00000| Complete 
|  86|0x0000000089e00000, 0x0000000089f00000, 0x0000000089f00000|100%| E|CS|TAMS 0x0000000089e00000, 0x0000000089e00000| Complete 
|  87|0x0000000089f00000, 0x000000008a000000, 0x000000008a000000|100%| E|CS|TAMS 0x0000000089f00000, 0x0000000089f00000| Complete 
|  88|0x000000008a000000, 0x000000008a100000, 0x000000008a100000|100%| S|CS|TAMS 0x000000008a000000, 0x000000008a000000| Complete 
|  89|0x000000008a100000, 0x000000008a200000, 0x000000008a200000|100%| S|CS|TAMS 0x000000008a100000, 0x000000008a100000| Complete 
|  90|0x000000008a200000, 0x000000008a300000, 0x000000008a300000|100%| E|CS|TAMS 0x000000008a200000, 0x000000008a200000| Complete 
|  91|0x000000008a300000, 0x000000008a400000, 0x000000008a400000|100%| E|CS|TAMS 0x000000008a300000, 0x000000008a300000| Complete 
|  92|0x000000008a400000, 0x000000008a500000, 0x000000008a500000|100%| E|CS|TAMS 0x000000008a400000, 0x000000008a400000| Complete 
|  93|0x000000008a500000, 0x000000008a600000, 0x000000008a600000|100%| E|CS|TAMS 0x000000008a500000, 0x000000008a500000| Complete 
|  94|0x000000008a600000, 0x000000008a700000, 0x000000008a700000|100%| E|CS|TAMS 0x000000008a600000, 0x000000008a600000| Complete 
|  95|0x000000008a700000, 0x000000008a800000, 0x000000008a800000|100%| E|CS|TAMS 0x000000008a700000, 0x000000008a700000| Complete 
|  96|0x000000008a800000, 0x000000008a900000, 0x000000008a900000|100%| E|CS|TAMS 0x000000008a800000, 0x000000008a800000| Complete 
|  97|0x000000008a900000, 0x000000008aa00000, 0x000000008aa00000|100%| E|CS|TAMS 0x000000008a900000, 0x000000008a900000| Complete 
|  98|0x000000008aa00000, 0x000000008ab00000, 0x000000008ab00000|100%| E|CS|TAMS 0x000000008aa00000, 0x000000008aa00000| Complete 
|  99|0x000000008ab00000, 0x000000008ac00000, 0x000000008ac00000|100%| E|CS|TAMS 0x000000008ab00000, 0x000000008ab00000| Complete 
| 100|0x000000008ac00000, 0x000000008ad00000, 0x000000008ad00000|100%| E|CS|TAMS 0x000000008ac00000, 0x000000008ac00000| Complete 
| 101|0x000000008ad00000, 0x000000008ae00000, 0x000000008ae00000|100%| E|CS|TAMS 0x000000008ad00000, 0x000000008ad00000| Complete 
| 102|0x000000008ae00000, 0x000000008af00000, 0x000000008af00000|100%| E|CS|TAMS 0x000000008ae00000, 0x000000008ae00000| Complete 
| 103|0x000000008af00000, 0x000000008b000000, 0x000000008b000000|100%| E|CS|TAMS 0x000000008af00000, 0x000000008af00000| Complete 
| 104|0x000000008b000000, 0x000000008b100000, 0x000000008b100000|100%| E|CS|TAMS 0x000000008b000000, 0x000000008b000000| Complete 
| 105|0x000000008b100000, 0x000000008b200000, 0x000000008b200000|100%| E|CS|TAMS 0x000000008b100000, 0x000000008b100000| Complete 
| 106|0x000000008b200000, 0x000000008b300000, 0x000000008b300000|100%| E|CS|TAMS 0x000000008b200000, 0x000000008b200000| Complete 
| 107|0x000000008b300000, 0x000000008b400000, 0x000000008b400000|100%| E|CS|TAMS 0x000000008b300000, 0x000000008b300000| Complete 
| 108|0x000000008b400000, 0x000000008b500000, 0x000000008b500000|100%| E|CS|TAMS 0x000000008b400000, 0x000000008b400000| Complete 
| 109|0x000000008b500000, 0x000000008b600000, 0x000000008b600000|100%| E|CS|TAMS 0x000000008b500000, 0x000000008b500000| Complete 
| 110|0x000000008b600000, 0x000000008b700000, 0x000000008b700000|100%| E|CS|TAMS 0x000000008b600000, 0x000000008b600000| Complete 
| 111|0x000000008b700000, 0x000000008b800000, 0x000000008b800000|100%| E|CS|TAMS 0x000000008b700000, 0x000000008b700000| Complete 
| 112|0x000000008b800000, 0x000000008b900000, 0x000000008b900000|100%| E|CS|TAMS 0x000000008b800000, 0x000000008b800000| Complete 
| 113|0x000000008b900000, 0x000000008ba00000, 0x000000008ba00000|100%| E|CS|TAMS 0x000000008b900000, 0x000000008b900000| Complete 
| 114|0x000000008ba00000, 0x000000008bb00000, 0x000000008bb00000|100%| E|CS|TAMS 0x000000008ba00000, 0x000000008ba00000| Complete 
| 115|0x000000008bb00000, 0x000000008bc00000, 0x000000008bc00000|100%| E|CS|TAMS 0x000000008bb00000, 0x000000008bb00000| Complete 
| 116|0x000000008bc00000, 0x000000008bd00000, 0x000000008bd00000|100%| E|CS|TAMS 0x000000008bc00000, 0x000000008bc00000| Complete 
| 117|0x000000008bd00000, 0x000000008be00000, 0x000000008be00000|100%| E|CS|TAMS 0x000000008bd00000, 0x000000008bd00000| Complete 
| 118|0x000000008be00000, 0x000000008bf00000, 0x000000008bf00000|100%| E|CS|TAMS 0x000000008be00000, 0x000000008be00000| Complete 
| 119|0x000000008bf00000, 0x000000008c000000, 0x000000008c000000|100%| E|CS|TAMS 0x000000008bf00000, 0x000000008bf00000| Complete 
| 120|0x000000008c000000, 0x000000008c100000, 0x000000008c100000|100%| E|CS|TAMS 0x000000008c000000, 0x000000008c000000| Complete 
| 121|0x000000008c100000, 0x000000008c200000, 0x000000008c200000|100%| E|CS|TAMS 0x000000008c100000, 0x000000008c100000| Complete 
| 122|0x000000008c200000, 0x000000008c300000, 0x000000008c300000|100%| E|CS|TAMS 0x000000008c200000, 0x000000008c200000| Complete 
| 123|0x000000008c300000, 0x000000008c400000, 0x000000008c400000|100%| E|CS|TAMS 0x000000008c300000, 0x000000008c300000| Complete 

Card table byte_map: [0x000002277b660000,0x000002277ba40000] _byte_map_base: 0x000002277b23c000

Marking Bits (Prev, Next): (CMBitMap*) 0x0000022773513820, (CMBitMap*) 0x0000022773513860
 Prev Bits: [0x000002277be20000, 0x000002277dd00000)
 Next Bits: [0x000002277dd00000, 0x000002277fbe0000)

Polling page: 0x0000022771460000

Metaspace:

Usage:
  Non-class:     13.21 MB used.
      Class:      1.78 MB used.
       Both:     14.99 MB used.

Virtual space:
  Non-class space:       16.00 MB reserved,      13.31 MB ( 83%) committed,  2 nodes.
      Class space:        1.00 GB reserved,       1.88 MB ( <1%) committed,  1 nodes.
             Both:        1.02 GB reserved,      15.19 MB (  1%) committed. 

Chunk freelists:
   Non-Class:  2.03 MB
       Class:  1.97 MB
        Both:  4.00 MB

MaxMetaspaceSize: unlimited
CompressedClassSpaceSize: 1.00 GB
Initial GC threshold: 21.00 MB
Current GC threshold: 21.00 MB
CDS: on
MetaspaceReclaimPolicy: balanced
 - commit_granule_bytes: 65536.
 - commit_granule_words: 8192.
 - virtual_space_node_default_size: 1048576.
 - enlarge_chunks_in_place: 1.
 - new_chunks_are_fully_committed: 0.
 - uncommit_free_chunks: 1.
 - use_allocation_guard: 0.
 - handle_deallocations: 1.


Internal statistics:

num_allocs_failed_limit: 0.
num_arena_births: 90.
num_arena_deaths: 0.
num_vsnodes_births: 3.
num_vsnodes_deaths: 0.
num_space_committed: 243.
num_space_uncommitted: 0.
num_chunks_returned_to_freelist: 0.
num_chunks_taken_from_freelist: 612.
num_chunk_merges: 0.
num_chunk_splits: 429.
num_chunks_enlarged: 349.
num_purges: 0.
num_inconsistent_stats: 0.

CodeHeap 'non-profiled nmethods': size=120000Kb used=1654Kb max_used=1654Kb free=118345Kb
 bounds [0x0000022707ad0000, 0x0000022707d40000, 0x000002270f000000]
CodeHeap 'profiled nmethods': size=120000Kb used=7025Kb max_used=7025Kb free=112974Kb
 bounds [0x0000022700000000, 0x00000227006e0000, 0x0000022707530000]
CodeHeap 'non-nmethods': size=5760Kb used=1177Kb max_used=1219Kb free=4582Kb
 bounds [0x0000022707530000, 0x00000227077a0000, 0x0000022707ad0000]
 total_blobs=3955 nmethods=3489 adapters=378
 compilation: enabled
              stopped_count=0, restarted_count=0
 full_count=0

Compilation events (20 events):
Event: 1.483 Thread 0x0000022711944f10 3464       3       org.eclipse.aether.internal.impl.DefaultRemoteRepositoryManager::getKey (5 bytes)
Event: 1.483 Thread 0x0000022711944f10 nmethod 3464 0x00000227006c3210 code [0x00000227006c33a0, 0x00000227006c34d8]
Event: 1.483 Thread 0x0000022711944f10 3465       3       org.apache.maven.model.Model::getContributors (23 bytes)
Event: 1.484 Thread 0x0000022711944f10 nmethod 3465 0x00000227006c3590 code [0x00000227006c3760, 0x00000227006c3b58]
Event: 1.484 Thread 0x0000022711944f10 3467       3       java.util.Collections$SingletonList::iterator (8 bytes)
Event: 1.484 Thread 0x0000022711944f10 nmethod 3467 0x00000227006c3c90 code [0x00000227006c3e40, 0x00000227006c4118]
Event: 1.484 Thread 0x0000022711944f10 3468       3       org.apache.maven.model.validation.DefaultModelValidator::validateEffectiveDependencies (290 bytes)
Event: 1.485 Thread 0x0000022711944f10 nmethod 3468 0x00000227006c4210 code [0x00000227006c45c0, 0x00000227006c6668]
Event: 1.485 Thread 0x0000022711944f10 3470       3       org.apache.maven.repository.internal.ArtifactDescriptorReaderDelegate::convert (205 bytes)
Event: 1.486 Thread 0x0000022711944f10 nmethod 3470 0x00000227006c6d10 code [0x00000227006c70e0, 0x00000227006c8e98]
Event: 1.486 Thread 0x0000022711944f10 3471       3       org.eclipse.aether.graph.Dependency::<init> (13 bytes)
Event: 1.486 Thread 0x0000022711944f10 nmethod 3471 0x00000227006c9810 code [0x00000227006c99e0, 0x00000227006c9e08]
Event: 1.486 Thread 0x0000022711944f10 3472       3       org.eclipse.aether.graph.Dependency$Exclusions::copy (26 bytes)
Event: 1.486 Thread 0x0000022711944f10 nmethod 3472 0x00000227006c9f90 code [0x00000227006ca160, 0x00000227006ca4b8]
Event: 1.486 Thread 0x0000022711944f10 3469       3       java.util.regex.Pattern$BranchConn::match (11 bytes)
Event: 1.486 Thread 0x0000022711944f10 nmethod 3469 0x00000227006ca610 code [0x00000227006ca7c0, 0x00000227006ca988]
Event: 1.486 Thread 0x0000022711944f10 3473       3       java.util.zip.ZipFile$ZipFileInflaterInputStream::available (44 bytes)
Event: 1.487 Thread 0x0000022711944f10 nmethod 3473 0x00000227006caa90 code [0x00000227006cac60, 0x00000227006cafe8]
Event: 1.487 Thread 0x0000022711944f10 3474   !   3       java.util.zip.Inflater::getBytesWritten (23 bytes)
Event: 1.487 Thread 0x0000022711944f10 nmethod 3474 0x00000227006cb110 code [0x00000227006cb2c0, 0x00000227006cb4e8]

GC Heap History (4 events):
Event: 0.404 GC heap before
{Heap before GC invocations=0 (full 0):
 garbage-first heap   total 126976K, used 22528K [0x0000000084800000, 0x0000000100000000)
  region size 1024K, 23 young (23552K), 0 survivors (0K)
 Metaspace       used 5531K, committed 5760K, reserved 1056768K
  class space    used 658K, committed 768K, reserved 1048576K
}
Event: 0.408 GC heap after
{Heap after GC invocations=1 (full 0):
 garbage-first heap   total 126976K, used 3800K [0x0000000084800000, 0x0000000100000000)
  region size 1024K, 3 young (3072K), 3 survivors (3072K)
 Metaspace       used 5531K, committed 5760K, reserved 1056768K
  class space    used 658K, committed 768K, reserved 1048576K
}
Event: 0.761 GC heap before
{Heap before GC invocations=1 (full 0):
 garbage-first heap   total 126976K, used 35544K [0x0000000084800000, 0x0000000100000000)
  region size 1024K, 34 young (34816K), 3 survivors (3072K)
 Metaspace       used 10068K, committed 10176K, reserved 1064960K
  class space    used 1222K, committed 1280K, reserved 1048576K
}
Event: 0.766 GC heap after
{Heap after GC invocations=2 (full 0):
 garbage-first heap   total 126976K, used 5814K [0x0000000084800000, 0x0000000100000000)
  region size 1024K, 2 young (2048K), 2 survivors (2048K)
 Metaspace       used 10068K, committed 10176K, reserved 1064960K
  class space    used 1222K, committed 1280K, reserved 1048576K
}

Deoptimization events (20 events):
Event: 1.400 Thread 0x00000227734b8eb0 DEOPT PACKING pc=0x0000022707bd5ce0 sp=0x00000048d8bfd440
Event: 1.400 Thread 0x00000227734b8eb0 DEOPT UNPACKING pc=0x00000227075823a3 sp=0x00000048d8bfd3d8 mode 2
Event: 1.400 Thread 0x00000227734b8eb0 Uncommon trap: trap_request=0xffffff45 fr.pc=0x0000022707c0ffc8 relative=0x0000000000000308
Event: 1.400 Thread 0x00000227734b8eb0 Uncommon trap: reason=unstable_if action=reinterpret pc=0x0000022707c0ffc8 method=org.codehaus.plexus.util.xml.pull.MXParser.isValidCodePoint(I)Z @ 15 c2
Event: 1.400 Thread 0x00000227734b8eb0 DEOPT PACKING pc=0x0000022707c0ffc8 sp=0x00000048d8bfd4b0
Event: 1.400 Thread 0x00000227734b8eb0 DEOPT UNPACKING pc=0x00000227075823a3 sp=0x00000048d8bfd3e0 mode 2
Event: 1.403 Thread 0x00000227734b8eb0 Uncommon trap: trap_request=0xffffff45 fr.pc=0x0000022707c07734 relative=0x0000000000000a94
Event: 1.403 Thread 0x00000227734b8eb0 Uncommon trap: reason=unstable_if action=reinterpret pc=0x0000022707c07734 method=org.codehaus.plexus.util.xml.pull.MXParser.nextImpl()I @ 973 c2
Event: 1.403 Thread 0x00000227734b8eb0 DEOPT PACKING pc=0x0000022707c07734 sp=0x00000048d8bfd320
Event: 1.403 Thread 0x00000227734b8eb0 DEOPT UNPACKING pc=0x00000227075823a3 sp=0x00000048d8bfd2a8 mode 2
Event: 1.406 Thread 0x00000227734b8eb0 DEOPT PACKING pc=0x0000022700540484 sp=0x00000048d8bfcd00
Event: 1.406 Thread 0x00000227734b8eb0 DEOPT UNPACKING pc=0x0000022707582b43 sp=0x00000048d8bfc258 mode 0
Event: 1.446 Thread 0x00000227734b8eb0 Uncommon trap: trap_request=0xffffffcc fr.pc=0x0000022707c6618c relative=0x00000000000001ec
Event: 1.446 Thread 0x00000227734b8eb0 Uncommon trap: reason=intrinsic_or_type_checked_inlining action=make_not_entrant pc=0x0000022707c6618c method=java.util.Arrays.copyOf([Ljava/lang/Object;ILjava/lang/Class;)[Ljava/lang/Object; @ 35 c2
Event: 1.446 Thread 0x00000227734b8eb0 DEOPT PACKING pc=0x0000022707c6618c sp=0x00000048d8bfd810
Event: 1.446 Thread 0x00000227734b8eb0 DEOPT UNPACKING pc=0x00000227075823a3 sp=0x00000048d8bfd7a0 mode 2
Event: 1.461 Thread 0x00000227734b8eb0 Uncommon trap: trap_request=0xffffffdc fr.pc=0x0000022707c69098 relative=0x00000000000002f8
Event: 1.461 Thread 0x00000227734b8eb0 Uncommon trap: reason=class_check action=make_not_entrant pc=0x0000022707c69098 method=java.util.ArrayList.toArray([Ljava/lang/Object;)[Ljava/lang/Object; @ 21 c2
Event: 1.461 Thread 0x00000227734b8eb0 DEOPT PACKING pc=0x0000022707c69098 sp=0x00000048d8bfd9e0
Event: 1.461 Thread 0x00000227734b8eb0 DEOPT UNPACKING pc=0x00000227075823a3 sp=0x00000048d8bfd930 mode 2

Classes unloaded (0 events):
No events

Classes redefined (0 events):
No events

Internal exceptions (20 events):
Event: 0.276 Thread 0x00000227734b8eb0 Exception <a 'java/lang/NoSuchMethodError'{0x000000008b68bed0}: 'void java.lang.invoke.DirectMethodHandle$Holder.invokeSpecial(java.lang.Object, java.lang.Object, java.lang.Object)'> (0x000000008b68bed0) 
thrown [s\open\src\hotspot\share\interpreter\linkResolver.cpp, line 759]
Event: 0.308 Thread 0x00000227734b8eb0 Exception <a 'java/lang/NoSuchMethodError'{0x000000008b5ecb68}: 'java.lang.Object java.lang.invoke.DirectMethodHandle$Holder.invokeInterface(java.lang.Object, java.lang.Object)'> (0x000000008b5ecb68) 
thrown [s\open\src\hotspot\share\interpreter\linkResolver.cpp, line 759]
Event: 0.319 Thread 0x00000227734b8eb0 Exception <a 'java/lang/NoSuchMethodError'{0x000000008b496c40}: 'java.lang.Object java.lang.invoke.Invokers$Holder.invokeExact_MT(java.lang.Object, java.lang.Object, java.lang.Object, java.lang.Object, java.lang.Object, java.lang.Object)'> (0x000000008b496c40) 
thrown [s\open\src\hotspot\share\interpreter\linkResolver.cpp, line 759]
Event: 0.320 Thread 0x00000227734b8eb0 Exception <a 'java/lang/NoSuchMethodError'{0x000000008b4a8100}: 'int java.lang.invoke.DirectMethodHandle$Holder.invokeSpecialIFC(java.lang.Object, java.lang.Object, java.lang.Object, java.lang.Object, java.lang.Object)'> (0x000000008b4a8100) 
thrown [s\open\src\hotspot\share\interpreter\linkResolver.cpp, line 759]
Event: 0.348 Thread 0x00000227734b8eb0 Exception <a 'java/lang/NoSuchMethodError'{0x000000008b24cc10}: 'java.lang.Object java.lang.invoke.DirectMethodHandle$Holder.newInvokeSpecial(java.lang.Object, java.lang.Object, java.lang.Object, java.lang.Object, java.lang.Object)'> (0x000000008b24cc10) 
thrown [s\open\src\hotspot\share\interpreter\linkResolver.cpp, line 759]
Event: 0.364 Thread 0x00000227734b8eb0 Exception <a 'java/lang/NoSuchMethodError'{0x000000008b152860}: 'int java.lang.invoke.DirectMethodHandle$Holder.invokeStaticInit(java.lang.Object, java.lang.Object)'> (0x000000008b152860) 
thrown [s\open\src\hotspot\share\interpreter\linkResolver.cpp, line 759]
Event: 0.370 Thread 0x00000227734b8eb0 Exception <a 'java/lang/NoClassDefFoundError'{0x000000008b18b698}: javax/enterprise/inject/Typed> (0x000000008b18b698) 
thrown [s\open\src\hotspot\share\classfile\systemDictionary.cpp, line 245]
Event: 0.812 Thread 0x00000227734b8eb0 Exception <a 'java/lang/NoSuchMethodError'{0x000000008c1b4798}: 'void java.lang.invoke.DirectMethodHandle$Holder.invokeStaticInit(java.lang.Object, java.lang.Object, java.lang.Object)'> (0x000000008c1b4798) 
thrown [s\open\src\hotspot\share\interpreter\linkResolver.cpp, line 759]
Event: 0.818 Thread 0x00000227734b8eb0 Exception <a 'java/lang/ExceptionInInitializerError'{0x000000008c1dfcf8}> (0x000000008c1dfcf8) 
thrown [s\open\src\hotspot\share\oops\instanceKlass.cpp, line 1166]
Event: 0.843 Thread 0x00000227734b8eb0 Implicit null exception at 0x0000022707b590af to 0x0000022707b5920c
Event: 0.844 Thread 0x00000227734b8eb0 Exception <a 'java/lang/NoSuchMethodError'{0x000000008c0ee030}: 'java.lang.Object java.lang.invoke.Invokers$Holder.invokeExact_MT(java.lang.Object, int, java.lang.Object)'> (0x000000008c0ee030) 
thrown [s\open\src\hotspot\share\interpreter\linkResolver.cpp, line 759]
Event: 0.853 Thread 0x00000227734b8eb0 Exception <a 'java/lang/NoSuchMethodError'{0x000000008bf6c190}: 'int java.lang.invoke.DirectMethodHandle$Holder.invokeSpecial(java.lang.Object, java.lang.Object, java.lang.Object, java.lang.Object)'> (0x000000008bf6c190) 
thrown [s\open\src\hotspot\share\interpreter\linkResolver.cpp, line 759]
Event: 0.991 Thread 0x00000227734b8eb0 Exception <a 'java/lang/NoClassDefFoundError'{0x000000008b7813c8}: com/google/inject/servlet/ServletModuleTargetVisitor> (0x000000008b7813c8) 
thrown [s\open\src\hotspot\share\classfile\systemDictionary.cpp, line 245]
Event: 1.029 Thread 0x00000227734b8eb0 Exception <a 'java/lang/NoSuchMethodError'{0x000000008b514348}: 'void java.lang.invoke.DirectMethodHandle$Holder.invokeVirtual(java.lang.Object, java.lang.Object)'> (0x000000008b514348) 
thrown [s\open\src\hotspot\share\interpreter\linkResolver.cpp, line 759]
Event: 1.040 Thread 0x00000227734b8eb0 Exception <a 'java/lang/NoSuchMethodError'{0x000000008b58c0b8}: 'java.lang.Object java.lang.invoke.DirectMethodHandle$Holder.invokeStaticInit(java.lang.Object, int, int, int, int)'> (0x000000008b58c0b8) 
thrown [s\open\src\hotspot\share\interpreter\linkResolver.cpp, line 759]
Event: 1.100 Thread 0x00000227734b8eb0 Implicit null exception at 0x0000022707af6972 to 0x0000022707af6f44
Event: 1.100 Thread 0x00000227734b8eb0 Implicit null exception at 0x0000022707af7f72 to 0x0000022707af8554
Event: 1.133 Thread 0x00000227734b8eb0 Exception <a 'java/lang/NoSuchMethodError'{0x000000008af7e680}: 'void java.lang.invoke.DirectMethodHandle$Holder.invokeSpecial(java.lang.Object, java.lang.Object, java.lang.Object, java.lang.Object, java.lang.Object)'> (0x000000008af7e680) 
thrown [s\open\src\hotspot\share\interpreter\linkResolver.cpp, line 759]
Event: 1.135 Thread 0x00000227734b8eb0 Exception <a 'java/lang/NoSuchMethodError'{0x000000008af9c1c8}: 'java.lang.Object java.lang.invoke.DirectMethodHandle$Holder.invokeVirtual(java.lang.Object, java.lang.Object, java.lang.Object)'> (0x000000008af9c1c8) 
thrown [s\open\src\hotspot\share\interpreter\linkResolver.cpp, line 759]
Event: 1.136 Thread 0x00000227734b8eb0 Exception <a 'java/lang/NoSuchMethodError'{0x000000008afab440}: 'void java.lang.invoke.DirectMethodHandle$Holder.invokeSpecial(java.lang.Object, java.lang.Object, java.lang.Object, java.lang.Object, java.lang.Object, java.lang.Object)'> (0x000000008afab440) 
thrown [s\open\src\hotspot\share\interpreter\linkResolver.cpp, line 759]

VM Operations (20 events):
Event: 0.906 Executing VM operation: HandshakeAllThreads
Event: 0.906 Executing VM operation: HandshakeAllThreads done
Event: 0.981 Executing VM operation: HandshakeAllThreads
Event: 0.981 Executing VM operation: HandshakeAllThreads done
Event: 0.992 Executing VM operation: ICBufferFull
Event: 0.992 Executing VM operation: ICBufferFull done
Event: 1.034 Executing VM operation: HandshakeAllThreads
Event: 1.034 Executing VM operation: HandshakeAllThreads done
Event: 1.047 Executing VM operation: HandshakeAllThreads
Event: 1.047 Executing VM operation: HandshakeAllThreads done
Event: 1.085 Executing VM operation: HandshakeAllThreads
Event: 1.085 Executing VM operation: HandshakeAllThreads done
Event: 1.086 Executing VM operation: HandshakeAllThreads
Event: 1.086 Executing VM operation: HandshakeAllThreads done
Event: 1.189 Executing VM operation: ICBufferFull
Event: 1.189 Executing VM operation: ICBufferFull done
Event: 1.362 Executing VM operation: HandshakeAllThreads
Event: 1.362 Executing VM operation: HandshakeAllThreads done
Event: 1.388 Executing VM operation: ICBufferFull
Event: 1.388 Executing VM operation: ICBufferFull done

Events (20 events):
Event: 1.147 loading class java/util/spi/ResourceBundleProvider
Event: 1.147 loading class java/util/spi/ResourceBundleProvider done
Event: 1.147 loading class sun/util/resources/LocaleData$LocaleDataResourceBundleProvider done
Event: 1.147 loading class sun/util/resources/LocaleData$CommonResourceBundleProvider done
Event: 1.147 loading class sun/util/resources/Bundles$2
Event: 1.147 loading class sun/util/resources/Bundles$2 done
Event: 1.163 loading class java/lang/Short$ShortCache
Event: 1.163 loading class java/lang/Short$ShortCache done
Event: 1.163 loading class java/lang/Byte$ByteCache
Event: 1.163 loading class java/lang/Byte$ByteCache done
Event: 1.341 loading class java/util/stream/MatchOps$MatchKind
Event: 1.341 loading class java/util/stream/MatchOps$MatchKind done
Event: 1.341 loading class java/util/stream/MatchOps
Event: 1.341 loading class java/util/stream/MatchOps done
Event: 1.341 loading class java/util/stream/MatchOps$MatchOp
Event: 1.341 loading class java/util/stream/MatchOps$MatchOp done
Event: 1.341 loading class java/util/stream/MatchOps$BooleanTerminalSink
Event: 1.341 loading class java/util/stream/MatchOps$BooleanTerminalSink done
Event: 1.341 loading class java/util/stream/MatchOps$1MatchSink
Event: 1.341 loading class java/util/stream/MatchOps$1MatchSink done


Dynamic libraries:
0x00007ff6d8650000 - 0x00007ff6d8660000 	C:\Program Files\Java\jdk-17\bin\java.exe
0x00007ffae9250000 - 0x00007ffae9467000 	C:\WINDOWS\SYSTEM32\ntdll.dll
0x00007ffae8740000 - 0x00007ffae8804000 	C:\WINDOWS\System32\KERNEL32.DLL
0x00007ffae68a0000 - 0x00007ffae6c70000 	C:\WINDOWS\System32\KERNELBASE.dll
0x00007ffae6780000 - 0x00007ffae6891000 	C:\WINDOWS\System32\ucrtbase.dll
0x00007ffabdf30000 - 0x00007ffabdf48000 	C:\Program Files\Java\jdk-17\bin\jli.dll
0x00007ffaba180000 - 0x00007ffaba19b000 	C:\Program Files\Java\jdk-17\bin\VCRUNTIME140.dll
0x00007ffae9110000 - 0x00007ffae91c1000 	C:\WINDOWS\System32\ADVAPI32.dll
0x00007ffae72f0000 - 0x00007ffae7397000 	C:\WINDOWS\System32\msvcrt.dll
0x00007ffae6f40000 - 0x00007ffae6fe7000 	C:\WINDOWS\System32\sechost.dll
0x00007ffae6c70000 - 0x00007ffae6c98000 	C:\WINDOWS\System32\bcrypt.dll
0x00007ffae73a0000 - 0x00007ffae74b4000 	C:\WINDOWS\System32\RPCRT4.dll
0x00007ffae8820000 - 0x00007ffae89ce000 	C:\WINDOWS\System32\USER32.dll
0x00007ffae6f10000 - 0x00007ffae6f36000 	C:\WINDOWS\System32\win32u.dll
0x00007ffacf9d0000 - 0x00007ffacfc62000 	C:\WINDOWS\WinSxS\amd64_microsoft.windows.common-controls_6595b64144ccf1df_6.0.22621.4830_none_270fe7d773858e80\COMCTL32.dll
0x00007ffae90e0000 - 0x00007ffae9109000 	C:\WINDOWS\System32\GDI32.dll
0x00007ffae6500000 - 0x00007ffae661b000 	C:\WINDOWS\System32\gdi32full.dll
0x00007ffae66e0000 - 0x00007ffae677a000 	C:\WINDOWS\System32\msvcp_win.dll
0x00007ffacbb30000 - 0x00007ffacbb3a000 	C:\WINDOWS\SYSTEM32\VERSION.dll
0x00007ffae91d0000 - 0x00007ffae9201000 	C:\WINDOWS\System32\IMM32.DLL
0x00007ffada1f0000 - 0x00007ffada1fc000 	C:\Program Files\Java\jdk-17\bin\vcruntime140_1.dll
0x00007ffaa9d20000 - 0x00007ffaa9dae000 	C:\Program Files\Java\jdk-17\bin\msvcp140.dll
0x00007ffa86cc0000 - 0x00007ffa87897000 	C:\Program Files\Java\jdk-17\bin\server\jvm.dll
0x00007ffae7510000 - 0x00007ffae7518000 	C:\WINDOWS\System32\PSAPI.DLL
0x00007ffae1510000 - 0x00007ffae1544000 	C:\WINDOWS\SYSTEM32\WINMM.dll
0x00007ffac2080000 - 0x00007ffac2089000 	C:\WINDOWS\SYSTEM32\WSOCK32.dll
0x00007ffae8b50000 - 0x00007ffae8bc1000 	C:\WINDOWS\System32\WS2_32.dll
0x00007ffae5540000 - 0x00007ffae5558000 	C:\WINDOWS\SYSTEM32\kernel.appcore.dll
0x00007ffad89f0000 - 0x00007ffad89fa000 	C:\Program Files\Java\jdk-17\bin\jimage.dll
0x00007ffae3d10000 - 0x00007ffae3f42000 	C:\WINDOWS\SYSTEM32\DBGHELP.DLL
0x00007ffae7a80000 - 0x00007ffae7e10000 	C:\WINDOWS\System32\combase.dll
0x00007ffae7890000 - 0x00007ffae7967000 	C:\WINDOWS\System32\OLEAUT32.dll
0x00007ffacc3b0000 - 0x00007ffacc3e2000 	C:\WINDOWS\SYSTEM32\dbgcore.DLL
0x00007ffae6e90000 - 0x00007ffae6f0b000 	C:\WINDOWS\System32\bcryptPrimitives.dll
0x00007ffab0680000 - 0x00007ffab06a5000 	C:\Program Files\Java\jdk-17\bin\java.dll
0x00007ffaa9c40000 - 0x00007ffaa9d17000 	C:\Program Files\Java\jdk-17\bin\jsvml.dll
0x00007ffae7e10000 - 0x00007ffae8688000 	C:\WINDOWS\System32\SHELL32.dll
0x00007ffae4400000 - 0x00007ffae4d10000 	C:\WINDOWS\SYSTEM32\windows.storage.dll
0x00007ffae42c0000 - 0x00007ffae43ff000 	C:\WINDOWS\SYSTEM32\wintypes.dll
0x00007ffae8a40000 - 0x00007ffae8b4a000 	C:\WINDOWS\System32\SHCORE.dll
0x00007ffae7680000 - 0x00007ffae76de000 	C:\WINDOWS\System32\shlwapi.dll
0x00007ffae6430000 - 0x00007ffae645b000 	C:\WINDOWS\SYSTEM32\profapi.dll
0x00007ffab9c30000 - 0x00007ffab9c49000 	C:\Program Files\Java\jdk-17\bin\net.dll
0x00007ffae2c80000 - 0x00007ffae2dac000 	C:\WINDOWS\SYSTEM32\WINHTTP.dll
0x00007ffae59c0000 - 0x00007ffae5a29000 	C:\WINDOWS\system32\mswsock.dll
0x00007ffab9960000 - 0x00007ffab9976000 	C:\Program Files\Java\jdk-17\bin\nio.dll
0x00007ffab84a0000 - 0x00007ffab84b8000 	C:\Program Files\Java\jdk-17\bin\zip.dll
0x00007ffad9bf0000 - 0x00007ffad9c14000 	C:\Program Files\Java\apache-maven-3.9.7\lib\jansi-native\Windows\x86_64\jansi.dll
0x00007ffadefc0000 - 0x00007ffadefd0000 	C:\Program Files\Java\jdk-17\bin\verify.dll

dbghelp: loaded successfully - version: 4.0.5 - missing functions: none
symbol engine: initialized successfully - sym options: 0x614 - pdb path: .;C:\Program Files\Java\jdk-17\bin;C:\WINDOWS\SYSTEM32;C:\WINDOWS\WinSxS\amd64_microsoft.windows.common-controls_6595b64144ccf1df_6.0.22621.4830_none_270fe7d773858e80;C:\Program Files\Java\jdk-17\bin\server;C:\Program Files\Java\apache-maven-3.9.7\lib\jansi-native\Windows\x86_64

VM Arguments:
jvm_args: -Dclassworlds.conf=C:\Program Files\Java\apache-maven-3.9.7\bin\m2.conf -Dmaven.home=C:\Program Files\Java\apache-maven-3.9.7 -Dlibrary.jansi.path=C:\Program Files\Java\apache-maven-3.9.7\lib\jansi-native -Dmaven.multiModuleProjectDirectory=c:\Users\IBYTE\Documents\GitHub\TrendsIT\02.Nivelamento Prático\Curso de Spring Boot\api 
java_command: org.codehaus.plexus.classworlds.launcher.Launcher -q help:effective-pom -Doutput=c:\Users\IBYTE\Documents\GitHub\TrendsIT\02.Nivelamento Prático\Curso de Spring Boot\api\effective-pom.xml -f c:/Users/IBYTE/Documents/GitHub/TrendsIT/02.Nivelamento Prático/Curso de Spring Boot/api/pom.xml
java_class_path (initial): C:\Program Files\Java\apache-maven-3.9.7\boot\plexus-classworlds-2.8.0.jar
Launcher Type: SUN_STANDARD

[Global flags]
     intx CICompilerCount                          = 4                                         {product} {ergonomic}
     uint ConcGCThreads                            = 3                                         {product} {ergonomic}
     uint G1ConcRefinementThreads                  = 10                                        {product} {ergonomic}
   size_t G1HeapRegionSize                         = 1048576                                   {product} {ergonomic}
    uintx GCDrainStackTargetSize                   = 64                                        {product} {ergonomic}
   size_t InitialHeapSize                          = 130023424                                 {product} {ergonomic}
   size_t MarkStackSize                            = 4194304                                   {product} {ergonomic}
   size_t MaxHeapSize                              = 2071986176                                {product} {ergonomic}
   size_t MaxNewSize                               = 1242562560                                {product} {ergonomic}
   size_t MinHeapDeltaBytes                        = 1048576                                   {product} {ergonomic}
   size_t MinHeapSize                              = 8388608                                   {product} {ergonomic}
    uintx NonNMethodCodeHeapSize                   = 5839372                                {pd product} {ergonomic}
    uintx NonProfiledCodeHeapSize                  = 122909434                              {pd product} {ergonomic}
    uintx ProfiledCodeHeapSize                     = 122909434                              {pd product} {ergonomic}
    uintx ReservedCodeCacheSize                    = 251658240                              {pd product} {ergonomic}
     bool SegmentedCodeCache                       = true                                      {product} {ergonomic}
   size_t SoftMaxHeapSize                          = 2071986176                             {manageable} {ergonomic}
     bool UseCompressedClassPointers               = true                           {product lp64_product} {ergonomic}
     bool UseCompressedOops                        = true                           {product lp64_product} {ergonomic}
     bool UseG1GC                                  = true                                      {product} {ergonomic}
     bool UseLargePagesIndividualAllocation        = false                                  {pd product} {ergonomic}

Logging:
Log output configuration:
 #0: stdout all=warning uptime,level,tags
 #1: stderr all=off uptime,level,tags

Environment Variables:
JAVA_HOME=C:\Program Files\Java\jdk-17\
PATH=C:\Windows\System32;C:\Program Files\Microsoft SQL Server\150\Tools\Binn\;C:\Program Files\Microsoft SQL Server\Client SDK\ODBC\170\Tools\Binn\;C:\Program Files\dotnet\;C:\Windows\System32\WindowsPowerShell\v1.0\;C:\Users\IBYTE\scripts;C:\Users\IBYTE\apache-maven-3.9.9-bin\bin;C:\Program Files\Java\apache-maven-3.9.7\bin;;C:\Program Files\Docker\Docker\resources\bin;C:\Program Files\MySQL\MySQL Shell 8.0\bin\;C:\Users\IBYTE\AppData\Local\Programs\Python\Python312\Scripts\;C:\Users\IBYTE\AppData\Local\Programs\Python\Python312\;C:\Users\IBYTE\AppData\Local\Programs\Python\Launcher\;C:\Users\IBYTE\AppData\Local\Microsoft\WindowsApps;C:\Users\IBYTE\AppData\Local\GitHubDesktop\bin;C:\Program Files\nodejs;C:\Users\IBYTE\AppData\Roaming\npm;C:\Users\IBYTE\.dotnet\tools;C:\Users\IBYTE\AppData\Local\Programs\Microsoft VS Code\bin;C:\Users\IBYTE\scripts;C:\Windows\System32;C:\cmder\bin;C:\Program Files\PostgreSQL\15\bin;C:\Program Files\MySQL\MySQL Server 8.0\bin;C:\Users\IBYTE\.dotnet\tools;C:\Program Files\Java\apache-maven-3.9.7\bin;C:\Program Files\Java\jdk-17\\bin;
USERNAME=IBYTE
OS=Windows_NT
PROCESSOR_IDENTIFIER=Intel64 Family 6 Model 154 Stepping 3, GenuineIntel



---------------  S Y S T E M  ---------------

OS:
 Windows 11 , 64 bit Build 22621 (10.0.22621.4830)
OS uptime: 0 days 4:27 hours
Hyper-V role detected

CPU: total 12 (initial active 12) (6 cores per cpu, 2 threads per core) family 6 model 154 stepping 3 microcode 0x423, cx8, cmov, fxsr, ht, mmx, 3dnowpref, sse, sse2, sse3, ssse3, sse4.1, sse4.2, popcnt, lzcnt, tsc, tscinvbit, avx, avx2, aes, erms, clmul, bmi1, bmi2, adx, sha, fma, vzeroupper, clflush, clflushopt, clwb, hv

Memory: 4k page, system-wide physical 7896M (943M free)
TotalPageFile size 17609M (AvailPageFile size 6M)
current process WorkingSet (physical memory assigned to process): 159M, peak: 159M
current process commit charge ("private bytes"): 263M, peak: 263M

vm_info: Java HotSpot(TM) 64-Bit Server VM (17.0.6+9-LTS-190) for windows-amd64 JRE (17.0.6+9-LTS-190), built on Dec  6 2022 15:53:54 by "mach5one" with MS VC++ 17.1 (VS2022)

END.
