#
# There is insufficient memory for the Java Runtime Environment to continue.
# Native memory allocation (mmap) failed to map 65536 bytes. Error detail: Failed to commit metaspace.
# Possible reasons:
#   The system is out of physical RAM or swap space
#   This process is running with CompressedOops enabled, and the Java Heap may be blocking the growth of the native heap
# Possible solutions:
#   Reduce memory load on the system
#   Increase physical memory or swap space
#   Check if swap backing store is full
#   Decrease Java heap size (-Xmx/-Xms)
#   Decrease number of Java threads
#   Decrease Java thread stack sizes (-Xss)
#   Set larger code cache with -XX:ReservedCodeCacheSize=
#   JVM is running with Unscaled Compressed Oops mode in which the Java heap is
#     placed in the first 4GB address space. The Java Heap base address is the
#     maximum limit for the native heap growth. Please use -XX:HeapBaseMinAddress
#     to set the Java Heap base and to place the Java Heap above 4GB virtual address.
# This output file may be truncated or incomplete.
#
#  Out of Memory Error (virtualSpaceNode.cpp:113), pid=10488, tid=13564
#
# JRE version: OpenJDK Runtime Environment Temurin-21.0.5+11 (21.0.5+11) (build 21.0.5+11-LTS)
# Java VM: OpenJDK 64-Bit Server VM Temurin-21.0.5+11 (21.0.5+11-LTS, mixed mode, sharing, tiered, compressed oops, compressed class ptrs, parallel gc, windows-amd64)
# No core dump will be written. Minidumps are not enabled by default on client versions of Windows
#

---------------  S U M M A R Y ------------

Command Line: --add-modules=ALL-SYSTEM --add-opens=java.base/java.util=ALL-UNNAMED --add-opens=java.base/java.lang=ALL-UNNAMED --add-opens=java.base/sun.nio.fs=ALL-UNNAMED -Declipse.application=org.eclipse.jdt.ls.core.id1 -Dosgi.bundles.defaultStartLevel=4 -Declipse.product=org.eclipse.jdt.ls.core.product -Djava.import.generatesMetadataFilesAtProjectRoot=false -DDetectVMInstallationsJob.disabled=true -Dfile.encoding=utf8 -XX:+UseParallelGC -XX:GCTimeRatio=4 -XX:AdaptiveSizePolicyWeight=90 -Dsun.zip.disableMemoryMapping=true -Xmx2G -Xms100m -Xlog:disable -javaagent:c:\Users\IBYTE\.vscode\extensions\redhat.java-1.39.0-win32-x64\lombok\lombok-1.18.34.jar -XX:+HeapDumpOnOutOfMemoryError -XX:HeapDumpPath=c:\Users\IBYTE\AppData\Roaming\Code\User\workspaceStorage\59ce07a759c63856ad17a90456c615a0\redhat.java -Daether.dependencyCollector.impl=bf c:\Users\IBYTE\.vscode\extensions\redhat.java-1.39.0-win32-x64\server\plugins\org.eclipse.equinox.launcher_1.6.900.v20240613-2009.jar -configuration c:\Users\IBYTE\AppData\Roaming\Code\User\globalStorage\redhat.java\1.39.0\config_win -data c:\Users\IBYTE\AppData\Roaming\Code\User\workspaceStorage\59ce07a759c63856ad17a90456c615a0\redhat.java\jdt_ws --pipe=\\.\pipe\lsp-4025b181ca15630b66edb66b9ee0ea6d-sock

Host: 12th Gen Intel(R) Core(TM) i5-12450H, 12 cores, 7G,  Windows 11 , 64 bit Build 22621 (10.0.22621.4830)
Time: Sun Feb  9 15:38:42 2025 Hora oficial do Brasil elapsed time: 141.427532 seconds (0d 0h 2m 21s)

---------------  T H R E A D  ---------------

Current thread (0x0000022c6d3895b0):  JavaThread "C1 CompilerThread0" daemon [_thread_in_vm, id=13564, stack(0x000000d45c900000,0x000000d45ca00000) (1024K)]


Current CompileTask:
C1:141427 15961       3       java.util.concurrent.ScheduledThreadPoolExecutor$DelayedWorkQueue$Itr::hasNext (18 bytes)

Stack: [0x000000d45c900000,0x000000d45ca00000]
Native frames: (J=compiled Java code, j=interpreted, Vv=VM code, C=native code)
V  [jvm.dll+0x6cd4e9]
V  [jvm.dll+0x8a7941]
V  [jvm.dll+0x8a9e6e]
V  [jvm.dll+0x8aa543]
V  [jvm.dll+0x27f6d6]
V  [jvm.dll+0x8a368e]
V  [jvm.dll+0x6701c5]
V  [jvm.dll+0x67022a]
V  [jvm.dll+0x672a12]
V  [jvm.dll+0x6728e2]
V  [jvm.dll+0x670b9e]
V  [jvm.dll+0x68204a]
V  [jvm.dll+0x67b122]
V  [jvm.dll+0x1f2550]
V  [jvm.dll+0x1f2738]
V  [jvm.dll+0x152f2e]
V  [jvm.dll+0x153274]
V  [jvm.dll+0x1526a6]
V  [jvm.dll+0x15447d]
V  [jvm.dll+0x25682a]
V  [jvm.dll+0x254dca]
V  [jvm.dll+0x3f00d6]
V  [jvm.dll+0x8514fb]
V  [jvm.dll+0x6cbbed]
C  [ucrtbase.dll+0x29333]
C  [KERNEL32.DLL+0x1259d]
C  [ntdll.dll+0x5af38]


---------------  P R O C E S S  ---------------

Threads class SMR info:
_java_thread_list=0x0000022c7f599540, length=88, elements={
0x0000022c14450a40, 0x0000022c144f4400, 0x0000022c143fd840, 0x0000022c144f5bb0,
0x0000022c144f6fa0, 0x0000022c144fc4c0, 0x0000022c144ffd50, 0x0000022c6d388f10,
0x0000022c6d3895b0, 0x0000022c145003e0, 0x0000022c144ff030, 0x0000022c144fd5f0,
0x0000022c144fcf60, 0x0000022c144fe310, 0x0000022c144fdc80, 0x0000022c144fe9a0,
0x0000022c144ff6c0, 0x0000022c6eb0e020, 0x0000022c6eb0d990, 0x0000022c6eb0cc70,
0x0000022c6eb0d300, 0x0000022c6eb0bf50, 0x0000022c6eb0b8c0, 0x0000022c6eb0aba0,
0x0000022c6eb0b230, 0x0000022c75ab5630, 0x0000022c75ab8420, 0x0000022c75ab7070,
0x0000022c75ab5cc0, 0x0000022c75ab6350, 0x0000022c75ab8ab0, 0x0000022c75ab69e0,
0x0000022c75ab7700, 0x0000022c75ab7d90, 0x0000022c75b115e0, 0x0000022c75b13020,
0x0000022c75b10230, 0x0000022c75b0f510, 0x0000022c75b136b0, 0x0000022c75b0e7f0,
0x0000022c75b143d0, 0x0000022c75b0ee80, 0x0000022c75b10f50, 0x0000022c75b11c70,
0x0000022c75b13d40, 0x0000022c75b0d440, 0x0000022c75b12990, 0x0000022c75b14a60,
0x0000022c75b12300, 0x0000022c7e023ea0, 0x0000022c7e024bc0, 0x0000022c7e028040,
0x0000022c7e0293f0, 0x0000022c7e0286d0, 0x0000022c7e02b4c0, 0x0000022c7e025250,
0x0000022c7e028d60, 0x0000022c7e029a80, 0x0000022c7e0258e0, 0x0000022c7e02a7a0,
0x0000022c7e026600, 0x0000022c7e024530, 0x0000022c75325930, 0x0000022c75327370,
0x0000022c75329ad0, 0x0000022c75326ce0, 0x0000022c75326650, 0x0000022c7532a160,
0x0000022c75327a00, 0x0000022c7532bba0, 0x0000022c7532ae80, 0x0000022c7532c230,
0x0000022c753252a0, 0x0000022c75328720, 0x0000022c7532a7f0, 0x0000022c7532b510,
0x0000022c7532c8c0, 0x0000022c75b108c0, 0x0000022c75b0e160, 0x0000022c6eb0c5e0,
0x0000022c7e02a110, 0x0000022c766745b0, 0x0000022c76674c40, 0x0000022c76678750,
0x0000022c76676680, 0x0000022c76673200, 0x0000022c76673890, 0x0000022c76675960
}

Java Threads: ( => current thread )
  0x0000022c14450a40 JavaThread "main"                              [_thread_blocked, id=4228, stack(0x000000d45be00000,0x000000d45bf00000) (1024K)]
  0x0000022c144f4400 JavaThread "Reference Handler"          daemon [_thread_blocked, id=14792, stack(0x000000d45c200000,0x000000d45c300000) (1024K)]
  0x0000022c143fd840 JavaThread "Finalizer"                  daemon [_thread_blocked, id=7392, stack(0x000000d45c300000,0x000000d45c400000) (1024K)]
  0x0000022c144f5bb0 JavaThread "Signal Dispatcher"          daemon [_thread_blocked, id=11488, stack(0x000000d45c400000,0x000000d45c500000) (1024K)]
  0x0000022c144f6fa0 JavaThread "Attach Listener"            daemon [_thread_blocked, id=4784, stack(0x000000d45c500000,0x000000d45c600000) (1024K)]
  0x0000022c144fc4c0 JavaThread "Service Thread"             daemon [_thread_blocked, id=25120, stack(0x000000d45c600000,0x000000d45c700000) (1024K)]
  0x0000022c144ffd50 JavaThread "Monitor Deflation Thread"   daemon [_thread_blocked, id=9184, stack(0x000000d45c700000,0x000000d45c800000) (1024K)]
  0x0000022c6d388f10 JavaThread "C2 CompilerThread0"         daemon [_thread_blocked, id=17352, stack(0x000000d45c800000,0x000000d45c900000) (1024K)]
=>0x0000022c6d3895b0 JavaThread "C1 CompilerThread0"         daemon [_thread_in_vm, id=13564, stack(0x000000d45c900000,0x000000d45ca00000) (1024K)]
  0x0000022c145003e0 JavaThread "Common-Cleaner"             daemon [_thread_blocked, id=20536, stack(0x000000d45ca00000,0x000000d45cb00000) (1024K)]
  0x0000022c144ff030 JavaThread "Notification Thread"        daemon [_thread_blocked, id=16572, stack(0x000000d45cc00000,0x000000d45cd00000) (1024K)]
  0x0000022c144fd5f0 JavaThread "Active Thread: Equinox Container: 42766b19-6d64-4534-99ea-30c604b6a8f6"        [_thread_blocked, id=11512, stack(0x000000d45d400000,0x000000d45d500000) (1024K)]
  0x0000022c144fcf60 JavaThread "Refresh Thread: Equinox Container: 42766b19-6d64-4534-99ea-30c604b6a8f6" daemon [_thread_blocked, id=2140, stack(0x000000d45d500000,0x000000d45d600000) (1024K)]
  0x0000022c144fe310 JavaThread "Framework Event Dispatcher: Equinox Container: 42766b19-6d64-4534-99ea-30c604b6a8f6" daemon [_thread_blocked, id=21828, stack(0x000000d45d600000,0x000000d45d700000) (1024K)]
  0x0000022c144fdc80 JavaThread "Start Level: Equinox Container: 42766b19-6d64-4534-99ea-30c604b6a8f6" daemon [_thread_blocked, id=17100, stack(0x000000d45d800000,0x000000d45d900000) (1024K)]
  0x0000022c144fe9a0 JavaThread "Bundle File Closer"         daemon [_thread_blocked, id=24208, stack(0x000000d45d900000,0x000000d45da00000) (1024K)]
  0x0000022c144ff6c0 JavaThread "SCR Component Actor"        daemon [_thread_blocked, id=19060, stack(0x000000d45dc00000,0x000000d45dd00000) (1024K)]
  0x0000022c6eb0e020 JavaThread "Worker-JM"                         [_thread_blocked, id=11944, stack(0x000000d45de00000,0x000000d45df00000) (1024K)]
  0x0000022c6eb0d990 JavaThread "JNA Cleaner"                daemon [_thread_blocked, id=17784, stack(0x000000d45cd00000,0x000000d45ce00000) (1024K)]
  0x0000022c6eb0cc70 JavaThread "Worker-0"                          [_thread_blocked, id=13352, stack(0x000000d45df00000,0x000000d45e000000) (1024K)]
  0x0000022c6eb0d300 JavaThread "Worker-1"                          [_thread_blocked, id=15780, stack(0x000000d45e000000,0x000000d45e100000) (1024K)]
  0x0000022c6eb0bf50 JavaThread "Java indexing"              daemon [_thread_blocked, id=26076, stack(0x000000d45e100000,0x000000d45e200000) (1024K)]
  0x0000022c6eb0b8c0 JavaThread "Worker-2"                          [_thread_blocked, id=23676, stack(0x000000d45e200000,0x000000d45e300000) (1024K)]
  0x0000022c6eb0aba0 JavaThread "Worker-3"                          [_thread_blocked, id=15168, stack(0x000000d45e300000,0x000000d45e400000) (1024K)]
  0x0000022c6eb0b230 JavaThread "Thread-2"                   daemon [_thread_in_native, id=24980, stack(0x000000d45e400000,0x000000d45e500000) (1024K)]
  0x0000022c75ab5630 JavaThread "Thread-3"                   daemon [_thread_in_native, id=9008, stack(0x000000d45e500000,0x000000d45e600000) (1024K)]
  0x0000022c75ab8420 JavaThread "Thread-4"                   daemon [_thread_in_native, id=21364, stack(0x000000d45e600000,0x000000d45e700000) (1024K)]
  0x0000022c75ab7070 JavaThread "Thread-5"                   daemon [_thread_in_native, id=12160, stack(0x000000d45e700000,0x000000d45e800000) (1024K)]
  0x0000022c75ab5cc0 JavaThread "Thread-6"                   daemon [_thread_in_native, id=18900, stack(0x000000d45e800000,0x000000d45e900000) (1024K)]
  0x0000022c75ab6350 JavaThread "Thread-7"                   daemon [_thread_in_native, id=6120, stack(0x000000d45e900000,0x000000d45ea00000) (1024K)]
  0x0000022c75ab8ab0 JavaThread "Thread-8"                   daemon [_thread_in_native, id=22176, stack(0x000000d45ea00000,0x000000d45eb00000) (1024K)]
  0x0000022c75ab69e0 JavaThread "Thread-9"                   daemon [_thread_in_native, id=11912, stack(0x000000d45eb00000,0x000000d45ec00000) (1024K)]
  0x0000022c75ab7700 JavaThread "Thread-10"                  daemon [_thread_in_native, id=16460, stack(0x000000d45ec00000,0x000000d45ed00000) (1024K)]
  0x0000022c75ab7d90 JavaThread "Thread-11"                  daemon [_thread_in_native, id=26496, stack(0x000000d45ed00000,0x000000d45ee00000) (1024K)]
  0x0000022c75b115e0 JavaThread "Thread-12"                  daemon [_thread_in_native, id=5596, stack(0x000000d45ee00000,0x000000d45ef00000) (1024K)]
  0x0000022c75b13020 JavaThread "Thread-13"                  daemon [_thread_in_native, id=4976, stack(0x000000d45ef00000,0x000000d45f000000) (1024K)]
  0x0000022c75b10230 JavaThread "Thread-14"                  daemon [_thread_in_native, id=5668, stack(0x000000d45f000000,0x000000d45f100000) (1024K)]
  0x0000022c75b0f510 JavaThread "pool-2-thread-1"                   [_thread_blocked, id=25656, stack(0x000000d45f100000,0x000000d45f200000) (1024K)]
  0x0000022c75b136b0 JavaThread "WorkspaceEventsHandler"            [_thread_blocked, id=16832, stack(0x000000d45f200000,0x000000d45f300000) (1024K)]
  0x0000022c75b0e7f0 JavaThread "pool-1-thread-1"                   [_thread_blocked, id=2104, stack(0x000000d45f300000,0x000000d45f400000) (1024K)]
  0x0000022c75b143d0 JavaThread "Worker-4"                          [_thread_blocked, id=17956, stack(0x000000d45f400000,0x000000d45f500000) (1024K)]
  0x0000022c75b0ee80 JavaThread "Worker-5"                          [_thread_blocked, id=16236, stack(0x000000d45f500000,0x000000d45f600000) (1024K)]
  0x0000022c75b10f50 JavaThread "LocalFile Deleter"          daemon [_thread_blocked, id=14528, stack(0x000000d45f800000,0x000000d45f900000) (1024K)]
  0x0000022c75b11c70 JavaThread "LocalFile Deleter"          daemon [_thread_blocked, id=20040, stack(0x000000d45f900000,0x000000d45fa00000) (1024K)]
  0x0000022c75b13d40 JavaThread "LocalFile Deleter"          daemon [_thread_blocked, id=15976, stack(0x000000d45fa00000,0x000000d45fb00000) (1024K)]
  0x0000022c75b0d440 JavaThread "LocalFile Deleter"          daemon [_thread_blocked, id=25180, stack(0x000000d45fb00000,0x000000d45fc00000) (1024K)]
  0x0000022c75b12990 JavaThread "LocalFile Deleter"          daemon [_thread_blocked, id=25872, stack(0x000000d45fc00000,0x000000d45fd00000) (1024K)]
  0x0000022c75b14a60 JavaThread "LocalFile Deleter"          daemon [_thread_blocked, id=23764, stack(0x000000d45fd00000,0x000000d45fe00000) (1024K)]
  0x0000022c75b12300 JavaThread "LocalFile Deleter"          daemon [_thread_blocked, id=10156, stack(0x000000d45fe00000,0x000000d45ff00000) (1024K)]
  0x0000022c7e023ea0 JavaThread "LocalFile Deleter"          daemon [_thread_blocked, id=22140, stack(0x000000d45ff00000,0x000000d460000000) (1024K)]
  0x0000022c7e024bc0 JavaThread "LocalFile Deleter"          daemon [_thread_blocked, id=26128, stack(0x000000d460000000,0x000000d460100000) (1024K)]
  0x0000022c7e028040 JavaThread "LocalFile Deleter"          daemon [_thread_blocked, id=25704, stack(0x000000d460100000,0x000000d460200000) (1024K)]
  0x0000022c7e0293f0 JavaThread "Compiler Source File Reader" daemon [_thread_blocked, id=3244, stack(0x000000d460200000,0x000000d460300000) (1024K)]
  0x0000022c7e0286d0 JavaThread "Compiler Source File Reader" daemon [_thread_blocked, id=25124, stack(0x000000d460300000,0x000000d460400000) (1024K)]
  0x0000022c7e02b4c0 JavaThread "Compiler Source File Reader" daemon [_thread_blocked, id=20820, stack(0x000000d460400000,0x000000d460500000) (1024K)]
  0x0000022c7e025250 JavaThread "Compiler Source File Reader" daemon [_thread_blocked, id=920, stack(0x000000d460500000,0x000000d460600000) (1024K)]
  0x0000022c7e028d60 JavaThread "Compiler Class File Writer" daemon [_thread_blocked, id=4144, stack(0x000000d460800000,0x000000d460900000) (1024K)]
  0x0000022c7e029a80 JavaThread "Compiler Class File Writer" daemon [_thread_blocked, id=19632, stack(0x000000d460900000,0x000000d460a00000) (1024K)]
  0x0000022c7e0258e0 JavaThread "Compiler Class File Writer" daemon [_thread_blocked, id=23536, stack(0x000000d460a00000,0x000000d460b00000) (1024K)]
  0x0000022c7e02a7a0 JavaThread "Compiler Class File Writer" daemon [_thread_blocked, id=23404, stack(0x000000d460b00000,0x000000d460c00000) (1024K)]
  0x0000022c7e026600 JavaThread "Compiler Source File Reader" daemon [_thread_blocked, id=9556, stack(0x000000d460c00000,0x000000d460d00000) (1024K)]
  0x0000022c7e024530 JavaThread "Compiler Class File Writer" daemon [_thread_blocked, id=8148, stack(0x000000d460d00000,0x000000d460e00000) (1024K)]
  0x0000022c75325930 JavaThread "Worker-6"                          [_thread_blocked, id=14224, stack(0x000000d45dd00000,0x000000d45de00000) (1024K)]
  0x0000022c75327370 JavaThread "Compiler Source File Reader" daemon [_thread_blocked, id=21084, stack(0x000000d460600000,0x000000d460700000) (1024K)]
  0x0000022c75329ad0 JavaThread "Compiler Source File Reader" daemon [_thread_blocked, id=16604, stack(0x000000d460e00000,0x000000d460f00000) (1024K)]
  0x0000022c75326ce0 JavaThread "ForkJoinPool.commonPool-worker-1" daemon [_thread_blocked, id=12392, stack(0x000000d45cb00000,0x000000d45cc00000) (1024K)]
  0x0000022c75326650 JavaThread "ForkJoinPool.commonPool-worker-2" daemon [_thread_blocked, id=24652, stack(0x000000d460f00000,0x000000d461000000) (1024K)]
  0x0000022c7532a160 JavaThread "ForkJoinPool.commonPool-worker-3" daemon [_thread_blocked, id=26432, stack(0x000000d461000000,0x000000d461100000) (1024K)]
  0x0000022c75327a00 JavaThread "ForkJoinPool.commonPool-worker-4" daemon [_thread_blocked, id=15364, stack(0x000000d461200000,0x000000d461300000) (1024K)]
  0x0000022c7532bba0 JavaThread "ForkJoinPool.commonPool-worker-5" daemon [_thread_blocked, id=7252, stack(0x000000d45bb00000,0x000000d45bc00000) (1024K)]
  0x0000022c7532ae80 JavaThread "ForkJoinPool.commonPool-worker-6" daemon [_thread_blocked, id=25876, stack(0x000000d461400000,0x000000d461500000) (1024K)]
  0x0000022c7532c230 JavaThread "ForkJoinPool.commonPool-worker-7" daemon [_thread_blocked, id=23568, stack(0x000000d461700000,0x000000d461800000) (1024K)]
  0x0000022c753252a0 JavaThread "ForkJoinPool.commonPool-worker-8" daemon [_thread_blocked, id=20248, stack(0x000000d461800000,0x000000d461900000) (1024K)]
  0x0000022c75328720 JavaThread "ForkJoinPool.commonPool-worker-10" daemon [_thread_blocked, id=24936, stack(0x000000d461900000,0x000000d461a00000) (1024K)]
  0x0000022c7532a7f0 JavaThread "ForkJoinPool.commonPool-worker-9" daemon [_thread_blocked, id=17220, stack(0x000000d461a00000,0x000000d461b00000) (1024K)]
  0x0000022c7532b510 JavaThread "ForkJoinPool.commonPool-worker-11" daemon [_thread_blocked, id=1652, stack(0x000000d461b00000,0x000000d461c00000) (1024K)]
  0x0000022c7532c8c0 JavaThread "Cleaner-0"                  daemon [_thread_blocked, id=17428, stack(0x000000d461600000,0x000000d461700000) (1024K)]
  0x0000022c75b108c0 JavaThread "Compiler Source File Reader" daemon [_thread_blocked, id=15596, stack(0x000000d45bd00000,0x000000d45be00000) (1024K)]
  0x0000022c75b0e160 JavaThread "Compiler Processing Task"   daemon [_thread_blocked, id=17856, stack(0x000000d45f600000,0x000000d45f700000) (1024K)]
  0x0000022c6eb0c5e0 JavaThread "Compiler Source File Reader" daemon [_thread_blocked, id=16188, stack(0x000000d460700000,0x000000d460800000) (1024K)]
  0x0000022c7e02a110 JavaThread "Worker-7"                          [_thread_blocked, id=23896, stack(0x000000d461500000,0x000000d461600000) (1024K)]
  0x0000022c766745b0 JavaThread "Compiler Source File Reader" daemon [_thread_blocked, id=14364, stack(0x000000d45bc00000,0x000000d45bd00000) (1024K)]
  0x0000022c76674c40 JavaThread "Java Debug Server"          daemon [_thread_in_native, id=11940, stack(0x000000d462000000,0x000000d462100000) (1024K)]
  0x0000022c76678750 JavaThread "pool-5-thread-1"                   [_thread_in_native, id=3912, stack(0x000000d462100000,0x000000d462200000) (1024K)]
  0x0000022c76676680 JavaThread "RxSchedulerPurge-1"         daemon [_thread_blocked, id=16416, stack(0x000000d462200000,0x000000d462300000) (1024K)]
  0x0000022c76673200 JavaThread "RxCachedWorkerPoolEvictor-1" daemon [_thread_blocked, id=9416, stack(0x000000d462300000,0x000000d462400000) (1024K)]
  0x0000022c76673890 JavaThread "RxNewThreadScheduler-1"     daemon [_thread_blocked, id=8416, stack(0x000000d462400000,0x000000d462500000) (1024K)]
  0x0000022c76675960 JavaThread "process reaper (pid 20696)" daemon [_thread_in_native, id=25496, stack(0x000000d462500000,0x000000d462520000) (128K)]
Total: 88

Other Threads:
  0x0000022c121cff90 VMThread "VM Thread"                           [id=11012, stack(0x000000d45c100000,0x000000d45c200000) (1024K)]
  0x0000022c142dcb20 WatcherThread "VM Periodic Task Thread"        [id=21052, stack(0x000000d45c000000,0x000000d45c100000) (1024K)]
  0x0000022c121cf850 WorkerThread "GC Thread#0"                     [id=22796, stack(0x000000d45bf00000,0x000000d45c000000) (1024K)]
  0x0000022c121d0a70 WorkerThread "GC Thread#1"                     [id=14824, stack(0x000000d45ce00000,0x000000d45cf00000) (1024K)]
  0x0000022c121d0e10 WorkerThread "GC Thread#2"                     [id=12440, stack(0x000000d45cf00000,0x000000d45d000000) (1024K)]
  0x0000022c121cf4b0 WorkerThread "GC Thread#3"                     [id=8432, stack(0x000000d45d000000,0x000000d45d100000) (1024K)]
  0x0000022c6e9f6e40 WorkerThread "GC Thread#4"                     [id=8816, stack(0x000000d45d100000,0x000000d45d200000) (1024K)]
  0x0000022c6e9f6aa0 WorkerThread "GC Thread#5"                     [id=19192, stack(0x000000d45d200000,0x000000d45d300000) (1024K)]
  0x0000022c6e9f6700 WorkerThread "GC Thread#6"                     [id=17616, stack(0x000000d45d300000,0x000000d45d400000) (1024K)]
  0x0000022c6e9f7920 WorkerThread "GC Thread#7"                     [id=15300, stack(0x000000d45d700000,0x000000d45d800000) (1024K)]
  0x0000022c6e9f54e0 WorkerThread "GC Thread#8"                     [id=12660, stack(0x000000d45da00000,0x000000d45db00000) (1024K)]
  0x0000022c6e9f5140 WorkerThread "GC Thread#9"                     [id=21616, stack(0x000000d45db00000,0x000000d45dc00000) (1024K)]
Total: 12

Threads with active compile tasks:
C1 CompilerThread0  141448 15961       3       java.util.concurrent.ScheduledThreadPoolExecutor$DelayedWorkQueue$Itr::hasNext (18 bytes)
Total: 1

VM state: not at safepoint (normal execution)

VM Mutex/Monitor currently owned by a thread:  ([mutex/lock_event])
[0x00007ffac86db300] Metaspace_lock - owner thread: 0x0000022c6d3895b0

Heap address: 0x0000000080000000, size: 2048 MB, Compressed Oops mode: 32-bit

CDS archive(s) mapped at: [0x0000022c2b000000-0x0000022c2bba0000-0x0000022c2bba0000), size 12189696, SharedBaseAddress: 0x0000022c2b000000, ArchiveRelocationMode: 1.
Compressed class space mapped at: 0x0000022c2c000000-0x0000022c6c000000, reserved size: 1073741824
Narrow klass base: 0x0000022c2b000000, Narrow klass shift: 0, Narrow klass range: 0x100000000

GC Precious Log:
 CardTable entry size: 512
 CPUs: 12 total, 12 available
 Memory: 7896M
 Large Page Support: Disabled
 NUMA Support: Disabled
 Compressed Oops: Enabled (32-bit)
 Alignments: Space 512K, Generation 512K, Heap 2M
 Heap Min Capacity: 100M
 Heap Initial Capacity: 100M
 Heap Max Capacity: 2G
 Pre-touch: Disabled
 Parallel Workers: 10

Heap:
 PSYoungGen      total 3584K, used 907K [0x00000000d5580000, 0x00000000d5d00000, 0x0000000100000000)
  eden space 3072K, 18% used [0x00000000d5580000,0x00000000d560aed8,0x00000000d5880000)
  from space 512K, 68% used [0x00000000d5c80000,0x00000000d5cd8000,0x00000000d5d00000)
  to   space 512K, 0% used [0x00000000d5c00000,0x00000000d5c00000,0x00000000d5c80000)
 ParOldGen       total 473600K, used 473326K [0x0000000080000000, 0x000000009ce80000, 0x00000000d5580000)
  object space 473600K, 99% used [0x0000000080000000,0x000000009ce3b870,0x000000009ce80000)
 Metaspace       used 80472K, committed 82112K, reserved 1179648K
  class space    used 8412K, committed 9152K, reserved 1048576K

Card table byte_map: [0x0000022c13df0000,0x0000022c14200000] _byte_map_base: 0x0000022c139f0000

Marking Bits: (ParMarkBitMap*) 0x00007ffac86e2250
 Begin Bits: [0x0000022c26a50000, 0x0000022c28a50000)
 End Bits:   [0x0000022c28a50000, 0x0000022c2aa50000)

Polling page: 0x0000022c123b0000

Metaspace:

Usage:
  Non-class:     70.37 MB used.
      Class:      8.22 MB used.
       Both:     78.59 MB used.

Virtual space:
  Non-class space:      128.00 MB reserved,      71.25 MB ( 56%) committed,  2 nodes.
      Class space:        1.00 GB reserved,       8.94 MB ( <1%) committed,  1 nodes.
             Both:        1.12 GB reserved,      80.19 MB (  7%) committed. 

Chunk freelists:
   Non-Class:  8.46 MB
       Class:  7.00 MB
        Both:  15.47 MB

MaxMetaspaceSize: unlimited
CompressedClassSpaceSize: 1.00 GB
Initial GC threshold: 21.00 MB
Current GC threshold: 109.00 MB
CDS: on
 - commit_granule_bytes: 65536.
 - commit_granule_words: 8192.
 - virtual_space_node_default_size: 8388608.
 - enlarge_chunks_in_place: 1.
 - use_allocation_guard: 0.


Internal statistics:

num_allocs_failed_limit: 9.
num_arena_births: 1452.
num_arena_deaths: 22.
num_vsnodes_births: 3.
num_vsnodes_deaths: 0.
num_space_committed: 1283.
num_space_uncommitted: 0.
num_chunks_returned_to_freelist: 34.
num_chunks_taken_from_freelist: 5289.
num_chunk_merges: 18.
num_chunk_splits: 3156.
num_chunks_enlarged: 1645.
num_inconsistent_stats: 0.

CodeHeap 'non-profiled nmethods': size=120000Kb used=13285Kb max_used=13285Kb free=106714Kb
 bounds [0x0000022c1f270000, 0x0000022c1ff70000, 0x0000022c267a0000]
CodeHeap 'profiled nmethods': size=120000Kb used=31047Kb max_used=31047Kb free=88952Kb
 bounds [0x0000022c177a0000, 0x0000022c19600000, 0x0000022c1ecd0000]
CodeHeap 'non-nmethods': size=5760Kb used=1524Kb max_used=1566Kb free=4236Kb
 bounds [0x0000022c1ecd0000, 0x0000022c1ef40000, 0x0000022c1f270000]
 total_blobs=14728 nmethods=13878 adapters=753
 compilation: enabled
              stopped_count=0, restarted_count=0
 full_count=0

Compilation events (20 events):
Event: 122.400 Thread 0x0000022c6d3895b0 nmethod 15951 0x0000022c195e7b10 code [0x0000022c195e7d00, 0x0000022c195e8230]
Event: 122.400 Thread 0x0000022c6d3895b0 15952       3       com.google.gson.internal.bind.TypeAdapters$7::write (23 bytes)
Event: 122.400 Thread 0x0000022c6d3895b0 nmethod 15952 0x0000022c195e8390 code [0x0000022c195e8580, 0x0000022c195e8960]
Event: 124.426 Thread 0x0000022c6d3895b0 15953       3       java.util.concurrent.ThreadPoolExecutor::isShutdown (12 bytes)
Event: 124.426 Thread 0x0000022c6d3895b0 nmethod 15953 0x0000022c195e8a90 code [0x0000022c195e8c40, 0x0000022c195e8e20]
Event: 130.429 Thread 0x0000022c6d3895b0 15954   !   3       java.util.concurrent.ThreadPoolExecutor::tryTerminate (177 bytes)
Event: 130.431 Thread 0x0000022c6d3895b0 nmethod 15954 0x0000022c195e8f10 code [0x0000022c195e9500, 0x0000022c195ec4b8]
Event: 132.425 Thread 0x0000022c6d3895b0 15955   !   3       java.util.concurrent.ThreadPoolExecutor::purge (131 bytes)
Event: 132.426 Thread 0x0000022c6d3895b0 nmethod 15955 0x0000022c195ed810 code [0x0000022c195edac0, 0x0000022c195ee9f8]
Event: 132.426 Thread 0x0000022c6d3895b0 15956   !   3       java.util.concurrent.ScheduledThreadPoolExecutor$DelayedWorkQueue::iterator (45 bytes)
Event: 132.428 Thread 0x0000022c6d3895b0 nmethod 15956 0x0000022c195eee10 code [0x0000022c195ef080, 0x0000022c195efcd0]
Event: 134.424 Thread 0x0000022c6d388f10 15957       4       java.lang.Thread::interrupted (7 bytes)
Event: 134.425 Thread 0x0000022c6d388f10 nmethod 15957 0x0000022c1ff69490 code [0x0000022c1ff69620, 0x0000022c1ff696d8]
Event: 136.418 Thread 0x0000022c6d3895b0 15958       3       java.util.concurrent.ConcurrentHashMap$KeySetView::iterator (34 bytes)
Event: 136.419 Thread 0x0000022c6d3895b0 nmethod 15958 0x0000022c195f0190 code [0x0000022c195f0340, 0x0000022c195f0568]
Event: 136.419 Thread 0x0000022c6d3895b0 15959       3       java.util.concurrent.ConcurrentHashMap$KeyIterator::<init> (12 bytes)
Event: 136.419 Thread 0x0000022c6d3895b0 nmethod 15959 0x0000022c195f0690 code [0x0000022c195f0840, 0x0000022c195f0978]
Event: 137.644 Thread 0x0000022c6d3895b0 15960       3       sun.nio.cs.StreamDecoder::implRead (232 bytes)
Event: 137.646 Thread 0x0000022c6d3895b0 nmethod 15960 0x0000022c195f0a10 code [0x0000022c195f0cc0, 0x0000022c195f19d8]
Event: 141.423 Thread 0x0000022c6d3895b0 15961       3       java.util.concurrent.ScheduledThreadPoolExecutor$DelayedWorkQueue$Itr::hasNext (18 bytes)

GC Heap History (20 events):
Event: 112.966 GC heap before
{Heap before GC invocations=1315 (full 4):
 PSYoungGen      total 3584K, used 3231K [0x00000000d5580000, 0x00000000d5d00000, 0x0000000100000000)
  eden space 3072K, 99% used [0x00000000d5580000,0x00000000d587fff8,0x00000000d5880000)
  from space 512K, 31% used [0x00000000d5c80000,0x00000000d5ca8000,0x00000000d5d00000)
  to   space 512K, 0% used [0x00000000d5c00000,0x00000000d5c00000,0x00000000d5c80000)
 ParOldGen       total 472576K, used 472224K [0x0000000080000000, 0x000000009cd80000, 0x00000000d5580000)
  object space 472576K, 99% used [0x0000000080000000,0x000000009cd28108,0x000000009cd80000)
 Metaspace       used 77488K, committed 79104K, reserved 1179648K
  class space    used 7998K, committed 8704K, reserved 1048576K
}
Event: 112.968 GC heap after
{Heap after GC invocations=1315 (full 4):
 PSYoungGen      total 3584K, used 224K [0x00000000d5580000, 0x00000000d5d00000, 0x0000000100000000)
  eden space 3072K, 0% used [0x00000000d5580000,0x00000000d5580000,0x00000000d5880000)
  from space 512K, 43% used [0x00000000d5c00000,0x00000000d5c38000,0x00000000d5c80000)
  to   space 512K, 0% used [0x00000000d5c80000,0x00000000d5c80000,0x00000000d5d00000)
 ParOldGen       total 472576K, used 472264K [0x0000000080000000, 0x000000009cd80000, 0x00000000d5580000)
  object space 472576K, 99% used [0x0000000080000000,0x000000009cd32108,0x000000009cd80000)
 Metaspace       used 77488K, committed 79104K, reserved 1179648K
  class space    used 7998K, committed 8704K, reserved 1048576K
}
Event: 113.103 GC heap before
{Heap before GC invocations=1316 (full 4):
 PSYoungGen      total 3584K, used 3296K [0x00000000d5580000, 0x00000000d5d00000, 0x0000000100000000)
  eden space 3072K, 100% used [0x00000000d5580000,0x00000000d5880000,0x00000000d5880000)
  from space 512K, 43% used [0x00000000d5c00000,0x00000000d5c38000,0x00000000d5c80000)
  to   space 512K, 0% used [0x00000000d5c80000,0x00000000d5c80000,0x00000000d5d00000)
 ParOldGen       total 472576K, used 472264K [0x0000000080000000, 0x000000009cd80000, 0x00000000d5580000)
  object space 472576K, 99% used [0x0000000080000000,0x000000009cd32108,0x000000009cd80000)
 Metaspace       used 77494K, committed 79104K, reserved 1179648K
  class space    used 7999K, committed 8704K, reserved 1048576K
}
Event: 113.108 GC heap after
{Heap after GC invocations=1316 (full 4):
 PSYoungGen      total 3584K, used 320K [0x00000000d5580000, 0x00000000d5d00000, 0x0000000100000000)
  eden space 3072K, 0% used [0x00000000d5580000,0x00000000d5580000,0x00000000d5880000)
  from space 512K, 62% used [0x00000000d5c80000,0x00000000d5cd0000,0x00000000d5d00000)
  to   space 512K, 0% used [0x00000000d5c00000,0x00000000d5c00000,0x00000000d5c80000)
 ParOldGen       total 472576K, used 472296K [0x0000000080000000, 0x000000009cd80000, 0x00000000d5580000)
  object space 472576K, 99% used [0x0000000080000000,0x000000009cd3a108,0x000000009cd80000)
 Metaspace       used 77494K, committed 79104K, reserved 1179648K
  class space    used 7999K, committed 8704K, reserved 1048576K
}
Event: 113.270 GC heap before
{Heap before GC invocations=1317 (full 4):
 PSYoungGen      total 3584K, used 3391K [0x00000000d5580000, 0x00000000d5d00000, 0x0000000100000000)
  eden space 3072K, 99% used [0x00000000d5580000,0x00000000d587ffe8,0x00000000d5880000)
  from space 512K, 62% used [0x00000000d5c80000,0x00000000d5cd0000,0x00000000d5d00000)
  to   space 512K, 0% used [0x00000000d5c00000,0x00000000d5c00000,0x00000000d5c80000)
 ParOldGen       total 472576K, used 472296K [0x0000000080000000, 0x000000009cd80000, 0x00000000d5580000)
  object space 472576K, 99% used [0x0000000080000000,0x000000009cd3a108,0x000000009cd80000)
 Metaspace       used 77967K, committed 79552K, reserved 1179648K
  class space    used 8047K, committed 8704K, reserved 1048576K
}
Event: 113.276 GC heap after
{Heap after GC invocations=1317 (full 4):
 PSYoungGen      total 3584K, used 433K [0x00000000d5580000, 0x00000000d5d00000, 0x0000000100000000)
  eden space 3072K, 0% used [0x00000000d5580000,0x00000000d5580000,0x00000000d5880000)
  from space 512K, 84% used [0x00000000d5c00000,0x00000000d5c6c4e0,0x00000000d5c80000)
  to   space 512K, 0% used [0x00000000d5c80000,0x00000000d5c80000,0x00000000d5d00000)
 ParOldGen       total 472576K, used 472384K [0x0000000080000000, 0x000000009cd80000, 0x00000000d5580000)
  object space 472576K, 99% used [0x0000000080000000,0x000000009cd50108,0x000000009cd80000)
 Metaspace       used 77967K, committed 79552K, reserved 1179648K
  class space    used 8047K, committed 8704K, reserved 1048576K
}
Event: 113.331 GC heap before
{Heap before GC invocations=1318 (full 4):
 PSYoungGen      total 3584K, used 3503K [0x00000000d5580000, 0x00000000d5d00000, 0x0000000100000000)
  eden space 3072K, 99% used [0x00000000d5580000,0x00000000d587f9e8,0x00000000d5880000)
  from space 512K, 84% used [0x00000000d5c00000,0x00000000d5c6c4e0,0x00000000d5c80000)
  to   space 512K, 0% used [0x00000000d5c80000,0x00000000d5c80000,0x00000000d5d00000)
 ParOldGen       total 472576K, used 472384K [0x0000000080000000, 0x000000009cd80000, 0x00000000d5580000)
  object space 472576K, 99% used [0x0000000080000000,0x000000009cd50108,0x000000009cd80000)
 Metaspace       used 78382K, committed 80000K, reserved 1179648K
  class space    used 8086K, committed 8768K, reserved 1048576K
}
Event: 113.333 GC heap after
{Heap after GC invocations=1318 (full 4):
 PSYoungGen      total 3584K, used 288K [0x00000000d5580000, 0x00000000d5d00000, 0x0000000100000000)
  eden space 3072K, 0% used [0x00000000d5580000,0x00000000d5580000,0x00000000d5880000)
  from space 512K, 56% used [0x00000000d5c80000,0x00000000d5cc8020,0x00000000d5d00000)
  to   space 512K, 0% used [0x00000000d5c00000,0x00000000d5c00000,0x00000000d5c80000)
 ParOldGen       total 472576K, used 472558K [0x0000000080000000, 0x000000009cd80000, 0x00000000d5580000)
  object space 472576K, 99% used [0x0000000080000000,0x000000009cd7bbe8,0x000000009cd80000)
 Metaspace       used 78382K, committed 80000K, reserved 1179648K
  class space    used 8086K, committed 8768K, reserved 1048576K
}
Event: 113.372 GC heap before
{Heap before GC invocations=1319 (full 4):
 PSYoungGen      total 3584K, used 3254K [0x00000000d5580000, 0x00000000d5d00000, 0x0000000100000000)
  eden space 3072K, 96% used [0x00000000d5580000,0x00000000d5865ad0,0x00000000d5880000)
  from space 512K, 56% used [0x00000000d5c80000,0x00000000d5cc8020,0x00000000d5d00000)
  to   space 512K, 0% used [0x00000000d5c00000,0x00000000d5c00000,0x00000000d5c80000)
 ParOldGen       total 472576K, used 472558K [0x0000000080000000, 0x000000009cd80000, 0x00000000d5580000)
  object space 472576K, 99% used [0x0000000080000000,0x000000009cd7bbe8,0x000000009cd80000)
 Metaspace       used 78576K, committed 80256K, reserved 1179648K
  class space    used 8133K, committed 8832K, reserved 1048576K
}
Event: 113.374 GC heap after
{Heap after GC invocations=1319 (full 4):
 PSYoungGen      total 3584K, used 383K [0x00000000d5580000, 0x00000000d5d00000, 0x0000000100000000)
  eden space 3072K, 0% used [0x00000000d5580000,0x00000000d5580000,0x00000000d5880000)
  from space 512K, 74% used [0x00000000d5c00000,0x00000000d5c5fc28,0x00000000d5c80000)
  to   space 512K, 0% used [0x00000000d5c80000,0x00000000d5c80000,0x00000000d5d00000)
 ParOldGen       total 473088K, used 472902K [0x0000000080000000, 0x000000009ce00000, 0x00000000d5580000)
  object space 473088K, 99% used [0x0000000080000000,0x000000009cdd1830,0x000000009ce00000)
 Metaspace       used 78576K, committed 80256K, reserved 1179648K
  class space    used 8133K, committed 8832K, reserved 1048576K
}
Event: 113.428 GC heap before
{Heap before GC invocations=1320 (full 4):
 PSYoungGen      total 3584K, used 3455K [0x00000000d5580000, 0x00000000d5d00000, 0x0000000100000000)
  eden space 3072K, 100% used [0x00000000d5580000,0x00000000d5880000,0x00000000d5880000)
  from space 512K, 74% used [0x00000000d5c00000,0x00000000d5c5fc28,0x00000000d5c80000)
  to   space 512K, 0% used [0x00000000d5c80000,0x00000000d5c80000,0x00000000d5d00000)
 ParOldGen       total 473088K, used 472902K [0x0000000080000000, 0x000000009ce00000, 0x00000000d5580000)
  object space 473088K, 99% used [0x0000000080000000,0x000000009cdd1830,0x000000009ce00000)
 Metaspace       used 79145K, committed 80768K, reserved 1179648K
  class space    used 8188K, committed 8832K, reserved 1048576K
}
Event: 113.431 GC heap after
{Heap after GC invocations=1320 (full 4):
 PSYoungGen      total 3584K, used 336K [0x00000000d5580000, 0x00000000d5d00000, 0x0000000100000000)
  eden space 3072K, 0% used [0x00000000d5580000,0x00000000d5580000,0x00000000d5880000)
  from space 512K, 65% used [0x00000000d5c80000,0x00000000d5cd4010,0x00000000d5d00000)
  to   space 512K, 0% used [0x00000000d5c00000,0x00000000d5c00000,0x00000000d5c80000)
 ParOldGen       total 473088K, used 472942K [0x0000000080000000, 0x000000009ce00000, 0x00000000d5580000)
  object space 473088K, 99% used [0x0000000080000000,0x000000009cddb830,0x000000009ce00000)
 Metaspace       used 79145K, committed 80768K, reserved 1179648K
  class space    used 8188K, committed 8832K, reserved 1048576K
}
Event: 113.486 GC heap before
{Heap before GC invocations=1321 (full 4):
 PSYoungGen      total 3584K, used 3408K [0x00000000d5580000, 0x00000000d5d00000, 0x0000000100000000)
  eden space 3072K, 100% used [0x00000000d5580000,0x00000000d5880000,0x00000000d5880000)
  from space 512K, 65% used [0x00000000d5c80000,0x00000000d5cd4010,0x00000000d5d00000)
  to   space 512K, 0% used [0x00000000d5c00000,0x00000000d5c00000,0x00000000d5c80000)
 ParOldGen       total 473088K, used 472942K [0x0000000080000000, 0x000000009ce00000, 0x00000000d5580000)
  object space 473088K, 99% used [0x0000000080000000,0x000000009cddb830,0x000000009ce00000)
 Metaspace       used 79358K, committed 80960K, reserved 1179648K
  class space    used 8248K, committed 8896K, reserved 1048576K
}
Event: 113.489 GC heap after
{Heap after GC invocations=1321 (full 4):
 PSYoungGen      total 3584K, used 192K [0x00000000d5580000, 0x00000000d5d00000, 0x0000000100000000)
  eden space 3072K, 0% used [0x00000000d5580000,0x00000000d5580000,0x00000000d5880000)
  from space 512K, 37% used [0x00000000d5c00000,0x00000000d5c30000,0x00000000d5c80000)
  to   space 512K, 0% used [0x00000000d5c80000,0x00000000d5c80000,0x00000000d5d00000)
 ParOldGen       total 473088K, used 473078K [0x0000000080000000, 0x000000009ce00000, 0x00000000d5580000)
  object space 473088K, 99% used [0x0000000080000000,0x000000009cdfd860,0x000000009ce00000)
 Metaspace       used 79358K, committed 80960K, reserved 1179648K
  class space    used 8248K, committed 8896K, reserved 1048576K
}
Event: 113.532 GC heap before
{Heap before GC invocations=1322 (full 4):
 PSYoungGen      total 3584K, used 3264K [0x00000000d5580000, 0x00000000d5d00000, 0x0000000100000000)
  eden space 3072K, 100% used [0x00000000d5580000,0x00000000d5880000,0x00000000d5880000)
  from space 512K, 37% used [0x00000000d5c00000,0x00000000d5c30000,0x00000000d5c80000)
  to   space 512K, 0% used [0x00000000d5c80000,0x00000000d5c80000,0x00000000d5d00000)
 ParOldGen       total 473088K, used 473078K [0x0000000080000000, 0x000000009ce00000, 0x00000000d5580000)
  object space 473088K, 99% used [0x0000000080000000,0x000000009cdfd860,0x000000009ce00000)
 Metaspace       used 79701K, committed 81280K, reserved 1179648K
  class space    used 8311K, committed 8960K, reserved 1048576K
}
Event: 113.535 GC heap after
{Heap after GC invocations=1322 (full 4):
 PSYoungGen      total 3584K, used 256K [0x00000000d5580000, 0x00000000d5d00000, 0x0000000100000000)
  eden space 3072K, 0% used [0x00000000d5580000,0x00000000d5580000,0x00000000d5880000)
  from space 512K, 50% used [0x00000000d5c80000,0x00000000d5cc0000,0x00000000d5d00000)
  to   space 512K, 0% used [0x00000000d5c00000,0x00000000d5c00000,0x00000000d5c80000)
 ParOldGen       total 473600K, used 473126K [0x0000000080000000, 0x000000009ce80000, 0x00000000d5580000)
  object space 473600K, 99% used [0x0000000080000000,0x000000009ce09860,0x000000009ce80000)
 Metaspace       used 79701K, committed 81280K, reserved 1179648K
  class space    used 8311K, committed 8960K, reserved 1048576K
}
Event: 113.597 GC heap before
{Heap before GC invocations=1323 (full 4):
 PSYoungGen      total 3584K, used 3328K [0x00000000d5580000, 0x00000000d5d00000, 0x0000000100000000)
  eden space 3072K, 100% used [0x00000000d5580000,0x00000000d5880000,0x00000000d5880000)
  from space 512K, 50% used [0x00000000d5c80000,0x00000000d5cc0000,0x00000000d5d00000)
  to   space 512K, 0% used [0x00000000d5c00000,0x00000000d5c00000,0x00000000d5c80000)
 ParOldGen       total 473600K, used 473126K [0x0000000080000000, 0x000000009ce80000, 0x00000000d5580000)
  object space 473600K, 99% used [0x0000000080000000,0x000000009ce09860,0x000000009ce80000)
 Metaspace       used 80070K, committed 81728K, reserved 1179648K
  class space    used 8352K, committed 9024K, reserved 1048576K
}
Event: 113.600 GC heap after
{Heap after GC invocations=1323 (full 4):
 PSYoungGen      total 3584K, used 288K [0x00000000d5580000, 0x00000000d5d00000, 0x0000000100000000)
  eden space 3072K, 0% used [0x00000000d5580000,0x00000000d5580000,0x00000000d5880000)
  from space 512K, 56% used [0x00000000d5c00000,0x00000000d5c48000,0x00000000d5c80000)
  to   space 512K, 0% used [0x00000000d5c80000,0x00000000d5c80000,0x00000000d5d00000)
 ParOldGen       total 473600K, used 473222K [0x0000000080000000, 0x000000009ce80000, 0x00000000d5580000)
  object space 473600K, 99% used [0x0000000080000000,0x000000009ce21860,0x000000009ce80000)
 Metaspace       used 80070K, committed 81728K, reserved 1179648K
  class space    used 8352K, committed 9024K, reserved 1048576K
}
Event: 115.243 GC heap before
{Heap before GC invocations=1324 (full 4):
 PSYoungGen      total 3584K, used 3360K [0x00000000d5580000, 0x00000000d5d00000, 0x0000000100000000)
  eden space 3072K, 100% used [0x00000000d5580000,0x00000000d5880000,0x00000000d5880000)
  from space 512K, 56% used [0x00000000d5c00000,0x00000000d5c48000,0x00000000d5c80000)
  to   space 512K, 0% used [0x00000000d5c80000,0x00000000d5c80000,0x00000000d5d00000)
 ParOldGen       total 473600K, used 473222K [0x0000000080000000, 0x000000009ce80000, 0x00000000d5580000)
  object space 473600K, 99% used [0x0000000080000000,0x000000009ce21860,0x000000009ce80000)
 Metaspace       used 80457K, committed 82112K, reserved 1179648K
  class space    used 8412K, committed 9152K, reserved 1048576K
}
Event: 115.244 GC heap after
{Heap after GC invocations=1324 (full 4):
 PSYoungGen      total 3584K, used 352K [0x00000000d5580000, 0x00000000d5d00000, 0x0000000100000000)
  eden space 3072K, 0% used [0x00000000d5580000,0x00000000d5580000,0x00000000d5880000)
  from space 512K, 68% used [0x00000000d5c80000,0x00000000d5cd8000,0x00000000d5d00000)
  to   space 512K, 0% used [0x00000000d5c00000,0x00000000d5c00000,0x00000000d5c80000)
 ParOldGen       total 473600K, used 473326K [0x0000000080000000, 0x000000009ce80000, 0x00000000d5580000)
  object space 473600K, 99% used [0x0000000080000000,0x000000009ce3b870,0x000000009ce80000)
 Metaspace       used 80457K, committed 82112K, reserved 1179648K
  class space    used 8412K, committed 9152K, reserved 1048576K
}

Dll operation events (12 events):
Event: 0.006 Loaded shared library c:\Users\IBYTE\.vscode\extensions\redhat.java-1.39.0-win32-x64\jre\21.0.5-win32-x86_64\bin\java.dll
Event: 0.066 Loaded shared library c:\Users\IBYTE\.vscode\extensions\redhat.java-1.39.0-win32-x64\jre\21.0.5-win32-x86_64\bin\zip.dll
Event: 0.086 Loaded shared library C:\Users\IBYTE\.vscode\extensions\redhat.java-1.39.0-win32-x64\jre\21.0.5-win32-x86_64\bin\instrument.dll
Event: 0.090 Loaded shared library C:\Users\IBYTE\.vscode\extensions\redhat.java-1.39.0-win32-x64\jre\21.0.5-win32-x86_64\bin\net.dll
Event: 0.092 Loaded shared library C:\Users\IBYTE\.vscode\extensions\redhat.java-1.39.0-win32-x64\jre\21.0.5-win32-x86_64\bin\nio.dll
Event: 0.094 Loaded shared library C:\Users\IBYTE\.vscode\extensions\redhat.java-1.39.0-win32-x64\jre\21.0.5-win32-x86_64\bin\zip.dll
Event: 0.108 Loaded shared library C:\Users\IBYTE\.vscode\extensions\redhat.java-1.39.0-win32-x64\jre\21.0.5-win32-x86_64\bin\jimage.dll
Event: 0.163 Loaded shared library c:\Users\IBYTE\.vscode\extensions\redhat.java-1.39.0-win32-x64\jre\21.0.5-win32-x86_64\bin\verify.dll
Event: 1.254 Loaded shared library C:\Users\IBYTE\AppData\Roaming\Code\User\globalStorage\redhat.java\1.39.0\config_win\org.eclipse.equinox.launcher\org.eclipse.equinox.launcher.win32.win32.x86_64_1.2.1100.v20240722-2106\eclipse_11904.dll
Event: 2.615 Loaded shared library C:\Users\IBYTE\AppData\Local\Temp\jna-69471441\jna3338155806964192550.dll
Event: 94.367 Loaded shared library C:\Users\IBYTE\.vscode\extensions\redhat.java-1.39.0-win32-x64\jre\21.0.5-win32-x86_64\bin\sunmscapi.dll
Event: 94.616 Loaded shared library C:\Users\IBYTE\.vscode\extensions\redhat.java-1.39.0-win32-x64\jre\21.0.5-win32-x86_64\bin\extnet.dll

Deoptimization events (20 events):
Event: 114.879 Thread 0x0000022c76673f20 Uncommon trap: trap_request=0xffffff45 fr.pc=0x0000022c1f9d9920 relative=0x00000000000009c0
Event: 114.879 Thread 0x0000022c76673f20 Uncommon trap: reason=unstable_if action=reinterpret pc=0x0000022c1f9d9920 method=sun.nio.fs.WindowsPath.normalize()Lsun/nio/fs/WindowsPath; @ 119 c2
Event: 114.879 Thread 0x0000022c76673f20 DEOPT PACKING pc=0x0000022c1f9d9920 sp=0x000000d4626fe750
Event: 114.879 Thread 0x0000022c76673f20 DEOPT UNPACKING pc=0x0000022c1ed23aa2 sp=0x000000d4626fe6e8 mode 2
Event: 115.244 Thread 0x0000022c145003e0 Uncommon trap: trap_request=0xffffffde fr.pc=0x0000022c1fac08cc relative=0x000000000000028c
Event: 115.244 Thread 0x0000022c145003e0 Uncommon trap: reason=class_check action=maybe_recompile pc=0x0000022c1fac08cc method=jdk.internal.ref.PhantomCleanable.clean()V @ 12 c2
Event: 115.244 Thread 0x0000022c145003e0 DEOPT PACKING pc=0x0000022c1fac08cc sp=0x000000d45cafeec0
Event: 115.244 Thread 0x0000022c145003e0 DEOPT UNPACKING pc=0x0000022c1ed23aa2 sp=0x000000d45cafeea0 mode 2
Event: 115.245 Thread 0x0000022c145003e0 Uncommon trap: trap_request=0xffffffde fr.pc=0x0000022c1fac08cc relative=0x000000000000028c
Event: 115.245 Thread 0x0000022c145003e0 Uncommon trap: reason=class_check action=maybe_recompile pc=0x0000022c1fac08cc method=jdk.internal.ref.PhantomCleanable.clean()V @ 12 c2
Event: 115.245 Thread 0x0000022c145003e0 DEOPT PACKING pc=0x0000022c1fac08cc sp=0x000000d45cafeec0
Event: 115.245 Thread 0x0000022c145003e0 DEOPT UNPACKING pc=0x0000022c1ed23aa2 sp=0x000000d45cafeea0 mode 2
Event: 115.245 Thread 0x0000022c145003e0 Uncommon trap: trap_request=0xffffffde fr.pc=0x0000022c1fac08cc relative=0x000000000000028c
Event: 115.245 Thread 0x0000022c145003e0 Uncommon trap: reason=class_check action=maybe_recompile pc=0x0000022c1fac08cc method=jdk.internal.ref.PhantomCleanable.clean()V @ 12 c2
Event: 115.245 Thread 0x0000022c145003e0 DEOPT PACKING pc=0x0000022c1fac08cc sp=0x000000d45cafeec0
Event: 115.245 Thread 0x0000022c145003e0 DEOPT UNPACKING pc=0x0000022c1ed23aa2 sp=0x000000d45cafeea0 mode 2
Event: 115.245 Thread 0x0000022c145003e0 Uncommon trap: trap_request=0xffffffde fr.pc=0x0000022c1fac08cc relative=0x000000000000028c
Event: 115.245 Thread 0x0000022c145003e0 Uncommon trap: reason=class_check action=maybe_recompile pc=0x0000022c1fac08cc method=jdk.internal.ref.PhantomCleanable.clean()V @ 12 c2
Event: 115.245 Thread 0x0000022c145003e0 DEOPT PACKING pc=0x0000022c1fac08cc sp=0x000000d45cafeec0
Event: 115.245 Thread 0x0000022c145003e0 DEOPT UNPACKING pc=0x0000022c1ed23aa2 sp=0x000000d45cafeea0 mode 2

Classes loaded (20 events):
Event: 114.877 Loading class java/util/stream/IntPipeline$1$1
Event: 114.877 Loading class java/util/stream/Sink$ChainedInt
Event: 114.877 Loading class java/util/stream/Sink$ChainedInt done
Event: 114.877 Loading class java/util/stream/IntPipeline$1$1 done
Event: 114.879 Loading class java/lang/ProcessBuilder
Event: 114.879 Loading class java/lang/ProcessBuilder done
Event: 114.879 Loading class java/lang/ProcessImpl
Event: 114.880 Loading class java/lang/ProcessImpl done
Event: 114.884 Loading class java/lang/ProcessImpl$2
Event: 114.884 Loading class java/lang/ProcessImpl$2 done
Event: 114.884 Loading class java/lang/Process$PipeInputStream
Event: 114.884 Loading class java/lang/Process$PipeInputStream done
Event: 114.888 Loading class jdk/internal/event/ProcessStartEvent
Event: 114.888 Loading class jdk/internal/event/ProcessStartEvent done
Event: 115.242 Loading class java/lang/ProcessHandleImpl$ExitCompletion
Event: 115.242 Loading class java/lang/ProcessHandleImpl$ExitCompletion done
Event: 115.242 Loading class java/lang/ProcessHandleImpl$1
Event: 115.242 Loading class java/lang/ProcessHandleImpl$1 done
Event: 115.242 Loading class java/util/concurrent/CompletableFuture$UniHandle
Event: 115.243 Loading class java/util/concurrent/CompletableFuture$UniHandle done

Classes unloaded (11 events):
Event: 3.323 Thread 0x0000022c121cff90 Unloading class 0x0000022c2c1a1400 'java/lang/invoke/LambdaForm$MH+0x0000022c2c1a1400'
Event: 3.323 Thread 0x0000022c121cff90 Unloading class 0x0000022c2c1a1000 'java/lang/invoke/LambdaForm$MH+0x0000022c2c1a1000'
Event: 3.323 Thread 0x0000022c121cff90 Unloading class 0x0000022c2c1a0c00 'java/lang/invoke/LambdaForm$MH+0x0000022c2c1a0c00'
Event: 3.323 Thread 0x0000022c121cff90 Unloading class 0x0000022c2c1a0800 'java/lang/invoke/LambdaForm$MH+0x0000022c2c1a0800'
Event: 3.323 Thread 0x0000022c121cff90 Unloading class 0x0000022c2c1a0400 'java/lang/invoke/LambdaForm$BMH+0x0000022c2c1a0400'
Event: 3.323 Thread 0x0000022c121cff90 Unloading class 0x0000022c2c1a0000 'java/lang/invoke/LambdaForm$DMH+0x0000022c2c1a0000'
Event: 3.323 Thread 0x0000022c121cff90 Unloading class 0x0000022c2c19ec00 'java/lang/invoke/LambdaForm$DMH+0x0000022c2c19ec00'
Event: 7.824 Thread 0x0000022c121cff90 Unloading class 0x0000022c2c660400 'java/lang/invoke/LambdaForm$DMH+0x0000022c2c660400'
Event: 7.824 Thread 0x0000022c121cff90 Unloading class 0x0000022c2c660000 'java/lang/invoke/LambdaForm$DMH+0x0000022c2c660000'
Event: 7.824 Thread 0x0000022c121cff90 Unloading class 0x0000022c2c659c00 'java/lang/invoke/LambdaForm$DMH+0x0000022c2c659c00'
Event: 7.824 Thread 0x0000022c121cff90 Unloading class 0x0000022c2c659400 'java/lang/invoke/LambdaForm$DMH+0x0000022c2c659400'

Classes redefined (0 events):
No events

Internal exceptions (20 events):
Event: 112.883 Thread 0x0000022c75327a00 Exception <a 'sun/nio/fs/WindowsException'{0x00000000d5584fb8}> (0x00000000d5584fb8) 
thrown [s\src\hotspot\share\prims\jni.cpp, line 520]
Event: 112.884 Thread 0x0000022c75327a00 Exception <a 'sun/nio/fs/WindowsException'{0x00000000d5586718}> (0x00000000d5586718) 
thrown [s\src\hotspot\share\prims\jni.cpp, line 520]
Event: 112.884 Thread 0x0000022c75327a00 Exception <a 'sun/nio/fs/WindowsException'{0x00000000d5587a20}> (0x00000000d5587a20) 
thrown [s\src\hotspot\share\prims\jni.cpp, line 520]
Event: 112.889 Thread 0x0000022c75327a00 Exception <a 'sun/nio/fs/WindowsException'{0x00000000d55aab48}> (0x00000000d55aab48) 
thrown [s\src\hotspot\share\prims\jni.cpp, line 520]
Event: 112.889 Thread 0x0000022c75327a00 Exception <a 'sun/nio/fs/WindowsException'{0x00000000d55ab428}> (0x00000000d55ab428) 
thrown [s\src\hotspot\share\prims\jni.cpp, line 520]
Event: 113.279 Thread 0x0000022c76678750 Exception <a 'java/io/FileNotFoundException'{0x00000000d558c618}> (0x00000000d558c618) 
thrown [s\src\hotspot\share\prims\jni.cpp, line 520]
Event: 113.520 Thread 0x0000022c76678750 Exception <a 'java/lang/NoSuchMethodError'{0x00000000d57ba268}: 'java.lang.Object java.lang.invoke.DirectMethodHandle$Holder.invokeVirtual(java.lang.Object, java.lang.Object, java.lang.Object, java.lang.Object)'> (0x00000000d57ba268) 
thrown [s\src\hotspot\share\interpreter\linkResolver.cpp, line 773]
Event: 113.606 Thread 0x0000022c76673890 Exception <a 'java/lang/NoSuchMethodError'{0x00000000d55abfd8}: 'java.lang.Object java.lang.invoke.DirectMethodHandle$Holder.invokeStatic(java.lang.Object, long, java.lang.Object, java.lang.Object)'> (0x00000000d55abfd8) 
thrown [s\src\hotspot\share\interpreter\linkResolver.cpp, line 773]
Event: 113.649 Thread 0x0000022c76673890 Exception <a 'sun/nio/fs/WindowsException'{0x00000000d56558e0}> (0x00000000d56558e0) 
thrown [s\src\hotspot\share\prims\jni.cpp, line 520]
Event: 113.650 Thread 0x0000022c76673890 Exception <a 'sun/nio/fs/WindowsException'{0x00000000d5656bd8}> (0x00000000d5656bd8) 
thrown [s\src\hotspot\share\prims\jni.cpp, line 520]
Event: 113.682 Thread 0x0000022c76673890 Exception <a 'java/lang/NoSuchMethodError'{0x00000000d56e45c0}: 'void java.lang.invoke.DirectMethodHandle$Holder.invokeStatic(java.lang.Object, java.lang.Object, java.lang.Object, java.lang.Object, java.lang.Object, java.lang.Object, java.lang.Object)'> (0x00000000d56e45c0) 
thrown [s\src\hotspot\share\interpreter\linkResolver.cpp, line 773]
Event: 114.853 Thread 0x0000022c76673f20 Exception <a 'java/lang/NoSuchMethodError'{0x00000000d574eca0}: 'long java.lang.invoke.DelegatingMethodHandle$Holder.reinvoke_L(java.lang.Object, java.lang.Object)'> (0x00000000d574eca0) 
thrown [s\src\hotspot\share\interpreter\linkResolver.cpp, line 773]
Event: 114.853 Thread 0x0000022c76673f20 Exception <a 'java/lang/NoSuchMethodError'{0x00000000d5758e08}: 'void java.lang.invoke.DelegatingMethodHandle$Holder.reinvoke_L(java.lang.Object, java.lang.Object, long)'> (0x00000000d5758e08) 
thrown [s\src\hotspot\share\interpreter\linkResolver.cpp, line 773]
Event: 114.878 Thread 0x0000022c76673f20 Exception <a 'sun/nio/fs/WindowsException'{0x00000000d57ca560}> (0x00000000d57ca560) 
thrown [s\src\hotspot\share\prims\jni.cpp, line 520]
Event: 114.883 Thread 0x0000022c76673f20 Exception <a 'java/lang/NoSuchMethodError'{0x00000000d57d80f0}: 'void java.lang.invoke.DirectMethodHandle$Holder.invokeStatic(java.lang.Object, long)'> (0x00000000d57d80f0) 
thrown [s\src\hotspot\share\interpreter\linkResolver.cpp, line 773]
Event: 114.951 Thread 0x0000022c76673f20 Exception <a 'sun/nio/fs/WindowsException'{0x00000000d57fb010}> (0x00000000d57fb010) 
thrown [s\src\hotspot\share\prims\jni.cpp, line 520]
Event: 115.040 Thread 0x0000022c76673f20 Exception <a 'sun/nio/fs/WindowsException'{0x00000000d580ba50}> (0x00000000d580ba50) 
thrown [s\src\hotspot\share\prims\jni.cpp, line 520]
Event: 115.133 Thread 0x0000022c76673f20 Exception <a 'sun/nio/fs/WindowsException'{0x00000000d581cee8}> (0x00000000d581cee8) 
thrown [s\src\hotspot\share\prims\jni.cpp, line 520]
Event: 115.202 Thread 0x0000022c76673f20 Exception <a 'sun/nio/fs/WindowsException'{0x00000000d582c348}> (0x00000000d582c348) 
thrown [s\src\hotspot\share\prims\jni.cpp, line 520]
Event: 115.243 Thread 0x0000022c76673f20 Exception <a 'java/lang/NoSuchMethodError'{0x00000000d587f1c8}: 'long java.lang.invoke.Invokers$Holder.invokeExact_MT(java.lang.Object, java.lang.Object, java.lang.Object)'> (0x00000000d587f1c8) 
thrown [s\src\hotspot\share\interpreter\linkResolver.cpp, line 773]

ZGC Phase Switch (0 events):
No events

VM Operations (20 events):
Event: 113.678 Executing VM operation: HandshakeAllThreads (Deoptimize)
Event: 113.678 Executing VM operation: HandshakeAllThreads (Deoptimize) done
Event: 114.688 Executing VM operation: Cleanup
Event: 114.688 Executing VM operation: Cleanup done
Event: 114.885 Executing VM operation: HandshakeAllThreads (Deoptimize)
Event: 114.886 Executing VM operation: HandshakeAllThreads (Deoptimize) done
Event: 114.887 Executing VM operation: HandshakeAllThreads (Deoptimize)
Event: 114.887 Executing VM operation: HandshakeAllThreads (Deoptimize) done
Event: 115.243 Executing VM operation: ParallelGCFailedAllocation (Allocation Failure)
Event: 115.244 Executing VM operation: ParallelGCFailedAllocation (Allocation Failure) done
Event: 116.248 Executing VM operation: Cleanup
Event: 116.248 Executing VM operation: Cleanup done
Event: 120.435 Executing VM operation: HandshakeAllThreads (HandshakeForDeflation)
Event: 120.435 Executing VM operation: HandshakeAllThreads (HandshakeForDeflation) done
Event: 120.435 Executing VM operation: RendezvousGCThreads
Event: 120.435 Executing VM operation: RendezvousGCThreads done
Event: 122.451 Executing VM operation: Cleanup
Event: 122.451 Executing VM operation: Cleanup done
Event: 133.566 Executing VM operation: Cleanup
Event: 133.566 Executing VM operation: Cleanup done

Memory protections (0 events):
No events

Nmethod flushes (20 events):
Event: 31.133 Thread 0x0000022c121cff90 flushing  nmethod 0x0000022c1898dd90
Event: 31.133 Thread 0x0000022c121cff90 flushing  nmethod 0x0000022c189c1f90
Event: 31.133 Thread 0x0000022c121cff90 flushing  nmethod 0x0000022c189ea390
Event: 31.133 Thread 0x0000022c121cff90 flushing  nmethod 0x0000022c189eb410
Event: 31.133 Thread 0x0000022c121cff90 flushing  nmethod 0x0000022c189ec710
Event: 31.133 Thread 0x0000022c121cff90 flushing  nmethod 0x0000022c189ecf10
Event: 31.133 Thread 0x0000022c121cff90 flushing  nmethod 0x0000022c189ed990
Event: 31.133 Thread 0x0000022c121cff90 flushing  nmethod 0x0000022c189ee210
Event: 31.133 Thread 0x0000022c121cff90 flushing  nmethod 0x0000022c189f0410
Event: 31.133 Thread 0x0000022c121cff90 flushing  nmethod 0x0000022c189f0a90
Event: 31.133 Thread 0x0000022c121cff90 flushing  nmethod 0x0000022c189f0f10
Event: 31.133 Thread 0x0000022c121cff90 flushing  nmethod 0x0000022c18a2ad10
Event: 31.133 Thread 0x0000022c121cff90 flushing  nmethod 0x0000022c18a2bb10
Event: 31.133 Thread 0x0000022c121cff90 flushing  nmethod 0x0000022c18a2c290
Event: 31.133 Thread 0x0000022c121cff90 flushing  nmethod 0x0000022c18a2d010
Event: 31.133 Thread 0x0000022c121cff90 flushing  nmethod 0x0000022c18a2d490
Event: 31.133 Thread 0x0000022c121cff90 flushing  nmethod 0x0000022c18a2da90
Event: 31.133 Thread 0x0000022c121cff90 flushing  nmethod 0x0000022c18a3b110
Event: 31.133 Thread 0x0000022c121cff90 flushing  nmethod 0x0000022c18a3b910
Event: 31.133 Thread 0x0000022c121cff90 flushing  nmethod 0x0000022c18a57b90

Events (20 events):
Event: 94.821 Thread 0x0000022c76675ff0 Thread exited: 0x0000022c76675ff0
Event: 95.986 Thread 0x0000022c7312af10 Thread exited: 0x0000022c7312af10
Event: 96.078 Thread 0x0000022c753252a0 Thread added: 0x0000022c766773a0
Event: 96.078 Thread 0x0000022c766773a0 Thread exited: 0x0000022c766773a0
Event: 96.127 Thread 0x0000022c753252a0 Thread added: 0x0000022c766724e0
Event: 96.169 Thread 0x0000022c766724e0 Thread added: 0x0000022c76675960
Event: 101.176 Thread 0x0000022c766724e0 Thread exited: 0x0000022c766724e0
Event: 106.202 Thread 0x0000022c76675960 Thread exited: 0x0000022c76675960
Event: 106.246 Thread 0x0000022c6eb0cc70 Thread added: 0x0000022c766745b0
Event: 113.203 Thread 0x0000022c75327a00 Thread added: 0x0000022c76674c40
Event: 113.208 Thread 0x0000022c76674c40 Thread added: 0x0000022c76678750
Event: 113.414 Thread 0x0000022c76678750 Thread added: 0x0000022c76676680
Event: 113.422 Thread 0x0000022c76678750 Thread added: 0x0000022c76673200
Event: 113.596 Thread 0x0000022c76678750 Thread added: 0x0000022c76673890
Event: 113.680 Thread 0x0000022c76673890 Thread added: 0x0000022c766773a0
Event: 114.851 Thread 0x0000022c76678750 Thread added: 0x0000022c76673f20
Event: 114.851 Thread 0x0000022c766773a0 Thread exited: 0x0000022c766773a0
Event: 115.242 Thread 0x0000022c76673f20 Thread added: 0x0000022c76675960
Event: 115.246 Thread 0x0000022c76673f20 Thread exited: 0x0000022c76673f20
Event: 126.340 Thread 0x0000022c75b0fba0 Thread exited: 0x0000022c75b0fba0


Dynamic libraries:
0x00007ff7e1e30000 - 0x00007ff7e1e3e000 	c:\Users\IBYTE\.vscode\extensions\redhat.java-1.39.0-win32-x64\jre\21.0.5-win32-x86_64\bin\java.exe
0x00007ffb28f90000 - 0x00007ffb291a7000 	C:\WINDOWS\SYSTEM32\ntdll.dll
0x00007ffb27bd0000 - 0x00007ffb27c94000 	C:\WINDOWS\System32\KERNEL32.DLL
0x00007ffb265f0000 - 0x00007ffb269c0000 	C:\WINDOWS\System32\KERNELBASE.dll
0x00007ffb264d0000 - 0x00007ffb265e1000 	C:\WINDOWS\System32\ucrtbase.dll
0x00007ffb09330000 - 0x00007ffb09348000 	c:\Users\IBYTE\.vscode\extensions\redhat.java-1.39.0-win32-x64\jre\21.0.5-win32-x86_64\bin\jli.dll
0x00007ffb06340000 - 0x00007ffb0635e000 	c:\Users\IBYTE\.vscode\extensions\redhat.java-1.39.0-win32-x64\jre\21.0.5-win32-x86_64\bin\VCRUNTIME140.dll
0x00007ffb26ed0000 - 0x00007ffb2707e000 	C:\WINDOWS\System32\USER32.dll
0x00007ffb26270000 - 0x00007ffb26296000 	C:\WINDOWS\System32\win32u.dll
0x00007ffb0b9e0000 - 0x00007ffb0bc72000 	C:\WINDOWS\WinSxS\amd64_microsoft.windows.common-controls_6595b64144ccf1df_6.0.22621.4830_none_270fe7d773858e80\COMCTL32.dll
0x00007ffb27500000 - 0x00007ffb27529000 	C:\WINDOWS\System32\GDI32.dll
0x00007ffb27b20000 - 0x00007ffb27bc7000 	C:\WINDOWS\System32\msvcrt.dll
0x00007ffb269c0000 - 0x00007ffb26adb000 	C:\WINDOWS\System32\gdi32full.dll
0x00007ffb26be0000 - 0x00007ffb26c7a000 	C:\WINDOWS\System32\msvcp_win.dll
0x00007ffb28600000 - 0x00007ffb28631000 	C:\WINDOWS\System32\IMM32.DLL
0x00007ffb20b40000 - 0x00007ffb20b4c000 	c:\Users\IBYTE\.vscode\extensions\redhat.java-1.39.0-win32-x64\jre\21.0.5-win32-x86_64\bin\vcruntime140_1.dll
0x00007ffae4020000 - 0x00007ffae40ad000 	c:\Users\IBYTE\.vscode\extensions\redhat.java-1.39.0-win32-x64\jre\21.0.5-win32-x86_64\bin\msvcp140.dll
0x00007ffac7a30000 - 0x00007ffac87bf000 	c:\Users\IBYTE\.vscode\extensions\redhat.java-1.39.0-win32-x64\jre\21.0.5-win32-x86_64\bin\server\jvm.dll
0x00007ffb27530000 - 0x00007ffb275e1000 	C:\WINDOWS\System32\ADVAPI32.dll
0x00007ffb288b0000 - 0x00007ffb28957000 	C:\WINDOWS\System32\sechost.dll
0x00007ffb26240000 - 0x00007ffb26268000 	C:\WINDOWS\System32\bcrypt.dll
0x00007ffb28e30000 - 0x00007ffb28f44000 	C:\WINDOWS\System32\RPCRT4.dll
0x00007ffb28db0000 - 0x00007ffb28e21000 	C:\WINDOWS\System32\WS2_32.dll
0x00007ffb26060000 - 0x00007ffb260ad000 	C:\WINDOWS\SYSTEM32\POWRPROF.dll
0x00007ffb20900000 - 0x00007ffb20934000 	C:\WINDOWS\SYSTEM32\WINMM.dll
0x00007ffb10b60000 - 0x00007ffb10b6a000 	C:\WINDOWS\SYSTEM32\VERSION.dll
0x00007ffb26040000 - 0x00007ffb26053000 	C:\WINDOWS\SYSTEM32\UMPDC.dll
0x00007ffb25250000 - 0x00007ffb25268000 	C:\WINDOWS\SYSTEM32\kernel.appcore.dll
0x00007ffb07c50000 - 0x00007ffb07c5a000 	c:\Users\IBYTE\.vscode\extensions\redhat.java-1.39.0-win32-x64\jre\21.0.5-win32-x86_64\bin\jimage.dll
0x00007ffb23540000 - 0x00007ffb23772000 	C:\WINDOWS\SYSTEM32\DBGHELP.DLL
0x00007ffb28a20000 - 0x00007ffb28db0000 	C:\WINDOWS\System32\combase.dll
0x00007ffb27640000 - 0x00007ffb27717000 	C:\WINDOWS\System32\OLEAUT32.dll
0x00007ffb0a180000 - 0x00007ffb0a1b2000 	C:\WINDOWS\SYSTEM32\dbgcore.DLL
0x00007ffb26ae0000 - 0x00007ffb26b5b000 	C:\WINDOWS\System32\bcryptPrimitives.dll
0x00007ffb074e0000 - 0x00007ffb074ef000 	c:\Users\IBYTE\.vscode\extensions\redhat.java-1.39.0-win32-x64\jre\21.0.5-win32-x86_64\bin\instrument.dll
0x00007ffb05960000 - 0x00007ffb0597f000 	c:\Users\IBYTE\.vscode\extensions\redhat.java-1.39.0-win32-x64\jre\21.0.5-win32-x86_64\bin\java.dll
0x00007ffb27d00000 - 0x00007ffb28578000 	C:\WINDOWS\System32\SHELL32.dll
0x00007ffb24140000 - 0x00007ffb24a50000 	C:\WINDOWS\SYSTEM32\windows.storage.dll
0x00007ffb24000000 - 0x00007ffb2413f000 	C:\WINDOWS\SYSTEM32\wintypes.dll
0x00007ffb27750000 - 0x00007ffb2785a000 	C:\WINDOWS\System32\SHCORE.dll
0x00007ffb26c80000 - 0x00007ffb26cde000 	C:\WINDOWS\System32\shlwapi.dll
0x00007ffb26170000 - 0x00007ffb2619b000 	C:\WINDOWS\SYSTEM32\profapi.dll
0x00007ffafc2a0000 - 0x00007ffafc2b8000 	c:\Users\IBYTE\.vscode\extensions\redhat.java-1.39.0-win32-x64\jre\21.0.5-win32-x86_64\bin\zip.dll
0x00007ffb06310000 - 0x00007ffb06320000 	C:\Users\IBYTE\.vscode\extensions\redhat.java-1.39.0-win32-x64\jre\21.0.5-win32-x86_64\bin\net.dll
0x00007ffb22cd0000 - 0x00007ffb22dfc000 	C:\WINDOWS\SYSTEM32\WINHTTP.dll
0x00007ffb25700000 - 0x00007ffb25769000 	C:\WINDOWS\system32\mswsock.dll
0x00007ffafafb0000 - 0x00007ffafafc6000 	C:\Users\IBYTE\.vscode\extensions\redhat.java-1.39.0-win32-x64\jre\21.0.5-win32-x86_64\bin\nio.dll
0x00007ffb06150000 - 0x00007ffb06160000 	c:\Users\IBYTE\.vscode\extensions\redhat.java-1.39.0-win32-x64\jre\21.0.5-win32-x86_64\bin\verify.dll
0x00007ffae4ce0000 - 0x00007ffae4d25000 	C:\Users\IBYTE\AppData\Roaming\Code\User\globalStorage\redhat.java\1.39.0\config_win\org.eclipse.equinox.launcher\org.eclipse.equinox.launcher.win32.win32.x86_64_1.2.1100.v20240722-2106\eclipse_11904.dll
0x00007ffb27960000 - 0x00007ffb27b01000 	C:\WINDOWS\System32\ole32.dll
0x00007ffb25960000 - 0x00007ffb2597b000 	C:\WINDOWS\SYSTEM32\CRYPTSP.dll
0x00007ffb251b0000 - 0x00007ffb251e5000 	C:\WINDOWS\system32\rsaenh.dll
0x00007ffb257f0000 - 0x00007ffb25818000 	C:\WINDOWS\SYSTEM32\USERENV.dll
0x00007ffb25950000 - 0x00007ffb2595c000 	C:\WINDOWS\SYSTEM32\CRYPTBASE.dll
0x00007ffb24cf0000 - 0x00007ffb24d1d000 	C:\WINDOWS\SYSTEM32\IPHLPAPI.DLL
0x00007ffb28960000 - 0x00007ffb28969000 	C:\WINDOWS\System32\NSI.dll
0x00007ffad7900000 - 0x00007ffad7949000 	C:\Users\IBYTE\AppData\Local\Temp\jna-69471441\jna3338155806964192550.dll
0x00007ffb27b10000 - 0x00007ffb27b18000 	C:\WINDOWS\System32\PSAPI.DLL
0x00007ffb21990000 - 0x00007ffb219a9000 	C:\WINDOWS\SYSTEM32\dhcpcsvc6.DLL
0x00007ffb21970000 - 0x00007ffb2198f000 	C:\WINDOWS\SYSTEM32\dhcpcsvc.DLL
0x00007ffb11c50000 - 0x00007ffb11c5e000 	C:\Users\IBYTE\.vscode\extensions\redhat.java-1.39.0-win32-x64\jre\21.0.5-win32-x86_64\bin\sunmscapi.dll
0x00007ffb262a0000 - 0x00007ffb26406000 	C:\WINDOWS\System32\CRYPT32.dll
0x00007ffb25af0000 - 0x00007ffb25b1d000 	C:\WINDOWS\SYSTEM32\ncrypt.dll
0x00007ffb25ab0000 - 0x00007ffb25ae7000 	C:\WINDOWS\SYSTEM32\NTASN1.dll
0x00007ffb24d70000 - 0x00007ffb24e72000 	C:\WINDOWS\SYSTEM32\DNSAPI.dll
0x00007ffb21960000 - 0x00007ffb2196a000 	C:\Windows\System32\rasadhlp.dll
0x00007ffb21640000 - 0x00007ffb216c3000 	C:\WINDOWS\System32\fwpuclnt.dll
0x00007ffb11c40000 - 0x00007ffb11c49000 	C:\Users\IBYTE\.vscode\extensions\redhat.java-1.39.0-win32-x64\jre\21.0.5-win32-x86_64\bin\extnet.dll

dbghelp: loaded successfully - version: 4.0.5 - missing functions: none
symbol engine: initialized successfully - sym options: 0x614 - pdb path: .;c:\Users\IBYTE\.vscode\extensions\redhat.java-1.39.0-win32-x64\jre\21.0.5-win32-x86_64\bin;C:\WINDOWS\SYSTEM32;C:\WINDOWS\WinSxS\amd64_microsoft.windows.common-controls_6595b64144ccf1df_6.0.22621.4830_none_270fe7d773858e80;c:\Users\IBYTE\.vscode\extensions\redhat.java-1.39.0-win32-x64\jre\21.0.5-win32-x86_64\bin\server;C:\Users\IBYTE\AppData\Roaming\Code\User\globalStorage\redhat.java\1.39.0\config_win\org.eclipse.equinox.launcher\org.eclipse.equinox.launcher.win32.win32.x86_64_1.2.1100.v20240722-2106;C:\Users\IBYTE\AppData\Local\Temp\jna-69471441

VM Arguments:
jvm_args: --add-modules=ALL-SYSTEM --add-opens=java.base/java.util=ALL-UNNAMED --add-opens=java.base/java.lang=ALL-UNNAMED --add-opens=java.base/sun.nio.fs=ALL-UNNAMED -Declipse.application=org.eclipse.jdt.ls.core.id1 -Dosgi.bundles.defaultStartLevel=4 -Declipse.product=org.eclipse.jdt.ls.core.product -Djava.import.generatesMetadataFilesAtProjectRoot=false -DDetectVMInstallationsJob.disabled=true -Dfile.encoding=utf8 -XX:+UseParallelGC -XX:GCTimeRatio=4 -XX:AdaptiveSizePolicyWeight=90 -Dsun.zip.disableMemoryMapping=true -Xmx2G -Xms100m -Xlog:disable -javaagent:c:\Users\IBYTE\.vscode\extensions\redhat.java-1.39.0-win32-x64\lombok\lombok-1.18.34.jar -XX:+HeapDumpOnOutOfMemoryError -XX:HeapDumpPath=c:\Users\IBYTE\AppData\Roaming\Code\User\workspaceStorage\59ce07a759c63856ad17a90456c615a0\redhat.java -Daether.dependencyCollector.impl=bf 
java_command: c:\Users\IBYTE\.vscode\extensions\redhat.java-1.39.0-win32-x64\server\plugins\org.eclipse.equinox.launcher_1.6.900.v20240613-2009.jar -configuration c:\Users\IBYTE\AppData\Roaming\Code\User\globalStorage\redhat.java\1.39.0\config_win -data c:\Users\IBYTE\AppData\Roaming\Code\User\workspaceStorage\59ce07a759c63856ad17a90456c615a0\redhat.java\jdt_ws --pipe=\\.\pipe\lsp-4025b181ca15630b66edb66b9ee0ea6d-sock
java_class_path (initial): c:\Users\IBYTE\.vscode\extensions\redhat.java-1.39.0-win32-x64\server\plugins\org.eclipse.equinox.launcher_1.6.900.v20240613-2009.jar
Launcher Type: SUN_STANDARD

[Global flags]
    uintx AdaptiveSizePolicyWeight                 = 90                                        {product} {command line}
     intx CICompilerCount                          = 4                                         {product} {ergonomic}
    uintx GCTimeRatio                              = 4                                         {product} {command line}
     bool HeapDumpOnOutOfMemoryError               = true                                   {manageable} {command line}
    ccstr HeapDumpPath                             = c:\Users\IBYTE\AppData\Roaming\Code\User\workspaceStorage\59ce07a759c63856ad17a90456c615a0\redhat.java         {manageable} {command line}
   size_t InitialHeapSize                          = 104857600                                 {product} {command line}
   size_t MaxHeapSize                              = 2147483648                                {product} {command line}
   size_t MaxNewSize                               = 715653120                                 {product} {ergonomic}
   size_t MinHeapDeltaBytes                        = 524288                                    {product} {ergonomic}
   size_t MinHeapSize                              = 104857600                                 {product} {command line}
   size_t NewSize                                  = 34603008                                  {product} {ergonomic}
    uintx NonNMethodCodeHeapSize                   = 5839372                                {pd product} {ergonomic}
    uintx NonProfiledCodeHeapSize                  = 122909434                              {pd product} {ergonomic}
   size_t OldSize                                  = 70254592                                  {product} {ergonomic}
    uintx ProfiledCodeHeapSize                     = 122909434                              {pd product} {ergonomic}
    uintx ReservedCodeCacheSize                    = 251658240                              {pd product} {ergonomic}
     bool SegmentedCodeCache                       = true                                      {product} {ergonomic}
   size_t SoftMaxHeapSize                          = 2147483648                             {manageable} {ergonomic}
     bool UseCompressedOops                        = true                           {product lp64_product} {ergonomic}
     bool UseLargePagesIndividualAllocation        = false                                  {pd product} {ergonomic}
     bool UseParallelGC                            = true                                      {product} {command line}

Logging:
Log output configuration:
 #0: stdout all=off uptime,level,tags foldmultilines=false
 #1: stderr all=off uptime,level,tags foldmultilines=false

Environment Variables:
JAVA_HOME=C:\Program Files\Java\jdk-17\
PATH=C:\Windows\System32;C:\Program Files\Microsoft SQL Server\150\Tools\Binn\;C:\Program Files\Microsoft SQL Server\Client SDK\ODBC\170\Tools\Binn\;C:\Program Files\dotnet\;C:\Windows\System32\WindowsPowerShell\v1.0\;C:\Users\IBYTE\scripts;C:\Users\IBYTE\apache-maven-3.9.9-bin\bin;C:\Program Files\Java\apache-maven-3.9.7\bin;;C:\Program Files\Docker\Docker\resources\bin;C:\Program Files\MySQL\MySQL Shell 8.0\bin\;C:\Users\IBYTE\AppData\Local\Programs\Python\Python312\Scripts\;C:\Users\IBYTE\AppData\Local\Programs\Python\Python312\;C:\Users\IBYTE\AppData\Local\Programs\Python\Launcher\;C:\Users\IBYTE\AppData\Local\Microsoft\WindowsApps;C:\Users\IBYTE\AppData\Local\GitHubDesktop\bin;C:\Program Files\nodejs;C:\Users\IBYTE\AppData\Roaming\npm;C:\Users\IBYTE\.dotnet\tools;C:\Users\IBYTE\AppData\Local\Programs\Microsoft VS Code\bin;C:\Users\IBYTE\scripts;C:\Windows\System32;C:\cmder\bin;C:\Program Files\PostgreSQL\15\bin;C:\Program Files\MySQL\MySQL Server 8.0\bin;C:\Users\IBYTE\.dotnet\tools;C:\Program Files\Java\apache-maven-3.9.7\bin;C:\Program Files\Java\jdk-17\\bin;
USERNAME=IBYTE
OS=Windows_NT
PROCESSOR_IDENTIFIER=Intel64 Family 6 Model 154 Stepping 3, GenuineIntel
TMP=C:\Users\IBYTE\AppData\Local\Temp
TEMP=C:\Users\IBYTE\AppData\Local\Temp




Periodic native trim disabled

---------------  S Y S T E M  ---------------

OS:
 Windows 11 , 64 bit Build 22621 (10.0.22621.4830)
OS uptime: 1 days 0:00 hours
Hyper-V role detected

CPU: total 12 (initial active 12) (6 cores per cpu, 2 threads per core) family 6 model 154 stepping 3 microcode 0x423, cx8, cmov, fxsr, ht, mmx, 3dnowpref, sse, sse2, sse3, ssse3, sse4.1, sse4.2, popcnt, lzcnt, tsc, tscinvbit, avx, avx2, aes, erms, clmul, bmi1, bmi2, adx, sha, fma, vzeroupper, clflush, clflushopt, clwb, hv, serialize, rdtscp, rdpid, fsrm, f16c, cet_ibt, cet_ss
Processor Information for processor 0
  Max Mhz: 2000, Current Mhz: 2000, Mhz Limit: 2000
Processor Information for processor 1
  Max Mhz: 2000, Current Mhz: 2000, Mhz Limit: 2000
Processor Information for processor 2
  Max Mhz: 2000, Current Mhz: 2000, Mhz Limit: 2000
Processor Information for processor 3
  Max Mhz: 2000, Current Mhz: 2000, Mhz Limit: 2000
Processor Information for processor 4
  Max Mhz: 2000, Current Mhz: 2000, Mhz Limit: 2000
Processor Information for processor 5
  Max Mhz: 2000, Current Mhz: 2000, Mhz Limit: 2000
Processor Information for processor 6
  Max Mhz: 2000, Current Mhz: 2000, Mhz Limit: 2000
Processor Information for processor 7
  Max Mhz: 2000, Current Mhz: 2000, Mhz Limit: 2000
Processor Information for processor 8
  Max Mhz: 2000, Current Mhz: 1500, Mhz Limit: 1500
Processor Information for processor 9
  Max Mhz: 2000, Current Mhz: 1500, Mhz Limit: 1500
Processor Information for processor 10
  Max Mhz: 2000, Current Mhz: 1500, Mhz Limit: 1500
Processor Information for processor 11
  Max Mhz: 2000, Current Mhz: 1500, Mhz Limit: 1500

Memory: 4k page, system-wide physical 7896M (281M free)
TotalPageFile size 16182M (AvailPageFile size 0M)
current process WorkingSet (physical memory assigned to process): 607M, peak: 783M
current process commit charge ("private bytes"): 816M, peak: 1674M

vm_info: OpenJDK 64-Bit Server VM (21.0.5+11-LTS) for windows-amd64 JRE (21.0.5+11-LTS), built on 2024-10-15T00:00:00Z by "admin" with MS VC++ 17.7 (VS2022)

END.
