#
# There is insufficient memory for the Java Runtime Environment to continue.
# Native memory allocation (malloc) failed to allocate 1390944 bytes. Error detail: Chunk::new
# Possible reasons:
#   The system is out of physical RAM or swap space
#   This process is running with CompressedOops enabled, and the Java Heap may be blocking the growth of the native heap
# Possible solutions:
#   Reduce memory load on the system
#   Increase physical memory or swap space
#   Check if swap backing store is full
#   Decrease Java heap size (-Xmx/-Xms)
#   Decrease number of Java threads
#   Decrease Java thread stack sizes (-Xss)
#   Set larger code cache with -XX:ReservedCodeCacheSize=
#   JVM is running with Unscaled Compressed Oops mode in which the Java heap is
#     placed in the first 4GB address space. The Java Heap base address is the
#     maximum limit for the native heap growth. Please use -XX:HeapBaseMinAddress
#     to set the Java Heap base and to place the Java Heap above 4GB virtual address.
# This output file may be truncated or incomplete.
#
#  Out of Memory Error (arena.cpp:168), pid=1396, tid=5652
#
# JRE version: OpenJDK Runtime Environment Temurin-21.0.5+11 (21.0.5+11) (build 21.0.5+11-LTS)
# Java VM: OpenJDK 64-Bit Server VM Temurin-21.0.5+11 (21.0.5+11-LTS, mixed mode, sharing, tiered, compressed oops, compressed class ptrs, parallel gc, windows-amd64)
# No core dump will be written. Minidumps are not enabled by default on client versions of Windows
#

---------------  S U M M A R Y ------------

Command Line: --add-modules=ALL-SYSTEM --add-opens=java.base/java.util=ALL-UNNAMED --add-opens=java.base/java.lang=ALL-UNNAMED --add-opens=java.base/sun.nio.fs=ALL-UNNAMED -Declipse.application=org.eclipse.jdt.ls.core.id1 -Dosgi.bundles.defaultStartLevel=4 -Declipse.product=org.eclipse.jdt.ls.core.product -Djava.import.generatesMetadataFilesAtProjectRoot=false -DDetectVMInstallationsJob.disabled=true -Dfile.encoding=utf8 -XX:+UseParallelGC -XX:GCTimeRatio=4 -XX:AdaptiveSizePolicyWeight=90 -Dsun.zip.disableMemoryMapping=true -Xmx2G -Xms100m -Xlog:disable -javaagent:c:\Users\IBYTE\.vscode\extensions\redhat.java-1.39.0-win32-x64\lombok\lombok-1.18.34.jar -XX:+HeapDumpOnOutOfMemoryError -XX:HeapDumpPath=c:\Users\IBYTE\AppData\Roaming\Code\User\workspaceStorage\59ce07a759c63856ad17a90456c615a0\redhat.java -Daether.dependencyCollector.impl=bf c:\Users\IBYTE\.vscode\extensions\redhat.java-1.39.0-win32-x64\server\plugins\org.eclipse.equinox.launcher_1.6.900.v20240613-2009.jar -configuration c:\Users\IBYTE\AppData\Roaming\Code\User\globalStorage\redhat.java\1.39.0\config_win -data c:\Users\IBYTE\AppData\Roaming\Code\User\workspaceStorage\59ce07a759c63856ad17a90456c615a0\redhat.java\jdt_ws --pipe=\\.\pipe\lsp-9237a8e654ae68205d746e7d760cd5a4-sock

Host: 12th Gen Intel(R) Core(TM) i5-12450H, 12 cores, 7G,  Windows 11 , 64 bit Build 22621 (10.0.22621.4830)
Time: Sat Feb  8 12:34:41 2025 Hora oficial do Brasil elapsed time: 287.696730 seconds (0d 0h 4m 47s)

---------------  T H R E A D  ---------------

Current thread (0x000001621bfec9f0):  JavaThread "C2 CompilerThread0" daemon [_thread_in_native, id=5652, stack(0x0000002690200000,0x0000002690300000) (1024K)]


Current CompileTask:
C2:287696 14964 %s!   4       org.eclipse.jdt.internal.core.index.DiskIndex::readCategoryTable @ 260 (743 bytes)

Stack: [0x0000002690200000,0x0000002690300000]
Native frames: (J=compiled Java code, j=interpreted, Vv=VM code, C=native code)
V  [jvm.dll+0x6cd4e9]
V  [jvm.dll+0x8a7941]
V  [jvm.dll+0x8a9e6e]
V  [jvm.dll+0x8aa543]
V  [jvm.dll+0x27f6d6]
V  [jvm.dll+0xc500d]
V  [jvm.dll+0xc5543]
V  [jvm.dll+0x3b660c]
V  [jvm.dll+0x1dffe9]
V  [jvm.dll+0x247b22]
V  [jvm.dll+0x246faf]
V  [jvm.dll+0x1c75ce]
V  [jvm.dll+0x25682a]
V  [jvm.dll+0x254dca]
V  [jvm.dll+0x3f00d6]
V  [jvm.dll+0x8514fb]
V  [jvm.dll+0x6cbbed]
C  [ucrtbase.dll+0x29333]
C  [KERNEL32.DLL+0x1259d]
C  [ntdll.dll+0x5af38]


---------------  P R O C E S S  ---------------

Threads class SMR info:
_java_thread_list=0x0000016276fe7230, length=75, elements={
0x000001621bf42770, 0x000001621bfe33b0, 0x000001623494e270, 0x000001621bfe7200,
0x000001621bfe7e50, 0x000001621bfea8b0, 0x000001621bfebb40, 0x000001621bfec9f0,
0x000001621bffe3c0, 0x000001621bfadde0, 0x0000016277154c40, 0x000001627c6f8760,
0x000001627ca9e460, 0x000001627c6ea720, 0x000001627c6eb150, 0x000001627cf30460,
0x000001627cb06420, 0x000001627cc28200, 0x000001627cc27b70, 0x000001627cc24d80,
0x000001627cc274e0, 0x000001627cc26130, 0x000001627cc267c0, 0x000001627cdf1af0,
0x000001627cdf1460, 0x000001627cded950, 0x000001627cdf0740, 0x000001627cdf0dd0,
0x000001627cdf3530, 0x000001627cdf2180, 0x000001627cdf4250, 0x000001627cdf2810,
0x000001627cdf2ea0, 0x000001627cdf3bc0, 0x000001627cdee670, 0x000001627cded2c0,
0x000001627cdf48e0, 0x000001627cdefa20, 0x000001627d3a4be0, 0x000001627d3a3830,
0x000001627d3a4550, 0x000001627d3a5270, 0x000001627d3a5900, 0x00000162099a8340,
0x00000162099a7cb0, 0x00000162099a6900, 0x00000162099a4830, 0x00000162099a6f90,
0x00000162099a5be0, 0x00000162099a89d0, 0x00000162099a6270, 0x000001627c9e7d30,
0x000001627c9e9770, 0x000001627c9e8a50, 0x000001627c9e83c0, 0x000001627c9ed910,
0x000001627c9eab20, 0x000001627c9eb840, 0x000001627c9ebed0, 0x000001627c9ec560,
0x000001627c9ecbf0, 0x00000162099a3b10, 0x00000162099a4ec0, 0x000001627cc4e720,
0x000001627cc4f440, 0x000001627cc4ac10, 0x000001627cc51510, 0x000001627cc52230,
0x000001627cc50e80, 0x000001627cc51ba0, 0x000001627cc4edb0, 0x000001627cc4d370,
0x000001620a270e00, 0x000001627cc4fad0, 0x000001627d3a5f90
}

Java Threads: ( => current thread )
  0x000001621bf42770 JavaThread "main"                              [_thread_blocked, id=18940, stack(0x000000268f800000,0x000000268f900000) (1024K)]
  0x000001621bfe33b0 JavaThread "Reference Handler"          daemon [_thread_blocked, id=22996, stack(0x000000268fc00000,0x000000268fd00000) (1024K)]
  0x000001623494e270 JavaThread "Finalizer"                  daemon [_thread_blocked, id=20376, stack(0x000000268fd00000,0x000000268fe00000) (1024K)]
  0x000001621bfe7200 JavaThread "Signal Dispatcher"          daemon [_thread_blocked, id=11208, stack(0x000000268fe00000,0x000000268ff00000) (1024K)]
  0x000001621bfe7e50 JavaThread "Attach Listener"            daemon [_thread_blocked, id=18024, stack(0x000000268ff00000,0x0000002690000000) (1024K)]
  0x000001621bfea8b0 JavaThread "Service Thread"             daemon [_thread_blocked, id=23264, stack(0x0000002690000000,0x0000002690100000) (1024K)]
  0x000001621bfebb40 JavaThread "Monitor Deflation Thread"   daemon [_thread_blocked, id=21552, stack(0x0000002690100000,0x0000002690200000) (1024K)]
=>0x000001621bfec9f0 JavaThread "C2 CompilerThread0"         daemon [_thread_in_native, id=5652, stack(0x0000002690200000,0x0000002690300000) (1024K)]
  0x000001621bffe3c0 JavaThread "C1 CompilerThread0"         daemon [_thread_blocked, id=15252, stack(0x0000002690300000,0x0000002690400000) (1024K)]
  0x000001621bfadde0 JavaThread "Common-Cleaner"             daemon [_thread_blocked, id=12856, stack(0x0000002690400000,0x0000002690500000) (1024K)]
  0x0000016277154c40 JavaThread "Notification Thread"        daemon [_thread_blocked, id=12600, stack(0x0000002690600000,0x0000002690700000) (1024K)]
  0x000001627c6f8760 JavaThread "Active Thread: Equinox Container: 8eddace3-1bd2-44a9-966e-07e681369258"        [_thread_blocked, id=372, stack(0x0000002690e00000,0x0000002690f00000) (1024K)]
  0x000001627ca9e460 JavaThread "Refresh Thread: Equinox Container: 8eddace3-1bd2-44a9-966e-07e681369258" daemon [_thread_blocked, id=10384, stack(0x0000002690f00000,0x0000002691000000) (1024K)]
  0x000001627c6ea720 JavaThread "Framework Event Dispatcher: Equinox Container: 8eddace3-1bd2-44a9-966e-07e681369258" daemon [_thread_blocked, id=13560, stack(0x0000002691100000,0x0000002691200000) (1024K)]
  0x000001627c6eb150 JavaThread "Start Level: Equinox Container: 8eddace3-1bd2-44a9-966e-07e681369258" daemon [_thread_blocked, id=18220, stack(0x0000002691200000,0x0000002691300000) (1024K)]
  0x000001627cf30460 JavaThread "Bundle File Closer"         daemon [_thread_blocked, id=23300, stack(0x0000002691300000,0x0000002691400000) (1024K)]
  0x000001627cb06420 JavaThread "SCR Component Actor"        daemon [_thread_blocked, id=8120, stack(0x0000002691600000,0x0000002691700000) (1024K)]
  0x000001627cc28200 JavaThread "Worker-JM"                         [_thread_blocked, id=21388, stack(0x0000002691800000,0x0000002691900000) (1024K)]
  0x000001627cc27b70 JavaThread "JNA Cleaner"                daemon [_thread_blocked, id=1972, stack(0x0000002691900000,0x0000002691a00000) (1024K)]
  0x000001627cc24d80 JavaThread "Worker-1"                          [_thread_blocked, id=19984, stack(0x0000002691b00000,0x0000002691c00000) (1024K)]
  0x000001627cc274e0 JavaThread "Java indexing"              daemon [_thread_blocked, id=23524, stack(0x0000002691c00000,0x0000002691d00000) (1024K)]
  0x000001627cc26130 JavaThread "Thread-2"                   daemon [_thread_in_native, id=17972, stack(0x0000002691f00000,0x0000002692000000) (1024K)]
  0x000001627cc267c0 JavaThread "Thread-3"                   daemon [_thread_in_native, id=18568, stack(0x0000002692000000,0x0000002692100000) (1024K)]
  0x000001627cdf1af0 JavaThread "Thread-4"                   daemon [_thread_in_native, id=17460, stack(0x0000002692100000,0x0000002692200000) (1024K)]
  0x000001627cdf1460 JavaThread "Thread-5"                   daemon [_thread_in_native, id=8568, stack(0x0000002692200000,0x0000002692300000) (1024K)]
  0x000001627cded950 JavaThread "Thread-6"                   daemon [_thread_in_native, id=22100, stack(0x0000002692300000,0x0000002692400000) (1024K)]
  0x000001627cdf0740 JavaThread "Thread-7"                   daemon [_thread_in_native, id=12228, stack(0x0000002692400000,0x0000002692500000) (1024K)]
  0x000001627cdf0dd0 JavaThread "Thread-8"                   daemon [_thread_in_native, id=21916, stack(0x0000002692500000,0x0000002692600000) (1024K)]
  0x000001627cdf3530 JavaThread "Thread-9"                   daemon [_thread_in_native, id=4520, stack(0x0000002692600000,0x0000002692700000) (1024K)]
  0x000001627cdf2180 JavaThread "Thread-10"                  daemon [_thread_in_native, id=15364, stack(0x0000002692700000,0x0000002692800000) (1024K)]
  0x000001627cdf4250 JavaThread "Thread-11"                  daemon [_thread_in_native, id=740, stack(0x0000002692800000,0x0000002692900000) (1024K)]
  0x000001627cdf2810 JavaThread "Thread-12"                  daemon [_thread_in_native, id=22584, stack(0x0000002692900000,0x0000002692a00000) (1024K)]
  0x000001627cdf2ea0 JavaThread "Thread-13"                  daemon [_thread_in_native, id=16828, stack(0x0000002692a00000,0x0000002692b00000) (1024K)]
  0x000001627cdf3bc0 JavaThread "Thread-14"                  daemon [_thread_in_native, id=9200, stack(0x0000002692b00000,0x0000002692c00000) (1024K)]
  0x000001627cdee670 JavaThread "pool-2-thread-1"                   [_thread_blocked, id=19292, stack(0x0000002692c00000,0x0000002692d00000) (1024K)]
  0x000001627cded2c0 JavaThread "WorkspaceEventsHandler"            [_thread_blocked, id=17516, stack(0x0000002692e00000,0x0000002692f00000) (1024K)]
  0x000001627cdf48e0 JavaThread "pool-1-thread-1"                   [_thread_blocked, id=20616, stack(0x0000002692f00000,0x0000002693000000) (1024K)]
  0x000001627cdefa20 JavaThread "Worker-6: Building"                [_thread_in_Java, id=22192, stack(0x0000002693100000,0x0000002693200000) (1024K)]
  0x000001627d3a4be0 JavaThread "LocalFile Deleter"          daemon [_thread_blocked, id=12028, stack(0x0000002693500000,0x0000002693600000) (1024K)]
  0x000001627d3a3830 JavaThread "LocalFile Deleter"          daemon [_thread_blocked, id=10752, stack(0x0000002693700000,0x0000002693800000) (1024K)]
  0x000001627d3a4550 JavaThread "LocalFile Deleter"          daemon [_thread_blocked, id=10900, stack(0x0000002693800000,0x0000002693900000) (1024K)]
  0x000001627d3a5270 JavaThread "Compiler Source File Reader" daemon [_thread_blocked, id=20912, stack(0x0000002693900000,0x0000002693a00000) (1024K)]
  0x000001627d3a5900 JavaThread "Compiler Source File Reader" daemon [_thread_blocked, id=2952, stack(0x0000002693a00000,0x0000002693b00000) (1024K)]
  0x00000162099a8340 JavaThread "Compiler Source File Reader" daemon [_thread_blocked, id=19320, stack(0x0000002693b00000,0x0000002693c00000) (1024K)]
  0x00000162099a7cb0 JavaThread "Compiler Source File Reader" daemon [_thread_blocked, id=16876, stack(0x0000002693c00000,0x0000002693d00000) (1024K)]
  0x00000162099a6900 JavaThread "Compiler Class File Writer" daemon [_thread_blocked, id=15256, stack(0x0000002693e00000,0x0000002693f00000) (1024K)]
  0x00000162099a4830 JavaThread "Compiler Class File Writer" daemon [_thread_blocked, id=21648, stack(0x0000002693f00000,0x0000002694000000) (1024K)]
  0x00000162099a6f90 JavaThread "Compiler Class File Writer" daemon [_thread_blocked, id=13524, stack(0x0000002694000000,0x0000002694100000) (1024K)]
  0x00000162099a5be0 JavaThread "Compiler Class File Writer" daemon [_thread_blocked, id=9904, stack(0x0000002694100000,0x0000002694200000) (1024K)]
  0x00000162099a89d0 JavaThread "Compiler Source File Reader" daemon [_thread_blocked, id=18900, stack(0x0000002694200000,0x0000002694300000) (1024K)]
  0x00000162099a6270 JavaThread "Compiler Class File Writer" daemon [_thread_blocked, id=11928, stack(0x0000002694300000,0x0000002694400000) (1024K)]
  0x000001627c9e7d30 JavaThread "Compiler Source File Reader" daemon [_thread_blocked, id=18512, stack(0x0000002690700000,0x0000002690800000) (1024K)]
  0x000001627c9e9770 JavaThread "Compiler Source File Reader" daemon [_thread_blocked, id=22016, stack(0x0000002691700000,0x0000002691800000) (1024K)]
  0x000001627c9e8a50 JavaThread "ForkJoinPool.commonPool-worker-1" daemon [_thread_blocked, id=17628, stack(0x0000002690500000,0x0000002690600000) (1024K)]
  0x000001627c9e83c0 JavaThread "ForkJoinPool.commonPool-worker-2" daemon [_thread_blocked, id=21344, stack(0x0000002694400000,0x0000002694500000) (1024K)]
  0x000001627c9ed910 JavaThread "ForkJoinPool.commonPool-worker-3" daemon [_thread_blocked, id=11376, stack(0x000000268f600000,0x000000268f700000) (1024K)]
  0x000001627c9eab20 JavaThread "ForkJoinPool.commonPool-worker-4" daemon [_thread_blocked, id=2740, stack(0x0000002694700000,0x0000002694800000) (1024K)]
  0x000001627c9eb840 JavaThread "ForkJoinPool.commonPool-worker-5" daemon [_thread_blocked, id=19640, stack(0x0000002694900000,0x0000002694a00000) (1024K)]
  0x000001627c9ebed0 JavaThread "ForkJoinPool.commonPool-worker-6" daemon [_thread_blocked, id=19492, stack(0x0000002694a00000,0x0000002694b00000) (1024K)]
  0x000001627c9ec560 JavaThread "ForkJoinPool.commonPool-worker-7" daemon [_thread_blocked, id=20856, stack(0x0000002694b00000,0x0000002694c00000) (1024K)]
  0x000001627c9ecbf0 JavaThread "ForkJoinPool.commonPool-worker-8" daemon [_thread_blocked, id=22896, stack(0x0000002694c00000,0x0000002694d00000) (1024K)]
  0x00000162099a3b10 JavaThread "Cleaner-0"                  daemon [_thread_blocked, id=2200, stack(0x0000002694e00000,0x0000002694f00000) (1024K)]
  0x00000162099a4ec0 JavaThread "ForkJoinPool.commonPool-worker-10" daemon [_thread_blocked, id=22092, stack(0x0000002694d00000,0x0000002694e00000) (1024K)]
  0x000001627cc4e720 JavaThread "Java Debug Server"          daemon [_thread_in_native, id=18460, stack(0x0000002694f00000,0x0000002695000000) (1024K)]
  0x000001627cc4f440 JavaThread "pool-5-thread-1"                   [_thread_in_native, id=19216, stack(0x0000002695200000,0x0000002695300000) (1024K)]
  0x000001627cc4ac10 JavaThread "RxSchedulerPurge-1"         daemon [_thread_blocked, id=21460, stack(0x0000002695300000,0x0000002695400000) (1024K)]
  0x000001627cc51510 JavaThread "RxCachedWorkerPoolEvictor-1" daemon [_thread_blocked, id=11260, stack(0x0000002695400000,0x0000002695500000) (1024K)]
  0x000001627cc52230 JavaThread "RxNewThreadScheduler-3"     daemon [_thread_blocked, id=19380, stack(0x000000268f500000,0x000000268f600000) (1024K)]
  0x000001627cc50e80 JavaThread "process reaper (pid 22212)" daemon [_thread_in_native, id=7136, stack(0x000000268f700000,0x000000268f720000) (128K)]
  0x000001627cc51ba0 JavaThread "Worker-7"                          [_thread_blocked, id=15388, stack(0x0000002691a00000,0x0000002691b00000) (1024K)]
  0x000001627cc4edb0 JavaThread "Worker-8"                          [_thread_blocked, id=11936, stack(0x0000002691d00000,0x0000002691e00000) (1024K)]
  0x000001627cc4d370 JavaThread "Worker-9"                          [_thread_blocked, id=9692, stack(0x0000002691e00000,0x0000002691f00000) (1024K)]
  0x000001620a270e00 JavaThread "C2 CompilerThread1"         daemon [_thread_blocked, id=18956, stack(0x0000002692d00000,0x0000002692e00000) (1024K)]
  0x000001627cc4fad0 JavaThread "Compiler Source File Reader" daemon [_thread_blocked, id=21660, stack(0x0000002693000000,0x0000002693100000) (1024K)]
  0x000001627d3a5f90 JavaThread "Compiler Processing Task"   daemon [_thread_blocked, id=15684, stack(0x0000002693200000,0x0000002693300000) (1024K)]
Total: 75

Other Threads:
  0x0000016234937520 VMThread "VM Thread"                           [id=12748, stack(0x000000268fb00000,0x000000268fc00000) (1024K)]
  0x000001623482ba00 WatcherThread "VM Periodic Task Thread"        [id=8140, stack(0x000000268fa00000,0x000000268fb00000) (1024K)]
  0x000001621bf60290 WorkerThread "GC Thread#0"                     [id=23420, stack(0x000000268f900000,0x000000268fa00000) (1024K)]
  0x000001627c621ca0 WorkerThread "GC Thread#1"                     [id=20896, stack(0x0000002690800000,0x0000002690900000) (1024K)]
  0x000001627c622040 WorkerThread "GC Thread#2"                     [id=22180, stack(0x0000002690900000,0x0000002690a00000) (1024K)]
  0x000001627c6223e0 WorkerThread "GC Thread#3"                     [id=21696, stack(0x0000002690a00000,0x0000002690b00000) (1024K)]
  0x00000162771f5d40 WorkerThread "GC Thread#4"                     [id=14600, stack(0x0000002690b00000,0x0000002690c00000) (1024K)]
  0x00000162771f60e0 WorkerThread "GC Thread#5"                     [id=20324, stack(0x0000002690c00000,0x0000002690d00000) (1024K)]
  0x00000162771f6480 WorkerThread "GC Thread#6"                     [id=13792, stack(0x0000002690d00000,0x0000002690e00000) (1024K)]
  0x000001627c9155a0 WorkerThread "GC Thread#7"                     [id=20332, stack(0x0000002691000000,0x0000002691100000) (1024K)]
  0x000001627c7b25e0 WorkerThread "GC Thread#8"                     [id=22388, stack(0x0000002691400000,0x0000002691500000) (1024K)]
  0x000001627c7b2240 WorkerThread "GC Thread#9"                     [id=712, stack(0x0000002691500000,0x0000002691600000) (1024K)]
Total: 12

Threads with active compile tasks:
C2 CompilerThread0  287713 14964 %s!   4       org.eclipse.jdt.internal.core.index.DiskIndex::readCategoryTable @ 260 (743 bytes)
Total: 1

VM state: not at safepoint (normal execution)

VM Mutex/Monitor currently owned by a thread: None

Heap address: 0x0000000080000000, size: 2048 MB, Compressed Oops mode: 32-bit

CDS archive(s) mapped at: [0x0000016235000000-0x0000016235ba0000-0x0000016235ba0000), size 12189696, SharedBaseAddress: 0x0000016235000000, ArchiveRelocationMode: 1.
Compressed class space mapped at: 0x0000016236000000-0x0000016276000000, reserved size: 1073741824
Narrow klass base: 0x0000016235000000, Narrow klass shift: 0, Narrow klass range: 0x100000000

GC Precious Log:
 CardTable entry size: 512
 CPUs: 12 total, 12 available
 Memory: 7896M
 Large Page Support: Disabled
 NUMA Support: Disabled
 Compressed Oops: Enabled (32-bit)
 Alignments: Space 512K, Generation 512K, Heap 2M
 Heap Min Capacity: 100M
 Heap Initial Capacity: 100M
 Heap Max Capacity: 2G
 Pre-touch: Disabled
 Parallel Workers: 10

Heap:
 PSYoungGen      total 7680K, used 6061K [0x00000000d5580000, 0x00000000d6300000, 0x0000000100000000)
  eden space 4608K, 68% used [0x00000000d5580000,0x00000000d58937f8,0x00000000d5a00000)
  from space 3072K, 94% used [0x00000000d6000000,0x00000000d62d8000,0x00000000d6300000)
  to   space 4096K, 0% used [0x00000000d5b00000,0x00000000d5b00000,0x00000000d5f00000)
 ParOldGen       total 894976K, used 894651K [0x0000000080000000, 0x00000000b6a00000, 0x00000000d5580000)
  object space 894976K, 99% used [0x0000000080000000,0x00000000b69aefa0,0x00000000b6a00000)
 Metaspace       used 75923K, committed 77568K, reserved 1179648K
  class space    used 7934K, committed 8640K, reserved 1048576K

Card table byte_map: [0x000001622fc60000,0x0000016230070000] _byte_map_base: 0x000001622f860000

Marking Bits: (ParMarkBitMap*) 0x00007ffa94542250
 Begin Bits: [0x0000016230320000, 0x0000016232320000)
 End Bits:   [0x0000016232320000, 0x0000016234320000)

Polling page: 0x000001621c000000

Metaspace:

Usage:
  Non-class:     66.40 MB used.
      Class:      7.75 MB used.
       Both:     74.14 MB used.

Virtual space:
  Non-class space:      128.00 MB reserved,      67.31 MB ( 53%) committed,  2 nodes.
      Class space:        1.00 GB reserved,       8.44 MB ( <1%) committed,  1 nodes.
             Both:        1.12 GB reserved,      75.75 MB (  7%) committed. 

Chunk freelists:
   Non-Class:  12.55 MB
       Class:  7.41 MB
        Both:  19.95 MB

MaxMetaspaceSize: unlimited
CompressedClassSpaceSize: 1.00 GB
Initial GC threshold: 21.00 MB
Current GC threshold: 97.31 MB
CDS: on
 - commit_granule_bytes: 65536.
 - commit_granule_words: 8192.
 - virtual_space_node_default_size: 8388608.
 - enlarge_chunks_in_place: 1.
 - use_allocation_guard: 0.


Internal statistics:

num_allocs_failed_limit: 9.
num_arena_births: 1414.
num_arena_deaths: 14.
num_vsnodes_births: 3.
num_vsnodes_deaths: 0.
num_space_committed: 1212.
num_space_uncommitted: 0.
num_chunks_returned_to_freelist: 23.
num_chunks_taken_from_freelist: 5196.
num_chunk_merges: 15.
num_chunk_splits: 3103.
num_chunks_enlarged: 1618.
num_inconsistent_stats: 0.

CodeHeap 'non-profiled nmethods': size=120000Kb used=13245Kb max_used=13245Kb free=106754Kb
 bounds [0x0000016228550000, 0x0000016229240000, 0x000001622fa80000]
CodeHeap 'profiled nmethods': size=120000Kb used=32854Kb max_used=32854Kb free=87145Kb
 bounds [0x0000016220a80000, 0x0000016222aa0000, 0x0000016227fb0000]
CodeHeap 'non-nmethods': size=5760Kb used=1496Kb max_used=1574Kb free=4263Kb
 bounds [0x0000016227fb0000, 0x0000016228220000, 0x0000016228550000]
 total_blobs=15037 nmethods=14213 adapters=729
 compilation: enabled
              stopped_count=0, restarted_count=0
 full_count=0

Compilation events (20 events):
Event: 287.647 Thread 0x000001621bffe3c0 15021       3       org.eclipse.core.internal.watson.ElementTree::isImmutable (8 bytes)
Event: 287.648 Thread 0x000001621bffe3c0 nmethod 15021 0x0000016222a92d10 code [0x0000016222a92ea0, 0x0000016222a93058]
Event: 287.658 Thread 0x000001621bffe3c0 15022       2       java.util.HashMap::remove (26 bytes)
Event: 287.658 Thread 0x000001621bffe3c0 nmethod 15022 0x0000016222a93110 code [0x0000016222a932e0, 0x0000016222a934d0]
Event: 287.670 Thread 0x000001620a270e00 nmethod 15017 0x0000016229236b90 code [0x0000016229236ee0, 0x0000016229238700]
Event: 287.671 Thread 0x000001620a270e00 15023       4       org.eclipse.jdt.core.compiler.CharOperation::splitAndTrimOn (269 bytes)
Event: 287.672 Thread 0x000001621bffe3c0 15024   !   3       org.eclipse.m2e.core.internal.project.registry.ProjectRegistryManager::getMavenProject (77 bytes)
Event: 287.673 Thread 0x000001621bffe3c0 nmethod 15024 0x0000016222a93610 code [0x0000016222a93880, 0x0000016222a944f8]
Event: 287.675 Thread 0x000001620a270e00 nmethod 15023 0x0000016229239f10 code [0x000001622923a0a0, 0x000001622923a378]
Event: 287.675 Thread 0x000001620a270e00 15008       4       org.eclipse.jdt.internal.core.builder.ClasspathLocation::singletonModuleNameIf (41 bytes)
Event: 287.676 Thread 0x000001620a270e00 nmethod 15008 0x000001622923a510 code [0x000001622923a6c0, 0x000001622923a8c0]
Event: 287.676 Thread 0x000001620a270e00 15015       4       org.eclipse.jdt.internal.core.builder.ClasspathLocation::findClass (25 bytes)
Event: 287.679 Thread 0x000001620a270e00 nmethod 15015 0x000001622923aa10 code [0x000001622923abe0, 0x000001622923b110]
Event: 287.679 Thread 0x000001620a270e00 14991       4       org.eclipse.jdt.internal.compiler.util.Util::isJrt (18 bytes)
Event: 287.682 Thread 0x000001620a270e00 nmethod 14991 0x000001622923b410 code [0x000001622923b5a0, 0x000001622923b810]
Event: 287.682 Thread 0x000001620a270e00 14993 %     4       org.eclipse.jdt.internal.core.index.DiskIndex::mergeCategory @ 66 (301 bytes)
Event: 287.692 Thread 0x000001620a270e00 nmethod 14993% 0x000001622923b990 code [0x000001622923bc00, 0x000001622923cab0]
Event: 287.692 Thread 0x000001620a270e00 15025       4       org.eclipse.core.internal.resources.ProjectPreferences::internalGet (26 bytes)
Event: 287.692 Thread 0x000001621bffe3c0 15026       3       org.eclipse.jdt.internal.compiler.parser.diagnose.LexStream::getToken (14 bytes)
Event: 287.692 Thread 0x000001621bffe3c0 nmethod 15026 0x0000016222a94910 code [0x0000016222a94ac0, 0x0000016222a94c90]

GC Heap History (20 events):
Event: 287.556 GC heap before
{Heap before GC invocations=1258 (full 3):
 PSYoungGen      total 3584K, used 3200K [0x00000000d5580000, 0x00000000d5b80000, 0x0000000100000000)
  eden space 1536K, 100% used [0x00000000d5580000,0x00000000d5700000,0x00000000d5700000)
  from space 2048K, 81% used [0x00000000d5900000,0x00000000d5aa0000,0x00000000d5b00000)
  to   space 2048K, 0% used [0x00000000d5700000,0x00000000d5700000,0x00000000d5900000)
 ParOldGen       total 877568K, used 877078K [0x0000000080000000, 0x00000000b5900000, 0x00000000d5580000)
  object space 877568K, 99% used [0x0000000080000000,0x00000000b5885878,0x00000000b5900000)
 Metaspace       used 75851K, committed 77440K, reserved 1179648K
  class space    used 7930K, committed 8640K, reserved 1048576K
}
Event: 287.559 GC heap after
{Heap after GC invocations=1258 (full 3):
 PSYoungGen      total 3584K, used 1664K [0x00000000d5580000, 0x00000000d5b80000, 0x0000000100000000)
  eden space 1536K, 0% used [0x00000000d5580000,0x00000000d5580000,0x00000000d5700000)
  from space 2048K, 81% used [0x00000000d5700000,0x00000000d58a0000,0x00000000d5900000)
  to   space 2048K, 0% used [0x00000000d5980000,0x00000000d5980000,0x00000000d5b80000)
 ParOldGen       total 879104K, used 878638K [0x0000000080000000, 0x00000000b5a80000, 0x00000000d5580000)
  object space 879104K, 99% used [0x0000000080000000,0x00000000b5a0b878,0x00000000b5a80000)
 Metaspace       used 75851K, committed 77440K, reserved 1179648K
  class space    used 7930K, committed 8640K, reserved 1048576K
}
Event: 287.561 GC heap before
{Heap before GC invocations=1259 (full 3):
 PSYoungGen      total 3584K, used 3200K [0x00000000d5580000, 0x00000000d5b80000, 0x0000000100000000)
  eden space 1536K, 100% used [0x00000000d5580000,0x00000000d5700000,0x00000000d5700000)
  from space 2048K, 81% used [0x00000000d5700000,0x00000000d58a0000,0x00000000d5900000)
  to   space 2048K, 0% used [0x00000000d5980000,0x00000000d5980000,0x00000000d5b80000)
 ParOldGen       total 879104K, used 878638K [0x0000000080000000, 0x00000000b5a80000, 0x00000000d5580000)
  object space 879104K, 99% used [0x0000000080000000,0x00000000b5a0b878,0x00000000b5a80000)
 Metaspace       used 75856K, committed 77504K, reserved 1179648K
  class space    used 7930K, committed 8640K, reserved 1048576K
}
Event: 287.564 GC heap after
{Heap after GC invocations=1259 (full 3):
 PSYoungGen      total 4096K, used 1472K [0x00000000d5580000, 0x00000000d5b80000, 0x0000000100000000)
  eden space 2048K, 0% used [0x00000000d5580000,0x00000000d5580000,0x00000000d5780000)
  from space 2048K, 71% used [0x00000000d5980000,0x00000000d5af0000,0x00000000d5b80000)
  to   space 2048K, 0% used [0x00000000d5780000,0x00000000d5780000,0x00000000d5980000)
 ParOldGen       total 880640K, used 880182K [0x0000000080000000, 0x00000000b5c00000, 0x00000000d5580000)
  object space 880640K, 99% used [0x0000000080000000,0x00000000b5b8d878,0x00000000b5c00000)
 Metaspace       used 75856K, committed 77504K, reserved 1179648K
  class space    used 7930K, committed 8640K, reserved 1048576K
}
Event: 287.568 GC heap before
{Heap before GC invocations=1260 (full 3):
 PSYoungGen      total 4096K, used 3520K [0x00000000d5580000, 0x00000000d5b80000, 0x0000000100000000)
  eden space 2048K, 100% used [0x00000000d5580000,0x00000000d5780000,0x00000000d5780000)
  from space 2048K, 71% used [0x00000000d5980000,0x00000000d5af0000,0x00000000d5b80000)
  to   space 2048K, 0% used [0x00000000d5780000,0x00000000d5780000,0x00000000d5980000)
 ParOldGen       total 880640K, used 880182K [0x0000000080000000, 0x00000000b5c00000, 0x00000000d5580000)
  object space 880640K, 99% used [0x0000000080000000,0x00000000b5b8d878,0x00000000b5c00000)
 Metaspace       used 75858K, committed 77504K, reserved 1179648K
  class space    used 7930K, committed 8640K, reserved 1048576K
}
Event: 287.571 GC heap after
{Heap after GC invocations=1260 (full 3):
 PSYoungGen      total 4096K, used 1824K [0x00000000d5580000, 0x00000000d5c00000, 0x0000000100000000)
  eden space 2048K, 0% used [0x00000000d5580000,0x00000000d5580000,0x00000000d5780000)
  from space 2048K, 89% used [0x00000000d5780000,0x00000000d5948000,0x00000000d5980000)
  to   space 2048K, 0% used [0x00000000d5a00000,0x00000000d5a00000,0x00000000d5c00000)
 ParOldGen       total 881664K, used 881510K [0x0000000080000000, 0x00000000b5d00000, 0x00000000d5580000)
  object space 881664K, 99% used [0x0000000080000000,0x00000000b5cd9878,0x00000000b5d00000)
 Metaspace       used 75858K, committed 77504K, reserved 1179648K
  class space    used 7930K, committed 8640K, reserved 1048576K
}
Event: 287.575 GC heap before
{Heap before GC invocations=1261 (full 3):
 PSYoungGen      total 4096K, used 3871K [0x00000000d5580000, 0x00000000d5c00000, 0x0000000100000000)
  eden space 2048K, 99% used [0x00000000d5580000,0x00000000d577fff0,0x00000000d5780000)
  from space 2048K, 89% used [0x00000000d5780000,0x00000000d5948000,0x00000000d5980000)
  to   space 2048K, 0% used [0x00000000d5a00000,0x00000000d5a00000,0x00000000d5c00000)
 ParOldGen       total 881664K, used 881510K [0x0000000080000000, 0x00000000b5d00000, 0x00000000d5580000)
  object space 881664K, 99% used [0x0000000080000000,0x00000000b5cd9878,0x00000000b5d00000)
 Metaspace       used 75863K, committed 77504K, reserved 1179648K
  class space    used 7930K, committed 8640K, reserved 1048576K
}
Event: 287.578 GC heap after
{Heap after GC invocations=1261 (full 3):
 PSYoungGen      total 4096K, used 2016K [0x00000000d5580000, 0x00000000d5d00000, 0x0000000100000000)
  eden space 2048K, 0% used [0x00000000d5580000,0x00000000d5580000,0x00000000d5780000)
  from space 2048K, 98% used [0x00000000d5a00000,0x00000000d5bf8000,0x00000000d5c00000)
  to   space 2560K, 0% used [0x00000000d5780000,0x00000000d5780000,0x00000000d5a00000)
 ParOldGen       total 883712K, used 883254K [0x0000000080000000, 0x00000000b5f00000, 0x00000000d5580000)
  object space 883712K, 99% used [0x0000000080000000,0x00000000b5e8d878,0x00000000b5f00000)
 Metaspace       used 75863K, committed 77504K, reserved 1179648K
  class space    used 7930K, committed 8640K, reserved 1048576K
}
Event: 287.586 GC heap before
{Heap before GC invocations=1262 (full 3):
 PSYoungGen      total 4096K, used 4064K [0x00000000d5580000, 0x00000000d5d00000, 0x0000000100000000)
  eden space 2048K, 100% used [0x00000000d5580000,0x00000000d5780000,0x00000000d5780000)
  from space 2048K, 98% used [0x00000000d5a00000,0x00000000d5bf8000,0x00000000d5c00000)
  to   space 2560K, 0% used [0x00000000d5780000,0x00000000d5780000,0x00000000d5a00000)
 ParOldGen       total 883712K, used 883254K [0x0000000080000000, 0x00000000b5f00000, 0x00000000d5580000)
  object space 883712K, 99% used [0x0000000080000000,0x00000000b5e8d878,0x00000000b5f00000)
 Metaspace       used 75873K, committed 77504K, reserved 1179648K
  class space    used 7930K, committed 8640K, reserved 1048576K
}
Event: 287.589 GC heap after
{Heap after GC invocations=1262 (full 3):
 PSYoungGen      total 3072K, used 1024K [0x00000000d5580000, 0x00000000d5b00000, 0x0000000100000000)
  eden space 2048K, 0% used [0x00000000d5580000,0x00000000d5580000,0x00000000d5780000)
  from space 1024K, 100% used [0x00000000d5780000,0x00000000d5880000,0x00000000d5880000)
  to   space 1536K, 0% used [0x00000000d5980000,0x00000000d5980000,0x00000000d5b00000)
 ParOldGen       total 885248K, used 885158K [0x0000000080000000, 0x00000000b6080000, 0x00000000d5580000)
  object space 885248K, 99% used [0x0000000080000000,0x00000000b6069878,0x00000000b6080000)
 Metaspace       used 75873K, committed 77504K, reserved 1179648K
  class space    used 7930K, committed 8640K, reserved 1048576K
}
Event: 287.601 GC heap before
{Heap before GC invocations=1263 (full 3):
 PSYoungGen      total 3072K, used 2999K [0x00000000d5580000, 0x00000000d5b00000, 0x0000000100000000)
  eden space 2048K, 96% used [0x00000000d5580000,0x00000000d576dcc0,0x00000000d5780000)
  from space 1024K, 100% used [0x00000000d5780000,0x00000000d5880000,0x00000000d5880000)
  to   space 1536K, 0% used [0x00000000d5980000,0x00000000d5980000,0x00000000d5b00000)
 ParOldGen       total 885248K, used 885158K [0x0000000080000000, 0x00000000b6080000, 0x00000000d5580000)
  object space 885248K, 99% used [0x0000000080000000,0x00000000b6069878,0x00000000b6080000)
 Metaspace       used 75875K, committed 77504K, reserved 1179648K
  class space    used 7930K, committed 8640K, reserved 1048576K
}
Event: 287.603 GC heap after
{Heap after GC invocations=1263 (full 3):
 PSYoungGen      total 3584K, used 797K [0x00000000d5580000, 0x00000000d5a80000, 0x0000000100000000)
  eden space 2560K, 0% used [0x00000000d5580000,0x00000000d5580000,0x00000000d5800000)
  from space 1024K, 77% used [0x00000000d5980000,0x00000000d5a47408,0x00000000d5a80000)
  to   space 1024K, 0% used [0x00000000d5880000,0x00000000d5880000,0x00000000d5980000)
 ParOldGen       total 886272K, used 886038K [0x0000000080000000, 0x00000000b6180000, 0x00000000d5580000)
  object space 886272K, 99% used [0x0000000080000000,0x00000000b6145878,0x00000000b6180000)
 Metaspace       used 75875K, committed 77504K, reserved 1179648K
  class space    used 7930K, committed 8640K, reserved 1048576K
}
Event: 287.609 GC heap before
{Heap before GC invocations=1264 (full 3):
 PSYoungGen      total 3584K, used 3356K [0x00000000d5580000, 0x00000000d5a80000, 0x0000000100000000)
  eden space 2560K, 99% used [0x00000000d5580000,0x00000000d57fffe0,0x00000000d5800000)
  from space 1024K, 77% used [0x00000000d5980000,0x00000000d5a47408,0x00000000d5a80000)
  to   space 1024K, 0% used [0x00000000d5880000,0x00000000d5880000,0x00000000d5980000)
 ParOldGen       total 886272K, used 886038K [0x0000000080000000, 0x00000000b6180000, 0x00000000d5580000)
  object space 886272K, 99% used [0x0000000080000000,0x00000000b6145878,0x00000000b6180000)
 Metaspace       used 75875K, committed 77504K, reserved 1179648K
  class space    used 7930K, committed 8640K, reserved 1048576K
}
Event: 287.612 GC heap after
{Heap after GC invocations=1264 (full 3):
 PSYoungGen      total 4096K, used 1020K [0x00000000d5580000, 0x00000000d5f80000, 0x0000000100000000)
  eden space 3072K, 0% used [0x00000000d5580000,0x00000000d5580000,0x00000000d5880000)
  from space 1024K, 99% used [0x00000000d5880000,0x00000000d597f390,0x00000000d5980000)
  to   space 3584K, 0% used [0x00000000d5c00000,0x00000000d5c00000,0x00000000d5f80000)
 ParOldGen       total 888320K, used 888174K [0x0000000080000000, 0x00000000b6380000, 0x00000000d5580000)
  object space 888320K, 99% used [0x0000000080000000,0x00000000b635ba60,0x00000000b6380000)
 Metaspace       used 75875K, committed 77504K, reserved 1179648K
  class space    used 7930K, committed 8640K, reserved 1048576K
}
Event: 287.626 GC heap before
{Heap before GC invocations=1265 (full 3):
 PSYoungGen      total 4096K, used 4092K [0x00000000d5580000, 0x00000000d5f80000, 0x0000000100000000)
  eden space 3072K, 100% used [0x00000000d5580000,0x00000000d5880000,0x00000000d5880000)
  from space 1024K, 99% used [0x00000000d5880000,0x00000000d597f390,0x00000000d5980000)
  to   space 3584K, 0% used [0x00000000d5c00000,0x00000000d5c00000,0x00000000d5f80000)
 ParOldGen       total 888320K, used 888174K [0x0000000080000000, 0x00000000b6380000, 0x00000000d5580000)
  object space 888320K, 99% used [0x0000000080000000,0x00000000b635ba60,0x00000000b6380000)
 Metaspace       used 75877K, committed 77504K, reserved 1179648K
  class space    used 7930K, committed 8640K, reserved 1048576K
}
Event: 287.629 GC heap after
{Heap after GC invocations=1265 (full 3):
 PSYoungGen      total 7168K, used 2625K [0x00000000d5580000, 0x00000000d5f80000, 0x0000000100000000)
  eden space 3584K, 0% used [0x00000000d5580000,0x00000000d5580000,0x00000000d5900000)
  from space 3584K, 73% used [0x00000000d5c00000,0x00000000d5e90530,0x00000000d5f80000)
  to   space 3072K, 0% used [0x00000000d5900000,0x00000000d5900000,0x00000000d5c00000)
 ParOldGen       total 889344K, used 889189K [0x0000000080000000, 0x00000000b6480000, 0x00000000d5580000)
  object space 889344K, 99% used [0x0000000080000000,0x00000000b6459558,0x00000000b6480000)
 Metaspace       used 75877K, committed 77504K, reserved 1179648K
  class space    used 7930K, committed 8640K, reserved 1048576K
}
Event: 287.633 GC heap before
{Heap before GC invocations=1266 (full 3):
 PSYoungGen      total 7168K, used 6209K [0x00000000d5580000, 0x00000000d5f80000, 0x0000000100000000)
  eden space 3584K, 100% used [0x00000000d5580000,0x00000000d5900000,0x00000000d5900000)
  from space 3584K, 73% used [0x00000000d5c00000,0x00000000d5e90530,0x00000000d5f80000)
  to   space 3072K, 0% used [0x00000000d5900000,0x00000000d5900000,0x00000000d5c00000)
 ParOldGen       total 889344K, used 889189K [0x0000000080000000, 0x00000000b6480000, 0x00000000d5580000)
  object space 889344K, 99% used [0x0000000080000000,0x00000000b6459558,0x00000000b6480000)
 Metaspace       used 75877K, committed 77504K, reserved 1179648K
  class space    used 7930K, committed 8640K, reserved 1048576K
}
Event: 287.636 GC heap after
{Heap after GC invocations=1266 (full 3):
 PSYoungGen      total 6656K, used 3040K [0x00000000d5580000, 0x00000000d6600000, 0x0000000100000000)
  eden space 3584K, 0% used [0x00000000d5580000,0x00000000d5580000,0x00000000d5900000)
  from space 3072K, 98% used [0x00000000d5900000,0x00000000d5bf8020,0x00000000d5c00000)
  to   space 6144K, 0% used [0x00000000d6000000,0x00000000d6000000,0x00000000d6600000)
 ParOldGen       total 891904K, used 891683K [0x0000000080000000, 0x00000000b6700000, 0x00000000d5580000)
  object space 891904K, 99% used [0x0000000080000000,0x00000000b66c8f80,0x00000000b6700000)
 Metaspace       used 75877K, committed 77504K, reserved 1179648K
  class space    used 7930K, committed 8640K, reserved 1048576K
}
Event: 287.640 GC heap before
{Heap before GC invocations=1267 (full 3):
 PSYoungGen      total 6656K, used 6624K [0x00000000d5580000, 0x00000000d6600000, 0x0000000100000000)
  eden space 3584K, 100% used [0x00000000d5580000,0x00000000d5900000,0x00000000d5900000)
  from space 3072K, 98% used [0x00000000d5900000,0x00000000d5bf8020,0x00000000d5c00000)
  to   space 6144K, 0% used [0x00000000d6000000,0x00000000d6000000,0x00000000d6600000)
 ParOldGen       total 891904K, used 891683K [0x0000000080000000, 0x00000000b6700000, 0x00000000d5580000)
  object space 891904K, 99% used [0x0000000080000000,0x00000000b66c8f80,0x00000000b6700000)
 Metaspace       used 75879K, committed 77504K, reserved 1179648K
  class space    used 7930K, committed 8640K, reserved 1048576K
}
Event: 287.645 GC heap after
{Heap after GC invocations=1267 (full 3):
 PSYoungGen      total 7680K, used 2912K [0x00000000d5580000, 0x00000000d6300000, 0x0000000100000000)
  eden space 4608K, 0% used [0x00000000d5580000,0x00000000d5580000,0x00000000d5a00000)
  from space 3072K, 94% used [0x00000000d6000000,0x00000000d62d8000,0x00000000d6300000)
  to   space 4096K, 0% used [0x00000000d5b00000,0x00000000d5b00000,0x00000000d5f00000)
 ParOldGen       total 894976K, used 894651K [0x0000000080000000, 0x00000000b6a00000, 0x00000000d5580000)
  object space 894976K, 99% used [0x0000000080000000,0x00000000b69aefa0,0x00000000b6a00000)
 Metaspace       used 75879K, committed 77504K, reserved 1179648K
  class space    used 7930K, committed 8640K, reserved 1048576K
}

Dll operation events (11 events):
Event: 0.005 Loaded shared library c:\Users\IBYTE\.vscode\extensions\redhat.java-1.39.0-win32-x64\jre\21.0.5-win32-x86_64\bin\java.dll
Event: 0.063 Loaded shared library c:\Users\IBYTE\.vscode\extensions\redhat.java-1.39.0-win32-x64\jre\21.0.5-win32-x86_64\bin\zip.dll
Event: 0.082 Loaded shared library C:\Users\IBYTE\.vscode\extensions\redhat.java-1.39.0-win32-x64\jre\21.0.5-win32-x86_64\bin\instrument.dll
Event: 0.085 Loaded shared library C:\Users\IBYTE\.vscode\extensions\redhat.java-1.39.0-win32-x64\jre\21.0.5-win32-x86_64\bin\net.dll
Event: 0.086 Loaded shared library C:\Users\IBYTE\.vscode\extensions\redhat.java-1.39.0-win32-x64\jre\21.0.5-win32-x86_64\bin\nio.dll
Event: 0.088 Loaded shared library C:\Users\IBYTE\.vscode\extensions\redhat.java-1.39.0-win32-x64\jre\21.0.5-win32-x86_64\bin\zip.dll
Event: 0.101 Loaded shared library C:\Users\IBYTE\.vscode\extensions\redhat.java-1.39.0-win32-x64\jre\21.0.5-win32-x86_64\bin\jimage.dll
Event: 0.167 Loaded shared library c:\Users\IBYTE\.vscode\extensions\redhat.java-1.39.0-win32-x64\jre\21.0.5-win32-x86_64\bin\verify.dll
Event: 1.172 Loaded shared library C:\Users\IBYTE\AppData\Roaming\Code\User\globalStorage\redhat.java\1.39.0\config_win\org.eclipse.equinox.launcher\org.eclipse.equinox.launcher.win32.win32.x86_64_1.2.1100.v20240722-2106\eclipse_11904.dll
Event: 2.395 Loaded shared library C:\Users\IBYTE\AppData\Local\Temp\jna-69471441\jna8935025921613048821.dll
Event: 41.530 Loaded shared library C:\Users\IBYTE\.vscode\extensions\redhat.java-1.39.0-win32-x64\jre\21.0.5-win32-x86_64\bin\extnet.dll

Deoptimization events (20 events):
Event: 287.487 Thread 0x000001627cdf48e0 Uncommon trap: trap_request=0xffffffc6 fr.pc=0x0000016228fe4e98 relative=0x0000000000000518
Event: 287.487 Thread 0x000001627cdf48e0 Uncommon trap: reason=bimorphic_or_optimized_type_check action=maybe_recompile pc=0x0000016228fe4e98 method=java.util.HashMap.removeNode(ILjava/lang/Object;Ljava/lang/Object;ZZ)Ljava/util/HashMap$Node; @ 68 c2
Event: 287.487 Thread 0x000001627cdf48e0 DEOPT PACKING pc=0x0000016228fe4e98 sp=0x0000002692ffe5a0
Event: 287.487 Thread 0x000001627cdf48e0 DEOPT UNPACKING pc=0x0000016228003aa2 sp=0x0000002692ffe4a8 mode 2
Event: 287.487 Thread 0x000001627cdf48e0 Uncommon trap: trap_request=0xffffffc6 fr.pc=0x0000016228fe4e98 relative=0x0000000000000518
Event: 287.487 Thread 0x000001627cdf48e0 Uncommon trap: reason=bimorphic_or_optimized_type_check action=maybe_recompile pc=0x0000016228fe4e98 method=java.util.HashMap.removeNode(ILjava/lang/Object;Ljava/lang/Object;ZZ)Ljava/util/HashMap$Node; @ 68 c2
Event: 287.487 Thread 0x000001627cdf48e0 DEOPT PACKING pc=0x0000016228fe4e98 sp=0x0000002692ffe500
Event: 287.487 Thread 0x000001627cdf48e0 DEOPT UNPACKING pc=0x0000016228003aa2 sp=0x0000002692ffe408 mode 2
Event: 287.528 Thread 0x000001627cc274e0 Uncommon trap: trap_request=0xffffff45 fr.pc=0x0000016228ed6bb4 relative=0x0000000000000754
Event: 287.528 Thread 0x000001627cc274e0 Uncommon trap: reason=unstable_if action=reinterpret pc=0x0000016228ed6bb4 method=org.eclipse.jdt.internal.core.index.DiskIndex.readStreamDocumentArray(Ljava/io/InputStream;I)[I @ 60 c2
Event: 287.528 Thread 0x000001627cc274e0 DEOPT PACKING pc=0x0000016228ed6bb4 sp=0x0000002691cfedd0
Event: 287.528 Thread 0x000001627cc274e0 DEOPT UNPACKING pc=0x0000016228003aa2 sp=0x0000002691cfed60 mode 2
Event: 287.663 Thread 0x000001627cdefa20 Uncommon trap: trap_request=0xffffffde fr.pc=0x0000016228ac01f4 relative=0x00000000000001b4
Event: 287.664 Thread 0x000001627cdefa20 Uncommon trap: reason=class_check action=maybe_recompile pc=0x0000016228ac01f4 method=java.util.Collections$UnmodifiableMap.entrySet()Ljava/util/Set; @ 16 c2
Event: 287.664 Thread 0x000001627cdefa20 DEOPT PACKING pc=0x0000016228ac01f4 sp=0x00000026931fe4e0
Event: 287.664 Thread 0x000001627cdefa20 DEOPT UNPACKING pc=0x0000016228003aa2 sp=0x00000026931fe480 mode 2
Event: 287.664 Thread 0x000001627cdefa20 Uncommon trap: trap_request=0xffffffde fr.pc=0x0000016228ac2cd0 relative=0x0000000000000310
Event: 287.664 Thread 0x000001627cdefa20 Uncommon trap: reason=class_check action=maybe_recompile pc=0x0000016228ac2cd0 method=java.util.Collections$UnmodifiableMap$UnmodifiableEntrySet$1.<init>(Ljava/util/Collections$UnmodifiableMap$UnmodifiableEntrySet;)V @ 17 c2
Event: 287.664 Thread 0x000001627cdefa20 DEOPT PACKING pc=0x0000016228ac2cd0 sp=0x00000026931fe4e0
Event: 287.664 Thread 0x000001627cdefa20 DEOPT UNPACKING pc=0x0000016228003aa2 sp=0x00000026931fe420 mode 2

Classes loaded (20 events):
Event: 283.417 Loading class java/util/stream/IntPipeline$StatelessOp done
Event: 283.418 Loading class java/util/stream/ReferencePipeline$4 done
Event: 283.419 Loading class java/util/stream/Nodes$IntFixedNodeBuilder
Event: 283.419 Loading class java/util/stream/Node$Builder$OfInt
Event: 283.420 Loading class java/util/stream/Node$Builder$OfInt done
Event: 283.420 Loading class java/util/stream/Nodes$IntArrayNode
Event: 283.420 Loading class java/util/stream/Nodes$IntArrayNode done
Event: 283.420 Loading class java/util/stream/Nodes$IntFixedNodeBuilder done
Event: 283.421 Loading class java/util/stream/ReferencePipeline$4$1
Event: 283.421 Loading class java/util/stream/ReferencePipeline$4$1 done
Event: 287.427 Loading class org/xml/sax/SAXNotRecognizedException
Event: 287.428 Loading class org/xml/sax/SAXNotRecognizedException done
Event: 287.428 Loading class org/xml/sax/SAXNotSupportedException
Event: 287.428 Loading class org/xml/sax/SAXNotSupportedException done
Event: 287.431 Loading class com/sun/org/apache/xerces/internal/util/URI
Event: 287.432 Loading class com/sun/org/apache/xerces/internal/util/URI done
Event: 287.433 Loading class com/sun/org/apache/xerces/internal/xni/XNIException
Event: 287.434 Loading class com/sun/org/apache/xerces/internal/xni/XNIException done
Event: 287.435 Loading class com/sun/org/apache/xerces/internal/xni/parser/XMLParseException
Event: 287.436 Loading class com/sun/org/apache/xerces/internal/xni/parser/XMLParseException done

Classes unloaded (7 events):
Event: 3.064 Thread 0x0000016234937520 Unloading class 0x000001623619ac00 'java/lang/invoke/LambdaForm$MH+0x000001623619ac00'
Event: 3.064 Thread 0x0000016234937520 Unloading class 0x000001623619a800 'java/lang/invoke/LambdaForm$MH+0x000001623619a800'
Event: 3.064 Thread 0x0000016234937520 Unloading class 0x000001623619a400 'java/lang/invoke/LambdaForm$MH+0x000001623619a400'
Event: 3.064 Thread 0x0000016234937520 Unloading class 0x000001623619a000 'java/lang/invoke/LambdaForm$MH+0x000001623619a000'
Event: 3.064 Thread 0x0000016234937520 Unloading class 0x0000016236199c00 'java/lang/invoke/LambdaForm$BMH+0x0000016236199c00'
Event: 3.064 Thread 0x0000016234937520 Unloading class 0x0000016236199800 'java/lang/invoke/LambdaForm$DMH+0x0000016236199800'
Event: 3.064 Thread 0x0000016234937520 Unloading class 0x0000016236198400 'java/lang/invoke/LambdaForm$DMH+0x0000016236198400'

Classes redefined (0 events):
No events

Internal exceptions (20 events):
Event: 92.482 Thread 0x000001627c9ed280 Exception <a 'sun/nio/fs/WindowsException'{0x00000000d559ebc0}> (0x00000000d559ebc0) 
thrown [s\src\hotspot\share\prims\jni.cpp, line 520]
Event: 92.483 Thread 0x000001627c9ed280 Exception <a 'sun/nio/fs/WindowsException'{0x00000000d559fb60}> (0x00000000d559fb60) 
thrown [s\src\hotspot\share\prims\jni.cpp, line 520]
Event: 92.483 Thread 0x000001627c9ed280 Exception <a 'sun/nio/fs/WindowsException'{0x00000000d55a0440}> (0x00000000d55a0440) 
thrown [s\src\hotspot\share\prims\jni.cpp, line 520]
Event: 92.483 Thread 0x000001627c9ed280 Exception <a 'sun/nio/fs/WindowsException'{0x00000000d55a1bc0}> (0x00000000d55a1bc0) 
thrown [s\src\hotspot\share\prims\jni.cpp, line 520]
Event: 92.483 Thread 0x000001627c9ed280 Exception <a 'sun/nio/fs/WindowsException'{0x00000000d55a21f0}> (0x00000000d55a21f0) 
thrown [s\src\hotspot\share\prims\jni.cpp, line 520]
Event: 92.495 Thread 0x000001627c9ed280 Exception <a 'sun/nio/fs/WindowsException'{0x00000000d55c0e20}> (0x00000000d55c0e20) 
thrown [s\src\hotspot\share\prims\jni.cpp, line 520]
Event: 92.495 Thread 0x000001627c9ed280 Exception <a 'sun/nio/fs/WindowsException'{0x00000000d55c1700}> (0x00000000d55c1700) 
thrown [s\src\hotspot\share\prims\jni.cpp, line 520]
Event: 92.598 Thread 0x000001627cc52230 Exception <a 'sun/nio/fs/WindowsException'{0x00000000d5695de0}> (0x00000000d5695de0) 
thrown [s\src\hotspot\share\prims\jni.cpp, line 520]
Event: 92.598 Thread 0x000001627cc52230 Exception <a 'sun/nio/fs/WindowsException'{0x00000000d5696470}> (0x00000000d5696470) 
thrown [s\src\hotspot\share\prims\jni.cpp, line 520]
Event: 92.601 Thread 0x000001627cc52230 Exception <a 'java/lang/NoSuchMethodError'{0x00000000d56a1f50}: 'void java.lang.invoke.DirectMethodHandle$Holder.invokeStatic(java.lang.Object, java.lang.Object, java.lang.Object, java.lang.Object, java.lang.Object, java.lang.Object, java.lang.Object)'> (0x00000000d56a1f50) 
thrown [s\src\hotspot\share\interpreter\linkResolver.cpp, line 773]
Event: 93.321 Thread 0x000001627cc51ba0 Exception <a 'sun/nio/fs/WindowsException'{0x00000000d5609030}> (0x00000000d5609030) 
thrown [s\src\hotspot\share\prims\jni.cpp, line 520]
Event: 93.393 Thread 0x000001627cc51ba0 Exception <a 'sun/nio/fs/WindowsException'{0x00000000d5617618}> (0x00000000d5617618) 
thrown [s\src\hotspot\share\prims\jni.cpp, line 520]
Event: 93.456 Thread 0x000001627cc51ba0 Exception <a 'sun/nio/fs/WindowsException'{0x00000000d5625e00}> (0x00000000d5625e00) 
thrown [s\src\hotspot\share\prims\jni.cpp, line 520]
Event: 93.514 Thread 0x000001627cc51ba0 Exception <a 'sun/nio/fs/WindowsException'{0x00000000d5634e70}> (0x00000000d5634e70) 
thrown [s\src\hotspot\share\prims\jni.cpp, line 520]
Event: 93.580 Thread 0x000001627cc51ba0 Exception <a 'sun/nio/fs/WindowsException'{0x00000000d5643a80}> (0x00000000d5643a80) 
thrown [s\src\hotspot\share\prims\jni.cpp, line 520]
Event: 93.644 Thread 0x000001627cc51ba0 Exception <a 'sun/nio/fs/WindowsException'{0x00000000d5651e40}> (0x00000000d5651e40) 
thrown [s\src\hotspot\share\prims\jni.cpp, line 520]
Event: 287.368 Thread 0x000001627cdf48e0 Exception <a 'java/lang/IncompatibleClassChangeError'{0x00000000d572d2a0}: Found class java.lang.Object, but interface was expected> (0x00000000d572d2a0) 
thrown [s\src\hotspot\share\interpreter\linkResolver.cpp, line 840]
Event: 287.368 Thread 0x000001627cdf48e0 Exception <a 'java/lang/IncompatibleClassChangeError'{0x00000000d5731630}: Found class java.lang.Object, but interface was expected> (0x00000000d5731630) 
thrown [s\src\hotspot\share\interpreter\linkResolver.cpp, line 840]
Event: 287.408 Thread 0x000001627cdf48e0 Exception <a 'java/lang/NoSuchMethodError'{0x00000000d58d3510}: 'java.lang.Object java.lang.invoke.DirectMethodHandle$Holder.invokeStatic(java.lang.Object, java.lang.Object, int, java.lang.Object)'> (0x00000000d58d3510) 
thrown [s\src\hotspot\share\interpreter\linkResolver.cpp, line 773]
Event: 287.689 Thread 0x000001627cc274e0 Exception <a 'sun/nio/fs/WindowsException'{0x00000000d57852c8}> (0x00000000d57852c8) 
thrown [s\src\hotspot\share\prims\jni.cpp, line 520]

ZGC Phase Switch (0 events):
No events

VM Operations (20 events):
Event: 287.556 Executing VM operation: ParallelGCFailedAllocation (Allocation Failure)
Event: 287.559 Executing VM operation: ParallelGCFailedAllocation (Allocation Failure) done
Event: 287.561 Executing VM operation: ParallelGCFailedAllocation (Allocation Failure)
Event: 287.564 Executing VM operation: ParallelGCFailedAllocation (Allocation Failure) done
Event: 287.568 Executing VM operation: ParallelGCFailedAllocation (Allocation Failure)
Event: 287.572 Executing VM operation: ParallelGCFailedAllocation (Allocation Failure) done
Event: 287.575 Executing VM operation: ParallelGCFailedAllocation (Allocation Failure)
Event: 287.578 Executing VM operation: ParallelGCFailedAllocation (Allocation Failure) done
Event: 287.585 Executing VM operation: ParallelGCFailedAllocation (Allocation Failure)
Event: 287.589 Executing VM operation: ParallelGCFailedAllocation (Allocation Failure) done
Event: 287.601 Executing VM operation: ParallelGCFailedAllocation (Allocation Failure)
Event: 287.603 Executing VM operation: ParallelGCFailedAllocation (Allocation Failure) done
Event: 287.609 Executing VM operation: ParallelGCFailedAllocation (Allocation Failure)
Event: 287.612 Executing VM operation: ParallelGCFailedAllocation (Allocation Failure) done
Event: 287.626 Executing VM operation: ParallelGCFailedAllocation (Allocation Failure)
Event: 287.629 Executing VM operation: ParallelGCFailedAllocation (Allocation Failure) done
Event: 287.633 Executing VM operation: ParallelGCFailedAllocation (Allocation Failure)
Event: 287.636 Executing VM operation: ParallelGCFailedAllocation (Allocation Failure) done
Event: 287.640 Executing VM operation: ParallelGCFailedAllocation (Allocation Failure)
Event: 287.645 Executing VM operation: ParallelGCFailedAllocation (Allocation Failure) done

Memory protections (0 events):
No events

Nmethod flushes (20 events):
Event: 11.198 Thread 0x0000016234937520 flushing  nmethod 0x0000016221309a10
Event: 11.198 Thread 0x0000016234937520 flushing osr nmethod 0x000001622130b610
Event: 11.198 Thread 0x0000016234937520 flushing  nmethod 0x0000016221313490
Event: 11.198 Thread 0x0000016234937520 flushing  nmethod 0x0000016221322010
Event: 11.198 Thread 0x0000016234937520 flushing  nmethod 0x000001622132d590
Event: 11.198 Thread 0x0000016234937520 flushing  nmethod 0x0000016221337d90
Event: 11.198 Thread 0x0000016234937520 flushing  nmethod 0x000001622133cf10
Event: 11.198 Thread 0x0000016234937520 flushing  nmethod 0x000001622133e010
Event: 11.198 Thread 0x0000016234937520 flushing  nmethod 0x000001622133ef10
Event: 11.198 Thread 0x0000016234937520 flushing  nmethod 0x000001622133f790
Event: 11.198 Thread 0x0000016234937520 flushing  nmethod 0x0000016221340290
Event: 11.198 Thread 0x0000016234937520 flushing  nmethod 0x0000016221343590
Event: 11.198 Thread 0x0000016234937520 flushing  nmethod 0x000001622136d990
Event: 11.198 Thread 0x0000016234937520 flushing  nmethod 0x0000016221388e90
Event: 11.198 Thread 0x0000016234937520 flushing  nmethod 0x00000162213a7390
Event: 11.198 Thread 0x0000016234937520 flushing  nmethod 0x00000162213b8010
Event: 11.198 Thread 0x0000016234937520 flushing  nmethod 0x00000162213b9910
Event: 11.198 Thread 0x0000016234937520 flushing  nmethod 0x00000162213c9090
Event: 11.198 Thread 0x0000016234937520 flushing osr nmethod 0x00000162213e4a10
Event: 11.198 Thread 0x0000016234937520 flushing  nmethod 0x00000162213f6790

Events (20 events):
Event: 126.691 Thread 0x000001627cc26e50 Thread exited: 0x000001627cc26e50
Event: 126.709 Thread 0x000001621bffe3c0 Thread added: 0x000001620a271ba0
Event: 126.955 Thread 0x000001620a271ba0 Thread exited: 0x000001620a271ba0
Event: 127.226 Thread 0x000001627d3a5f90 Thread exited: 0x000001627d3a5f90
Event: 133.842 Thread 0x000001627cdeed00 Thread exited: 0x000001627cdeed00
Event: 135.848 Thread 0x000001627cdedfe0 Thread exited: 0x000001627cdedfe0
Event: 136.095 Thread 0x000001627cc25aa0 Thread exited: 0x000001627cc25aa0
Event: 187.236 Thread 0x000001627d3a6620 Thread exited: 0x000001627d3a6620
Event: 188.152 Thread 0x000001627cc4fad0 Thread exited: 0x000001627cc4fad0
Event: 193.885 Thread 0x000001627cc25410 Thread exited: 0x000001627cc25410
Event: 235.768 Thread 0x000001627cc24d80 Thread added: 0x000001627cc51ba0
Event: 247.243 Thread 0x000001627d3a31a0 Thread exited: 0x000001627d3a31a0
Event: 248.160 Thread 0x000001627c9ed280 Thread exited: 0x000001627c9ed280
Event: 253.781 Thread 0x000001627cc24d80 Thread added: 0x000001627cc4edb0
Event: 286.543 Thread 0x000001621bffe3c0 Thread added: 0x000001620a270e00
Event: 287.161 Thread 0x000001620a270e00 Thread exited: 0x000001620a270e00
Event: 287.490 Thread 0x000001627cc51ba0 Thread added: 0x000001627cc4d370
Event: 287.580 Thread 0x000001621bffe3c0 Thread added: 0x000001620a270e00
Event: 287.595 Thread 0x000001627cdefa20 Thread added: 0x000001627cc4fad0
Event: 287.630 Thread 0x000001627cdefa20 Thread added: 0x000001627d3a5f90


Dynamic libraries:
0x00007ff7e1f60000 - 0x00007ff7e1f6e000 	c:\Users\IBYTE\.vscode\extensions\redhat.java-1.39.0-win32-x64\jre\21.0.5-win32-x86_64\bin\java.exe
0x00007ffae9250000 - 0x00007ffae9467000 	C:\WINDOWS\SYSTEM32\ntdll.dll
0x00007ffae8740000 - 0x00007ffae8804000 	C:\WINDOWS\System32\KERNEL32.DLL
0x00007ffae68a0000 - 0x00007ffae6c70000 	C:\WINDOWS\System32\KERNELBASE.dll
0x00007ffae6780000 - 0x00007ffae6891000 	C:\WINDOWS\System32\ucrtbase.dll
0x00007ffadf420000 - 0x00007ffadf43e000 	c:\Users\IBYTE\.vscode\extensions\redhat.java-1.39.0-win32-x64\jre\21.0.5-win32-x86_64\bin\VCRUNTIME140.dll
0x00007ffad91b0000 - 0x00007ffad91c8000 	c:\Users\IBYTE\.vscode\extensions\redhat.java-1.39.0-win32-x64\jre\21.0.5-win32-x86_64\bin\jli.dll
0x00007ffae8820000 - 0x00007ffae89ce000 	C:\WINDOWS\System32\USER32.dll
0x00007ffae6f10000 - 0x00007ffae6f36000 	C:\WINDOWS\System32\win32u.dll
0x00007ffacf9d0000 - 0x00007ffacfc62000 	C:\WINDOWS\WinSxS\amd64_microsoft.windows.common-controls_6595b64144ccf1df_6.0.22621.4830_none_270fe7d773858e80\COMCTL32.dll
0x00007ffae90e0000 - 0x00007ffae9109000 	C:\WINDOWS\System32\GDI32.dll
0x00007ffae6500000 - 0x00007ffae661b000 	C:\WINDOWS\System32\gdi32full.dll
0x00007ffae72f0000 - 0x00007ffae7397000 	C:\WINDOWS\System32\msvcrt.dll
0x00007ffae66e0000 - 0x00007ffae677a000 	C:\WINDOWS\System32\msvcp_win.dll
0x00007ffae91d0000 - 0x00007ffae9201000 	C:\WINDOWS\System32\IMM32.DLL
0x00007ffada1f0000 - 0x00007ffada1fc000 	c:\Users\IBYTE\.vscode\extensions\redhat.java-1.39.0-win32-x64\jre\21.0.5-win32-x86_64\bin\vcruntime140_1.dll
0x00007ffaac140000 - 0x00007ffaac1cd000 	c:\Users\IBYTE\.vscode\extensions\redhat.java-1.39.0-win32-x64\jre\21.0.5-win32-x86_64\bin\msvcp140.dll
0x00007ffa93890000 - 0x00007ffa9461f000 	c:\Users\IBYTE\.vscode\extensions\redhat.java-1.39.0-win32-x64\jre\21.0.5-win32-x86_64\bin\server\jvm.dll
0x00007ffae9110000 - 0x00007ffae91c1000 	C:\WINDOWS\System32\ADVAPI32.dll
0x00007ffae6f40000 - 0x00007ffae6fe7000 	C:\WINDOWS\System32\sechost.dll
0x00007ffae6c70000 - 0x00007ffae6c98000 	C:\WINDOWS\System32\bcrypt.dll
0x00007ffae73a0000 - 0x00007ffae74b4000 	C:\WINDOWS\System32\RPCRT4.dll
0x00007ffae8b50000 - 0x00007ffae8bc1000 	C:\WINDOWS\System32\WS2_32.dll
0x00007ffae1510000 - 0x00007ffae1544000 	C:\WINDOWS\SYSTEM32\WINMM.dll
0x00007ffae6320000 - 0x00007ffae636d000 	C:\WINDOWS\SYSTEM32\POWRPROF.dll
0x00007ffacbb30000 - 0x00007ffacbb3a000 	C:\WINDOWS\SYSTEM32\VERSION.dll
0x00007ffae6200000 - 0x00007ffae6213000 	C:\WINDOWS\SYSTEM32\UMPDC.dll
0x00007ffae5540000 - 0x00007ffae5558000 	C:\WINDOWS\SYSTEM32\kernel.appcore.dll
0x00007ffad9d50000 - 0x00007ffad9d5a000 	c:\Users\IBYTE\.vscode\extensions\redhat.java-1.39.0-win32-x64\jre\21.0.5-win32-x86_64\bin\jimage.dll
0x00007ffae3d10000 - 0x00007ffae3f42000 	C:\WINDOWS\SYSTEM32\DBGHELP.DLL
0x00007ffae7a80000 - 0x00007ffae7e10000 	C:\WINDOWS\System32\combase.dll
0x00007ffae7890000 - 0x00007ffae7967000 	C:\WINDOWS\System32\OLEAUT32.dll
0x00007ffacc3b0000 - 0x00007ffacc3e2000 	C:\WINDOWS\SYSTEM32\dbgcore.DLL
0x00007ffae6e90000 - 0x00007ffae6f0b000 	C:\WINDOWS\System32\bcryptPrimitives.dll
0x00007ffad9b20000 - 0x00007ffad9b2f000 	c:\Users\IBYTE\.vscode\extensions\redhat.java-1.39.0-win32-x64\jre\21.0.5-win32-x86_64\bin\instrument.dll
0x00007ffad8fa0000 - 0x00007ffad8fbf000 	c:\Users\IBYTE\.vscode\extensions\redhat.java-1.39.0-win32-x64\jre\21.0.5-win32-x86_64\bin\java.dll
0x00007ffae7e10000 - 0x00007ffae8688000 	C:\WINDOWS\System32\SHELL32.dll
0x00007ffae4400000 - 0x00007ffae4d10000 	C:\WINDOWS\SYSTEM32\windows.storage.dll
0x00007ffae42c0000 - 0x00007ffae43ff000 	C:\WINDOWS\SYSTEM32\wintypes.dll
0x00007ffae8a40000 - 0x00007ffae8b4a000 	C:\WINDOWS\System32\SHCORE.dll
0x00007ffae7680000 - 0x00007ffae76de000 	C:\WINDOWS\System32\shlwapi.dll
0x00007ffae6430000 - 0x00007ffae645b000 	C:\WINDOWS\SYSTEM32\profapi.dll
0x00007ffad8830000 - 0x00007ffad8848000 	c:\Users\IBYTE\.vscode\extensions\redhat.java-1.39.0-win32-x64\jre\21.0.5-win32-x86_64\bin\zip.dll
0x00007ffad9ae0000 - 0x00007ffad9af0000 	C:\Users\IBYTE\.vscode\extensions\redhat.java-1.39.0-win32-x64\jre\21.0.5-win32-x86_64\bin\net.dll
0x00007ffae2c80000 - 0x00007ffae2dac000 	C:\WINDOWS\SYSTEM32\WINHTTP.dll
0x00007ffae59c0000 - 0x00007ffae5a29000 	C:\WINDOWS\system32\mswsock.dll
0x00007ffad8810000 - 0x00007ffad8826000 	C:\Users\IBYTE\.vscode\extensions\redhat.java-1.39.0-win32-x64\jre\21.0.5-win32-x86_64\bin\nio.dll
0x00007ffad92e0000 - 0x00007ffad92f0000 	c:\Users\IBYTE\.vscode\extensions\redhat.java-1.39.0-win32-x64\jre\21.0.5-win32-x86_64\bin\verify.dll
0x00007ffaae120000 - 0x00007ffaae165000 	C:\Users\IBYTE\AppData\Roaming\Code\User\globalStorage\redhat.java\1.39.0\config_win\org.eclipse.equinox.launcher\org.eclipse.equinox.launcher.win32.win32.x86_64_1.2.1100.v20240722-2106\eclipse_11904.dll
0x00007ffae76e0000 - 0x00007ffae7881000 	C:\WINDOWS\System32\ole32.dll
0x00007ffae5c10000 - 0x00007ffae5c2b000 	C:\WINDOWS\SYSTEM32\CRYPTSP.dll
0x00007ffae5480000 - 0x00007ffae54b5000 	C:\WINDOWS\system32\rsaenh.dll
0x00007ffae5ab0000 - 0x00007ffae5ad8000 	C:\WINDOWS\SYSTEM32\USERENV.dll
0x00007ffae5c30000 - 0x00007ffae5c3c000 	C:\WINDOWS\SYSTEM32\CRYPTBASE.dll
0x00007ffae4fb0000 - 0x00007ffae4fdd000 	C:\WINDOWS\SYSTEM32\IPHLPAPI.DLL
0x00007ffae8810000 - 0x00007ffae8819000 	C:\WINDOWS\System32\NSI.dll
0x00007ffaaa730000 - 0x00007ffaaa779000 	C:\Users\IBYTE\AppData\Local\Temp\jna-69471441\jna8935025921613048821.dll
0x00007ffae7510000 - 0x00007ffae7518000 	C:\WINDOWS\System32\PSAPI.DLL
0x00007ffae1980000 - 0x00007ffae1999000 	C:\WINDOWS\SYSTEM32\dhcpcsvc6.DLL
0x00007ffae19e0000 - 0x00007ffae19ff000 	C:\WINDOWS\SYSTEM32\dhcpcsvc.DLL
0x00007ffad89f0000 - 0x00007ffad89f9000 	C:\Users\IBYTE\.vscode\extensions\redhat.java-1.39.0-win32-x64\jre\21.0.5-win32-x86_64\bin\extnet.dll

dbghelp: loaded successfully - version: 4.0.5 - missing functions: none
symbol engine: initialized successfully - sym options: 0x614 - pdb path: .;c:\Users\IBYTE\.vscode\extensions\redhat.java-1.39.0-win32-x64\jre\21.0.5-win32-x86_64\bin;C:\WINDOWS\SYSTEM32;C:\WINDOWS\WinSxS\amd64_microsoft.windows.common-controls_6595b64144ccf1df_6.0.22621.4830_none_270fe7d773858e80;c:\Users\IBYTE\.vscode\extensions\redhat.java-1.39.0-win32-x64\jre\21.0.5-win32-x86_64\bin\server;C:\Users\IBYTE\AppData\Roaming\Code\User\globalStorage\redhat.java\1.39.0\config_win\org.eclipse.equinox.launcher\org.eclipse.equinox.launcher.win32.win32.x86_64_1.2.1100.v20240722-2106;C:\Users\IBYTE\AppData\Local\Temp\jna-69471441

VM Arguments:
jvm_args: --add-modules=ALL-SYSTEM --add-opens=java.base/java.util=ALL-UNNAMED --add-opens=java.base/java.lang=ALL-UNNAMED --add-opens=java.base/sun.nio.fs=ALL-UNNAMED -Declipse.application=org.eclipse.jdt.ls.core.id1 -Dosgi.bundles.defaultStartLevel=4 -Declipse.product=org.eclipse.jdt.ls.core.product -Djava.import.generatesMetadataFilesAtProjectRoot=false -DDetectVMInstallationsJob.disabled=true -Dfile.encoding=utf8 -XX:+UseParallelGC -XX:GCTimeRatio=4 -XX:AdaptiveSizePolicyWeight=90 -Dsun.zip.disableMemoryMapping=true -Xmx2G -Xms100m -Xlog:disable -javaagent:c:\Users\IBYTE\.vscode\extensions\redhat.java-1.39.0-win32-x64\lombok\lombok-1.18.34.jar -XX:+HeapDumpOnOutOfMemoryError -XX:HeapDumpPath=c:\Users\IBYTE\AppData\Roaming\Code\User\workspaceStorage\59ce07a759c63856ad17a90456c615a0\redhat.java -Daether.dependencyCollector.impl=bf 
java_command: c:\Users\IBYTE\.vscode\extensions\redhat.java-1.39.0-win32-x64\server\plugins\org.eclipse.equinox.launcher_1.6.900.v20240613-2009.jar -configuration c:\Users\IBYTE\AppData\Roaming\Code\User\globalStorage\redhat.java\1.39.0\config_win -data c:\Users\IBYTE\AppData\Roaming\Code\User\workspaceStorage\59ce07a759c63856ad17a90456c615a0\redhat.java\jdt_ws --pipe=\\.\pipe\lsp-9237a8e654ae68205d746e7d760cd5a4-sock
java_class_path (initial): c:\Users\IBYTE\.vscode\extensions\redhat.java-1.39.0-win32-x64\server\plugins\org.eclipse.equinox.launcher_1.6.900.v20240613-2009.jar
Launcher Type: SUN_STANDARD

[Global flags]
    uintx AdaptiveSizePolicyWeight                 = 90                                        {product} {command line}
     intx CICompilerCount                          = 4                                         {product} {ergonomic}
    uintx GCTimeRatio                              = 4                                         {product} {command line}
     bool HeapDumpOnOutOfMemoryError               = true                                   {manageable} {command line}
    ccstr HeapDumpPath                             = c:\Users\IBYTE\AppData\Roaming\Code\User\workspaceStorage\59ce07a759c63856ad17a90456c615a0\redhat.java         {manageable} {command line}
   size_t InitialHeapSize                          = 104857600                                 {product} {command line}
   size_t MaxHeapSize                              = 2147483648                                {product} {command line}
   size_t MaxNewSize                               = 715653120                                 {product} {ergonomic}
   size_t MinHeapDeltaBytes                        = 524288                                    {product} {ergonomic}
   size_t MinHeapSize                              = 104857600                                 {product} {command line}
   size_t NewSize                                  = 34603008                                  {product} {ergonomic}
    uintx NonNMethodCodeHeapSize                   = 5839372                                {pd product} {ergonomic}
    uintx NonProfiledCodeHeapSize                  = 122909434                              {pd product} {ergonomic}
   size_t OldSize                                  = 70254592                                  {product} {ergonomic}
    uintx ProfiledCodeHeapSize                     = 122909434                              {pd product} {ergonomic}
    uintx ReservedCodeCacheSize                    = 251658240                              {pd product} {ergonomic}
     bool SegmentedCodeCache                       = true                                      {product} {ergonomic}
   size_t SoftMaxHeapSize                          = 2147483648                             {manageable} {ergonomic}
     bool UseCompressedOops                        = true                           {product lp64_product} {ergonomic}
     bool UseLargePagesIndividualAllocation        = false                                  {pd product} {ergonomic}
     bool UseParallelGC                            = true                                      {product} {command line}

Logging:
Log output configuration:
 #0: stdout all=off uptime,level,tags foldmultilines=false
 #1: stderr all=off uptime,level,tags foldmultilines=false

Environment Variables:
JAVA_HOME=C:\Program Files\Java\jdk-17\
PATH=C:\Windows\System32;C:\Program Files\Microsoft SQL Server\150\Tools\Binn\;C:\Program Files\Microsoft SQL Server\Client SDK\ODBC\170\Tools\Binn\;C:\Program Files\dotnet\;C:\Windows\System32\WindowsPowerShell\v1.0\;C:\Users\IBYTE\scripts;C:\Users\IBYTE\apache-maven-3.9.9-bin\bin;C:\Program Files\Java\apache-maven-3.9.7\bin;;C:\Program Files\Docker\Docker\resources\bin;C:\Program Files\MySQL\MySQL Shell 8.0\bin\;C:\Users\IBYTE\AppData\Local\Programs\Python\Python312\Scripts\;C:\Users\IBYTE\AppData\Local\Programs\Python\Python312\;C:\Users\IBYTE\AppData\Local\Programs\Python\Launcher\;C:\Users\IBYTE\AppData\Local\Microsoft\WindowsApps;C:\Users\IBYTE\AppData\Local\GitHubDesktop\bin;C:\Program Files\nodejs;C:\Users\IBYTE\AppData\Roaming\npm;C:\Users\IBYTE\.dotnet\tools;C:\Users\IBYTE\AppData\Local\Programs\Microsoft VS Code\bin;C:\cmder\bin;C:\Program Files\PostgreSQL\15\bin;C:\Program Files\MySQL\MySQL Server 8.0\bin;C:\Users\IBYTE\.dotnet\tools;C:\Program Files\Java\jdk-17\\bin
USERNAME=IBYTE
OS=Windows_NT
PROCESSOR_IDENTIFIER=Intel64 Family 6 Model 154 Stepping 3, GenuineIntel
TMP=C:\Users\IBYTE\AppData\Local\Temp
TEMP=C:\Users\IBYTE\AppData\Local\Temp




Periodic native trim disabled

---------------  S Y S T E M  ---------------

OS:
 Windows 11 , 64 bit Build 22621 (10.0.22621.4830)
OS uptime: 0 days 1:25 hours
Hyper-V role detected

CPU: total 12 (initial active 12) (6 cores per cpu, 2 threads per core) family 6 model 154 stepping 3 microcode 0x423, cx8, cmov, fxsr, ht, mmx, 3dnowpref, sse, sse2, sse3, ssse3, sse4.1, sse4.2, popcnt, lzcnt, tsc, tscinvbit, avx, avx2, aes, erms, clmul, bmi1, bmi2, adx, sha, fma, vzeroupper, clflush, clflushopt, clwb, hv, serialize, rdtscp, rdpid, fsrm, f16c, cet_ibt, cet_ss
Processor Information for processor 0
  Max Mhz: 2000, Current Mhz: 2000, Mhz Limit: 2000
Processor Information for processor 1
  Max Mhz: 2000, Current Mhz: 2000, Mhz Limit: 2000
Processor Information for processor 2
  Max Mhz: 2000, Current Mhz: 2000, Mhz Limit: 2000
Processor Information for processor 3
  Max Mhz: 2000, Current Mhz: 2000, Mhz Limit: 2000
Processor Information for processor 4
  Max Mhz: 2000, Current Mhz: 2000, Mhz Limit: 2000
Processor Information for processor 5
  Max Mhz: 2000, Current Mhz: 2000, Mhz Limit: 2000
Processor Information for processor 6
  Max Mhz: 2000, Current Mhz: 2000, Mhz Limit: 2000
Processor Information for processor 7
  Max Mhz: 2000, Current Mhz: 2000, Mhz Limit: 2000
Processor Information for processor 8
  Max Mhz: 2000, Current Mhz: 1500, Mhz Limit: 1500
Processor Information for processor 9
  Max Mhz: 2000, Current Mhz: 1500, Mhz Limit: 1500
Processor Information for processor 10
  Max Mhz: 2000, Current Mhz: 1500, Mhz Limit: 1500
Processor Information for processor 11
  Max Mhz: 2000, Current Mhz: 1500, Mhz Limit: 1500

Memory: 4k page, system-wide physical 7896M (366M free)
TotalPageFile size 17557M (AvailPageFile size 44M)
current process WorkingSet (physical memory assigned to process): 363M, peak: 728M
current process commit charge ("private bytes"): 1237M, peak: 1238M

vm_info: OpenJDK 64-Bit Server VM (21.0.5+11-LTS) for windows-amd64 JRE (21.0.5+11-LTS), built on 2024-10-15T00:00:00Z by "admin" with MS VC++ 17.7 (VS2022)

END.
