#
# There is insufficient memory for the Java Runtime Environment to continue.
# Native memory allocation (malloc) failed to allocate 1591760 bytes. Error detail: Chunk::new
# Possible reasons:
#   The system is out of physical RAM or swap space
#   This process is running with CompressedOops enabled, and the Java Heap may be blocking the growth of the native heap
# Possible solutions:
#   Reduce memory load on the system
#   Increase physical memory or swap space
#   Check if swap backing store is full
#   Decrease Java heap size (-Xmx/-Xms)
#   Decrease number of Java threads
#   Decrease Java thread stack sizes (-Xss)
#   Set larger code cache with -XX:ReservedCodeCacheSize=
#   JVM is running with Unscaled Compressed Oops mode in which the Java heap is
#     placed in the first 4GB address space. The Java Heap base address is the
#     maximum limit for the native heap growth. Please use -XX:HeapBaseMinAddress
#     to set the Java Heap base and to place the Java Heap above 4GB virtual address.
# This output file may be truncated or incomplete.
#
#  Out of Memory Error (arena.cpp:168), pid=9060, tid=16100
#
# JRE version: OpenJDK Runtime Environment Temurin-21.0.5+11 (21.0.5+11) (build 21.0.5+11-LTS)
# Java VM: OpenJDK 64-Bit Server VM Temurin-21.0.5+11 (21.0.5+11-LTS, mixed mode, sharing, tiered, compressed oops, compressed class ptrs, parallel gc, windows-amd64)
# No core dump will be written. Minidumps are not enabled by default on client versions of Windows
#

---------------  S U M M A R Y ------------

Command Line: --add-modules=ALL-SYSTEM --add-opens=java.base/java.util=ALL-UNNAMED --add-opens=java.base/java.lang=ALL-UNNAMED --add-opens=java.base/sun.nio.fs=ALL-UNNAMED -Declipse.application=org.eclipse.jdt.ls.core.id1 -Dosgi.bundles.defaultStartLevel=4 -Declipse.product=org.eclipse.jdt.ls.core.product -Djava.import.generatesMetadataFilesAtProjectRoot=false -DDetectVMInstallationsJob.disabled=true -Dfile.encoding=utf8 -XX:+UseParallelGC -XX:GCTimeRatio=4 -XX:AdaptiveSizePolicyWeight=90 -Dsun.zip.disableMemoryMapping=true -Xmx2G -Xms100m -Xlog:disable -javaagent:c:\Users\IBYTE\.vscode\extensions\redhat.java-1.39.0-win32-x64\lombok\lombok-1.18.34.jar c:\Users\IBYTE\.vscode\extensions\redhat.java-1.39.0-win32-x64\server\plugins\org.eclipse.equinox.launcher_1.6.900.v20240613-2009.jar -configuration c:\Users\IBYTE\AppData\Roaming\Code\User\globalStorage\redhat.java\1.39.0\config_ss_win -data c:\Users\IBYTE\AppData\Roaming\Code\User\workspaceStorage\59ce07a759c63856ad17a90456c615a0\redhat.java\ss_ws --pipe=\\.\pipe\lsp-74ffa2f63203d40ae819da841ce0f32c-sock

Host: 12th Gen Intel(R) Core(TM) i5-12450H, 12 cores, 7G,  Windows 11 , 64 bit Build 22621 (10.0.22621.4830)
Time: Mon Feb 10 12:06:38 2025 Hora oficial do Brasil elapsed time: 330.880305 seconds (0d 0h 5m 30s)

---------------  T H R E A D  ---------------

Current thread (0x000001db67a798e0):  JavaThread "C2 CompilerThread1" daemon [_thread_in_native, id=16100, stack(0x000000bd36b00000,0x000000bd36c00000) (1024K)]


Current CompileTask:
C2:330880 6386   !   4       org.eclipse.osgi.internal.loader.BundleLoader::findClass0 (470 bytes)

Stack: [0x000000bd36b00000,0x000000bd36c00000]
Native frames: (J=compiled Java code, j=interpreted, Vv=VM code, C=native code)
V  [jvm.dll+0x6cd4e9]
V  [jvm.dll+0x8a7941]
V  [jvm.dll+0x8a9e6e]
V  [jvm.dll+0x8aa543]
V  [jvm.dll+0x27f6d6]
V  [jvm.dll+0xc500d]
V  [jvm.dll+0xc5543]
V  [jvm.dll+0x3b660c]
V  [jvm.dll+0x1dfdf3]
V  [jvm.dll+0x247b22]
V  [jvm.dll+0x246faf]
V  [jvm.dll+0x1c75ce]
V  [jvm.dll+0x25682a]
V  [jvm.dll+0x254dca]
V  [jvm.dll+0x3f00d6]
V  [jvm.dll+0x8514fb]
V  [jvm.dll+0x6cbbed]
C  [ucrtbase.dll+0x29333]
C  [KERNEL32.DLL+0x1259d]
C  [ntdll.dll+0x5af38]


---------------  P R O C E S S  ---------------

Threads class SMR info:
_java_thread_list=0x000001db6781f8c0, length=41, elements={
0x000001db084d2340, 0x000001db66124090, 0x000001db66124d40, 0x000001db66127f00,
0x000001db6612af80, 0x000001db6612ce50, 0x000001db6612f840, 0x000001db6613e210,
0x000001db6613ed50, 0x000001db66131280, 0x000001db66131910, 0x000001db6612eb20,
0x000001db66131fa0, 0x000001db6612f1b0, 0x000001db6612fed0, 0x000001db66130560,
0x000001db676067f0, 0x000001db6760de10, 0x000001db6760bd40, 0x000001db676095e0,
0x000001db67608230, 0x000001db67609c70, 0x000001db67607510, 0x000001db6760a990,
0x000001db6760a300, 0x000001db6760b6b0, 0x000001db6760b020, 0x000001db67607ba0,
0x000001db676088c0, 0x000001db67608f50, 0x000001db6760c3d0, 0x000001db6760ca60,
0x000001db6760d0f0, 0x000001db6760d780, 0x000001db66130bf0, 0x000001db66ef7660,
0x000001db66ef8380, 0x000001db66ef7cf0, 0x000001db66ef2110, 0x000001db67a798e0,
0x000001db6791ad60
}

Java Threads: ( => current thread )
  0x000001db084d2340 JavaThread "main"                              [_thread_blocked, id=10592, stack(0x000000bd36d00000,0x000000bd36e00000) (1024K)]
  0x000001db66124090 JavaThread "Reference Handler"          daemon [_thread_blocked, id=16704, stack(0x000000bd37100000,0x000000bd37200000) (1024K)]
  0x000001db66124d40 JavaThread "Finalizer"                  daemon [_thread_blocked, id=27016, stack(0x000000bd37200000,0x000000bd37300000) (1024K)]
  0x000001db66127f00 JavaThread "Signal Dispatcher"          daemon [_thread_blocked, id=14260, stack(0x000000bd37300000,0x000000bd37400000) (1024K)]
  0x000001db6612af80 JavaThread "Attach Listener"            daemon [_thread_blocked, id=5260, stack(0x000000bd37400000,0x000000bd37500000) (1024K)]
  0x000001db6612ce50 JavaThread "Service Thread"             daemon [_thread_blocked, id=26152, stack(0x000000bd37500000,0x000000bd37600000) (1024K)]
  0x000001db6612f840 JavaThread "Monitor Deflation Thread"   daemon [_thread_blocked, id=28256, stack(0x000000bd37600000,0x000000bd37700000) (1024K)]
  0x000001db6613e210 JavaThread "C2 CompilerThread0"         daemon [_thread_in_native, id=23080, stack(0x000000bd37700000,0x000000bd37800000) (1024K)]
  0x000001db6613ed50 JavaThread "C1 CompilerThread0"         daemon [_thread_in_native, id=8964, stack(0x000000bd37800000,0x000000bd37900000) (1024K)]
  0x000001db66131280 JavaThread "Common-Cleaner"             daemon [_thread_blocked, id=11384, stack(0x000000bd37900000,0x000000bd37a00000) (1024K)]
  0x000001db66131910 JavaThread "Notification Thread"        daemon [_thread_blocked, id=22020, stack(0x000000bd37a00000,0x000000bd37b00000) (1024K)]
  0x000001db6612eb20 JavaThread "Active Thread: Equinox Container: b6ea8756-6c22-40c8-afd0-a3ddc2ec75b8"        [_thread_blocked, id=28544, stack(0x000000bd38100000,0x000000bd38200000) (1024K)]
  0x000001db66131fa0 JavaThread "Framework Event Dispatcher: Equinox Container: b6ea8756-6c22-40c8-afd0-a3ddc2ec75b8" daemon [_thread_blocked, id=26880, stack(0x000000bd38200000,0x000000bd38300000) (1024K)]
  0x000001db6612f1b0 JavaThread "Start Level: Equinox Container: b6ea8756-6c22-40c8-afd0-a3ddc2ec75b8" daemon [_thread_blocked, id=21704, stack(0x000000bd38300000,0x000000bd38400000) (1024K)]
  0x000001db6612fed0 JavaThread "SCR Component Actor"        daemon [_thread_blocked, id=25888, stack(0x000000bd38500000,0x000000bd38600000) (1024K)]
  0x000001db66130560 JavaThread "Worker-JM"                         [_thread_blocked, id=1336, stack(0x000000bd38800000,0x000000bd38900000) (1024K)]
  0x000001db676067f0 JavaThread "JNA Cleaner"                daemon [_thread_blocked, id=23608, stack(0x000000bd38400000,0x000000bd38500000) (1024K)]
  0x000001db6760de10 JavaThread "Worker-0: Publish Diagnostics"        [_thread_in_Java, id=18344, stack(0x000000bd38b00000,0x000000bd38c00000) (1024K)]
  0x000001db6760bd40 JavaThread "Thread-2"                   daemon [_thread_in_native, id=21832, stack(0x000000bd38d00000,0x000000bd38e00000) (1024K)]
  0x000001db676095e0 JavaThread "Thread-3"                   daemon [_thread_in_native, id=28476, stack(0x000000bd38e00000,0x000000bd38f00000) (1024K)]
  0x000001db67608230 JavaThread "Thread-4"                   daemon [_thread_in_native, id=1600, stack(0x000000bd38f00000,0x000000bd39000000) (1024K)]
  0x000001db67609c70 JavaThread "Thread-5"                   daemon [_thread_in_native, id=19968, stack(0x000000bd39000000,0x000000bd39100000) (1024K)]
  0x000001db67607510 JavaThread "Thread-6"                   daemon [_thread_in_native, id=21444, stack(0x000000bd39100000,0x000000bd39200000) (1024K)]
  0x000001db6760a990 JavaThread "Thread-7"                   daemon [_thread_in_native, id=27344, stack(0x000000bd39200000,0x000000bd39300000) (1024K)]
  0x000001db6760a300 JavaThread "Thread-8"                   daemon [_thread_in_native, id=20016, stack(0x000000bd39300000,0x000000bd39400000) (1024K)]
  0x000001db6760b6b0 JavaThread "Thread-9"                   daemon [_thread_in_native, id=24712, stack(0x000000bd39400000,0x000000bd39500000) (1024K)]
  0x000001db6760b020 JavaThread "Thread-10"                  daemon [_thread_in_native, id=14388, stack(0x000000bd39500000,0x000000bd39600000) (1024K)]
  0x000001db67607ba0 JavaThread "Thread-11"                  daemon [_thread_in_native, id=14900, stack(0x000000bd39600000,0x000000bd39700000) (1024K)]
  0x000001db676088c0 JavaThread "Thread-12"                  daemon [_thread_in_native, id=18412, stack(0x000000bd39700000,0x000000bd39800000) (1024K)]
  0x000001db67608f50 JavaThread "Thread-13"                  daemon [_thread_in_native, id=22600, stack(0x000000bd39800000,0x000000bd39900000) (1024K)]
  0x000001db6760c3d0 JavaThread "Thread-14"                  daemon [_thread_in_native, id=12640, stack(0x000000bd39900000,0x000000bd39a00000) (1024K)]
  0x000001db6760ca60 JavaThread "pool-2-thread-1"                   [_thread_blocked, id=27752, stack(0x000000bd39a00000,0x000000bd39b00000) (1024K)]
  0x000001db6760d0f0 JavaThread "WorkspaceEventsHandler"            [_thread_blocked, id=11360, stack(0x000000bd39b00000,0x000000bd39c00000) (1024K)]
  0x000001db6760d780 JavaThread "pool-1-thread-1"                   [_thread_blocked, id=16932, stack(0x000000bd39c00000,0x000000bd39d00000) (1024K)]
  0x000001db66130bf0 JavaThread "ForkJoinPool.commonPool-worker-1" daemon [_thread_blocked, id=22696, stack(0x000000bd38700000,0x000000bd38800000) (1024K)]
  0x000001db66ef7660 JavaThread "ForkJoinPool.commonPool-worker-3" daemon [_thread_blocked, id=21256, stack(0x000000bd39e00000,0x000000bd39f00000) (1024K)]
  0x000001db66ef8380 JavaThread "ForkJoinPool.commonPool-worker-4" daemon [_thread_in_Java, id=24980, stack(0x000000bd39f00000,0x000000bd3a000000) (1024K)]
  0x000001db66ef7cf0 JavaThread "ForkJoinPool.commonPool-worker-6" daemon [_thread_blocked, id=25756, stack(0x000000bd3a100000,0x000000bd3a200000) (1024K)]
  0x000001db66ef2110 JavaThread "Worker-2"                          [_thread_blocked, id=28252, stack(0x000000bd3a300000,0x000000bd3a400000) (1024K)]
=>0x000001db67a798e0 JavaThread "C2 CompilerThread1"         daemon [_thread_in_native, id=16100, stack(0x000000bd36b00000,0x000000bd36c00000) (1024K)]
  0x000001db6791ad60 JavaThread "C2 CompilerThread2"         daemon [_thread_in_native, id=12940, stack(0x000000bd36c00000,0x000000bd36d00000) (1024K)]
Total: 41

Other Threads:
  0x000001db0618e920 VMThread "VM Thread"                           [id=27056, stack(0x000000bd37000000,0x000000bd37100000) (1024K)]
  0x000001db600dca00 WatcherThread "VM Periodic Task Thread"        [id=22392, stack(0x000000bd36f00000,0x000000bd37000000) (1024K)]
  0x000001db0618e580 WorkerThread "GC Thread#0"                     [id=5220, stack(0x000000bd36e00000,0x000000bd36f00000) (1024K)]
  0x000001db0618e1e0 WorkerThread "GC Thread#1"                     [id=11164, stack(0x000000bd37b00000,0x000000bd37c00000) (1024K)]
  0x000001db0618f060 WorkerThread "GC Thread#2"                     [id=9968, stack(0x000000bd37c00000,0x000000bd37d00000) (1024K)]
  0x000001db66b7ccf0 WorkerThread "GC Thread#3"                     [id=14036, stack(0x000000bd37d00000,0x000000bd37e00000) (1024K)]
  0x000001db66b7ed90 WorkerThread "GC Thread#4"                     [id=5024, stack(0x000000bd37e00000,0x000000bd37f00000) (1024K)]
  0x000001db66b7f130 WorkerThread "GC Thread#5"                     [id=9188, stack(0x000000bd37f00000,0x000000bd38000000) (1024K)]
  0x000001db66b7e9f0 WorkerThread "GC Thread#6"                     [id=18744, stack(0x000000bd38000000,0x000000bd38100000) (1024K)]
  0x000001db66b7d090 WorkerThread "GC Thread#7"                     [id=24516, stack(0x000000bd38600000,0x000000bd38700000) (1024K)]
  0x000001db66b7e2b0 WorkerThread "GC Thread#8"                     [id=27416, stack(0x000000bd38900000,0x000000bd38a00000) (1024K)]
  0x000001db66b7f870 WorkerThread "GC Thread#9"                     [id=16116, stack(0x000000bd38a00000,0x000000bd38b00000) (1024K)]
Total: 12

Threads with active compile tasks:
C2 CompilerThread0  330916 6575       4       org.eclipse.jdt.internal.core.ClassFile::<init> (56 bytes)
C1 CompilerThread0  330916 6595       3       sun.nio.fs.WindowsPath::normalize (365 bytes)
C2 CompilerThread1  330916 6386   !   4       org.eclipse.osgi.internal.loader.BundleLoader::findClass0 (470 bytes)
C2 CompilerThread2  330916 6591       4       org.eclipse.jdt.internal.core.AbstractClassFile::getElementName (10 bytes)
Total: 4

VM state: not at safepoint (normal execution)

VM Mutex/Monitor currently owned by a thread: None

Heap address: 0x0000000080000000, size: 2048 MB, Compressed Oops mode: 32-bit

CDS archive(s) mapped at: [0x000001db1f000000-0x000001db1fba0000-0x000001db1fba0000), size 12189696, SharedBaseAddress: 0x000001db1f000000, ArchiveRelocationMode: 1.
Compressed class space mapped at: 0x000001db20000000-0x000001db60000000, reserved size: 1073741824
Narrow klass base: 0x000001db1f000000, Narrow klass shift: 0, Narrow klass range: 0x100000000

GC Precious Log:
 CardTable entry size: 512
 CPUs: 12 total, 12 available
 Memory: 7896M
 Large Page Support: Disabled
 NUMA Support: Disabled
 Compressed Oops: Enabled (32-bit)
 Alignments: Space 512K, Generation 512K, Heap 2M
 Heap Min Capacity: 100M
 Heap Initial Capacity: 100M
 Heap Max Capacity: 2G
 Pre-touch: Disabled
 Parallel Workers: 10

Heap:
 PSYoungGen      total 22528K, used 11108K [0x00000000d5580000, 0x00000000d7200000, 0x0000000100000000)
  eden space 20992K, 45% used [0x00000000d5580000,0x00000000d5eda2a8,0x00000000d6a00000)
  from space 1536K, 99% used [0x00000000d6a00000,0x00000000d6b7ef40,0x00000000d6b80000)
  to   space 4096K, 0% used [0x00000000d6e00000,0x00000000d6e00000,0x00000000d7200000)
 ParOldGen       total 68608K, used 32334K [0x0000000080000000, 0x0000000084300000, 0x00000000d5580000)
  object space 68608K, 47% used [0x0000000080000000,0x0000000081f93a10,0x0000000084300000)
 Metaspace       used 43575K, committed 44672K, reserved 1114112K
  class space    used 4297K, committed 4800K, reserved 1048576K

Card table byte_map: [0x000001db07e70000,0x000001db08280000] _byte_map_base: 0x000001db07a70000

Marking Bits: (ParMarkBitMap*) 0x00007ffacfcb2250
 Begin Bits: [0x000001db1aad0000, 0x000001db1cad0000)
 End Bits:   [0x000001db1cad0000, 0x000001db1ead0000)

Polling page: 0x000001db06490000

Metaspace:

Usage:
  Non-class:     38.36 MB used.
      Class:      4.20 MB used.
       Both:     42.55 MB used.

Virtual space:
  Non-class space:       64.00 MB reserved,      38.94 MB ( 61%) committed,  1 nodes.
      Class space:        1.00 GB reserved,       4.69 MB ( <1%) committed,  1 nodes.
             Both:        1.06 GB reserved,      43.62 MB (  4%) committed. 

Chunk freelists:
   Non-Class:  9.12 MB
       Class:  11.14 MB
        Both:  20.26 MB

MaxMetaspaceSize: unlimited
CompressedClassSpaceSize: 1.00 GB
Initial GC threshold: 21.00 MB
Current GC threshold: 58.38 MB
CDS: on
 - commit_granule_bytes: 65536.
 - commit_granule_words: 8192.
 - virtual_space_node_default_size: 8388608.
 - enlarge_chunks_in_place: 1.
 - use_allocation_guard: 0.


Internal statistics:

num_allocs_failed_limit: 6.
num_arena_births: 880.
num_arena_deaths: 44.
num_vsnodes_births: 2.
num_vsnodes_deaths: 0.
num_space_committed: 698.
num_space_uncommitted: 0.
num_chunks_returned_to_freelist: 57.
num_chunks_taken_from_freelist: 2749.
num_chunk_merges: 11.
num_chunk_splits: 1732.
num_chunks_enlarged: 1075.
num_inconsistent_stats: 0.

CodeHeap 'non-profiled nmethods': size=120000Kb used=3914Kb max_used=3914Kb free=116085Kb
 bounds [0x000001db132f0000, 0x000001db136d0000, 0x000001db1a820000]
CodeHeap 'profiled nmethods': size=120000Kb used=14218Kb max_used=14218Kb free=105781Kb
 bounds [0x000001db0b820000, 0x000001db0c610000, 0x000001db12d50000]
CodeHeap 'non-nmethods': size=5760Kb used=1420Kb max_used=1472Kb free=4339Kb
 bounds [0x000001db12d50000, 0x000001db12fc0000, 0x000001db132f0000]
 total_blobs=6912 nmethods=6185 adapters=632
 compilation: enabled
              stopped_count=0, restarted_count=0
 full_count=0

Compilation events (20 events):
Event: 330.859 Thread 0x000001db6613ed50 nmethod 6541 0x000001db0c5c2b90 code [0x000001db0c5c2d60, 0x000001db0c5c3038]
Event: 330.859 Thread 0x000001db6613ed50 6542       3       jdk.internal.jrtfs.JrtFileSystem::checkOptions (101 bytes)
Event: 330.859 Thread 0x000001db6613e210 nmethod 6519 0x000001db136bb710 code [0x000001db136bb8a0, 0x000001db136bba90]
Event: 330.859 Thread 0x000001db6613e210 6517       4       org.eclipse.jdt.core.Signature::appendClassTypeSignature (323 bytes)
Event: 330.860 Thread 0x000001db6613ed50 nmethod 6542 0x000001db0c5c3190 code [0x000001db0c5c34c0, 0x000001db0c5c4638]
Event: 330.860 Thread 0x000001db6613ed50 6543       3       org.eclipse.jdt.internal.core.PackageFragmentInfo::<init> (10 bytes)
Event: 330.861 Thread 0x000001db6613ed50 nmethod 6543 0x000001db0c5c4b90 code [0x000001db0c5c4d40, 0x000001db0c5c4fa8]
Event: 330.861 Thread 0x000001db6613ed50 6546       3       org.eclipse.jdt.internal.core.JarPackageFragment::computeNonJavaResources (474 bytes)
Event: 330.865 Thread 0x000001db6613ed50 nmethod 6546 0x000001db0c5c5090 code [0x000001db0c5c5780, 0x000001db0c5ca008]
Event: 330.865 Thread 0x000001db6613ed50 6550       3       java.util.AbstractList$Itr::hasNext (20 bytes)
Event: 330.865 Thread 0x000001db6613ed50 nmethod 6550 0x000001db0c5cbb10 code [0x000001db0c5cbcc0, 0x000001db0c5cbef0]
Event: 330.865 Thread 0x000001db6613ed50 6547       3       org.eclipse.jdt.internal.core.JarPackageFragment::buildStructure (97 bytes)
Event: 330.866 Thread 0x000001db6613ed50 nmethod 6547 0x000001db0c5cbf90 code [0x000001db0c5cc280, 0x000001db0c5cd758]
Event: 330.867 Thread 0x000001db6613ed50 6544       3       org.eclipse.jdt.internal.core.JarPackageFragment::createElementInfo (8 bytes)
Event: 330.867 Thread 0x000001db6613ed50 nmethod 6544 0x000001db0c5cde10 code [0x000001db0c5cdfe0, 0x000001db0c5ce358]
Event: 330.867 Thread 0x000001db6613ed50 6545       3       org.eclipse.jdt.internal.core.JarPackageFragmentInfo::<init> (5 bytes)
Event: 330.867 Thread 0x000001db6613ed50 nmethod 6545 0x000001db0c5ce510 code [0x000001db0c5ce6c0, 0x000001db0c5ce988]
Event: 330.869 Thread 0x000001db6613ed50 6551       3       java.nio.channels.Channels::newChannel (33 bytes)
Event: 330.870 Thread 0x000001db6613ed50 nmethod 6551 0x000001db0c5cea90 code [0x000001db0c5cecc0, 0x000001db0c5cf4d0]
Event: 330.870 Thread 0x000001db6613ed50 6552   !   3       org.eclipse.jdt.internal.core.ClassFileInfo::generateMethodInfos (750 bytes)

GC Heap History (20 events):
Event: 21.056 GC heap before
{Heap before GC invocations=16 (full 2):
 PSYoungGen      total 22528K, used 404K [0x00000000d5580000, 0x00000000d6f00000, 0x0000000100000000)
  eden space 22016K, 0% used [0x00000000d5580000,0x00000000d5580000,0x00000000d6b00000)
  from space 512K, 79% used [0x00000000d6e80000,0x00000000d6ee53d8,0x00000000d6f00000)
  to   space 1024K, 0% used [0x00000000d6d00000,0x00000000d6d00000,0x00000000d6e00000)
 ParOldGen       total 68608K, used 21555K [0x0000000080000000, 0x0000000084300000, 0x00000000d5580000)
  object space 68608K, 31% used [0x0000000080000000,0x000000008150cf30,0x0000000084300000)
 Metaspace       used 34856K, committed 35840K, reserved 1114112K
  class space    used 3457K, committed 3904K, reserved 1048576K
}
Event: 21.100 GC heap after
{Heap after GC invocations=16 (full 2):
 PSYoungGen      total 22528K, used 0K [0x00000000d5580000, 0x00000000d6f00000, 0x0000000100000000)
  eden space 22016K, 0% used [0x00000000d5580000,0x00000000d5580000,0x00000000d6b00000)
  from space 512K, 0% used [0x00000000d6e80000,0x00000000d6e80000,0x00000000d6f00000)
  to   space 1024K, 0% used [0x00000000d6d00000,0x00000000d6d00000,0x00000000d6e00000)
 ParOldGen       total 68608K, used 21103K [0x0000000080000000, 0x0000000084300000, 0x00000000d5580000)
  object space 68608K, 30% used [0x0000000080000000,0x000000008149bfd0,0x0000000084300000)
 Metaspace       used 34829K, committed 35840K, reserved 1114112K
  class space    used 3450K, committed 3904K, reserved 1048576K
}
Event: 22.597 GC heap before
{Heap before GC invocations=17 (full 2):
 PSYoungGen      total 22528K, used 22015K [0x00000000d5580000, 0x00000000d6f00000, 0x0000000100000000)
  eden space 22016K, 99% used [0x00000000d5580000,0x00000000d6affff8,0x00000000d6b00000)
  from space 512K, 0% used [0x00000000d6e80000,0x00000000d6e80000,0x00000000d6f00000)
  to   space 1024K, 0% used [0x00000000d6d00000,0x00000000d6d00000,0x00000000d6e00000)
 ParOldGen       total 68608K, used 21103K [0x0000000080000000, 0x0000000084300000, 0x00000000d5580000)
  object space 68608K, 30% used [0x0000000080000000,0x000000008149bfd0,0x0000000084300000)
 Metaspace       used 36755K, committed 37696K, reserved 1114112K
  class space    used 3628K, committed 4032K, reserved 1048576K
}
Event: 22.599 GC heap after
{Heap after GC invocations=17 (full 2):
 PSYoungGen      total 23040K, used 992K [0x00000000d5580000, 0x00000000d6f00000, 0x0000000100000000)
  eden space 22016K, 0% used [0x00000000d5580000,0x00000000d5580000,0x00000000d6b00000)
  from space 1024K, 96% used [0x00000000d6d00000,0x00000000d6df8020,0x00000000d6e00000)
  to   space 1024K, 0% used [0x00000000d6e00000,0x00000000d6e00000,0x00000000d6f00000)
 ParOldGen       total 68608K, used 21156K [0x0000000080000000, 0x0000000084300000, 0x00000000d5580000)
  object space 68608K, 30% used [0x0000000080000000,0x00000000814a9250,0x0000000084300000)
 Metaspace       used 36755K, committed 37696K, reserved 1114112K
  class space    used 3628K, committed 4032K, reserved 1048576K
}
Event: 22.680 GC heap before
{Heap before GC invocations=18 (full 2):
 PSYoungGen      total 23040K, used 23008K [0x00000000d5580000, 0x00000000d6f00000, 0x0000000100000000)
  eden space 22016K, 100% used [0x00000000d5580000,0x00000000d6b00000,0x00000000d6b00000)
  from space 1024K, 96% used [0x00000000d6d00000,0x00000000d6df8020,0x00000000d6e00000)
  to   space 1024K, 0% used [0x00000000d6e00000,0x00000000d6e00000,0x00000000d6f00000)
 ParOldGen       total 68608K, used 21156K [0x0000000080000000, 0x0000000084300000, 0x00000000d5580000)
  object space 68608K, 30% used [0x0000000080000000,0x00000000814a9250,0x0000000084300000)
 Metaspace       used 36755K, committed 37696K, reserved 1114112K
  class space    used 3628K, committed 4032K, reserved 1048576K
}
Event: 22.683 GC heap after
{Heap after GC invocations=18 (full 2):
 PSYoungGen      total 22528K, used 1024K [0x00000000d5580000, 0x00000000d7200000, 0x0000000100000000)
  eden space 21504K, 0% used [0x00000000d5580000,0x00000000d5580000,0x00000000d6a80000)
  from space 1024K, 100% used [0x00000000d6e00000,0x00000000d6f00000,0x00000000d6f00000)
  to   space 3584K, 0% used [0x00000000d6a80000,0x00000000d6a80000,0x00000000d6e00000)
 ParOldGen       total 68608K, used 23260K [0x0000000080000000, 0x0000000084300000, 0x00000000d5580000)
  object space 68608K, 33% used [0x0000000080000000,0x00000000816b7270,0x0000000084300000)
 Metaspace       used 36755K, committed 37696K, reserved 1114112K
  class space    used 3628K, committed 4032K, reserved 1048576K
}
Event: 22.763 GC heap before
{Heap before GC invocations=19 (full 2):
 PSYoungGen      total 22528K, used 22528K [0x00000000d5580000, 0x00000000d7200000, 0x0000000100000000)
  eden space 21504K, 100% used [0x00000000d5580000,0x00000000d6a80000,0x00000000d6a80000)
  from space 1024K, 100% used [0x00000000d6e00000,0x00000000d6f00000,0x00000000d6f00000)
  to   space 3584K, 0% used [0x00000000d6a80000,0x00000000d6a80000,0x00000000d6e00000)
 ParOldGen       total 68608K, used 23260K [0x0000000080000000, 0x0000000084300000, 0x00000000d5580000)
  object space 68608K, 33% used [0x0000000080000000,0x00000000816b7270,0x0000000084300000)
 Metaspace       used 36757K, committed 37696K, reserved 1114112K
  class space    used 3628K, committed 4032K, reserved 1048576K
}
Event: 22.766 GC heap after
{Heap after GC invocations=19 (full 2):
 PSYoungGen      total 24576K, used 2948K [0x00000000d5580000, 0x00000000d7080000, 0x0000000100000000)
  eden space 21504K, 0% used [0x00000000d5580000,0x00000000d5580000,0x00000000d6a80000)
  from space 3072K, 95% used [0x00000000d6a80000,0x00000000d6d61010,0x00000000d6d80000)
  to   space 3072K, 0% used [0x00000000d6d80000,0x00000000d6d80000,0x00000000d7080000)
 ParOldGen       total 68608K, used 24328K [0x0000000080000000, 0x0000000084300000, 0x00000000d5580000)
  object space 68608K, 35% used [0x0000000080000000,0x00000000817c2370,0x0000000084300000)
 Metaspace       used 36757K, committed 37696K, reserved 1114112K
  class space    used 3628K, committed 4032K, reserved 1048576K
}
Event: 22.943 GC heap before
{Heap before GC invocations=20 (full 2):
 PSYoungGen      total 24576K, used 24452K [0x00000000d5580000, 0x00000000d7080000, 0x0000000100000000)
  eden space 21504K, 100% used [0x00000000d5580000,0x00000000d6a80000,0x00000000d6a80000)
  from space 3072K, 95% used [0x00000000d6a80000,0x00000000d6d61010,0x00000000d6d80000)
  to   space 3072K, 0% used [0x00000000d6d80000,0x00000000d6d80000,0x00000000d7080000)
 ParOldGen       total 68608K, used 24328K [0x0000000080000000, 0x0000000084300000, 0x00000000d5580000)
  object space 68608K, 35% used [0x0000000080000000,0x00000000817c2370,0x0000000084300000)
 Metaspace       used 37387K, committed 38400K, reserved 1114112K
  class space    used 3701K, committed 4160K, reserved 1048576K
}
Event: 22.946 GC heap after
{Heap after GC invocations=20 (full 2):
 PSYoungGen      total 24576K, used 2424K [0x00000000d5580000, 0x00000000d7080000, 0x0000000100000000)
  eden space 21504K, 0% used [0x00000000d5580000,0x00000000d5580000,0x00000000d6a80000)
  from space 3072K, 78% used [0x00000000d6d80000,0x00000000d6fde200,0x00000000d7080000)
  to   space 3072K, 0% used [0x00000000d6a80000,0x00000000d6a80000,0x00000000d6d80000)
 ParOldGen       total 68608K, used 27084K [0x0000000080000000, 0x0000000084300000, 0x00000000d5580000)
  object space 68608K, 39% used [0x0000000080000000,0x0000000081a73380,0x0000000084300000)
 Metaspace       used 37387K, committed 38400K, reserved 1114112K
  class space    used 3701K, committed 4160K, reserved 1048576K
}
Event: 315.872 GC heap before
{Heap before GC invocations=21 (full 2):
 PSYoungGen      total 24576K, used 23902K [0x00000000d5580000, 0x00000000d7080000, 0x0000000100000000)
  eden space 21504K, 99% used [0x00000000d5580000,0x00000000d6a79990,0x00000000d6a80000)
  from space 3072K, 78% used [0x00000000d6d80000,0x00000000d6fde200,0x00000000d7080000)
  to   space 3072K, 0% used [0x00000000d6a80000,0x00000000d6a80000,0x00000000d6d80000)
 ParOldGen       total 68608K, used 27084K [0x0000000080000000, 0x0000000084300000, 0x00000000d5580000)
  object space 68608K, 39% used [0x0000000080000000,0x0000000081a73380,0x0000000084300000)
 Metaspace       used 39288K, committed 40320K, reserved 1114112K
  class space    used 3911K, committed 4352K, reserved 1048576K
}
Event: 315.902 GC heap after
{Heap after GC invocations=21 (full 2):
 PSYoungGen      total 23040K, used 1320K [0x00000000d5580000, 0x00000000d6e80000, 0x0000000100000000)
  eden space 21504K, 0% used [0x00000000d5580000,0x00000000d5580000,0x00000000d6a80000)
  from space 1536K, 85% used [0x00000000d6a80000,0x00000000d6bca0c8,0x00000000d6c00000)
  to   space 2048K, 0% used [0x00000000d6c80000,0x00000000d6c80000,0x00000000d6e80000)
 ParOldGen       total 68608K, used 29183K [0x0000000080000000, 0x0000000084300000, 0x00000000d5580000)
  object space 68608K, 42% used [0x0000000080000000,0x0000000081c7fe80,0x0000000084300000)
 Metaspace       used 39288K, committed 40320K, reserved 1114112K
  class space    used 3911K, committed 4352K, reserved 1048576K
}
Event: 316.089 GC heap before
{Heap before GC invocations=22 (full 2):
 PSYoungGen      total 23040K, used 22824K [0x00000000d5580000, 0x00000000d6e80000, 0x0000000100000000)
  eden space 21504K, 100% used [0x00000000d5580000,0x00000000d6a80000,0x00000000d6a80000)
  from space 1536K, 85% used [0x00000000d6a80000,0x00000000d6bca0c8,0x00000000d6c00000)
  to   space 2048K, 0% used [0x00000000d6c80000,0x00000000d6c80000,0x00000000d6e80000)
 ParOldGen       total 68608K, used 29183K [0x0000000080000000, 0x0000000084300000, 0x00000000d5580000)
  object space 68608K, 42% used [0x0000000080000000,0x0000000081c7fe80,0x0000000084300000)
 Metaspace       used 39523K, committed 40512K, reserved 1114112K
  class space    used 3923K, committed 4352K, reserved 1048576K
}
Event: 316.093 GC heap after
{Heap after GC invocations=22 (full 2):
 PSYoungGen      total 23040K, used 2013K [0x00000000d5580000, 0x00000000d6f80000, 0x0000000100000000)
  eden space 20992K, 0% used [0x00000000d5580000,0x00000000d5580000,0x00000000d6a00000)
  from space 2048K, 98% used [0x00000000d6c80000,0x00000000d6e77768,0x00000000d6e80000)
  to   space 2560K, 0% used [0x00000000d6a00000,0x00000000d6a00000,0x00000000d6c80000)
 ParOldGen       total 68608K, used 30253K [0x0000000080000000, 0x0000000084300000, 0x00000000d5580000)
  object space 68608K, 44% used [0x0000000080000000,0x0000000081d8b6a0,0x0000000084300000)
 Metaspace       used 39523K, committed 40512K, reserved 1114112K
  class space    used 3923K, committed 4352K, reserved 1048576K
}
Event: 316.641 GC heap before
{Heap before GC invocations=23 (full 2):
 PSYoungGen      total 23040K, used 23005K [0x00000000d5580000, 0x00000000d6f80000, 0x0000000100000000)
  eden space 20992K, 100% used [0x00000000d5580000,0x00000000d6a00000,0x00000000d6a00000)
  from space 2048K, 98% used [0x00000000d6c80000,0x00000000d6e77768,0x00000000d6e80000)
  to   space 2560K, 0% used [0x00000000d6a00000,0x00000000d6a00000,0x00000000d6c80000)
 ParOldGen       total 68608K, used 30253K [0x0000000080000000, 0x0000000084300000, 0x00000000d5580000)
  object space 68608K, 44% used [0x0000000080000000,0x0000000081d8b6a0,0x0000000084300000)
 Metaspace       used 40581K, committed 41600K, reserved 1114112K
  class space    used 4019K, committed 4480K, reserved 1048576K
}
Event: 316.643 GC heap after
{Heap after GC invocations=23 (full 2):
 PSYoungGen      total 21504K, used 416K [0x00000000d5580000, 0x00000000d6d00000, 0x0000000100000000)
  eden space 20992K, 0% used [0x00000000d5580000,0x00000000d5580000,0x00000000d6a00000)
  from space 512K, 81% used [0x00000000d6a00000,0x00000000d6a68000,0x00000000d6a80000)
  to   space 1024K, 0% used [0x00000000d6c00000,0x00000000d6c00000,0x00000000d6d00000)
 ParOldGen       total 68608K, used 30333K [0x0000000080000000, 0x0000000084300000, 0x00000000d5580000)
  object space 68608K, 44% used [0x0000000080000000,0x0000000081d9f6a0,0x0000000084300000)
 Metaspace       used 40581K, committed 41600K, reserved 1114112K
  class space    used 4019K, committed 4480K, reserved 1048576K
}
Event: 321.021 GC heap before
{Heap before GC invocations=24 (full 2):
 PSYoungGen      total 21504K, used 21408K [0x00000000d5580000, 0x00000000d6d00000, 0x0000000100000000)
  eden space 20992K, 100% used [0x00000000d5580000,0x00000000d6a00000,0x00000000d6a00000)
  from space 512K, 81% used [0x00000000d6a00000,0x00000000d6a68000,0x00000000d6a80000)
  to   space 1024K, 0% used [0x00000000d6c00000,0x00000000d6c00000,0x00000000d6d00000)
 ParOldGen       total 68608K, used 30333K [0x0000000080000000, 0x0000000084300000, 0x00000000d5580000)
  object space 68608K, 44% used [0x0000000080000000,0x0000000081d9f6a0,0x0000000084300000)
 Metaspace       used 42237K, committed 43264K, reserved 1114112K
  class space    used 4151K, committed 4608K, reserved 1048576K
}
Event: 321.023 GC heap after
{Heap after GC invocations=24 (full 2):
 PSYoungGen      total 22016K, used 928K [0x00000000d5580000, 0x00000000d6d00000, 0x0000000100000000)
  eden space 20992K, 0% used [0x00000000d5580000,0x00000000d5580000,0x00000000d6a00000)
  from space 1024K, 90% used [0x00000000d6c00000,0x00000000d6ce8000,0x00000000d6d00000)
  to   space 1536K, 0% used [0x00000000d6a00000,0x00000000d6a00000,0x00000000d6b80000)
 ParOldGen       total 68608K, used 30538K [0x0000000080000000, 0x0000000084300000, 0x00000000d5580000)
  object space 68608K, 44% used [0x0000000080000000,0x0000000081dd2ad0,0x0000000084300000)
 Metaspace       used 42237K, committed 43264K, reserved 1114112K
  class space    used 4151K, committed 4608K, reserved 1048576K
}
Event: 330.823 GC heap before
{Heap before GC invocations=25 (full 2):
 PSYoungGen      total 22016K, used 21914K [0x00000000d5580000, 0x00000000d6d00000, 0x0000000100000000)
  eden space 20992K, 99% used [0x00000000d5580000,0x00000000d69feb30,0x00000000d6a00000)
  from space 1024K, 90% used [0x00000000d6c00000,0x00000000d6ce8000,0x00000000d6d00000)
  to   space 1536K, 0% used [0x00000000d6a00000,0x00000000d6a00000,0x00000000d6b80000)
 ParOldGen       total 68608K, used 30538K [0x0000000080000000, 0x0000000084300000, 0x00000000d5580000)
  object space 68608K, 44% used [0x0000000080000000,0x0000000081dd2ad0,0x0000000084300000)
 Metaspace       used 43533K, committed 44608K, reserved 1114112K
  class space    used 4296K, committed 4800K, reserved 1048576K
}
Event: 330.827 GC heap after
{Heap after GC invocations=25 (full 2):
 PSYoungGen      total 22528K, used 1531K [0x00000000d5580000, 0x00000000d7200000, 0x0000000100000000)
  eden space 20992K, 0% used [0x00000000d5580000,0x00000000d5580000,0x00000000d6a00000)
  from space 1536K, 99% used [0x00000000d6a00000,0x00000000d6b7ef40,0x00000000d6b80000)
  to   space 4096K, 0% used [0x00000000d6e00000,0x00000000d6e00000,0x00000000d7200000)
 ParOldGen       total 68608K, used 32334K [0x0000000080000000, 0x0000000084300000, 0x00000000d5580000)
  object space 68608K, 47% used [0x0000000080000000,0x0000000081f93a10,0x0000000084300000)
 Metaspace       used 43533K, committed 44608K, reserved 1114112K
  class space    used 4296K, committed 4800K, reserved 1048576K
}

Dll operation events (10 events):
Event: 0.062 Loaded shared library c:\Users\IBYTE\.vscode\extensions\redhat.java-1.39.0-win32-x64\jre\21.0.5-win32-x86_64\bin\java.dll
Event: 0.178 Loaded shared library c:\Users\IBYTE\.vscode\extensions\redhat.java-1.39.0-win32-x64\jre\21.0.5-win32-x86_64\bin\zip.dll
Event: 0.211 Loaded shared library C:\Users\IBYTE\.vscode\extensions\redhat.java-1.39.0-win32-x64\jre\21.0.5-win32-x86_64\bin\instrument.dll
Event: 0.217 Loaded shared library C:\Users\IBYTE\.vscode\extensions\redhat.java-1.39.0-win32-x64\jre\21.0.5-win32-x86_64\bin\net.dll
Event: 0.220 Loaded shared library C:\Users\IBYTE\.vscode\extensions\redhat.java-1.39.0-win32-x64\jre\21.0.5-win32-x86_64\bin\nio.dll
Event: 0.224 Loaded shared library C:\Users\IBYTE\.vscode\extensions\redhat.java-1.39.0-win32-x64\jre\21.0.5-win32-x86_64\bin\zip.dll
Event: 0.249 Loaded shared library C:\Users\IBYTE\.vscode\extensions\redhat.java-1.39.0-win32-x64\jre\21.0.5-win32-x86_64\bin\jimage.dll
Event: 0.352 Loaded shared library c:\Users\IBYTE\.vscode\extensions\redhat.java-1.39.0-win32-x64\jre\21.0.5-win32-x86_64\bin\verify.dll
Event: 10.253 Loaded shared library C:\Users\IBYTE\AppData\Roaming\Code\User\globalStorage\redhat.java\1.39.0\config_ss_win\org.eclipse.equinox.launcher\org.eclipse.equinox.launcher.win32.win32.x86_64_1.2.1100.v20240722-2106\eclipse_11904.dll
Event: 11.516 Loaded shared library C:\Users\IBYTE\AppData\Local\Temp\jna-69471441\jna15337320432006141589.dll

Deoptimization events (20 events):
Event: 330.664 Thread 0x000001db66ef8380 DEOPT PACKING pc=0x000001db136878fc sp=0x000000bd39ffddd0
Event: 330.664 Thread 0x000001db66ef8380 DEOPT UNPACKING pc=0x000001db12da3aa2 sp=0x000000bd39ffdd80 mode 2
Event: 330.665 Thread 0x000001db66ef8380 Uncommon trap: trap_request=0xffffff45 fr.pc=0x000001db13608300 relative=0x00000000000038c0
Event: 330.665 Thread 0x000001db66ef8380 Uncommon trap: reason=unstable_if action=reinterpret pc=0x000001db13608300 method=org.eclipse.jdt.internal.compiler.classfmt.ClassFileReader.<init>([B[CZ)V @ 964 c2
Event: 330.665 Thread 0x000001db66ef8380 DEOPT PACKING pc=0x000001db13608300 sp=0x000000bd39ffddb0
Event: 330.665 Thread 0x000001db66ef8380 DEOPT UNPACKING pc=0x000001db12da3aa2 sp=0x000000bd39ffdd80 mode 2
Event: 330.727 Thread 0x000001db66ef8380 DEOPT PACKING pc=0x000001db0c250115 sp=0x000000bd39ffdac0
Event: 330.727 Thread 0x000001db66ef8380 DEOPT UNPACKING pc=0x000001db12da4242 sp=0x000000bd39ffced0 mode 0
Event: 330.781 Thread 0x000001db66ef8380 Uncommon trap: trap_request=0xffffff45 fr.pc=0x000001db136b57c0 relative=0x00000000000000a0
Event: 330.781 Thread 0x000001db66ef8380 Uncommon trap: reason=unstable_if action=reinterpret pc=0x000001db136b57c0 method=org.eclipse.jdt.internal.compiler.ast.TypeDeclaration.kind(I)I @ 5 c2
Event: 330.781 Thread 0x000001db66ef8380 DEOPT PACKING pc=0x000001db136b57c0 sp=0x000000bd39ffdc40
Event: 330.781 Thread 0x000001db66ef8380 DEOPT UNPACKING pc=0x000001db12da3aa2 sp=0x000000bd39ffdbc8 mode 2
Event: 330.834 Thread 0x000001db66ef8380 Uncommon trap: trap_request=0xffffff45 fr.pc=0x000001db135b0ab0 relative=0x0000000000000930
Event: 330.834 Thread 0x000001db66ef8380 Uncommon trap: reason=unstable_if action=reinterpret pc=0x000001db135b0ab0 method=org.eclipse.jdt.internal.compiler.util.CharDeduplication.sharedCopyOfRange([CII)[C @ 147 c2
Event: 330.834 Thread 0x000001db66ef8380 DEOPT PACKING pc=0x000001db135b0ab0 sp=0x000000bd39ffdbb0
Event: 330.834 Thread 0x000001db66ef8380 DEOPT UNPACKING pc=0x000001db12da3aa2 sp=0x000000bd39ffdb40 mode 2
Event: 330.874 Thread 0x000001db6760de10 Uncommon trap: trap_request=0xffffff45 fr.pc=0x000001db13546b0c relative=0x000000000000032c
Event: 330.874 Thread 0x000001db6760de10 Uncommon trap: reason=unstable_if action=reinterpret pc=0x000001db13546b0c method=java.lang.ThreadLocal$ThreadLocalMap.set(Ljava/lang/ThreadLocal;Ljava/lang/Object;)V @ 116 c2
Event: 330.874 Thread 0x000001db6760de10 DEOPT PACKING pc=0x000001db13546b0c sp=0x000000bd38bfea60
Event: 330.874 Thread 0x000001db6760de10 DEOPT UNPACKING pc=0x000001db12da3aa2 sp=0x000000bd38bfe9e8 mode 2

Classes loaded (20 events):
Event: 330.445 Loading class java/util/stream/ReferencePipeline$4
Event: 330.446 Loading class java/util/stream/IntPipeline$StatelessOp
Event: 330.446 Loading class java/util/stream/IntPipeline
Event: 330.447 Loading class java/util/stream/IntStream
Event: 330.447 Loading class java/util/stream/IntStream done
Event: 330.447 Loading class java/util/stream/IntPipeline done
Event: 330.447 Loading class java/util/stream/IntPipeline$StatelessOp done
Event: 330.447 Loading class java/util/stream/ReferencePipeline$4 done
Event: 330.449 Loading class java/util/stream/Nodes$IntFixedNodeBuilder
Event: 330.449 Loading class java/util/stream/Node$Builder$OfInt
Event: 330.449 Loading class java/util/stream/Sink$OfInt
Event: 330.450 Loading class java/util/stream/Sink$OfInt done
Event: 330.450 Loading class java/util/stream/Node$Builder$OfInt done
Event: 330.450 Loading class java/util/stream/Nodes$IntArrayNode
Event: 330.451 Loading class java/util/stream/Nodes$IntArrayNode done
Event: 330.451 Loading class java/util/stream/Nodes$IntFixedNodeBuilder done
Event: 330.451 Loading class java/util/stream/ReferencePipeline$4$1
Event: 330.451 Loading class java/util/stream/ReferencePipeline$4$1 done
Event: 330.539 Loading class jdk/internal/event/ThreadSleepEvent
Event: 330.540 Loading class jdk/internal/event/ThreadSleepEvent done

Classes unloaded (20 events):
Event: 12.130 Thread 0x000001db0618e920 Unloading class 0x000001db2017b000 'java/lang/invoke/LambdaForm$MH+0x000001db2017b000'
Event: 12.130 Thread 0x000001db0618e920 Unloading class 0x000001db2017ac00 'java/lang/invoke/LambdaForm$MH+0x000001db2017ac00'
Event: 12.130 Thread 0x000001db0618e920 Unloading class 0x000001db2017a800 'java/lang/invoke/LambdaForm$BMH+0x000001db2017a800'
Event: 12.130 Thread 0x000001db0618e920 Unloading class 0x000001db2017a400 'java/lang/invoke/LambdaForm$DMH+0x000001db2017a400'
Event: 12.130 Thread 0x000001db0618e920 Unloading class 0x000001db20179000 'java/lang/invoke/LambdaForm$DMH+0x000001db20179000'
Event: 21.064 Thread 0x000001db0618e920 Unloading class 0x000001db20351c00 'java/lang/invoke/LambdaForm$MH+0x000001db20351c00'
Event: 21.064 Thread 0x000001db0618e920 Unloading class 0x000001db20351000 'java/lang/invoke/LambdaForm$MH+0x000001db20351000'
Event: 21.064 Thread 0x000001db0618e920 Unloading class 0x000001db20350800 'java/lang/invoke/LambdaForm$MH+0x000001db20350800'
Event: 21.064 Thread 0x000001db0618e920 Unloading class 0x000001db20350000 'java/lang/invoke/LambdaForm$MH+0x000001db20350000'
Event: 21.064 Thread 0x000001db0618e920 Unloading class 0x000001db2034f800 'java/lang/invoke/LambdaForm$DMH+0x000001db2034f800'
Event: 21.064 Thread 0x000001db0618e920 Unloading class 0x000001db2034f000 'java/lang/invoke/LambdaForm$MH+0x000001db2034f000'
Event: 21.064 Thread 0x000001db0618e920 Unloading class 0x000001db2034b800 'java/lang/invoke/LambdaForm$MH+0x000001db2034b800'
Event: 21.064 Thread 0x000001db0618e920 Unloading class 0x000001db2034b000 'java/lang/invoke/LambdaForm$MH+0x000001db2034b000'
Event: 21.064 Thread 0x000001db0618e920 Unloading class 0x000001db2034a800 'java/lang/invoke/LambdaForm$MH+0x000001db2034a800'
Event: 21.064 Thread 0x000001db0618e920 Unloading class 0x000001db2034a000 'java/lang/invoke/LambdaForm$MH+0x000001db2034a000'
Event: 21.064 Thread 0x000001db0618e920 Unloading class 0x000001db20349800 'java/lang/invoke/LambdaForm$MH+0x000001db20349800'
Event: 21.064 Thread 0x000001db0618e920 Unloading class 0x000001db20349400 'java/lang/invoke/LambdaForm$MH+0x000001db20349400'
Event: 21.064 Thread 0x000001db0618e920 Unloading class 0x000001db20348800 'java/lang/invoke/LambdaForm$MH+0x000001db20348800'
Event: 21.064 Thread 0x000001db0618e920 Unloading class 0x000001db20348400 'java/lang/invoke/LambdaForm$MH+0x000001db20348400'
Event: 21.064 Thread 0x000001db0618e920 Unloading class 0x000001db20345c00 'java/lang/invoke/LambdaForm$DMH+0x000001db20345c00'

Classes redefined (0 events):
No events

Internal exceptions (20 events):
Event: 20.339 Thread 0x000001db66130bf0 Exception <a 'java/lang/LinkageError'{0x00000000d5dd1470}: loader lombok.launch.ShadowClassLoader @72d361b5 attempted duplicate class definition for lombok.launch.PatchFixesHider$Transform. (lombok.launch.PatchFixesHider$Transform is in unnamed module of loader lombok.launch.ShadowClassLoader @72d361b5, parent loader org.eclipse.osgi.internal.loader.EquinoxClassLoader @114c6aad)> (0x00000000d5dd1470) 
thrown [s\src\hotspot\share\classfile\systemDictionary.cpp, line 1682]
Event: 20.343 Thread 0x000001db66ef8a10 Exception <a 'java/lang/LinkageError'{0x00000000d5e97460}: loader lombok.launch.ShadowClassLoader @72d361b5 attempted duplicate class definition for lombok.launch.PatchFixesHider$Transform. (lombok.launch.PatchFixesHider$Transform is in unnamed module of loader lombok.launch.ShadowClassLoader @72d361b5, parent loader org.eclipse.osgi.internal.loader.EquinoxClassLoader @114c6aad)> (0x00000000d5e97460) 
thrown [s\src\hotspot\share\classfile\systemDictionary.cpp, line 1682]
Event: 21.566 Thread 0x000001db6760d780 Exception <a 'java/lang/IncompatibleClassChangeError'{0x00000000d6484898}: Found class java.lang.Object, but interface was expected> (0x00000000d6484898) 
thrown [s\src\hotspot\share\interpreter\linkResolver.cpp, line 840]
Event: 21.939 Thread 0x000001db67606e80 Exception <a 'java/lang/NoSuchMethodError'{0x00000000d64ca670}: 'java.lang.Object java.lang.invoke.DirectMethodHandle$Holder.invokeSpecial(java.lang.Object, java.lang.Object, int, long)'> (0x00000000d64ca670) 
thrown [s\src\hotspot\share\interpreter\linkResolver.cpp, line 773]
Event: 22.930 Thread 0x000001db6760de10 Exception <a 'java/lang/NoSuchMethodError'{0x00000000d6a110a0}: 'int java.lang.invoke.DirectMethodHandle$Holder.invokeSpecialIFC(java.lang.Object, java.lang.Object, java.lang.Object)'> (0x00000000d6a110a0) 
thrown [s\src\hotspot\share\interpreter\linkResolver.cpp, line 773]
Event: 23.050 Thread 0x000001db6760de10 Exception <a 'java/io/FileNotFoundException'{0x00000000d57fb2b0}> (0x00000000d57fb2b0) 
thrown [s\src\hotspot\share\prims\jni.cpp, line 520]
Event: 23.050 Thread 0x000001db6760de10 Exception <a 'java/io/FileNotFoundException'{0x00000000d57fc598}> (0x00000000d57fc598) 
thrown [s\src\hotspot\share\prims\jni.cpp, line 520]
Event: 23.284 Thread 0x000001db6760de10 Exception <a 'java/io/FileNotFoundException'{0x00000000d5ccd678}> (0x00000000d5ccd678) 
thrown [s\src\hotspot\share\prims\jni.cpp, line 520]
Event: 23.285 Thread 0x000001db6760de10 Exception <a 'java/io/FileNotFoundException'{0x00000000d5cce6b0}> (0x00000000d5cce6b0) 
thrown [s\src\hotspot\share\prims\jni.cpp, line 520]
Event: 23.285 Thread 0x000001db6760de10 Exception <a 'java/io/FileNotFoundException'{0x00000000d5ccf460}> (0x00000000d5ccf460) 
thrown [s\src\hotspot\share\prims\jni.cpp, line 520]
Event: 65.103 Thread 0x000001db6760d780 Exception <a 'java/lang/IncompatibleClassChangeError'{0x00000000d5e76ed8}: Found class java.lang.Object, but interface was expected> (0x00000000d5e76ed8) 
thrown [s\src\hotspot\share\interpreter\linkResolver.cpp, line 840]
Event: 65.115 Thread 0x000001db66ef8a10 Exception <a 'java/lang/NoSuchMethodError'{0x00000000d5f11178}: 'int java.lang.invoke.DirectMethodHandle$Holder.invokeInterface(java.lang.Object, java.lang.Object)'> (0x00000000d5f11178) 
thrown [s\src\hotspot\share\interpreter\linkResolver.cpp, line 773]
Event: 65.116 Thread 0x000001db66ef8a10 Exception <a 'java/lang/IncompatibleClassChangeError'{0x00000000d5f16148}: Found class java.lang.Object, but interface was expected> (0x00000000d5f16148) 
thrown [s\src\hotspot\share\interpreter\linkResolver.cpp, line 840]
Event: 317.325 Thread 0x000001db66ef2110 Exception <a 'java/lang/NoSuchMethodError'{0x00000000d5c73d80}: 'void java.lang.invoke.DirectMethodHandle$Holder.invokeVirtual(java.lang.Object, java.lang.Object, java.lang.Object, java.lang.Object, java.lang.Object)'> (0x00000000d5c73d80) 
thrown [s\src\hotspot\share\interpreter\linkResolver.cpp, line 773]
Event: 320.028 Thread 0x000001db66ef7cf0 Exception <a 'java/lang/NoSuchMethodError'{0x00000000d6192300}: 'int java.lang.invoke.Invokers$Holder.invokeExact_MT(java.lang.Object, java.lang.Object)'> (0x00000000d6192300) 
thrown [s\src\hotspot\share\interpreter\linkResolver.cpp, line 773]
Event: 322.753 Thread 0x000001db66ef7cf0 Exception <a 'java/lang/NoSuchMethodError'{0x00000000d58adfc0}: 'java.lang.Object java.lang.invoke.DirectMethodHandle$Holder.invokeStatic(java.lang.Object, int, java.lang.Object)'> (0x00000000d58adfc0) 
thrown [s\src\hotspot\share\interpreter\linkResolver.cpp, line 773]
Event: 330.376 Thread 0x000001db6760d780 Exception <a 'java/lang/IncompatibleClassChangeError'{0x00000000d5e21270}: Found class java.lang.Object, but interface was expected> (0x00000000d5e21270) 
thrown [s\src\hotspot\share\interpreter\linkResolver.cpp, line 840]
Event: 330.496 Thread 0x000001db66ef8380 Exception <a 'java/lang/ArrayIndexOutOfBoundsException'{0x00000000d61c2fa8}: Index 511 out of bounds for length 511> (0x00000000d61c2fa8) 
thrown [s\src\hotspot\share\interpreter\interpreterRuntime.cpp, line 439]
Event: 330.496 Thread 0x000001db66ef8380 Exception <a 'java/lang/ArrayIndexOutOfBoundsException'{0x00000000d61c3570}: Index 511 out of bounds for length 511> (0x00000000d61c3570) 
thrown [s\src\hotspot\share\interpreter\interpreterRuntime.cpp, line 439]
Event: 330.496 Thread 0x000001db66ef8380 Exception <a 'java/lang/ArrayIndexOutOfBoundsException'{0x00000000d61c38f8}: Index 512 out of bounds for length 511> (0x00000000d61c38f8) 
thrown [s\src\hotspot\share\interpreter\interpreterRuntime.cpp, line 439]

ZGC Phase Switch (0 events):
No events

VM Operations (20 events):
Event: 322.029 Executing VM operation: Cleanup
Event: 322.029 Executing VM operation: Cleanup done
Event: 323.038 Executing VM operation: Cleanup
Event: 323.038 Executing VM operation: Cleanup done
Event: 327.079 Executing VM operation: Cleanup
Event: 327.079 Executing VM operation: Cleanup done
Event: 328.083 Executing VM operation: Cleanup
Event: 328.083 Executing VM operation: Cleanup done
Event: 330.107 Executing VM operation: Cleanup
Event: 330.107 Executing VM operation: Cleanup done
Event: 330.437 Executing VM operation: HandshakeAllThreads (Deoptimize)
Event: 330.437 Executing VM operation: HandshakeAllThreads (Deoptimize) done
Event: 330.479 Executing VM operation: HandshakeAllThreads (Deoptimize)
Event: 330.479 Executing VM operation: HandshakeAllThreads (Deoptimize) done
Event: 330.481 Executing VM operation: HandshakeAllThreads (Deoptimize)
Event: 330.481 Executing VM operation: HandshakeAllThreads (Deoptimize) done
Event: 330.655 Executing VM operation: HandshakeAllThreads (Deoptimize)
Event: 330.655 Executing VM operation: HandshakeAllThreads (Deoptimize) done
Event: 330.823 Executing VM operation: ParallelGCFailedAllocation (Allocation Failure)
Event: 330.827 Executing VM operation: ParallelGCFailedAllocation (Allocation Failure) done

Memory protections (0 events):
No events

Nmethod flushes (20 events):
Event: 21.074 Thread 0x000001db0618e920 flushing  nmethod 0x000001db0bb42e10
Event: 21.074 Thread 0x000001db0618e920 flushing  nmethod 0x000001db0bb48e90
Event: 21.074 Thread 0x000001db0618e920 flushing  nmethod 0x000001db0bbbf310
Event: 21.074 Thread 0x000001db0618e920 flushing  nmethod 0x000001db0bc0c710
Event: 21.074 Thread 0x000001db0618e920 flushing  nmethod 0x000001db0bc0cb90
Event: 21.074 Thread 0x000001db0618e920 flushing  nmethod 0x000001db0bc71110
Event: 21.074 Thread 0x000001db0618e920 flushing  nmethod 0x000001db0bc96110
Event: 21.074 Thread 0x000001db0618e920 flushing  nmethod 0x000001db0bc96510
Event: 21.074 Thread 0x000001db0618e920 flushing  nmethod 0x000001db0bc96f10
Event: 21.074 Thread 0x000001db0618e920 flushing  nmethod 0x000001db0bc9c010
Event: 21.074 Thread 0x000001db0618e920 flushing  nmethod 0x000001db0bcac690
Event: 21.074 Thread 0x000001db0618e920 flushing  nmethod 0x000001db0bcacf10
Event: 21.074 Thread 0x000001db0618e920 flushing  nmethod 0x000001db0bcad790
Event: 21.074 Thread 0x000001db0618e920 flushing  nmethod 0x000001db0bcadb90
Event: 21.074 Thread 0x000001db0618e920 flushing  nmethod 0x000001db0bcae310
Event: 21.074 Thread 0x000001db0618e920 flushing  nmethod 0x000001db0bcaf910
Event: 21.074 Thread 0x000001db0618e920 flushing  nmethod 0x000001db0bcb9890
Event: 21.074 Thread 0x000001db0618e920 flushing  nmethod 0x000001db0bcb9f90
Event: 21.074 Thread 0x000001db0618e920 flushing  nmethod 0x000001db0bcbce90
Event: 21.074 Thread 0x000001db0618e920 flushing  nmethod 0x000001db0bcce790

Events (20 events):
Event: 83.053 Thread 0x000001db67606e80 Thread exited: 0x000001db67606e80
Event: 94.120 Thread 0x000001db6613ed50 Thread added: 0x000001db68c3dfd0
Event: 94.120 Thread 0x000001db6613ed50 Thread added: 0x000001db67013170
Event: 95.697 Thread 0x000001db67013170 Thread exited: 0x000001db67013170
Event: 95.698 Thread 0x000001db68c3dfd0 Thread exited: 0x000001db68c3dfd0
Event: 192.697 Thread 0x000001db66ef8a10 Thread exited: 0x000001db66ef8a10
Event: 252.706 Thread 0x000001db66ef1a80 Thread exited: 0x000001db66ef1a80
Event: 316.001 Thread 0x000001db6613ed50 Thread added: 0x000001db68968ad0
Event: 316.012 Thread 0x000001db68968ad0 Thread added: 0x000001db67013170
Event: 317.190 Thread 0x000001db67013170 Thread exited: 0x000001db67013170
Event: 317.190 Thread 0x000001db68968ad0 Thread exited: 0x000001db68968ad0
Event: 317.282 Thread 0x000001db6613ed50 Thread added: 0x000001db68968ad0
Event: 322.670 Thread 0x000001db68968ad0 Thread exited: 0x000001db68968ad0
Event: 322.683 Thread 0x000001db6613ed50 Thread added: 0x000001db68968ad0
Event: 322.696 Thread 0x000001db6613ed50 Thread added: 0x000001db67a798e0
Event: 326.316 Thread 0x000001db67a798e0 Thread exited: 0x000001db67a798e0
Event: 326.317 Thread 0x000001db68968ad0 Thread exited: 0x000001db68968ad0
Event: 329.845 Thread 0x000001db6613ed50 Thread added: 0x000001db67a798e0
Event: 330.357 Thread 0x000001db67a798e0 Thread exited: 0x000001db67a798e0
Event: 330.518 Thread 0x000001db6613ed50 Thread added: 0x000001db67a798e0


Dynamic libraries:
0x00007ff6cdfe0000 - 0x00007ff6cdfee000 	c:\Users\IBYTE\.vscode\extensions\redhat.java-1.39.0-win32-x64\jre\21.0.5-win32-x86_64\bin\java.exe
0x00007ffb28f90000 - 0x00007ffb291a7000 	C:\WINDOWS\SYSTEM32\ntdll.dll
0x00007ffb27bd0000 - 0x00007ffb27c94000 	C:\WINDOWS\System32\KERNEL32.DLL
0x00007ffb265f0000 - 0x00007ffb269c0000 	C:\WINDOWS\System32\KERNELBASE.dll
0x00007ffb264d0000 - 0x00007ffb265e1000 	C:\WINDOWS\System32\ucrtbase.dll
0x00007ffb12260000 - 0x00007ffb12278000 	c:\Users\IBYTE\.vscode\extensions\redhat.java-1.39.0-win32-x64\jre\21.0.5-win32-x86_64\bin\jli.dll
0x00007ffb26ed0000 - 0x00007ffb2707e000 	C:\WINDOWS\System32\USER32.dll
0x00007ffb0b9e0000 - 0x00007ffb0bc72000 	C:\WINDOWS\WinSxS\amd64_microsoft.windows.common-controls_6595b64144ccf1df_6.0.22621.4830_none_270fe7d773858e80\COMCTL32.dll
0x00007ffb26270000 - 0x00007ffb26296000 	C:\WINDOWS\System32\win32u.dll
0x00007ffaf88a0000 - 0x00007ffaf88be000 	c:\Users\IBYTE\.vscode\extensions\redhat.java-1.39.0-win32-x64\jre\21.0.5-win32-x86_64\bin\VCRUNTIME140.dll
0x00007ffb27500000 - 0x00007ffb27529000 	C:\WINDOWS\System32\GDI32.dll
0x00007ffb269c0000 - 0x00007ffb26adb000 	C:\WINDOWS\System32\gdi32full.dll
0x00007ffb26be0000 - 0x00007ffb26c7a000 	C:\WINDOWS\System32\msvcp_win.dll
0x00007ffb27b20000 - 0x00007ffb27bc7000 	C:\WINDOWS\System32\msvcrt.dll
0x00007ffb28600000 - 0x00007ffb28631000 	C:\WINDOWS\System32\IMM32.DLL
0x00007ffb20b20000 - 0x00007ffb20b2c000 	c:\Users\IBYTE\.vscode\extensions\redhat.java-1.39.0-win32-x64\jre\21.0.5-win32-x86_64\bin\vcruntime140_1.dll
0x00007ffaf0af0000 - 0x00007ffaf0b7d000 	c:\Users\IBYTE\.vscode\extensions\redhat.java-1.39.0-win32-x64\jre\21.0.5-win32-x86_64\bin\msvcp140.dll
0x00007ffacf000000 - 0x00007ffacfd8f000 	c:\Users\IBYTE\.vscode\extensions\redhat.java-1.39.0-win32-x64\jre\21.0.5-win32-x86_64\bin\server\jvm.dll
0x00007ffb27530000 - 0x00007ffb275e1000 	C:\WINDOWS\System32\ADVAPI32.dll
0x00007ffb288b0000 - 0x00007ffb28957000 	C:\WINDOWS\System32\sechost.dll
0x00007ffb26240000 - 0x00007ffb26268000 	C:\WINDOWS\System32\bcrypt.dll
0x00007ffb28e30000 - 0x00007ffb28f44000 	C:\WINDOWS\System32\RPCRT4.dll
0x00007ffb28db0000 - 0x00007ffb28e21000 	C:\WINDOWS\System32\WS2_32.dll
0x00007ffb26060000 - 0x00007ffb260ad000 	C:\WINDOWS\SYSTEM32\POWRPROF.dll
0x00007ffb10b60000 - 0x00007ffb10b6a000 	C:\WINDOWS\SYSTEM32\VERSION.dll
0x00007ffb20900000 - 0x00007ffb20934000 	C:\WINDOWS\SYSTEM32\WINMM.dll
0x00007ffb26040000 - 0x00007ffb26053000 	C:\WINDOWS\SYSTEM32\UMPDC.dll
0x00007ffb25250000 - 0x00007ffb25268000 	C:\WINDOWS\SYSTEM32\kernel.appcore.dll
0x00007ffb1f4b0000 - 0x00007ffb1f4ba000 	c:\Users\IBYTE\.vscode\extensions\redhat.java-1.39.0-win32-x64\jre\21.0.5-win32-x86_64\bin\jimage.dll
0x00007ffb23540000 - 0x00007ffb23772000 	C:\WINDOWS\SYSTEM32\DBGHELP.DLL
0x00007ffb28a20000 - 0x00007ffb28db0000 	C:\WINDOWS\System32\combase.dll
0x00007ffb27640000 - 0x00007ffb27717000 	C:\WINDOWS\System32\OLEAUT32.dll
0x00007ffb0a180000 - 0x00007ffb0a1b2000 	C:\WINDOWS\SYSTEM32\dbgcore.DLL
0x00007ffb26ae0000 - 0x00007ffb26b5b000 	C:\WINDOWS\System32\bcryptPrimitives.dll
0x00007ffb05c10000 - 0x00007ffb05c1f000 	c:\Users\IBYTE\.vscode\extensions\redhat.java-1.39.0-win32-x64\jre\21.0.5-win32-x86_64\bin\instrument.dll
0x00007ffaf8010000 - 0x00007ffaf802f000 	c:\Users\IBYTE\.vscode\extensions\redhat.java-1.39.0-win32-x64\jre\21.0.5-win32-x86_64\bin\java.dll
0x00007ffb27d00000 - 0x00007ffb28578000 	C:\WINDOWS\System32\SHELL32.dll
0x00007ffb24140000 - 0x00007ffb24a50000 	C:\WINDOWS\SYSTEM32\windows.storage.dll
0x00007ffb24000000 - 0x00007ffb2413f000 	C:\WINDOWS\SYSTEM32\wintypes.dll
0x00007ffb27750000 - 0x00007ffb2785a000 	C:\WINDOWS\System32\SHCORE.dll
0x00007ffb26c80000 - 0x00007ffb26cde000 	C:\WINDOWS\System32\shlwapi.dll
0x00007ffb26170000 - 0x00007ffb2619b000 	C:\WINDOWS\SYSTEM32\profapi.dll
0x00007ffaf1fa0000 - 0x00007ffaf1fb8000 	c:\Users\IBYTE\.vscode\extensions\redhat.java-1.39.0-win32-x64\jre\21.0.5-win32-x86_64\bin\zip.dll
0x00007ffb05bd0000 - 0x00007ffb05be0000 	C:\Users\IBYTE\.vscode\extensions\redhat.java-1.39.0-win32-x64\jre\21.0.5-win32-x86_64\bin\net.dll
0x00007ffb22cd0000 - 0x00007ffb22dfc000 	C:\WINDOWS\SYSTEM32\WINHTTP.dll
0x00007ffb25700000 - 0x00007ffb25769000 	C:\WINDOWS\system32\mswsock.dll
0x00007ffaf1f80000 - 0x00007ffaf1f96000 	C:\Users\IBYTE\.vscode\extensions\redhat.java-1.39.0-win32-x64\jre\21.0.5-win32-x86_64\bin\nio.dll
0x00007ffb01440000 - 0x00007ffb01450000 	c:\Users\IBYTE\.vscode\extensions\redhat.java-1.39.0-win32-x64\jre\21.0.5-win32-x86_64\bin\verify.dll
0x00007ffaf19e0000 - 0x00007ffaf1a25000 	C:\Users\IBYTE\AppData\Roaming\Code\User\globalStorage\redhat.java\1.39.0\config_ss_win\org.eclipse.equinox.launcher\org.eclipse.equinox.launcher.win32.win32.x86_64_1.2.1100.v20240722-2106\eclipse_11904.dll
0x00007ffb27960000 - 0x00007ffb27b01000 	C:\WINDOWS\System32\ole32.dll
0x00007ffb25960000 - 0x00007ffb2597b000 	C:\WINDOWS\SYSTEM32\CRYPTSP.dll
0x00007ffb251b0000 - 0x00007ffb251e5000 	C:\WINDOWS\system32\rsaenh.dll
0x00007ffb257f0000 - 0x00007ffb25818000 	C:\WINDOWS\SYSTEM32\USERENV.dll
0x00007ffb25950000 - 0x00007ffb2595c000 	C:\WINDOWS\SYSTEM32\CRYPTBASE.dll
0x00007ffb24cf0000 - 0x00007ffb24d1d000 	C:\WINDOWS\SYSTEM32\IPHLPAPI.DLL
0x00007ffb28960000 - 0x00007ffb28969000 	C:\WINDOWS\System32\NSI.dll
0x00007ffaeb740000 - 0x00007ffaeb789000 	C:\Users\IBYTE\AppData\Local\Temp\jna-69471441\jna15337320432006141589.dll
0x00007ffb27b10000 - 0x00007ffb27b18000 	C:\WINDOWS\System32\PSAPI.DLL
0x00007ffb21990000 - 0x00007ffb219a9000 	C:\WINDOWS\SYSTEM32\dhcpcsvc6.DLL
0x00007ffb21970000 - 0x00007ffb2198f000 	C:\WINDOWS\SYSTEM32\dhcpcsvc.DLL

dbghelp: loaded successfully - version: 4.0.5 - missing functions: none
symbol engine: initialized successfully - sym options: 0x614 - pdb path: .;c:\Users\IBYTE\.vscode\extensions\redhat.java-1.39.0-win32-x64\jre\21.0.5-win32-x86_64\bin;C:\WINDOWS\SYSTEM32;C:\WINDOWS\WinSxS\amd64_microsoft.windows.common-controls_6595b64144ccf1df_6.0.22621.4830_none_270fe7d773858e80;c:\Users\IBYTE\.vscode\extensions\redhat.java-1.39.0-win32-x64\jre\21.0.5-win32-x86_64\bin\server;C:\Users\IBYTE\AppData\Roaming\Code\User\globalStorage\redhat.java\1.39.0\config_ss_win\org.eclipse.equinox.launcher\org.eclipse.equinox.launcher.win32.win32.x86_64_1.2.1100.v20240722-2106;C:\Users\IBYTE\AppData\Local\Temp\jna-69471441

VM Arguments:
jvm_args: --add-modules=ALL-SYSTEM --add-opens=java.base/java.util=ALL-UNNAMED --add-opens=java.base/java.lang=ALL-UNNAMED --add-opens=java.base/sun.nio.fs=ALL-UNNAMED -Declipse.application=org.eclipse.jdt.ls.core.id1 -Dosgi.bundles.defaultStartLevel=4 -Declipse.product=org.eclipse.jdt.ls.core.product -Djava.import.generatesMetadataFilesAtProjectRoot=false -DDetectVMInstallationsJob.disabled=true -Dfile.encoding=utf8 -XX:+UseParallelGC -XX:GCTimeRatio=4 -XX:AdaptiveSizePolicyWeight=90 -Dsun.zip.disableMemoryMapping=true -Xmx2G -Xms100m -Xlog:disable -javaagent:c:\Users\IBYTE\.vscode\extensions\redhat.java-1.39.0-win32-x64\lombok\lombok-1.18.34.jar 
java_command: c:\Users\IBYTE\.vscode\extensions\redhat.java-1.39.0-win32-x64\server\plugins\org.eclipse.equinox.launcher_1.6.900.v20240613-2009.jar -configuration c:\Users\IBYTE\AppData\Roaming\Code\User\globalStorage\redhat.java\1.39.0\config_ss_win -data c:\Users\IBYTE\AppData\Roaming\Code\User\workspaceStorage\59ce07a759c63856ad17a90456c615a0\redhat.java\ss_ws --pipe=\\.\pipe\lsp-74ffa2f63203d40ae819da841ce0f32c-sock
java_class_path (initial): c:\Users\IBYTE\.vscode\extensions\redhat.java-1.39.0-win32-x64\server\plugins\org.eclipse.equinox.launcher_1.6.900.v20240613-2009.jar
Launcher Type: SUN_STANDARD

[Global flags]
    uintx AdaptiveSizePolicyWeight                 = 90                                        {product} {command line}
     intx CICompilerCount                          = 4                                         {product} {ergonomic}
    uintx GCTimeRatio                              = 4                                         {product} {command line}
   size_t InitialHeapSize                          = 104857600                                 {product} {command line}
   size_t MaxHeapSize                              = 2147483648                                {product} {command line}
   size_t MaxNewSize                               = 715653120                                 {product} {ergonomic}
   size_t MinHeapDeltaBytes                        = 524288                                    {product} {ergonomic}
   size_t MinHeapSize                              = 104857600                                 {product} {command line}
   size_t NewSize                                  = 34603008                                  {product} {ergonomic}
    uintx NonNMethodCodeHeapSize                   = 5839372                                {pd product} {ergonomic}
    uintx NonProfiledCodeHeapSize                  = 122909434                              {pd product} {ergonomic}
   size_t OldSize                                  = 70254592                                  {product} {ergonomic}
    uintx ProfiledCodeHeapSize                     = 122909434                              {pd product} {ergonomic}
    uintx ReservedCodeCacheSize                    = 251658240                              {pd product} {ergonomic}
     bool SegmentedCodeCache                       = true                                      {product} {ergonomic}
   size_t SoftMaxHeapSize                          = 2147483648                             {manageable} {ergonomic}
     bool UseCompressedOops                        = true                           {product lp64_product} {ergonomic}
     bool UseLargePagesIndividualAllocation        = false                                  {pd product} {ergonomic}
     bool UseParallelGC                            = true                                      {product} {command line}

Logging:
Log output configuration:
 #0: stdout all=off uptime,level,tags foldmultilines=false
 #1: stderr all=off uptime,level,tags foldmultilines=false

Environment Variables:
JAVA_HOME=C:\Program Files\Java\jdk-17\
PATH=C:\Windows\System32;C:\Program Files\Microsoft SQL Server\150\Tools\Binn\;C:\Program Files\Microsoft SQL Server\Client SDK\ODBC\170\Tools\Binn\;C:\Program Files\dotnet\;C:\Windows\System32\WindowsPowerShell\v1.0\;C:\Users\IBYTE\scripts;C:\Users\IBYTE\apache-maven-3.9.9-bin\bin;C:\Program Files\Java\apache-maven-3.9.7\bin;;C:\Program Files\Docker\Docker\resources\bin;C:\Program Files\MySQL\MySQL Shell 8.0\bin\;C:\Users\IBYTE\AppData\Local\Programs\Python\Python312\Scripts\;C:\Users\IBYTE\AppData\Local\Programs\Python\Python312\;C:\Users\IBYTE\AppData\Local\Programs\Python\Launcher\;C:\Users\IBYTE\AppData\Local\Microsoft\WindowsApps;C:\Users\IBYTE\AppData\Local\GitHubDesktop\bin;C:\Program Files\nodejs;C:\Users\IBYTE\AppData\Roaming\npm;C:\Users\IBYTE\.dotnet\tools;C:\Users\IBYTE\AppData\Local\Programs\Microsoft VS Code\bin;C:\Users\IBYTE\scripts;C:\Windows\System32;C:\cmder\bin;C:\Program Files\PostgreSQL\15\bin;C:\Program Files\MySQL\MySQL Server 8.0\bin;C:\Users\IBYTE\.dotnet\tools;C:\Program Files\Java\apache-maven-3.9.7\bin;C:\Program Files\Java\jdk-17\\bin;
USERNAME=IBYTE
OS=Windows_NT
PROCESSOR_IDENTIFIER=Intel64 Family 6 Model 154 Stepping 3, GenuineIntel
TMP=C:\Users\IBYTE\AppData\Local\Temp
TEMP=C:\Users\IBYTE\AppData\Local\Temp




Periodic native trim disabled

---------------  S Y S T E M  ---------------

OS:
 Windows 11 , 64 bit Build 22621 (10.0.22621.4830)
OS uptime: 1 days 20:28 hours
Hyper-V role detected

CPU: total 12 (initial active 12) (6 cores per cpu, 2 threads per core) family 6 model 154 stepping 3 microcode 0x423, cx8, cmov, fxsr, ht, mmx, 3dnowpref, sse, sse2, sse3, ssse3, sse4.1, sse4.2, popcnt, lzcnt, tsc, tscinvbit, avx, avx2, aes, erms, clmul, bmi1, bmi2, adx, sha, fma, vzeroupper, clflush, clflushopt, clwb, hv, serialize, rdtscp, rdpid, fsrm, f16c, cet_ibt, cet_ss
Processor Information for processor 0
  Max Mhz: 2000, Current Mhz: 2000, Mhz Limit: 2000
Processor Information for processor 1
  Max Mhz: 2000, Current Mhz: 2000, Mhz Limit: 2000
Processor Information for processor 2
  Max Mhz: 2000, Current Mhz: 2000, Mhz Limit: 2000
Processor Information for processor 3
  Max Mhz: 2000, Current Mhz: 2000, Mhz Limit: 2000
Processor Information for processor 4
  Max Mhz: 2000, Current Mhz: 2000, Mhz Limit: 2000
Processor Information for processor 5
  Max Mhz: 2000, Current Mhz: 2000, Mhz Limit: 2000
Processor Information for processor 6
  Max Mhz: 2000, Current Mhz: 2000, Mhz Limit: 2000
Processor Information for processor 7
  Max Mhz: 2000, Current Mhz: 2000, Mhz Limit: 2000
Processor Information for processor 8
  Max Mhz: 2000, Current Mhz: 1500, Mhz Limit: 1500
Processor Information for processor 9
  Max Mhz: 2000, Current Mhz: 1500, Mhz Limit: 1500
Processor Information for processor 10
  Max Mhz: 2000, Current Mhz: 1500, Mhz Limit: 1500
Processor Information for processor 11
  Max Mhz: 2000, Current Mhz: 1500, Mhz Limit: 1500

Memory: 4k page, system-wide physical 7896M (863M free)
TotalPageFile size 14540M (AvailPageFile size 13M)
current process WorkingSet (physical memory assigned to process): 165M, peak: 200M
current process commit charge ("private bytes"): 336M, peak: 357M

vm_info: OpenJDK 64-Bit Server VM (21.0.5+11-LTS) for windows-amd64 JRE (21.0.5+11-LTS), built on 2024-10-15T00:00:00Z by "admin" with MS VC++ 17.7 (VS2022)

END.
