#
# There is insufficient memory for the Java Runtime Environment to continue.
# Native memory allocation (malloc) failed to allocate 2025248 bytes. Error detail: Chunk::new
# Possible reasons:
#   The system is out of physical RAM or swap space
#   This process is running with CompressedOops enabled, and the Java Heap may be blocking the growth of the native heap
# Possible solutions:
#   Reduce memory load on the system
#   Increase physical memory or swap space
#   Check if swap backing store is full
#   Decrease Java heap size (-Xmx/-Xms)
#   Decrease number of Java threads
#   Decrease Java thread stack sizes (-Xss)
#   Set larger code cache with -XX:ReservedCodeCacheSize=
#   JVM is running with Unscaled Compressed Oops mode in which the Java heap is
#     placed in the first 4GB address space. The Java Heap base address is the
#     maximum limit for the native heap growth. Please use -XX:HeapBaseMinAddress
#     to set the Java Heap base and to place the Java Heap above 4GB virtual address.
# This output file may be truncated or incomplete.
#
#  Out of Memory Error (arena.cpp:168), pid=11540, tid=23140
#
# JRE version: OpenJDK Runtime Environment Temurin-21.0.5+11 (21.0.5+11) (build 21.0.5+11-LTS)
# Java VM: OpenJDK 64-Bit Server VM Temurin-21.0.5+11 (21.0.5+11-LTS, mixed mode, sharing, tiered, compressed oops, compressed class ptrs, parallel gc, windows-amd64)
# No core dump will be written. Minidumps are not enabled by default on client versions of Windows
#

---------------  S U M M A R Y ------------

Command Line: --add-modules=ALL-SYSTEM --add-opens=java.base/java.util=ALL-UNNAMED --add-opens=java.base/java.lang=ALL-UNNAMED --add-opens=java.base/sun.nio.fs=ALL-UNNAMED -Declipse.application=org.eclipse.jdt.ls.core.id1 -Dosgi.bundles.defaultStartLevel=4 -Declipse.product=org.eclipse.jdt.ls.core.product -Djava.import.generatesMetadataFilesAtProjectRoot=false -DDetectVMInstallationsJob.disabled=true -Dfile.encoding=utf8 -XX:+UseParallelGC -XX:GCTimeRatio=4 -XX:AdaptiveSizePolicyWeight=90 -Dsun.zip.disableMemoryMapping=true -Xmx2G -Xms100m -Xlog:disable -javaagent:c:\Users\IBYTE\.vscode\extensions\redhat.java-1.39.0-win32-x64\lombok\lombok-1.18.34.jar -XX:+HeapDumpOnOutOfMemoryError -XX:HeapDumpPath=c:\Users\IBYTE\AppData\Roaming\Code\User\workspaceStorage\59ce07a759c63856ad17a90456c615a0\redhat.java -Daether.dependencyCollector.impl=bf c:\Users\IBYTE\.vscode\extensions\redhat.java-1.39.0-win32-x64\server\plugins\org.eclipse.equinox.launcher_1.6.900.v20240613-2009.jar -configuration c:\Users\IBYTE\AppData\Roaming\Code\User\globalStorage\redhat.java\1.39.0\config_win -data c:\Users\IBYTE\AppData\Roaming\Code\User\workspaceStorage\59ce07a759c63856ad17a90456c615a0\redhat.java\jdt_ws --pipe=\\.\pipe\lsp-9651237c215dc9788b832e4623002f37-sock

Host: 12th Gen Intel(R) Core(TM) i5-12450H, 12 cores, 7G,  Windows 11 , 64 bit Build 22621 (10.0.22621.4830)
Time: Sat Feb  8 12:37:00 2025 Hora oficial do Brasil elapsed time: 138.838356 seconds (0d 0h 2m 18s)

---------------  T H R E A D  ---------------

Current thread (0x000001aa5a021a30):  JavaThread "C2 CompilerThread0" daemon [_thread_in_native, id=23140, stack(0x0000006ed7e00000,0x0000006ed7f00000) (1024K)]


Current CompileTask:
C2:138838 15102   !   4       com.google.gson.internal.bind.ReflectiveTypeAdapterFactory$2::write (140 bytes)

Stack: [0x0000006ed7e00000,0x0000006ed7f00000]
Native frames: (J=compiled Java code, j=interpreted, Vv=VM code, C=native code)
V  [jvm.dll+0x6cd4e9]
V  [jvm.dll+0x8a7941]
V  [jvm.dll+0x8a9e6e]
V  [jvm.dll+0x8aa543]
V  [jvm.dll+0x27f6d6]
V  [jvm.dll+0xc500d]
V  [jvm.dll+0xc5543]
V  [jvm.dll+0x3b660c]
V  [jvm.dll+0x1dffe9]
V  [jvm.dll+0x247b22]
V  [jvm.dll+0x246faf]
V  [jvm.dll+0x1c75ce]
V  [jvm.dll+0x25682a]
V  [jvm.dll+0x254dca]
V  [jvm.dll+0x3f00d6]
V  [jvm.dll+0x8514fb]
V  [jvm.dll+0x6cbbed]
C  [ucrtbase.dll+0x29333]
C  [KERNEL32.DLL+0x1259d]
C  [ntdll.dll+0x5af38]


---------------  P R O C E S S  ---------------

Threads class SMR info:
_java_thread_list=0x000001aa5dc36e40, length=79, elements={
0x000001aa7c21f760, 0x000001aa5a000510, 0x000001aa5a001160, 0x000001aa5a004270,
0x000001aa5a005120, 0x000001aa5a01c440, 0x000001aa5a01b090, 0x000001aa5a021a30,
0x000001aa5a022740, 0x000001aa5a01bdb0, 0x000001aa5a01cad0, 0x000001aa5a01b720,
0x000001aa5a01aa00, 0x000001aa5a019ce0, 0x000001aa5a01d160, 0x000001aa5a01a370,
0x000001aa5b6b9aa0, 0x000001aa5b6b9410, 0x000001aa5b6bae50, 0x000001aa5b6ba130,
0x000001aa5b6bb4e0, 0x000001aa5b6bbb70, 0x000001aa5b6b8d80, 0x000001aa5b6b86f0,
0x000001aa5b6bcf20, 0x000001aa5b6bd5b0, 0x000001aa5b6bdc40, 0x000001aa5b6be2d0,
0x000001aa5b6be960, 0x000001aa5b6beff0, 0x000001aa5b6b8060, 0x000001aa5b6bf680,
0x000001aa5dc760e0, 0x000001aa5dc718b0, 0x000001aa5dc75a50, 0x000001aa5dc753c0,
0x000001aa5dc70b90, 0x000001aa5dc73980, 0x000001aa5dc71f40, 0x000001aa5dc732f0,
0x000001aa5dc76770, 0x000001aa5dc725d0, 0x000001aa5dc74010, 0x000001aa5dc746a0,
0x000001aa5dc6f7e0, 0x000001aa5dc6fe70, 0x000001aa5dc74d30, 0x000001aa5d2f37d0,
0x000001aa5d2f09e0, 0x000001aa5d2efcc0, 0x000001aa5d2f1700, 0x000001aa5d2ef630,
0x000001aa5d2f1d90, 0x000001aa5d2f2ab0, 0x000001aa5d2eefa0, 0x000001aa5d2f2420,
0x000001aa5d2f1070, 0x000001aa5d2f3140, 0x000001aa5d2f4b80, 0x000001aa5d2f3e60,
0x000001aa5d2f5210, 0x000001aa5d2f58a0, 0x000001aa5d2f5f30, 0x000001aa5d2f65c0,
0x000001aa5c71c4c0, 0x000001aa5c7168e0, 0x000001aa5c7196d0, 0x000001aa5c715530,
0x000001aa5c71a3f0, 0x000001aa5c715bc0, 0x000001aa5c71aa80, 0x000001aa5c717c90,
0x000001aa5c71b110, 0x000001aa5c7189b0, 0x000001aa5c717600, 0x000001aa5c718320,
0x000001aa5b6ba7c0, 0x000001aa67a9b5f0, 0x000001aa67a9c310
}

Java Threads: ( => current thread )
  0x000001aa7c21f760 JavaThread "main"                              [_thread_blocked, id=19868, stack(0x0000006ed7400000,0x0000006ed7500000) (1024K)]
  0x000001aa5a000510 JavaThread "Reference Handler"          daemon [_thread_blocked, id=2916, stack(0x0000006ed7800000,0x0000006ed7900000) (1024K)]
  0x000001aa5a001160 JavaThread "Finalizer"                  daemon [_thread_blocked, id=9236, stack(0x0000006ed7900000,0x0000006ed7a00000) (1024K)]
  0x000001aa5a004270 JavaThread "Signal Dispatcher"          daemon [_thread_blocked, id=19688, stack(0x0000006ed7a00000,0x0000006ed7b00000) (1024K)]
  0x000001aa5a005120 JavaThread "Attach Listener"            daemon [_thread_blocked, id=22120, stack(0x0000006ed7b00000,0x0000006ed7c00000) (1024K)]
  0x000001aa5a01c440 JavaThread "Service Thread"             daemon [_thread_blocked, id=20600, stack(0x0000006ed7c00000,0x0000006ed7d00000) (1024K)]
  0x000001aa5a01b090 JavaThread "Monitor Deflation Thread"   daemon [_thread_blocked, id=15932, stack(0x0000006ed7d00000,0x0000006ed7e00000) (1024K)]
=>0x000001aa5a021a30 JavaThread "C2 CompilerThread0"         daemon [_thread_in_native, id=23140, stack(0x0000006ed7e00000,0x0000006ed7f00000) (1024K)]
  0x000001aa5a022740 JavaThread "C1 CompilerThread0"         daemon [_thread_blocked, id=15432, stack(0x0000006ed7f00000,0x0000006ed8000000) (1024K)]
  0x000001aa5a01bdb0 JavaThread "Common-Cleaner"             daemon [_thread_blocked, id=16248, stack(0x0000006ed8000000,0x0000006ed8100000) (1024K)]
  0x000001aa5a01cad0 JavaThread "Notification Thread"        daemon [_thread_blocked, id=11852, stack(0x0000006ed8200000,0x0000006ed8300000) (1024K)]
  0x000001aa5a01b720 JavaThread "Active Thread: Equinox Container: 50a17e4a-6888-41be-8b0b-c1da4b8a95db"        [_thread_blocked, id=23032, stack(0x0000006ed8a00000,0x0000006ed8b00000) (1024K)]
  0x000001aa5a01aa00 JavaThread "Refresh Thread: Equinox Container: 50a17e4a-6888-41be-8b0b-c1da4b8a95db" daemon [_thread_blocked, id=2412, stack(0x0000006ed8b00000,0x0000006ed8c00000) (1024K)]
  0x000001aa5a019ce0 JavaThread "Framework Event Dispatcher: Equinox Container: 50a17e4a-6888-41be-8b0b-c1da4b8a95db" daemon [_thread_blocked, id=21600, stack(0x0000006ed8c00000,0x0000006ed8d00000) (1024K)]
  0x000001aa5a01d160 JavaThread "Start Level: Equinox Container: 50a17e4a-6888-41be-8b0b-c1da4b8a95db" daemon [_thread_blocked, id=6568, stack(0x0000006ed8e00000,0x0000006ed8f00000) (1024K)]
  0x000001aa5a01a370 JavaThread "Bundle File Closer"         daemon [_thread_blocked, id=15860, stack(0x0000006ed8f00000,0x0000006ed9000000) (1024K)]
  0x000001aa5b6b9aa0 JavaThread "SCR Component Actor"        daemon [_thread_blocked, id=21888, stack(0x0000006ed9200000,0x0000006ed9300000) (1024K)]
  0x000001aa5b6b9410 JavaThread "Worker-JM"                         [_thread_blocked, id=16896, stack(0x0000006ed9300000,0x0000006ed9400000) (1024K)]
  0x000001aa5b6bae50 JavaThread "JNA Cleaner"                daemon [_thread_blocked, id=20420, stack(0x0000006ed9400000,0x0000006ed9500000) (1024K)]
  0x000001aa5b6ba130 JavaThread "Worker-0"                          [_thread_blocked, id=20512, stack(0x0000006ed9500000,0x0000006ed9600000) (1024K)]
  0x000001aa5b6bb4e0 JavaThread "Worker-2"                          [_thread_blocked, id=21832, stack(0x0000006ed9700000,0x0000006ed9800000) (1024K)]
  0x000001aa5b6bbb70 JavaThread "Java indexing"              daemon [_thread_blocked, id=19760, stack(0x0000006ed9800000,0x0000006ed9900000) (1024K)]
  0x000001aa5b6b8d80 JavaThread "Thread-2"                   daemon [_thread_in_native, id=18644, stack(0x0000006ed9a00000,0x0000006ed9b00000) (1024K)]
  0x000001aa5b6b86f0 JavaThread "Thread-3"                   daemon [_thread_in_native, id=10192, stack(0x0000006ed9b00000,0x0000006ed9c00000) (1024K)]
  0x000001aa5b6bcf20 JavaThread "Thread-4"                   daemon [_thread_in_native, id=10544, stack(0x0000006ed9c00000,0x0000006ed9d00000) (1024K)]
  0x000001aa5b6bd5b0 JavaThread "Thread-5"                   daemon [_thread_in_native, id=17876, stack(0x0000006ed9d00000,0x0000006ed9e00000) (1024K)]
  0x000001aa5b6bdc40 JavaThread "Thread-6"                   daemon [_thread_in_native, id=12268, stack(0x0000006ed9e00000,0x0000006ed9f00000) (1024K)]
  0x000001aa5b6be2d0 JavaThread "Thread-7"                   daemon [_thread_in_native, id=15396, stack(0x0000006ed9f00000,0x0000006eda000000) (1024K)]
  0x000001aa5b6be960 JavaThread "Thread-8"                   daemon [_thread_in_native, id=18296, stack(0x0000006eda000000,0x0000006eda100000) (1024K)]
  0x000001aa5b6beff0 JavaThread "Thread-9"                   daemon [_thread_in_native, id=19956, stack(0x0000006eda100000,0x0000006eda200000) (1024K)]
  0x000001aa5b6b8060 JavaThread "Thread-10"                  daemon [_thread_in_native, id=22140, stack(0x0000006eda200000,0x0000006eda300000) (1024K)]
  0x000001aa5b6bf680 JavaThread "Thread-11"                  daemon [_thread_in_native, id=13164, stack(0x0000006eda300000,0x0000006eda400000) (1024K)]
  0x000001aa5dc760e0 JavaThread "Thread-12"                  daemon [_thread_in_native, id=21580, stack(0x0000006eda400000,0x0000006eda500000) (1024K)]
  0x000001aa5dc718b0 JavaThread "Thread-13"                  daemon [_thread_in_native, id=22824, stack(0x0000006eda500000,0x0000006eda600000) (1024K)]
  0x000001aa5dc75a50 JavaThread "Thread-14"                  daemon [_thread_in_native, id=21180, stack(0x0000006eda600000,0x0000006eda700000) (1024K)]
  0x000001aa5dc753c0 JavaThread "pool-2-thread-1"                   [_thread_blocked, id=22264, stack(0x0000006eda700000,0x0000006eda800000) (1024K)]
  0x000001aa5dc70b90 JavaThread "WorkspaceEventsHandler"            [_thread_blocked, id=21348, stack(0x0000006eda800000,0x0000006eda900000) (1024K)]
  0x000001aa5dc73980 JavaThread "pool-1-thread-1"                   [_thread_blocked, id=4032, stack(0x0000006eda900000,0x0000006edaa00000) (1024K)]
  0x000001aa5dc71f40 JavaThread "LocalFile Deleter"          daemon [_thread_blocked, id=10152, stack(0x0000006edad00000,0x0000006edae00000) (1024K)]
  0x000001aa5dc732f0 JavaThread "LocalFile Deleter"          daemon [_thread_blocked, id=5264, stack(0x0000006edae00000,0x0000006edaf00000) (1024K)]
  0x000001aa5dc76770 JavaThread "LocalFile Deleter"          daemon [_thread_blocked, id=9648, stack(0x0000006edaf00000,0x0000006edb000000) (1024K)]
  0x000001aa5dc725d0 JavaThread "LocalFile Deleter"          daemon [_thread_blocked, id=20548, stack(0x0000006edb000000,0x0000006edb100000) (1024K)]
  0x000001aa5dc74010 JavaThread "LocalFile Deleter"          daemon [_thread_blocked, id=19156, stack(0x0000006edb100000,0x0000006edb200000) (1024K)]
  0x000001aa5dc746a0 JavaThread "LocalFile Deleter"          daemon [_thread_blocked, id=7460, stack(0x0000006edb200000,0x0000006edb300000) (1024K)]
  0x000001aa5dc6f7e0 JavaThread "LocalFile Deleter"          daemon [_thread_blocked, id=22108, stack(0x0000006edb300000,0x0000006edb400000) (1024K)]
  0x000001aa5dc6fe70 JavaThread "LocalFile Deleter"          daemon [_thread_blocked, id=7200, stack(0x0000006edb400000,0x0000006edb500000) (1024K)]
  0x000001aa5dc74d30 JavaThread "LocalFile Deleter"          daemon [_thread_blocked, id=21520, stack(0x0000006edb500000,0x0000006edb600000) (1024K)]
  0x000001aa5d2f37d0 JavaThread "Compiler Source File Reader" daemon [_thread_blocked, id=5368, stack(0x0000006edb600000,0x0000006edb700000) (1024K)]
  0x000001aa5d2f09e0 JavaThread "Compiler Source File Reader" daemon [_thread_blocked, id=23132, stack(0x0000006edb700000,0x0000006edb800000) (1024K)]
  0x000001aa5d2efcc0 JavaThread "Compiler Source File Reader" daemon [_thread_blocked, id=21540, stack(0x0000006edb800000,0x0000006edb900000) (1024K)]
  0x000001aa5d2f1700 JavaThread "Compiler Source File Reader" daemon [_thread_blocked, id=22644, stack(0x0000006edb900000,0x0000006edba00000) (1024K)]
  0x000001aa5d2ef630 JavaThread "Compiler Class File Writer" daemon [_thread_blocked, id=14124, stack(0x0000006edbb00000,0x0000006edbc00000) (1024K)]
  0x000001aa5d2f1d90 JavaThread "Compiler Class File Writer" daemon [_thread_blocked, id=2700, stack(0x0000006edbc00000,0x0000006edbd00000) (1024K)]
  0x000001aa5d2f2ab0 JavaThread "Compiler Class File Writer" daemon [_thread_blocked, id=7380, stack(0x0000006edbd00000,0x0000006edbe00000) (1024K)]
  0x000001aa5d2eefa0 JavaThread "Compiler Class File Writer" daemon [_thread_blocked, id=18336, stack(0x0000006edbe00000,0x0000006edbf00000) (1024K)]
  0x000001aa5d2f2420 JavaThread "Compiler Source File Reader" daemon [_thread_blocked, id=14212, stack(0x0000006edbf00000,0x0000006edc000000) (1024K)]
  0x000001aa5d2f1070 JavaThread "Compiler Class File Writer" daemon [_thread_blocked, id=10820, stack(0x0000006edc000000,0x0000006edc100000) (1024K)]
  0x000001aa5d2f3140 JavaThread "ForkJoinPool.commonPool-worker-1" daemon [_thread_blocked, id=12292, stack(0x0000006edc100000,0x0000006edc200000) (1024K)]
  0x000001aa5d2f4b80 JavaThread "ForkJoinPool.commonPool-worker-2" daemon [_thread_blocked, id=20604, stack(0x0000006edc200000,0x0000006edc300000) (1024K)]
  0x000001aa5d2f3e60 JavaThread "ForkJoinPool.commonPool-worker-3" daemon [_thread_blocked, id=23000, stack(0x0000006edc300000,0x0000006edc400000) (1024K)]
  0x000001aa5d2f5210 JavaThread "ForkJoinPool.commonPool-worker-4" daemon [_thread_blocked, id=14140, stack(0x0000006edc400000,0x0000006edc500000) (1024K)]
  0x000001aa5d2f58a0 JavaThread "ForkJoinPool.commonPool-worker-5" daemon [_thread_blocked, id=19740, stack(0x0000006edc500000,0x0000006edc600000) (1024K)]
  0x000001aa5d2f5f30 JavaThread "ForkJoinPool.commonPool-worker-6" daemon [_thread_blocked, id=12844, stack(0x0000006edc600000,0x0000006edc700000) (1024K)]
  0x000001aa5d2f65c0 JavaThread "ForkJoinPool.commonPool-worker-7" daemon [_thread_blocked, id=7948, stack(0x0000006edc700000,0x0000006edc800000) (1024K)]
  0x000001aa5c71c4c0 JavaThread "ForkJoinPool.commonPool-worker-8" daemon [_thread_blocked, id=12616, stack(0x0000006edc800000,0x0000006edc900000) (1024K)]
  0x000001aa5c7168e0 JavaThread "ForkJoinPool.commonPool-worker-9" daemon [_thread_blocked, id=20952, stack(0x0000006edc900000,0x0000006edca00000) (1024K)]
  0x000001aa5c7196d0 JavaThread "ForkJoinPool.commonPool-worker-10" daemon [_thread_blocked, id=17428, stack(0x0000006edca00000,0x0000006edcb00000) (1024K)]
  0x000001aa5c715530 JavaThread "Compiler Source File Reader" daemon [_thread_blocked, id=9664, stack(0x0000006edce00000,0x0000006edcf00000) (1024K)]
  0x000001aa5c71a3f0 JavaThread "Compiler Source File Reader" daemon [_thread_blocked, id=21100, stack(0x0000006edcf00000,0x0000006edd000000) (1024K)]
  0x000001aa5c715bc0 JavaThread "Compiler Source File Reader" daemon [_thread_blocked, id=14432, stack(0x0000006edd200000,0x0000006edd300000) (1024K)]
  0x000001aa5c71aa80 JavaThread "Compiler Source File Reader" daemon [_thread_blocked, id=20236, stack(0x0000006edd400000,0x0000006edd500000) (1024K)]
  0x000001aa5c717c90 JavaThread "Cleaner-0"                  daemon [_thread_blocked, id=10624, stack(0x0000006edd500000,0x0000006edd600000) (1024K)]
  0x000001aa5c71b110 JavaThread "Compiler Source File Reader" daemon [_thread_blocked, id=9988, stack(0x0000006edd600000,0x0000006edd700000) (1024K)]
  0x000001aa5c7189b0 JavaThread "Java Debug Server"          daemon [_thread_in_native, id=1200, stack(0x0000006ed8300000,0x0000006ed8400000) (1024K)]
  0x000001aa5c717600 JavaThread "pool-5-thread-1"                   [_thread_in_native, id=23148, stack(0x0000006edd100000,0x0000006edd200000) (1024K)]
  0x000001aa5c718320 JavaThread "RxSchedulerPurge-1"         daemon [_thread_blocked, id=21320, stack(0x0000006edd900000,0x0000006edda00000) (1024K)]
  0x000001aa5b6ba7c0 JavaThread "RxCachedWorkerPoolEvictor-1" daemon [_thread_blocked, id=4600, stack(0x0000006edda00000,0x0000006eddb00000) (1024K)]
  0x000001aa67a9b5f0 JavaThread "RxNewThreadScheduler-1"     daemon [_thread_blocked, id=5652, stack(0x0000006eddc00000,0x0000006eddd00000) (1024K)]
  0x000001aa67a9c310 JavaThread "process reaper (pid 22988)" daemon [_thread_in_native, id=1304, stack(0x0000006ed6d90000,0x0000006ed6db0000) (128K)]
Total: 79

Other Threads:
  0x000001aa7c2dec10 VMThread "VM Thread"                           [id=22504, stack(0x0000006ed7700000,0x0000006ed7800000) (1024K)]
  0x000001aa7c28a0b0 WatcherThread "VM Periodic Task Thread"        [id=1828, stack(0x0000006ed7600000,0x0000006ed7700000) (1024K)]
  0x000001aa7c23d480 WorkerThread "GC Thread#0"                     [id=21852, stack(0x0000006ed7500000,0x0000006ed7600000) (1024K)]
  0x000001aa5a8d1150 WorkerThread "GC Thread#1"                     [id=21532, stack(0x0000006ed8400000,0x0000006ed8500000) (1024K)]
  0x000001aa5a6d4320 WorkerThread "GC Thread#2"                     [id=23116, stack(0x0000006ed8500000,0x0000006ed8600000) (1024K)]
  0x000001aa5a675040 WorkerThread "GC Thread#3"                     [id=18716, stack(0x0000006ed8600000,0x0000006ed8700000) (1024K)]
  0x000001aa5a8d14f0 WorkerThread "GC Thread#4"                     [id=20828, stack(0x0000006ed8700000,0x0000006ed8800000) (1024K)]
  0x000001aa5a86df30 WorkerThread "GC Thread#5"                     [id=23184, stack(0x0000006ed8800000,0x0000006ed8900000) (1024K)]
  0x000001aa5a86e2d0 WorkerThread "GC Thread#6"                     [id=21772, stack(0x0000006ed8900000,0x0000006ed8a00000) (1024K)]
  0x000001aa5af2fba0 WorkerThread "GC Thread#7"                     [id=21860, stack(0x0000006ed8d00000,0x0000006ed8e00000) (1024K)]
  0x000001aa5ab641a0 WorkerThread "GC Thread#8"                     [id=20316, stack(0x0000006ed9000000,0x0000006ed9100000) (1024K)]
  0x000001aa5ab63320 WorkerThread "GC Thread#9"                     [id=5528, stack(0x0000006ed9100000,0x0000006ed9200000) (1024K)]
Total: 12

Threads with active compile tasks:
C2 CompilerThread0  138853 15102   !   4       com.google.gson.internal.bind.ReflectiveTypeAdapterFactory$2::write (140 bytes)
Total: 1

VM state: not at safepoint (normal execution)

VM Mutex/Monitor currently owned by a thread: None

Heap address: 0x0000000080000000, size: 2048 MB, Compressed Oops mode: 32-bit

CDS archive(s) mapped at: [0x000001aa13000000-0x000001aa13ba0000-0x000001aa13ba0000), size 12189696, SharedBaseAddress: 0x000001aa13000000, ArchiveRelocationMode: 1.
Compressed class space mapped at: 0x000001aa14000000-0x000001aa54000000, reserved size: 1073741824
Narrow klass base: 0x000001aa13000000, Narrow klass shift: 0, Narrow klass range: 0x100000000

GC Precious Log:
 CardTable entry size: 512
 CPUs: 12 total, 12 available
 Memory: 7896M
 Large Page Support: Disabled
 NUMA Support: Disabled
 Compressed Oops: Enabled (32-bit)
 Alignments: Space 512K, Generation 512K, Heap 2M
 Heap Min Capacity: 100M
 Heap Initial Capacity: 100M
 Heap Max Capacity: 2G
 Pre-touch: Disabled
 Parallel Workers: 10

Heap:
 PSYoungGen      total 3072K, used 1304K [0x00000000d5580000, 0x00000000d5980000, 0x0000000100000000)
  eden space 2560K, 40% used [0x00000000d5580000,0x00000000d56860c0,0x00000000d5800000)
  from space 512K, 50% used [0x00000000d5900000,0x00000000d5940000,0x00000000d5980000)
  to   space 512K, 0% used [0x00000000d5880000,0x00000000d5880000,0x00000000d5900000)
 ParOldGen       total 513536K, used 513529K [0x0000000080000000, 0x000000009f580000, 0x00000000d5580000)
  object space 513536K, 99% used [0x0000000080000000,0x000000009f57e460,0x000000009f580000)
 Metaspace       used 76188K, committed 77888K, reserved 1179648K
  class space    used 7983K, committed 8768K, reserved 1048576K

Card table byte_map: [0x000001aa7bbe0000,0x000001aa7bff0000] _byte_map_base: 0x000001aa7b7e0000

Marking Bits: (ParMarkBitMap*) 0x00007ffa94542250
 Begin Bits: [0x000001aa0f000000, 0x000001aa11000000)
 End Bits:   [0x000001aa11000000, 0x000001aa13000000)

Polling page: 0x000001aa7a1b0000

Metaspace:

Usage:
  Non-class:     66.61 MB used.
      Class:      7.80 MB used.
       Both:     74.40 MB used.

Virtual space:
  Non-class space:      128.00 MB reserved,      67.50 MB ( 53%) committed,  2 nodes.
      Class space:        1.00 GB reserved,       8.56 MB ( <1%) committed,  1 nodes.
             Both:        1.12 GB reserved,      76.06 MB (  7%) committed. 

Chunk freelists:
   Non-Class:  12.13 MB
       Class:  7.30 MB
        Both:  19.43 MB

MaxMetaspaceSize: unlimited
CompressedClassSpaceSize: 1.00 GB
Initial GC threshold: 21.00 MB
Current GC threshold: 119.31 MB
CDS: on
 - commit_granule_bytes: 65536.
 - commit_granule_words: 8192.
 - virtual_space_node_default_size: 8388608.
 - enlarge_chunks_in_place: 1.
 - use_allocation_guard: 0.


Internal statistics:

num_allocs_failed_limit: 9.
num_arena_births: 1400.
num_arena_deaths: 20.
num_vsnodes_births: 3.
num_vsnodes_deaths: 0.
num_space_committed: 1217.
num_space_uncommitted: 0.
num_chunks_returned_to_freelist: 30.
num_chunks_taken_from_freelist: 5174.
num_chunk_merges: 12.
num_chunk_splits: 3095.
num_chunks_enlarged: 1630.
num_inconsistent_stats: 0.

CodeHeap 'non-profiled nmethods': size=120000Kb used=9870Kb max_used=9870Kb free=110129Kb
 bounds [0x000001aa07ad0000, 0x000001aa08480000, 0x000001aa0f000000]
CodeHeap 'profiled nmethods': size=120000Kb used=27413Kb max_used=27974Kb free=92586Kb
 bounds [0x000001aa00000000, 0x000001aa01b70000, 0x000001aa07530000]
CodeHeap 'non-nmethods': size=5760Kb used=1492Kb max_used=1560Kb free=4267Kb
 bounds [0x000001aa07530000, 0x000001aa077a0000, 0x000001aa07ad0000]
 total_blobs=13958 nmethods=13139 adapters=722
 compilation: enabled
              stopped_count=0, restarted_count=0
 full_count=0

Compilation events (20 events):
Event: 138.732 Thread 0x000001aa5a022740 15136   !   3       org.eclipse.jdt.core.dom.SimpleType::getName (60 bytes)
Event: 138.733 Thread 0x000001aa5a022740 nmethod 15136 0x000001aa0042ed90 code [0x000001aa0042f000, 0x000001aa0042faf8]
Event: 138.733 Thread 0x000001aa5a022740 15139   !   3       com.google.gson.internal.bind.ReflectiveTypeAdapterFactory$Adapter::write (73 bytes)
Event: 138.734 Thread 0x000001aa5a022740 nmethod 15139 0x000001aa0042dd90 code [0x000001aa0042e000, 0x000001aa0042e9f0]
Event: 138.734 Thread 0x000001aa5a022740 15132   !   3       org.eclipse.jdt.core.dom.ImportDeclaration::getName (78 bytes)
Event: 138.735 Thread 0x000001aa5a022740 nmethod 15132 0x000001aa0042c090 code [0x000001aa0042c380, 0x000001aa0042d3a0]
Event: 138.735 Thread 0x000001aa5a022740 15133   !   3       org.eclipse.jdt.core.dom.SingleMemberAnnotation::getValue (60 bytes)
Event: 138.735 Thread 0x000001aa5a022740 nmethod 15133 0x000001aa0042ac90 code [0x000001aa0042af00, 0x000001aa0042b9f8]
Event: 138.736 Thread 0x000001aa5a022740 15138   !   3       org.eclipse.jdt.core.dom.MethodInvocation::getName (60 bytes)
Event: 138.736 Thread 0x000001aa5a022740 nmethod 15138 0x000001aa00a67290 code [0x000001aa00a67500, 0x000001aa00a67fd8]
Event: 138.736 Thread 0x000001aa5a022740 15135 %     3       org.eclipse.jdt.internal.compiler.lookup.ModuleBinding::isPackageExportedTo @ 49 (133 bytes)
Event: 138.739 Thread 0x000001aa5a022740 nmethod 15135% 0x000001aa00a66090 code [0x000001aa00a66300, 0x000001aa00a66ee8]
Event: 138.739 Thread 0x000001aa5a022740 15140       3       com.google.gson.stream.JsonWriter::value (24 bytes)
Event: 138.739 Thread 0x000001aa5a022740 nmethod 15140 0x000001aa00a65990 code [0x000001aa00a65b80, 0x000001aa00a65f50]
Event: 138.739 Thread 0x000001aa5a022740 15137       3       org.eclipse.jdt.core.dom.ASTNode$NodeList::size (8 bytes)
Event: 138.741 Thread 0x000001aa5a022740 nmethod 15137 0x000001aa0042a890 code [0x000001aa0042aa20, 0x000001aa0042abd0]
Event: 138.741 Thread 0x000001aa5a022740 15141       3       com.google.gson.stream.JsonWriter::isTrustedNumberType (66 bytes)
Event: 138.741 Thread 0x000001aa5a022740 nmethod 15141 0x000001aa00a65410 code [0x000001aa00a655e0, 0x000001aa00a65928]
Event: 138.741 Thread 0x000001aa5a022740 15131       3       org.eclipse.jdt.internal.core.CompilationUnit::originalFromClone (2 bytes)
Event: 138.741 Thread 0x000001aa5a022740 nmethod 15131 0x000001aa0101fc90 code [0x000001aa0101fe20, 0x000001aa0101ff30]

GC Heap History (20 events):
Event: 59.747 GC heap before
{Heap before GC invocations=1037 (full 4):
 PSYoungGen      total 3072K, used 2959K [0x00000000d5580000, 0x00000000d5980000, 0x0000000100000000)
  eden space 2560K, 100% used [0x00000000d5580000,0x00000000d5800000,0x00000000d5800000)
  from space 512K, 77% used [0x00000000d5900000,0x00000000d5963c28,0x00000000d5980000)
  to   space 512K, 0% used [0x00000000d5880000,0x00000000d5880000,0x00000000d5900000)
 ParOldGen       total 512512K, used 512490K [0x0000000080000000, 0x000000009f480000, 0x00000000d5580000)
  object space 512512K, 99% used [0x0000000080000000,0x000000009f47a920,0x000000009f480000)
 Metaspace       used 73933K, committed 75584K, reserved 1179648K
  class space    used 7633K, committed 8384K, reserved 1048576K
}
Event: 59.748 GC heap after
{Heap after GC invocations=1037 (full 4):
 PSYoungGen      total 3072K, used 352K [0x00000000d5580000, 0x00000000d5980000, 0x0000000100000000)
  eden space 2560K, 0% used [0x00000000d5580000,0x00000000d5580000,0x00000000d5800000)
  from space 512K, 68% used [0x00000000d5880000,0x00000000d58d8020,0x00000000d5900000)
  to   space 512K, 0% used [0x00000000d5900000,0x00000000d5900000,0x00000000d5980000)
 ParOldGen       total 513024K, used 512657K [0x0000000080000000, 0x000000009f500000, 0x00000000d5580000)
  object space 513024K, 99% used [0x0000000080000000,0x000000009f4a4400,0x000000009f500000)
 Metaspace       used 73933K, committed 75584K, reserved 1179648K
  class space    used 7633K, committed 8384K, reserved 1048576K
}
Event: 59.773 GC heap before
{Heap before GC invocations=1038 (full 4):
 PSYoungGen      total 3072K, used 2912K [0x00000000d5580000, 0x00000000d5980000, 0x0000000100000000)
  eden space 2560K, 100% used [0x00000000d5580000,0x00000000d5800000,0x00000000d5800000)
  from space 512K, 68% used [0x00000000d5880000,0x00000000d58d8020,0x00000000d5900000)
  to   space 512K, 0% used [0x00000000d5900000,0x00000000d5900000,0x00000000d5980000)
 ParOldGen       total 513024K, used 512657K [0x0000000080000000, 0x000000009f500000, 0x00000000d5580000)
  object space 513024K, 99% used [0x0000000080000000,0x000000009f4a4400,0x000000009f500000)
 Metaspace       used 74262K, committed 75968K, reserved 1179648K
  class space    used 7668K, committed 8448K, reserved 1048576K
}
Event: 59.774 GC heap after
{Heap after GC invocations=1038 (full 4):
 PSYoungGen      total 3072K, used 320K [0x00000000d5580000, 0x00000000d5980000, 0x0000000100000000)
  eden space 2560K, 0% used [0x00000000d5580000,0x00000000d5580000,0x00000000d5800000)
  from space 512K, 62% used [0x00000000d5900000,0x00000000d5950000,0x00000000d5980000)
  to   space 512K, 0% used [0x00000000d5880000,0x00000000d5880000,0x00000000d5900000)
 ParOldGen       total 513024K, used 512809K [0x0000000080000000, 0x000000009f500000, 0x00000000d5580000)
  object space 513024K, 99% used [0x0000000080000000,0x000000009f4ca420,0x000000009f500000)
 Metaspace       used 74262K, committed 75968K, reserved 1179648K
  class space    used 7668K, committed 8448K, reserved 1048576K
}
Event: 59.797 GC heap before
{Heap before GC invocations=1039 (full 4):
 PSYoungGen      total 3072K, used 2876K [0x00000000d5580000, 0x00000000d5980000, 0x0000000100000000)
  eden space 2560K, 99% used [0x00000000d5580000,0x00000000d57ff110,0x00000000d5800000)
  from space 512K, 62% used [0x00000000d5900000,0x00000000d5950000,0x00000000d5980000)
  to   space 512K, 0% used [0x00000000d5880000,0x00000000d5880000,0x00000000d5900000)
 ParOldGen       total 513024K, used 512809K [0x0000000080000000, 0x000000009f500000, 0x00000000d5580000)
  object space 513024K, 99% used [0x0000000080000000,0x000000009f4ca420,0x000000009f500000)
 Metaspace       used 74524K, committed 76160K, reserved 1179648K
  class space    used 7711K, committed 8448K, reserved 1048576K
}
Event: 59.799 GC heap after
{Heap after GC invocations=1039 (full 4):
 PSYoungGen      total 3072K, used 317K [0x00000000d5580000, 0x00000000d5980000, 0x0000000100000000)
  eden space 2560K, 0% used [0x00000000d5580000,0x00000000d5580000,0x00000000d5800000)
  from space 512K, 62% used [0x00000000d5880000,0x00000000d58cf610,0x00000000d5900000)
  to   space 512K, 0% used [0x00000000d5900000,0x00000000d5900000,0x00000000d5980000)
 ParOldGen       total 513024K, used 512865K [0x0000000080000000, 0x000000009f500000, 0x00000000d5580000)
  object space 513024K, 99% used [0x0000000080000000,0x000000009f4d8420,0x000000009f500000)
 Metaspace       used 74524K, committed 76160K, reserved 1179648K
  class space    used 7711K, committed 8448K, reserved 1048576K
}
Event: 59.825 GC heap before
{Heap before GC invocations=1040 (full 4):
 PSYoungGen      total 3072K, used 2877K [0x00000000d5580000, 0x00000000d5980000, 0x0000000100000000)
  eden space 2560K, 100% used [0x00000000d5580000,0x00000000d5800000,0x00000000d5800000)
  from space 512K, 62% used [0x00000000d5880000,0x00000000d58cf610,0x00000000d5900000)
  to   space 512K, 0% used [0x00000000d5900000,0x00000000d5900000,0x00000000d5980000)
 ParOldGen       total 513024K, used 512865K [0x0000000080000000, 0x000000009f500000, 0x00000000d5580000)
  object space 513024K, 99% used [0x0000000080000000,0x000000009f4d8420,0x000000009f500000)
 Metaspace       used 74840K, committed 76544K, reserved 1179648K
  class space    used 7761K, committed 8512K, reserved 1048576K
}
Event: 59.826 GC heap after
{Heap after GC invocations=1040 (full 4):
 PSYoungGen      total 3072K, used 320K [0x00000000d5580000, 0x00000000d5980000, 0x0000000100000000)
  eden space 2560K, 0% used [0x00000000d5580000,0x00000000d5580000,0x00000000d5800000)
  from space 512K, 62% used [0x00000000d5900000,0x00000000d5950020,0x00000000d5980000)
  to   space 512K, 0% used [0x00000000d5880000,0x00000000d5880000,0x00000000d5900000)
 ParOldGen       total 513024K, used 512929K [0x0000000080000000, 0x000000009f500000, 0x00000000d5580000)
  object space 513024K, 99% used [0x0000000080000000,0x000000009f4e8420,0x000000009f500000)
 Metaspace       used 74840K, committed 76544K, reserved 1179648K
  class space    used 7761K, committed 8512K, reserved 1048576K
}
Event: 59.851 GC heap before
{Heap before GC invocations=1041 (full 4):
 PSYoungGen      total 3072K, used 2880K [0x00000000d5580000, 0x00000000d5980000, 0x0000000100000000)
  eden space 2560K, 100% used [0x00000000d5580000,0x00000000d5800000,0x00000000d5800000)
  from space 512K, 62% used [0x00000000d5900000,0x00000000d5950020,0x00000000d5980000)
  to   space 512K, 0% used [0x00000000d5880000,0x00000000d5880000,0x00000000d5900000)
 ParOldGen       total 513024K, used 512929K [0x0000000080000000, 0x000000009f500000, 0x00000000d5580000)
  object space 513024K, 99% used [0x0000000080000000,0x000000009f4e8420,0x000000009f500000)
 Metaspace       used 75019K, committed 76736K, reserved 1179648K
  class space    used 7812K, committed 8576K, reserved 1048576K
}
Event: 59.852 GC heap after
{Heap after GC invocations=1041 (full 4):
 PSYoungGen      total 3072K, used 224K [0x00000000d5580000, 0x00000000d5980000, 0x0000000100000000)
  eden space 2560K, 0% used [0x00000000d5580000,0x00000000d5580000,0x00000000d5800000)
  from space 512K, 43% used [0x00000000d5880000,0x00000000d58b8000,0x00000000d5900000)
  to   space 512K, 0% used [0x00000000d5900000,0x00000000d5900000,0x00000000d5980000)
 ParOldGen       total 513536K, used 513057K [0x0000000080000000, 0x000000009f580000, 0x00000000d5580000)
  object space 513536K, 99% used [0x0000000080000000,0x000000009f508450,0x000000009f580000)
 Metaspace       used 75019K, committed 76736K, reserved 1179648K
  class space    used 7812K, committed 8576K, reserved 1048576K
}
Event: 59.881 GC heap before
{Heap before GC invocations=1042 (full 4):
 PSYoungGen      total 3072K, used 2784K [0x00000000d5580000, 0x00000000d5980000, 0x0000000100000000)
  eden space 2560K, 100% used [0x00000000d5580000,0x00000000d5800000,0x00000000d5800000)
  from space 512K, 43% used [0x00000000d5880000,0x00000000d58b8000,0x00000000d5900000)
  to   space 512K, 0% used [0x00000000d5900000,0x00000000d5900000,0x00000000d5980000)
 ParOldGen       total 513536K, used 513057K [0x0000000080000000, 0x000000009f580000, 0x00000000d5580000)
  object space 513536K, 99% used [0x0000000080000000,0x000000009f508450,0x000000009f580000)
 Metaspace       used 75304K, committed 76992K, reserved 1179648K
  class space    used 7865K, committed 8640K, reserved 1048576K
}
Event: 59.882 GC heap after
{Heap after GC invocations=1042 (full 4):
 PSYoungGen      total 3072K, used 288K [0x00000000d5580000, 0x00000000d5980000, 0x0000000100000000)
  eden space 2560K, 0% used [0x00000000d5580000,0x00000000d5580000,0x00000000d5800000)
  from space 512K, 56% used [0x00000000d5900000,0x00000000d5948000,0x00000000d5980000)
  to   space 512K, 0% used [0x00000000d5880000,0x00000000d5880000,0x00000000d5900000)
 ParOldGen       total 513536K, used 513105K [0x0000000080000000, 0x000000009f580000, 0x00000000d5580000)
  object space 513536K, 99% used [0x0000000080000000,0x000000009f514450,0x000000009f580000)
 Metaspace       used 75304K, committed 76992K, reserved 1179648K
  class space    used 7865K, committed 8640K, reserved 1048576K
}
Event: 59.909 GC heap before
{Heap before GC invocations=1043 (full 4):
 PSYoungGen      total 3072K, used 2840K [0x00000000d5580000, 0x00000000d5980000, 0x0000000100000000)
  eden space 2560K, 99% used [0x00000000d5580000,0x00000000d57fe190,0x00000000d5800000)
  from space 512K, 56% used [0x00000000d5900000,0x00000000d5948000,0x00000000d5980000)
  to   space 512K, 0% used [0x00000000d5880000,0x00000000d5880000,0x00000000d5900000)
 ParOldGen       total 513536K, used 513105K [0x0000000080000000, 0x000000009f580000, 0x00000000d5580000)
  object space 513536K, 99% used [0x0000000080000000,0x000000009f514450,0x000000009f580000)
 Metaspace       used 75598K, committed 77248K, reserved 1179648K
  class space    used 7906K, committed 8640K, reserved 1048576K
}
Event: 59.910 GC heap after
{Heap after GC invocations=1043 (full 4):
 PSYoungGen      total 3072K, used 288K [0x00000000d5580000, 0x00000000d5980000, 0x0000000100000000)
  eden space 2560K, 0% used [0x00000000d5580000,0x00000000d5580000,0x00000000d5800000)
  from space 512K, 56% used [0x00000000d5880000,0x00000000d58c8000,0x00000000d5900000)
  to   space 512K, 0% used [0x00000000d5900000,0x00000000d5900000,0x00000000d5980000)
 ParOldGen       total 513536K, used 513185K [0x0000000080000000, 0x000000009f580000, 0x00000000d5580000)
  object space 513536K, 99% used [0x0000000080000000,0x000000009f528450,0x000000009f580000)
 Metaspace       used 75598K, committed 77248K, reserved 1179648K
  class space    used 7906K, committed 8640K, reserved 1048576K
}
Event: 59.956 GC heap before
{Heap before GC invocations=1044 (full 4):
 PSYoungGen      total 3072K, used 2848K [0x00000000d5580000, 0x00000000d5980000, 0x0000000100000000)
  eden space 2560K, 100% used [0x00000000d5580000,0x00000000d5800000,0x00000000d5800000)
  from space 512K, 56% used [0x00000000d5880000,0x00000000d58c8000,0x00000000d5900000)
  to   space 512K, 0% used [0x00000000d5900000,0x00000000d5900000,0x00000000d5980000)
 ParOldGen       total 513536K, used 513185K [0x0000000080000000, 0x000000009f580000, 0x00000000d5580000)
  object space 513536K, 99% used [0x0000000080000000,0x000000009f528450,0x000000009f580000)
 Metaspace       used 75897K, committed 77568K, reserved 1179648K
  class space    used 7946K, committed 8704K, reserved 1048576K
}
Event: 59.957 GC heap after
{Heap after GC invocations=1044 (full 4):
 PSYoungGen      total 3072K, used 288K [0x00000000d5580000, 0x00000000d5980000, 0x0000000100000000)
  eden space 2560K, 0% used [0x00000000d5580000,0x00000000d5580000,0x00000000d5800000)
  from space 512K, 56% used [0x00000000d5900000,0x00000000d5948000,0x00000000d5980000)
  to   space 512K, 0% used [0x00000000d5880000,0x00000000d5880000,0x00000000d5900000)
 ParOldGen       total 513536K, used 513257K [0x0000000080000000, 0x000000009f580000, 0x00000000d5580000)
  object space 513536K, 99% used [0x0000000080000000,0x000000009f53a450,0x000000009f580000)
 Metaspace       used 75897K, committed 77568K, reserved 1179648K
  class space    used 7946K, committed 8704K, reserved 1048576K
}
Event: 106.620 GC heap before
{Heap before GC invocations=1045 (full 4):
 PSYoungGen      total 3072K, used 2848K [0x00000000d5580000, 0x00000000d5980000, 0x0000000100000000)
  eden space 2560K, 100% used [0x00000000d5580000,0x00000000d5800000,0x00000000d5800000)
  from space 512K, 56% used [0x00000000d5900000,0x00000000d5948000,0x00000000d5980000)
  to   space 512K, 0% used [0x00000000d5880000,0x00000000d5880000,0x00000000d5900000)
 ParOldGen       total 513536K, used 513257K [0x0000000080000000, 0x000000009f580000, 0x00000000d5580000)
  object space 513536K, 99% used [0x0000000080000000,0x000000009f53a450,0x000000009f580000)
 Metaspace       used 76167K, committed 77888K, reserved 1179648K
  class space    used 7983K, committed 8768K, reserved 1048576K
}
Event: 106.626 GC heap after
{Heap after GC invocations=1045 (full 4):
 PSYoungGen      total 3072K, used 224K [0x00000000d5580000, 0x00000000d5980000, 0x0000000100000000)
  eden space 2560K, 0% used [0x00000000d5580000,0x00000000d5580000,0x00000000d5800000)
  from space 512K, 43% used [0x00000000d5880000,0x00000000d58b8000,0x00000000d5900000)
  to   space 512K, 0% used [0x00000000d5900000,0x00000000d5900000,0x00000000d5980000)
 ParOldGen       total 513536K, used 513425K [0x0000000080000000, 0x000000009f580000, 0x00000000d5580000)
  object space 513536K, 99% used [0x0000000080000000,0x000000009f564460,0x000000009f580000)
 Metaspace       used 76167K, committed 77888K, reserved 1179648K
  class space    used 7983K, committed 8768K, reserved 1048576K
}
Event: 138.714 GC heap before
{Heap before GC invocations=1046 (full 4):
 PSYoungGen      total 3072K, used 2783K [0x00000000d5580000, 0x00000000d5980000, 0x0000000100000000)
  eden space 2560K, 99% used [0x00000000d5580000,0x00000000d57ffff0,0x00000000d5800000)
  from space 512K, 43% used [0x00000000d5880000,0x00000000d58b8000,0x00000000d5900000)
  to   space 512K, 0% used [0x00000000d5900000,0x00000000d5900000,0x00000000d5980000)
 ParOldGen       total 513536K, used 513425K [0x0000000080000000, 0x000000009f580000, 0x00000000d5580000)
  object space 513536K, 99% used [0x0000000080000000,0x000000009f564460,0x000000009f580000)
 Metaspace       used 76181K, committed 77888K, reserved 1179648K
  class space    used 7983K, committed 8768K, reserved 1048576K
}
Event: 138.716 GC heap after
{Heap after GC invocations=1046 (full 4):
 PSYoungGen      total 3072K, used 256K [0x00000000d5580000, 0x00000000d5980000, 0x0000000100000000)
  eden space 2560K, 0% used [0x00000000d5580000,0x00000000d5580000,0x00000000d5800000)
  from space 512K, 50% used [0x00000000d5900000,0x00000000d5940000,0x00000000d5980000)
  to   space 512K, 0% used [0x00000000d5880000,0x00000000d5880000,0x00000000d5900000)
 ParOldGen       total 513536K, used 513529K [0x0000000080000000, 0x000000009f580000, 0x00000000d5580000)
  object space 513536K, 99% used [0x0000000080000000,0x000000009f57e460,0x000000009f580000)
 Metaspace       used 76181K, committed 77888K, reserved 1179648K
  class space    used 7983K, committed 8768K, reserved 1048576K
}

Dll operation events (11 events):
Event: 0.008 Loaded shared library c:\Users\IBYTE\.vscode\extensions\redhat.java-1.39.0-win32-x64\jre\21.0.5-win32-x86_64\bin\java.dll
Event: 0.049 Loaded shared library c:\Users\IBYTE\.vscode\extensions\redhat.java-1.39.0-win32-x64\jre\21.0.5-win32-x86_64\bin\zip.dll
Event: 0.063 Loaded shared library C:\Users\IBYTE\.vscode\extensions\redhat.java-1.39.0-win32-x64\jre\21.0.5-win32-x86_64\bin\instrument.dll
Event: 0.066 Loaded shared library C:\Users\IBYTE\.vscode\extensions\redhat.java-1.39.0-win32-x64\jre\21.0.5-win32-x86_64\bin\net.dll
Event: 0.067 Loaded shared library C:\Users\IBYTE\.vscode\extensions\redhat.java-1.39.0-win32-x64\jre\21.0.5-win32-x86_64\bin\nio.dll
Event: 0.069 Loaded shared library C:\Users\IBYTE\.vscode\extensions\redhat.java-1.39.0-win32-x64\jre\21.0.5-win32-x86_64\bin\zip.dll
Event: 0.081 Loaded shared library C:\Users\IBYTE\.vscode\extensions\redhat.java-1.39.0-win32-x64\jre\21.0.5-win32-x86_64\bin\jimage.dll
Event: 0.129 Loaded shared library c:\Users\IBYTE\.vscode\extensions\redhat.java-1.39.0-win32-x64\jre\21.0.5-win32-x86_64\bin\verify.dll
Event: 0.783 Loaded shared library C:\Users\IBYTE\AppData\Roaming\Code\User\globalStorage\redhat.java\1.39.0\config_win\org.eclipse.equinox.launcher\org.eclipse.equinox.launcher.win32.win32.x86_64_1.2.1100.v20240722-2106\eclipse_11904.dll
Event: 2.134 Loaded shared library C:\Users\IBYTE\AppData\Local\Temp\jna-69471441\jna8436307671010991805.dll
Event: 59.704 Loaded shared library C:\Users\IBYTE\.vscode\extensions\redhat.java-1.39.0-win32-x64\jre\21.0.5-win32-x86_64\bin\extnet.dll

Deoptimization events (20 events):
Event: 60.040 Thread 0x000001aa67a9bc80 Uncommon trap: trap_request=0xffffff45 fr.pc=0x000001aa0839e3ac relative=0x000000000000142c
Event: 60.040 Thread 0x000001aa67a9bc80 Uncommon trap: reason=unstable_if action=reinterpret pc=0x000001aa0839e3ac method=java.util.regex.Pattern.atom()Ljava/util/regex/Pattern$Node; @ 14 c2
Event: 60.040 Thread 0x000001aa67a9bc80 DEOPT PACKING pc=0x000001aa0839e3ac sp=0x0000006eddefe2c0
Event: 60.040 Thread 0x000001aa67a9bc80 DEOPT UNPACKING pc=0x000001aa07583aa2 sp=0x0000006eddefe298 mode 2
Event: 101.841 Thread 0x000001aa5dc72c60 DEOPT PACKING pc=0x000001aa00ba431c sp=0x0000006edaaff3e0
Event: 101.841 Thread 0x000001aa5dc72c60 DEOPT UNPACKING pc=0x000001aa07584242 sp=0x0000006edaafe958 mode 0
Event: 106.619 Thread 0x000001aa5c71be30 DEOPT PACKING pc=0x000001aa00ba431c sp=0x0000006edd0ff370
Event: 106.619 Thread 0x000001aa5c71be30 DEOPT UNPACKING pc=0x000001aa07584242 sp=0x0000006edd0fe8e8 mode 0
Event: 106.666 Thread 0x000001aa5c719d60 DEOPT PACKING pc=0x000001aa00ba431c sp=0x0000006ed81ff280
Event: 106.666 Thread 0x000001aa5c719d60 DEOPT UNPACKING pc=0x000001aa07584242 sp=0x0000006ed81fe7f8 mode 0
Event: 111.578 Thread 0x000001aa5b6bc890 DEOPT PACKING pc=0x000001aa00ba431c sp=0x0000006ed96ff260
Event: 111.578 Thread 0x000001aa5b6bc890 DEOPT UNPACKING pc=0x000001aa07584242 sp=0x0000006ed96fe7d8 mode 0
Event: 111.626 Thread 0x000001aa5b6bc200 DEOPT PACKING pc=0x000001aa00ba431c sp=0x0000006ed99ff4f0
Event: 111.626 Thread 0x000001aa5b6bc200 DEOPT UNPACKING pc=0x000001aa07584242 sp=0x0000006ed99fea68 mode 0
Event: 119.725 Thread 0x000001aa5b6ba130 DEOPT PACKING pc=0x000001aa00ba431c sp=0x0000006ed95fefa0
Event: 119.725 Thread 0x000001aa5b6bb4e0 DEOPT PACKING pc=0x000001aa00ba431c sp=0x0000006ed97ff490
Event: 119.726 Thread 0x000001aa5b6ba130 DEOPT UNPACKING pc=0x000001aa07584242 sp=0x0000006ed95fe518 mode 0
Event: 119.726 Thread 0x000001aa5b6bb4e0 DEOPT UNPACKING pc=0x000001aa07584242 sp=0x0000006ed97fea08 mode 0
Event: 138.639 Thread 0x000001aa5d2f3140 DEOPT PACKING pc=0x000001aa017f3345 sp=0x0000006edc1fe460
Event: 138.639 Thread 0x000001aa5d2f3140 DEOPT UNPACKING pc=0x000001aa07584242 sp=0x0000006edc1fd940 mode 0

Classes loaded (20 events):
Event: 60.038 Loading class java/util/stream/Sink$ChainedInt done
Event: 60.038 Loading class java/util/stream/IntPipeline$1$1 done
Event: 60.040 Loading class java/lang/ProcessBuilder
Event: 60.041 Loading class java/lang/ProcessBuilder done
Event: 60.041 Loading class java/lang/ProcessImpl
Event: 60.041 Loading class java/lang/ProcessImpl done
Event: 60.045 Loading class java/lang/ProcessImpl$2
Event: 60.045 Loading class java/lang/ProcessImpl$2 done
Event: 60.045 Loading class java/lang/Process$PipeInputStream
Event: 60.045 Loading class java/lang/Process$PipeInputStream done
Event: 60.049 Loading class jdk/internal/event/ProcessStartEvent
Event: 60.049 Loading class jdk/internal/event/ProcessStartEvent done
Event: 60.247 Loading class java/lang/ProcessHandleImpl$ExitCompletion
Event: 60.247 Loading class java/lang/ProcessHandleImpl$ExitCompletion done
Event: 60.248 Loading class java/lang/ProcessHandleImpl$1
Event: 60.248 Loading class java/lang/ProcessHandleImpl$1 done
Event: 60.248 Loading class java/util/concurrent/CompletableFuture$UniHandle
Event: 60.248 Loading class java/util/concurrent/CompletableFuture$UniHandle done
Event: 60.829 Loading class java/util/concurrent/ScheduledThreadPoolExecutor$DelayedWorkQueue$Itr
Event: 60.829 Loading class java/util/concurrent/ScheduledThreadPoolExecutor$DelayedWorkQueue$Itr done

Classes unloaded (10 events):
Event: 2.537 Thread 0x000001aa7c2dec10 Unloading class 0x000001aa14199400 'java/lang/invoke/LambdaForm$MH+0x000001aa14199400'
Event: 2.537 Thread 0x000001aa7c2dec10 Unloading class 0x000001aa14199000 'java/lang/invoke/LambdaForm$MH+0x000001aa14199000'
Event: 2.537 Thread 0x000001aa7c2dec10 Unloading class 0x000001aa14198c00 'java/lang/invoke/LambdaForm$MH+0x000001aa14198c00'
Event: 2.537 Thread 0x000001aa7c2dec10 Unloading class 0x000001aa14198800 'java/lang/invoke/LambdaForm$MH+0x000001aa14198800'
Event: 2.537 Thread 0x000001aa7c2dec10 Unloading class 0x000001aa14198400 'java/lang/invoke/LambdaForm$BMH+0x000001aa14198400'
Event: 2.537 Thread 0x000001aa7c2dec10 Unloading class 0x000001aa14198000 'java/lang/invoke/LambdaForm$DMH+0x000001aa14198000'
Event: 2.537 Thread 0x000001aa7c2dec10 Unloading class 0x000001aa14196c00 'java/lang/invoke/LambdaForm$DMH+0x000001aa14196c00'
Event: 6.204 Thread 0x000001aa7c2dec10 Unloading class 0x000001aa1465d000 'java/lang/invoke/LambdaForm$DMH+0x000001aa1465d000'
Event: 6.204 Thread 0x000001aa7c2dec10 Unloading class 0x000001aa1465c400 'java/lang/invoke/LambdaForm$DMH+0x000001aa1465c400'
Event: 6.204 Thread 0x000001aa7c2dec10 Unloading class 0x000001aa1465cc00 'java/lang/invoke/LambdaForm$DMH+0x000001aa1465cc00'

Classes redefined (0 events):
No events

Internal exceptions (20 events):
Event: 59.576 Thread 0x000001aa5c71b7a0 Exception <a 'sun/nio/fs/WindowsException'{0x00000000d576dd68}> (0x00000000d576dd68) 
thrown [s\src\hotspot\share\prims\jni.cpp, line 520]
Event: 59.576 Thread 0x000001aa5c71b7a0 Exception <a 'sun/nio/fs/WindowsException'{0x00000000d576eab8}> (0x00000000d576eab8) 
thrown [s\src\hotspot\share\prims\jni.cpp, line 520]
Event: 59.576 Thread 0x000001aa5c71b7a0 Exception <a 'sun/nio/fs/WindowsException'{0x00000000d576f398}> (0x00000000d576f398) 
thrown [s\src\hotspot\share\prims\jni.cpp, line 520]
Event: 59.577 Thread 0x000001aa5c71b7a0 Exception <a 'sun/nio/fs/WindowsException'{0x00000000d5770b18}> (0x00000000d5770b18) 
thrown [s\src\hotspot\share\prims\jni.cpp, line 520]
Event: 59.577 Thread 0x000001aa5c71b7a0 Exception <a 'sun/nio/fs/WindowsException'{0x00000000d5771148}> (0x00000000d5771148) 
thrown [s\src\hotspot\share\prims\jni.cpp, line 520]
Event: 59.579 Thread 0x000001aa5c71b7a0 Exception <a 'sun/nio/fs/WindowsException'{0x00000000d5794b80}> (0x00000000d5794b80) 
thrown [s\src\hotspot\share\prims\jni.cpp, line 520]
Event: 59.579 Thread 0x000001aa5c71b7a0 Exception <a 'sun/nio/fs/WindowsException'{0x00000000d5795460}> (0x00000000d5795460) 
thrown [s\src\hotspot\share\prims\jni.cpp, line 520]
Event: 59.731 Thread 0x000001aa5c717600 Exception <a 'java/io/FileNotFoundException'{0x00000000d563db28}> (0x00000000d563db28) 
thrown [s\src\hotspot\share\prims\jni.cpp, line 520]
Event: 59.878 Thread 0x000001aa5c717600 Exception <a 'java/lang/NoSuchMethodError'{0x00000000d57d1ea8}: 'java.lang.Object java.lang.invoke.DirectMethodHandle$Holder.invokeVirtual(java.lang.Object, java.lang.Object, java.lang.Object, java.lang.Object)'> (0x00000000d57d1ea8) 
thrown [s\src\hotspot\share\interpreter\linkResolver.cpp, line 773]
Event: 59.927 Thread 0x000001aa67a9b5f0 Exception <a 'java/lang/NoSuchMethodError'{0x00000000d56c61c0}: 'java.lang.Object java.lang.invoke.DirectMethodHandle$Holder.invokeStatic(java.lang.Object, long, java.lang.Object, java.lang.Object)'> (0x00000000d56c61c0) 
thrown [s\src\hotspot\share\interpreter\linkResolver.cpp, line 773]
Event: 59.942 Thread 0x000001aa67a9b5f0 Exception <a 'sun/nio/fs/WindowsException'{0x00000000d577d430}> (0x00000000d577d430) 
thrown [s\src\hotspot\share\prims\jni.cpp, line 520]
Event: 59.942 Thread 0x000001aa67a9b5f0 Exception <a 'sun/nio/fs/WindowsException'{0x00000000d577e4b8}> (0x00000000d577e4b8) 
thrown [s\src\hotspot\share\prims\jni.cpp, line 520]
Event: 59.959 Thread 0x000001aa67a9b5f0 Exception <a 'java/lang/NoSuchMethodError'{0x00000000d5594010}: 'void java.lang.invoke.DirectMethodHandle$Holder.invokeStatic(java.lang.Object, java.lang.Object, java.lang.Object, java.lang.Object, java.lang.Object, java.lang.Object, java.lang.Object)'> (0x00000000d5594010) 
thrown [s\src\hotspot\share\interpreter\linkResolver.cpp, line 773]
Event: 60.007 Thread 0x000001aa67a9bc80 Exception <a 'java/lang/NoSuchMethodError'{0x00000000d55d44d0}: 'long java.lang.invoke.DelegatingMethodHandle$Holder.reinvoke_L(java.lang.Object, java.lang.Object)'> (0x00000000d55d44d0) 
thrown [s\src\hotspot\share\interpreter\linkResolver.cpp, line 773]
Event: 60.007 Thread 0x000001aa67a9bc80 Exception <a 'java/lang/NoSuchMethodError'{0x00000000d55de6b0}: 'void java.lang.invoke.DelegatingMethodHandle$Holder.reinvoke_L(java.lang.Object, java.lang.Object, long)'> (0x00000000d55de6b0) 
thrown [s\src\hotspot\share\interpreter\linkResolver.cpp, line 773]
Event: 60.040 Thread 0x000001aa67a9bc80 Exception <a 'sun/nio/fs/WindowsException'{0x00000000d568a9e0}> (0x00000000d568a9e0) 
thrown [s\src\hotspot\share\prims\jni.cpp, line 520]
Event: 60.045 Thread 0x000001aa67a9bc80 Exception <a 'java/lang/NoSuchMethodError'{0x00000000d5698558}: 'void java.lang.invoke.DirectMethodHandle$Holder.invokeStatic(java.lang.Object, long)'> (0x00000000d5698558) 
thrown [s\src\hotspot\share\interpreter\linkResolver.cpp, line 773]
Event: 60.128 Thread 0x000001aa67a9bc80 Exception <a 'sun/nio/fs/WindowsException'{0x00000000d56bb108}> (0x00000000d56bb108) 
thrown [s\src\hotspot\share\prims\jni.cpp, line 520]
Event: 60.204 Thread 0x000001aa67a9bc80 Exception <a 'sun/nio/fs/WindowsException'{0x00000000d56c9ec8}> (0x00000000d56c9ec8) 
thrown [s\src\hotspot\share\prims\jni.cpp, line 520]
Event: 60.249 Thread 0x000001aa67a9bc80 Exception <a 'java/lang/NoSuchMethodError'{0x00000000d5728d50}: 'long java.lang.invoke.Invokers$Holder.invokeExact_MT(java.lang.Object, java.lang.Object, java.lang.Object)'> (0x00000000d5728d50) 
thrown [s\src\hotspot\share\interpreter\linkResolver.cpp, line 773]

ZGC Phase Switch (0 events):
No events

VM Operations (20 events):
Event: 68.245 Executing VM operation: Cleanup
Event: 68.245 Executing VM operation: Cleanup done
Event: 80.365 Executing VM operation: Cleanup
Event: 80.365 Executing VM operation: Cleanup done
Event: 89.470 Executing VM operation: Cleanup
Event: 89.470 Executing VM operation: Cleanup done
Event: 106.620 Executing VM operation: ParallelGCFailedAllocation (Allocation Failure)
Event: 106.626 Executing VM operation: ParallelGCFailedAllocation (Allocation Failure) done
Event: 107.634 Executing VM operation: Cleanup
Event: 107.634 Executing VM operation: Cleanup done
Event: 109.655 Executing VM operation: Cleanup
Event: 109.655 Executing VM operation: Cleanup done
Event: 113.690 Executing VM operation: Cleanup
Event: 113.690 Executing VM operation: Cleanup done
Event: 120.253 Executing VM operation: HandshakeAllThreads (HandshakeForDeflation)
Event: 120.253 Executing VM operation: HandshakeAllThreads (HandshakeForDeflation) done
Event: 120.253 Executing VM operation: RendezvousGCThreads
Event: 120.253 Executing VM operation: RendezvousGCThreads done
Event: 138.714 Executing VM operation: ParallelGCFailedAllocation (Allocation Failure)
Event: 138.716 Executing VM operation: ParallelGCFailedAllocation (Allocation Failure) done

Memory protections (0 events):
No events

Nmethod flushes (20 events):
Event: 15.004 Thread 0x000001aa7c2dec10 flushing  nmethod 0x000001aa01158d90
Event: 15.004 Thread 0x000001aa7c2dec10 flushing  nmethod 0x000001aa0115c410
Event: 15.004 Thread 0x000001aa7c2dec10 flushing  nmethod 0x000001aa01161810
Event: 15.004 Thread 0x000001aa7c2dec10 flushing  nmethod 0x000001aa01167490
Event: 15.004 Thread 0x000001aa7c2dec10 flushing  nmethod 0x000001aa01191290
Event: 15.004 Thread 0x000001aa7c2dec10 flushing  nmethod 0x000001aa01198c10
Event: 15.004 Thread 0x000001aa7c2dec10 flushing  nmethod 0x000001aa01199f10
Event: 15.004 Thread 0x000001aa7c2dec10 flushing  nmethod 0x000001aa011f0910
Event: 15.004 Thread 0x000001aa7c2dec10 flushing  nmethod 0x000001aa011f1110
Event: 15.004 Thread 0x000001aa7c2dec10 flushing  nmethod 0x000001aa011f2010
Event: 15.004 Thread 0x000001aa7c2dec10 flushing  nmethod 0x000001aa011f4390
Event: 15.004 Thread 0x000001aa7c2dec10 flushing  nmethod 0x000001aa01229310
Event: 15.004 Thread 0x000001aa7c2dec10 flushing  nmethod 0x000001aa0122ed10
Event: 15.004 Thread 0x000001aa7c2dec10 flushing  nmethod 0x000001aa0122fb10
Event: 15.004 Thread 0x000001aa7c2dec10 flushing  nmethod 0x000001aa01230290
Event: 15.004 Thread 0x000001aa7c2dec10 flushing  nmethod 0x000001aa01231e10
Event: 15.004 Thread 0x000001aa7c2dec10 flushing  nmethod 0x000001aa01232410
Event: 15.004 Thread 0x000001aa7c2dec10 flushing  nmethod 0x000001aa01233510
Event: 15.004 Thread 0x000001aa7c2dec10 flushing  nmethod 0x000001aa01240d90
Event: 15.004 Thread 0x000001aa7c2dec10 flushing  nmethod 0x000001aa01241110

Events (20 events):
Event: 59.957 Thread 0x000001aa67a9b5f0 Thread added: 0x000001aa67a9a240
Event: 60.005 Thread 0x000001aa5c717600 Thread added: 0x000001aa67a9bc80
Event: 60.005 Thread 0x000001aa67a9a240 Thread exited: 0x000001aa67a9a240
Event: 60.154 Thread 0x000001aa5d2da6a0 Thread exited: 0x000001aa5d2da6a0
Event: 60.248 Thread 0x000001aa67a9bc80 Thread added: 0x000001aa67a9c310
Event: 60.250 Thread 0x000001aa5a022740 Thread added: 0x000001aa5d2d8b60
Event: 60.250 Thread 0x000001aa67a9bc80 Thread exited: 0x000001aa67a9bc80
Event: 65.029 Thread 0x000001aa5dc70500 Thread exited: 0x000001aa5dc70500
Event: 65.274 Thread 0x000001aa5d2d8b60 Thread exited: 0x000001aa5d2d8b60
Event: 71.135 Thread 0x000001aa5c716250 Thread exited: 0x000001aa5c716250
Event: 73.009 Thread 0x000001aa5d2f44f0 Thread exited: 0x000001aa5d2f44f0
Event: 101.842 Thread 0x000001aa5dc72c60 Thread exited: 0x000001aa5dc72c60
Event: 106.626 Thread 0x000001aa5c716f70 Thread exited: 0x000001aa5c716f70
Event: 106.626 Thread 0x000001aa5c71be30 Thread exited: 0x000001aa5c71be30
Event: 106.666 Thread 0x000001aa5c719d60 Thread exited: 0x000001aa5c719d60
Event: 111.579 Thread 0x000001aa5c719040 Thread exited: 0x000001aa5c719040
Event: 111.579 Thread 0x000001aa5b6bc890 Thread exited: 0x000001aa5b6bc890
Event: 111.626 Thread 0x000001aa5b6bc200 Thread exited: 0x000001aa5b6bc200
Event: 125.041 Thread 0x000001aa5dc6f150 Thread exited: 0x000001aa5dc6f150
Event: 127.671 Thread 0x000001aa5c71b7a0 Thread exited: 0x000001aa5c71b7a0


Dynamic libraries:
0x00007ff7e1f60000 - 0x00007ff7e1f6e000 	c:\Users\IBYTE\.vscode\extensions\redhat.java-1.39.0-win32-x64\jre\21.0.5-win32-x86_64\bin\java.exe
0x00007ffae9250000 - 0x00007ffae9467000 	C:\WINDOWS\SYSTEM32\ntdll.dll
0x00007ffae8740000 - 0x00007ffae8804000 	C:\WINDOWS\System32\KERNEL32.DLL
0x00007ffae68a0000 - 0x00007ffae6c70000 	C:\WINDOWS\System32\KERNELBASE.dll
0x00007ffae6780000 - 0x00007ffae6891000 	C:\WINDOWS\System32\ucrtbase.dll
0x00007ffad91b0000 - 0x00007ffad91c8000 	c:\Users\IBYTE\.vscode\extensions\redhat.java-1.39.0-win32-x64\jre\21.0.5-win32-x86_64\bin\jli.dll
0x00007ffadf420000 - 0x00007ffadf43e000 	c:\Users\IBYTE\.vscode\extensions\redhat.java-1.39.0-win32-x64\jre\21.0.5-win32-x86_64\bin\VCRUNTIME140.dll
0x00007ffae8820000 - 0x00007ffae89ce000 	C:\WINDOWS\System32\USER32.dll
0x00007ffae6f10000 - 0x00007ffae6f36000 	C:\WINDOWS\System32\win32u.dll
0x00007ffacf9d0000 - 0x00007ffacfc62000 	C:\WINDOWS\WinSxS\amd64_microsoft.windows.common-controls_6595b64144ccf1df_6.0.22621.4830_none_270fe7d773858e80\COMCTL32.dll
0x00007ffae90e0000 - 0x00007ffae9109000 	C:\WINDOWS\System32\GDI32.dll
0x00007ffae6500000 - 0x00007ffae661b000 	C:\WINDOWS\System32\gdi32full.dll
0x00007ffae66e0000 - 0x00007ffae677a000 	C:\WINDOWS\System32\msvcp_win.dll
0x00007ffae72f0000 - 0x00007ffae7397000 	C:\WINDOWS\System32\msvcrt.dll
0x00007ffae91d0000 - 0x00007ffae9201000 	C:\WINDOWS\System32\IMM32.DLL
0x00007ffada1f0000 - 0x00007ffada1fc000 	c:\Users\IBYTE\.vscode\extensions\redhat.java-1.39.0-win32-x64\jre\21.0.5-win32-x86_64\bin\vcruntime140_1.dll
0x00007ffaac140000 - 0x00007ffaac1cd000 	c:\Users\IBYTE\.vscode\extensions\redhat.java-1.39.0-win32-x64\jre\21.0.5-win32-x86_64\bin\msvcp140.dll
0x00007ffa93890000 - 0x00007ffa9461f000 	c:\Users\IBYTE\.vscode\extensions\redhat.java-1.39.0-win32-x64\jre\21.0.5-win32-x86_64\bin\server\jvm.dll
0x00007ffae9110000 - 0x00007ffae91c1000 	C:\WINDOWS\System32\ADVAPI32.dll
0x00007ffae6f40000 - 0x00007ffae6fe7000 	C:\WINDOWS\System32\sechost.dll
0x00007ffae6c70000 - 0x00007ffae6c98000 	C:\WINDOWS\System32\bcrypt.dll
0x00007ffae73a0000 - 0x00007ffae74b4000 	C:\WINDOWS\System32\RPCRT4.dll
0x00007ffae8b50000 - 0x00007ffae8bc1000 	C:\WINDOWS\System32\WS2_32.dll
0x00007ffae6320000 - 0x00007ffae636d000 	C:\WINDOWS\SYSTEM32\POWRPROF.dll
0x00007ffacbb30000 - 0x00007ffacbb3a000 	C:\WINDOWS\SYSTEM32\VERSION.dll
0x00007ffae1510000 - 0x00007ffae1544000 	C:\WINDOWS\SYSTEM32\WINMM.dll
0x00007ffae6200000 - 0x00007ffae6213000 	C:\WINDOWS\SYSTEM32\UMPDC.dll
0x00007ffae5540000 - 0x00007ffae5558000 	C:\WINDOWS\SYSTEM32\kernel.appcore.dll
0x00007ffad9d50000 - 0x00007ffad9d5a000 	c:\Users\IBYTE\.vscode\extensions\redhat.java-1.39.0-win32-x64\jre\21.0.5-win32-x86_64\bin\jimage.dll
0x00007ffae3d10000 - 0x00007ffae3f42000 	C:\WINDOWS\SYSTEM32\DBGHELP.DLL
0x00007ffae7a80000 - 0x00007ffae7e10000 	C:\WINDOWS\System32\combase.dll
0x00007ffae7890000 - 0x00007ffae7967000 	C:\WINDOWS\System32\OLEAUT32.dll
0x00007ffacc3b0000 - 0x00007ffacc3e2000 	C:\WINDOWS\SYSTEM32\dbgcore.DLL
0x00007ffae6e90000 - 0x00007ffae6f0b000 	C:\WINDOWS\System32\bcryptPrimitives.dll
0x00007ffad9b20000 - 0x00007ffad9b2f000 	c:\Users\IBYTE\.vscode\extensions\redhat.java-1.39.0-win32-x64\jre\21.0.5-win32-x86_64\bin\instrument.dll
0x00007ffad8fa0000 - 0x00007ffad8fbf000 	c:\Users\IBYTE\.vscode\extensions\redhat.java-1.39.0-win32-x64\jre\21.0.5-win32-x86_64\bin\java.dll
0x00007ffae7e10000 - 0x00007ffae8688000 	C:\WINDOWS\System32\SHELL32.dll
0x00007ffae4400000 - 0x00007ffae4d10000 	C:\WINDOWS\SYSTEM32\windows.storage.dll
0x00007ffae42c0000 - 0x00007ffae43ff000 	C:\WINDOWS\SYSTEM32\wintypes.dll
0x00007ffae8a40000 - 0x00007ffae8b4a000 	C:\WINDOWS\System32\SHCORE.dll
0x00007ffae7680000 - 0x00007ffae76de000 	C:\WINDOWS\System32\shlwapi.dll
0x00007ffae6430000 - 0x00007ffae645b000 	C:\WINDOWS\SYSTEM32\profapi.dll
0x00007ffad8830000 - 0x00007ffad8848000 	c:\Users\IBYTE\.vscode\extensions\redhat.java-1.39.0-win32-x64\jre\21.0.5-win32-x86_64\bin\zip.dll
0x00007ffad9ae0000 - 0x00007ffad9af0000 	C:\Users\IBYTE\.vscode\extensions\redhat.java-1.39.0-win32-x64\jre\21.0.5-win32-x86_64\bin\net.dll
0x00007ffae2c80000 - 0x00007ffae2dac000 	C:\WINDOWS\SYSTEM32\WINHTTP.dll
0x00007ffae59c0000 - 0x00007ffae5a29000 	C:\WINDOWS\system32\mswsock.dll
0x00007ffad8810000 - 0x00007ffad8826000 	C:\Users\IBYTE\.vscode\extensions\redhat.java-1.39.0-win32-x64\jre\21.0.5-win32-x86_64\bin\nio.dll
0x00007ffad92e0000 - 0x00007ffad92f0000 	c:\Users\IBYTE\.vscode\extensions\redhat.java-1.39.0-win32-x64\jre\21.0.5-win32-x86_64\bin\verify.dll
0x00007ffad0540000 - 0x00007ffad0585000 	C:\Users\IBYTE\AppData\Roaming\Code\User\globalStorage\redhat.java\1.39.0\config_win\org.eclipse.equinox.launcher\org.eclipse.equinox.launcher.win32.win32.x86_64_1.2.1100.v20240722-2106\eclipse_11904.dll
0x00007ffae76e0000 - 0x00007ffae7881000 	C:\WINDOWS\System32\ole32.dll
0x00007ffae5c10000 - 0x00007ffae5c2b000 	C:\WINDOWS\SYSTEM32\CRYPTSP.dll
0x00007ffae5480000 - 0x00007ffae54b5000 	C:\WINDOWS\system32\rsaenh.dll
0x00007ffae5ab0000 - 0x00007ffae5ad8000 	C:\WINDOWS\SYSTEM32\USERENV.dll
0x00007ffae5c30000 - 0x00007ffae5c3c000 	C:\WINDOWS\SYSTEM32\CRYPTBASE.dll
0x00007ffae4fb0000 - 0x00007ffae4fdd000 	C:\WINDOWS\SYSTEM32\IPHLPAPI.DLL
0x00007ffae8810000 - 0x00007ffae8819000 	C:\WINDOWS\System32\NSI.dll
0x00007ffac1e60000 - 0x00007ffac1ea9000 	C:\Users\IBYTE\AppData\Local\Temp\jna-69471441\jna8436307671010991805.dll
0x00007ffae7510000 - 0x00007ffae7518000 	C:\WINDOWS\System32\PSAPI.DLL
0x00007ffae1980000 - 0x00007ffae1999000 	C:\WINDOWS\SYSTEM32\dhcpcsvc6.DLL
0x00007ffae19e0000 - 0x00007ffae19ff000 	C:\WINDOWS\SYSTEM32\dhcpcsvc.DLL
0x00007ffad9cc0000 - 0x00007ffad9cc9000 	C:\Users\IBYTE\.vscode\extensions\redhat.java-1.39.0-win32-x64\jre\21.0.5-win32-x86_64\bin\extnet.dll

dbghelp: loaded successfully - version: 4.0.5 - missing functions: none
symbol engine: initialized successfully - sym options: 0x614 - pdb path: .;c:\Users\IBYTE\.vscode\extensions\redhat.java-1.39.0-win32-x64\jre\21.0.5-win32-x86_64\bin;C:\WINDOWS\SYSTEM32;C:\WINDOWS\WinSxS\amd64_microsoft.windows.common-controls_6595b64144ccf1df_6.0.22621.4830_none_270fe7d773858e80;c:\Users\IBYTE\.vscode\extensions\redhat.java-1.39.0-win32-x64\jre\21.0.5-win32-x86_64\bin\server;C:\Users\IBYTE\AppData\Roaming\Code\User\globalStorage\redhat.java\1.39.0\config_win\org.eclipse.equinox.launcher\org.eclipse.equinox.launcher.win32.win32.x86_64_1.2.1100.v20240722-2106;C:\Users\IBYTE\AppData\Local\Temp\jna-69471441

VM Arguments:
jvm_args: --add-modules=ALL-SYSTEM --add-opens=java.base/java.util=ALL-UNNAMED --add-opens=java.base/java.lang=ALL-UNNAMED --add-opens=java.base/sun.nio.fs=ALL-UNNAMED -Declipse.application=org.eclipse.jdt.ls.core.id1 -Dosgi.bundles.defaultStartLevel=4 -Declipse.product=org.eclipse.jdt.ls.core.product -Djava.import.generatesMetadataFilesAtProjectRoot=false -DDetectVMInstallationsJob.disabled=true -Dfile.encoding=utf8 -XX:+UseParallelGC -XX:GCTimeRatio=4 -XX:AdaptiveSizePolicyWeight=90 -Dsun.zip.disableMemoryMapping=true -Xmx2G -Xms100m -Xlog:disable -javaagent:c:\Users\IBYTE\.vscode\extensions\redhat.java-1.39.0-win32-x64\lombok\lombok-1.18.34.jar -XX:+HeapDumpOnOutOfMemoryError -XX:HeapDumpPath=c:\Users\IBYTE\AppData\Roaming\Code\User\workspaceStorage\59ce07a759c63856ad17a90456c615a0\redhat.java -Daether.dependencyCollector.impl=bf 
java_command: c:\Users\IBYTE\.vscode\extensions\redhat.java-1.39.0-win32-x64\server\plugins\org.eclipse.equinox.launcher_1.6.900.v20240613-2009.jar -configuration c:\Users\IBYTE\AppData\Roaming\Code\User\globalStorage\redhat.java\1.39.0\config_win -data c:\Users\IBYTE\AppData\Roaming\Code\User\workspaceStorage\59ce07a759c63856ad17a90456c615a0\redhat.java\jdt_ws --pipe=\\.\pipe\lsp-9651237c215dc9788b832e4623002f37-sock
java_class_path (initial): c:\Users\IBYTE\.vscode\extensions\redhat.java-1.39.0-win32-x64\server\plugins\org.eclipse.equinox.launcher_1.6.900.v20240613-2009.jar
Launcher Type: SUN_STANDARD

[Global flags]
    uintx AdaptiveSizePolicyWeight                 = 90                                        {product} {command line}
     intx CICompilerCount                          = 4                                         {product} {ergonomic}
    uintx GCTimeRatio                              = 4                                         {product} {command line}
     bool HeapDumpOnOutOfMemoryError               = true                                   {manageable} {command line}
    ccstr HeapDumpPath                             = c:\Users\IBYTE\AppData\Roaming\Code\User\workspaceStorage\59ce07a759c63856ad17a90456c615a0\redhat.java         {manageable} {command line}
   size_t InitialHeapSize                          = 104857600                                 {product} {command line}
   size_t MaxHeapSize                              = 2147483648                                {product} {command line}
   size_t MaxNewSize                               = 715653120                                 {product} {ergonomic}
   size_t MinHeapDeltaBytes                        = 524288                                    {product} {ergonomic}
   size_t MinHeapSize                              = 104857600                                 {product} {command line}
   size_t NewSize                                  = 34603008                                  {product} {ergonomic}
    uintx NonNMethodCodeHeapSize                   = 5839372                                {pd product} {ergonomic}
    uintx NonProfiledCodeHeapSize                  = 122909434                              {pd product} {ergonomic}
   size_t OldSize                                  = 70254592                                  {product} {ergonomic}
    uintx ProfiledCodeHeapSize                     = 122909434                              {pd product} {ergonomic}
    uintx ReservedCodeCacheSize                    = 251658240                              {pd product} {ergonomic}
     bool SegmentedCodeCache                       = true                                      {product} {ergonomic}
   size_t SoftMaxHeapSize                          = 2147483648                             {manageable} {ergonomic}
     bool UseCompressedOops                        = true                           {product lp64_product} {ergonomic}
     bool UseLargePagesIndividualAllocation        = false                                  {pd product} {ergonomic}
     bool UseParallelGC                            = true                                      {product} {command line}

Logging:
Log output configuration:
 #0: stdout all=off uptime,level,tags foldmultilines=false
 #1: stderr all=off uptime,level,tags foldmultilines=false

Environment Variables:
JAVA_HOME=C:\Program Files\Java\jdk-17\
PATH=C:\Windows\System32;C:\Program Files\Microsoft SQL Server\150\Tools\Binn\;C:\Program Files\Microsoft SQL Server\Client SDK\ODBC\170\Tools\Binn\;C:\Program Files\dotnet\;C:\Windows\System32\WindowsPowerShell\v1.0\;C:\Users\IBYTE\scripts;C:\Users\IBYTE\apache-maven-3.9.9-bin\bin;C:\Program Files\Java\apache-maven-3.9.7\bin;;C:\Program Files\Docker\Docker\resources\bin;C:\Program Files\MySQL\MySQL Shell 8.0\bin\;C:\Users\IBYTE\AppData\Local\Programs\Python\Python312\Scripts\;C:\Users\IBYTE\AppData\Local\Programs\Python\Python312\;C:\Users\IBYTE\AppData\Local\Programs\Python\Launcher\;C:\Users\IBYTE\AppData\Local\Microsoft\WindowsApps;C:\Users\IBYTE\AppData\Local\GitHubDesktop\bin;C:\Program Files\nodejs;C:\Users\IBYTE\AppData\Roaming\npm;C:\Users\IBYTE\.dotnet\tools;C:\Users\IBYTE\AppData\Local\Programs\Microsoft VS Code\bin;C:\cmder\bin;C:\Program Files\PostgreSQL\15\bin;C:\Program Files\MySQL\MySQL Server 8.0\bin;C:\Users\IBYTE\.dotnet\tools;C:\Program Files\Java\jdk-17\\bin
USERNAME=IBYTE
OS=Windows_NT
PROCESSOR_IDENTIFIER=Intel64 Family 6 Model 154 Stepping 3, GenuineIntel
TMP=C:\Users\IBYTE\AppData\Local\Temp
TEMP=C:\Users\IBYTE\AppData\Local\Temp




Periodic native trim disabled

---------------  S Y S T E M  ---------------

OS:
 Windows 11 , 64 bit Build 22621 (10.0.22621.4830)
OS uptime: 0 days 1:28 hours
Hyper-V role detected

CPU: total 12 (initial active 12) (6 cores per cpu, 2 threads per core) family 6 model 154 stepping 3 microcode 0x423, cx8, cmov, fxsr, ht, mmx, 3dnowpref, sse, sse2, sse3, ssse3, sse4.1, sse4.2, popcnt, lzcnt, tsc, tscinvbit, avx, avx2, aes, erms, clmul, bmi1, bmi2, adx, sha, fma, vzeroupper, clflush, clflushopt, clwb, hv, serialize, rdtscp, rdpid, fsrm, f16c, cet_ibt, cet_ss
Processor Information for processor 0
  Max Mhz: 2000, Current Mhz: 2000, Mhz Limit: 2000
Processor Information for processor 1
  Max Mhz: 2000, Current Mhz: 1520, Mhz Limit: 2000
Processor Information for processor 2
  Max Mhz: 2000, Current Mhz: 2000, Mhz Limit: 2000
Processor Information for processor 3
  Max Mhz: 2000, Current Mhz: 2000, Mhz Limit: 2000
Processor Information for processor 4
  Max Mhz: 2000, Current Mhz: 2000, Mhz Limit: 2000
Processor Information for processor 5
  Max Mhz: 2000, Current Mhz: 2000, Mhz Limit: 2000
Processor Information for processor 6
  Max Mhz: 2000, Current Mhz: 2000, Mhz Limit: 2000
Processor Information for processor 7
  Max Mhz: 2000, Current Mhz: 2000, Mhz Limit: 2000
Processor Information for processor 8
  Max Mhz: 2000, Current Mhz: 1500, Mhz Limit: 1500
Processor Information for processor 9
  Max Mhz: 2000, Current Mhz: 1500, Mhz Limit: 1500
Processor Information for processor 10
  Max Mhz: 2000, Current Mhz: 1500, Mhz Limit: 1500
Processor Information for processor 11
  Max Mhz: 2000, Current Mhz: 1500, Mhz Limit: 1500

Memory: 4k page, system-wide physical 7896M (406M free)
TotalPageFile size 17590M (AvailPageFile size 4M)
current process WorkingSet (physical memory assigned to process): 441M, peak: 790M
current process commit charge ("private bytes"): 823M, peak: 1725M

vm_info: OpenJDK 64-Bit Server VM (21.0.5+11-LTS) for windows-amd64 JRE (21.0.5+11-LTS), built on 2024-10-15T00:00:00Z by "admin" with MS VC++ 17.7 (VS2022)

END.
