#
# There is insufficient memory for the Java Runtime Environment to continue.
# Native memory allocation (malloc) failed to allocate 2144176 bytes. Error detail: Chunk::new
# Possible reasons:
#   The system is out of physical RAM or swap space
#   This process is running with CompressedOops enabled, and the Java Heap may be blocking the growth of the native heap
# Possible solutions:
#   Reduce memory load on the system
#   Increase physical memory or swap space
#   Check if swap backing store is full
#   Decrease Java heap size (-Xmx/-Xms)
#   Decrease number of Java threads
#   Decrease Java thread stack sizes (-Xss)
#   Set larger code cache with -XX:ReservedCodeCacheSize=
#   JVM is running with Unscaled Compressed Oops mode in which the Java heap is
#     placed in the first 4GB address space. The Java Heap base address is the
#     maximum limit for the native heap growth. Please use -XX:HeapBaseMinAddress
#     to set the Java Heap base and to place the Java Heap above 4GB virtual address.
# This output file may be truncated or incomplete.
#
#  Out of Memory Error (arena.cpp:168), pid=21540, tid=21228
#
# JRE version: OpenJDK Runtime Environment Temurin-21.0.5+11 (21.0.5+11) (build 21.0.5+11-LTS)
# Java VM: OpenJDK 64-Bit Server VM Temurin-21.0.5+11 (21.0.5+11-LTS, mixed mode, sharing, tiered, compressed oops, compressed class ptrs, parallel gc, windows-amd64)
# No core dump will be written. Minidumps are not enabled by default on client versions of Windows
#

---------------  S U M M A R Y ------------

Command Line: --add-modules=ALL-SYSTEM --add-opens=java.base/java.util=ALL-UNNAMED --add-opens=java.base/java.lang=ALL-UNNAMED --add-opens=java.base/sun.nio.fs=ALL-UNNAMED -Declipse.application=org.eclipse.jdt.ls.core.id1 -Dosgi.bundles.defaultStartLevel=4 -Declipse.product=org.eclipse.jdt.ls.core.product -Djava.import.generatesMetadataFilesAtProjectRoot=false -DDetectVMInstallationsJob.disabled=true -Dfile.encoding=utf8 -XX:+UseParallelGC -XX:GCTimeRatio=4 -XX:AdaptiveSizePolicyWeight=90 -Dsun.zip.disableMemoryMapping=true -Xmx2G -Xms100m -Xlog:disable -javaagent:c:\Users\IBYTE\.vscode\extensions\redhat.java-1.39.0-win32-x64\lombok\lombok-1.18.34.jar -XX:+HeapDumpOnOutOfMemoryError -XX:HeapDumpPath=c:\Users\IBYTE\AppData\Roaming\Code\User\workspaceStorage\59ce07a759c63856ad17a90456c615a0\redhat.java -Daether.dependencyCollector.impl=bf c:\Users\IBYTE\.vscode\extensions\redhat.java-1.39.0-win32-x64\server\plugins\org.eclipse.equinox.launcher_1.6.900.v20240613-2009.jar -configuration c:\Users\IBYTE\AppData\Roaming\Code\User\globalStorage\redhat.java\1.39.0\config_win -data c:\Users\IBYTE\AppData\Roaming\Code\User\workspaceStorage\59ce07a759c63856ad17a90456c615a0\redhat.java\jdt_ws --pipe=\\.\pipe\lsp-5bdea28ac32a25f42b96ff1c89300712-sock

Host: 12th Gen Intel(R) Core(TM) i5-12450H, 12 cores, 7G,  Windows 11 , 64 bit Build 22621 (10.0.22621.4830)
Time: Sat Feb  8 12:28:49 2025 Hora oficial do Brasil elapsed time: 243.511410 seconds (0d 0h 4m 3s)

---------------  T H R E A D  ---------------

Current thread (0x000001bc0ca017c0):  JavaThread "C2 CompilerThread0" daemon [_thread_in_native, id=21228, stack(0x00000050baa00000,0x00000050bab00000) (1024K)]


Current CompileTask:
C2:243511 19153 % !   4       org.eclipse.jdt.internal.core.ClassFileInfo::generateMethodInfos @ 331 (750 bytes)

Stack: [0x00000050baa00000,0x00000050bab00000]
Native frames: (J=compiled Java code, j=interpreted, Vv=VM code, C=native code)
V  [jvm.dll+0x6cd4e9]
V  [jvm.dll+0x8a7941]
V  [jvm.dll+0x8a9e6e]
V  [jvm.dll+0x8aa543]
V  [jvm.dll+0x27f6d6]
V  [jvm.dll+0xc500d]
V  [jvm.dll+0xc5543]
V  [jvm.dll+0x3b65d2]
V  [jvm.dll+0x1dffe9]
V  [jvm.dll+0x247b22]
V  [jvm.dll+0x246faf]
V  [jvm.dll+0x1c75ce]
V  [jvm.dll+0x25682a]
V  [jvm.dll+0x254dca]
V  [jvm.dll+0x3f00d6]
V  [jvm.dll+0x8514fb]
V  [jvm.dll+0x6cbbed]
C  [ucrtbase.dll+0x29333]
C  [KERNEL32.DLL+0x1259d]
C  [ntdll.dll+0x5af38]


---------------  P R O C E S S  ---------------

Threads class SMR info:
_java_thread_list=0x000001bc6c1e0f10, length=80, elements={
0x000001bc0a7abcf0, 0x000001bc0c9f47b0, 0x000001bc0c8fcdd0, 0x000001bc0c8fe7d0,
0x000001bc0c9f76e0, 0x000001bc0c9fc3c0, 0x000001bc0c9ff1b0, 0x000001bc0ca017c0,
0x000001bc0ca08b10, 0x000001bc0c9fd0e0, 0x000001bc0c9ff840, 0x000001bc0ca00560,
0x000001bc0c9fde00, 0x000001bc0c9feb20, 0x000001bc0c9ffed0, 0x000001bc0c9fe490,
0x000001bc0c9fd770, 0x000001bc6bd9a0b0, 0x000001bc6bd99a20, 0x000001bc6bd9dbc0,
0x000001bc6bd99390, 0x000001bc6bd9e8e0, 0x000001bc6bd9c180, 0x000001bc6bd9f600,
0x000001bc6bd9e250, 0x000001bc6bd9add0, 0x000001bc6bd9fc90, 0x000001bc6bd98d00,
0x000001bc6bd9b460, 0x000001bc6bd9baf0, 0x000001bc6bd9c810, 0x000001bc6bd9cea0,
0x000001bc6ee8b380, 0x000001bc6ee87f00, 0x000001bc6ee86b50, 0x000001bc6ee88c20,
0x000001bc6ee89fd0, 0x000001bc6ee8ba10, 0x000001bc6ee89940, 0x000001bc6ee857a0,
0x000001bc6ee85110, 0x000001bc6ee871e0, 0x000001bc6ee88590, 0x000001bc6ee8a660,
0x000001bc6ee87870, 0x000001bc6ee864c0, 0x000001bc6f4b7b50, 0x000001bc6f4b8f00,
0x000001bc6f4bafd0, 0x000001bc6f4b5a80, 0x000001bc6f4b9590, 0x000001bc6f4b9c20,
0x000001bc6f4b4d60, 0x000001bc6f4b53f0, 0x000001bc6f4ba940, 0x000001bc6f4b4040,
0x000001bc6f4bb660, 0x000001bc6f4b6110, 0x000001bc77dfd8a0, 0x000001bc77e00690,
0x000001bc77dfaab0, 0x000001bc77dfc4f0, 0x000001bc77dfcb80, 0x000001bc77dff2e0,
0x000001bc77dff970, 0x000001bc77dfdf30, 0x000001bc77e00000, 0x000001bc77df9700,
0x000001bc77df9d90, 0x000001bc77dfa420, 0x000001bc77812b60, 0x000001bc77810a90,
0x000001bc778131f0, 0x000001bc778117b0, 0x000001bc6b1410e0, 0x000001bc6b13e980,
0x000001bc6b13dc60, 0x000001bc6b142490, 0x000001bc6b141e00, 0x000001bc6b13e2f0
}

Java Threads: ( => current thread )
  0x000001bc0a7abcf0 JavaThread "main"                              [_thread_blocked, id=9460, stack(0x00000050ba000000,0x00000050ba100000) (1024K)]
  0x000001bc0c9f47b0 JavaThread "Reference Handler"          daemon [_thread_blocked, id=17292, stack(0x00000050ba400000,0x00000050ba500000) (1024K)]
  0x000001bc0c8fcdd0 JavaThread "Finalizer"                  daemon [_thread_blocked, id=22368, stack(0x00000050ba500000,0x00000050ba600000) (1024K)]
  0x000001bc0c8fe7d0 JavaThread "Signal Dispatcher"          daemon [_thread_blocked, id=22192, stack(0x00000050ba600000,0x00000050ba700000) (1024K)]
  0x000001bc0c9f76e0 JavaThread "Attach Listener"            daemon [_thread_blocked, id=22680, stack(0x00000050ba700000,0x00000050ba800000) (1024K)]
  0x000001bc0c9fc3c0 JavaThread "Service Thread"             daemon [_thread_blocked, id=772, stack(0x00000050ba800000,0x00000050ba900000) (1024K)]
  0x000001bc0c9ff1b0 JavaThread "Monitor Deflation Thread"   daemon [_thread_blocked, id=11076, stack(0x00000050ba900000,0x00000050baa00000) (1024K)]
=>0x000001bc0ca017c0 JavaThread "C2 CompilerThread0"         daemon [_thread_in_native, id=21228, stack(0x00000050baa00000,0x00000050bab00000) (1024K)]
  0x000001bc0ca08b10 JavaThread "C1 CompilerThread0"         daemon [_thread_blocked, id=764, stack(0x00000050bab00000,0x00000050bac00000) (1024K)]
  0x000001bc0c9fd0e0 JavaThread "Common-Cleaner"             daemon [_thread_blocked, id=20788, stack(0x00000050bac00000,0x00000050bad00000) (1024K)]
  0x000001bc0c9ff840 JavaThread "Notification Thread"        daemon [_thread_blocked, id=23436, stack(0x00000050bae00000,0x00000050baf00000) (1024K)]
  0x000001bc0ca00560 JavaThread "Active Thread: Equinox Container: a894290b-496e-4fe0-b8ba-eae10e5d580d"        [_thread_blocked, id=2968, stack(0x00000050bb600000,0x00000050bb700000) (1024K)]
  0x000001bc0c9fde00 JavaThread "Refresh Thread: Equinox Container: a894290b-496e-4fe0-b8ba-eae10e5d580d" daemon [_thread_blocked, id=14096, stack(0x00000050bb700000,0x00000050bb800000) (1024K)]
  0x000001bc0c9feb20 JavaThread "Framework Event Dispatcher: Equinox Container: a894290b-496e-4fe0-b8ba-eae10e5d580d" daemon [_thread_blocked, id=15784, stack(0x00000050bb900000,0x00000050bba00000) (1024K)]
  0x000001bc0c9ffed0 JavaThread "Start Level: Equinox Container: a894290b-496e-4fe0-b8ba-eae10e5d580d" daemon [_thread_blocked, id=5596, stack(0x00000050bba00000,0x00000050bbb00000) (1024K)]
  0x000001bc0c9fe490 JavaThread "Bundle File Closer"         daemon [_thread_blocked, id=12228, stack(0x00000050bbb00000,0x00000050bbc00000) (1024K)]
  0x000001bc0c9fd770 JavaThread "SCR Component Actor"        daemon [_thread_blocked, id=740, stack(0x00000050bbe00000,0x00000050bbf00000) (1024K)]
  0x000001bc6bd9a0b0 JavaThread "Worker-JM"                         [_thread_blocked, id=22584, stack(0x00000050bc000000,0x00000050bc100000) (1024K)]
  0x000001bc6bd99a20 JavaThread "JNA Cleaner"                daemon [_thread_blocked, id=22908, stack(0x00000050bad00000,0x00000050bae00000) (1024K)]
  0x000001bc6bd9dbc0 JavaThread "Java indexing"              daemon [_thread_blocked, id=21916, stack(0x00000050bc400000,0x00000050bc500000) (1024K)]
  0x000001bc6bd99390 JavaThread "Worker-3"                          [_thread_blocked, id=22100, stack(0x00000050bc600000,0x00000050bc700000) (1024K)]
  0x000001bc6bd9e8e0 JavaThread "Thread-2"                   daemon [_thread_in_native, id=16572, stack(0x00000050bc700000,0x00000050bc800000) (1024K)]
  0x000001bc6bd9c180 JavaThread "Thread-3"                   daemon [_thread_in_native, id=2920, stack(0x00000050bc800000,0x00000050bc900000) (1024K)]
  0x000001bc6bd9f600 JavaThread "Thread-4"                   daemon [_thread_in_native, id=19964, stack(0x00000050bc900000,0x00000050bca00000) (1024K)]
  0x000001bc6bd9e250 JavaThread "Thread-5"                   daemon [_thread_in_native, id=22800, stack(0x00000050bca00000,0x00000050bcb00000) (1024K)]
  0x000001bc6bd9add0 JavaThread "Thread-6"                   daemon [_thread_in_native, id=4684, stack(0x00000050bcb00000,0x00000050bcc00000) (1024K)]
  0x000001bc6bd9fc90 JavaThread "Thread-7"                   daemon [_thread_in_native, id=8620, stack(0x00000050bcc00000,0x00000050bcd00000) (1024K)]
  0x000001bc6bd98d00 JavaThread "Thread-8"                   daemon [_thread_in_native, id=18052, stack(0x00000050bcd00000,0x00000050bce00000) (1024K)]
  0x000001bc6bd9b460 JavaThread "Thread-9"                   daemon [_thread_in_native, id=16828, stack(0x00000050bce00000,0x00000050bcf00000) (1024K)]
  0x000001bc6bd9baf0 JavaThread "Thread-10"                  daemon [_thread_in_native, id=14960, stack(0x00000050bcf00000,0x00000050bd000000) (1024K)]
  0x000001bc6bd9c810 JavaThread "Thread-11"                  daemon [_thread_in_native, id=15036, stack(0x00000050bd000000,0x00000050bd100000) (1024K)]
  0x000001bc6bd9cea0 JavaThread "Thread-12"                  daemon [_thread_in_native, id=8248, stack(0x00000050bd100000,0x00000050bd200000) (1024K)]
  0x000001bc6ee8b380 JavaThread "Thread-13"                  daemon [_thread_in_native, id=13512, stack(0x00000050bd200000,0x00000050bd300000) (1024K)]
  0x000001bc6ee87f00 JavaThread "Thread-14"                  daemon [_thread_in_native, id=19256, stack(0x00000050bd300000,0x00000050bd400000) (1024K)]
  0x000001bc6ee86b50 JavaThread "pool-2-thread-1"                   [_thread_blocked, id=13852, stack(0x00000050bd400000,0x00000050bd500000) (1024K)]
  0x000001bc6ee88c20 JavaThread "WorkspaceEventsHandler"            [_thread_blocked, id=12988, stack(0x00000050bd500000,0x00000050bd600000) (1024K)]
  0x000001bc6ee89fd0 JavaThread "pool-1-thread-1"                   [_thread_blocked, id=21820, stack(0x00000050bd600000,0x00000050bd700000) (1024K)]
  0x000001bc6ee8ba10 JavaThread "Worker-6"                          [_thread_blocked, id=19292, stack(0x00000050bd900000,0x00000050bda00000) (1024K)]
  0x000001bc6ee89940 JavaThread "LocalFile Deleter"          daemon [_thread_blocked, id=5248, stack(0x00000050bda00000,0x00000050bdb00000) (1024K)]
  0x000001bc6ee857a0 JavaThread "LocalFile Deleter"          daemon [_thread_blocked, id=17460, stack(0x00000050bdb00000,0x00000050bdc00000) (1024K)]
  0x000001bc6ee85110 JavaThread "LocalFile Deleter"          daemon [_thread_blocked, id=2916, stack(0x00000050bdc00000,0x00000050bdd00000) (1024K)]
  0x000001bc6ee871e0 JavaThread "LocalFile Deleter"          daemon [_thread_blocked, id=8940, stack(0x00000050bdd00000,0x00000050bde00000) (1024K)]
  0x000001bc6ee88590 JavaThread "LocalFile Deleter"          daemon [_thread_blocked, id=23424, stack(0x00000050bde00000,0x00000050bdf00000) (1024K)]
  0x000001bc6ee8a660 JavaThread "LocalFile Deleter"          daemon [_thread_blocked, id=21440, stack(0x00000050bdf00000,0x00000050be000000) (1024K)]
  0x000001bc6ee87870 JavaThread "LocalFile Deleter"          daemon [_thread_blocked, id=18244, stack(0x00000050be100000,0x00000050be200000) (1024K)]
  0x000001bc6ee864c0 JavaThread "LocalFile Deleter"          daemon [_thread_blocked, id=8568, stack(0x00000050be200000,0x00000050be300000) (1024K)]
  0x000001bc6f4b7b50 JavaThread "LocalFile Deleter"          daemon [_thread_blocked, id=14048, stack(0x00000050be300000,0x00000050be400000) (1024K)]
  0x000001bc6f4b8f00 JavaThread "Compiler Source File Reader" daemon [_thread_blocked, id=3424, stack(0x00000050be600000,0x00000050be700000) (1024K)]
  0x000001bc6f4bafd0 JavaThread "Compiler Source File Reader" daemon [_thread_blocked, id=17516, stack(0x00000050be700000,0x00000050be800000) (1024K)]
  0x000001bc6f4b5a80 JavaThread "Compiler Source File Reader" daemon [_thread_blocked, id=20616, stack(0x00000050be800000,0x00000050be900000) (1024K)]
  0x000001bc6f4b9590 JavaThread "Compiler Source File Reader" daemon [_thread_blocked, id=20964, stack(0x00000050be900000,0x00000050bea00000) (1024K)]
  0x000001bc6f4b9c20 JavaThread "Compiler Class File Writer" daemon [_thread_blocked, id=20352, stack(0x00000050beb00000,0x00000050bec00000) (1024K)]
  0x000001bc6f4b4d60 JavaThread "Compiler Class File Writer" daemon [_thread_blocked, id=22968, stack(0x00000050bec00000,0x00000050bed00000) (1024K)]
  0x000001bc6f4b53f0 JavaThread "Compiler Class File Writer" daemon [_thread_blocked, id=21704, stack(0x00000050bed00000,0x00000050bee00000) (1024K)]
  0x000001bc6f4ba940 JavaThread "Compiler Class File Writer" daemon [_thread_blocked, id=3360, stack(0x00000050bee00000,0x00000050bef00000) (1024K)]
  0x000001bc6f4b4040 JavaThread "Compiler Source File Reader" daemon [_thread_blocked, id=21632, stack(0x00000050bef00000,0x00000050bf000000) (1024K)]
  0x000001bc6f4bb660 JavaThread "Compiler Class File Writer" daemon [_thread_blocked, id=21376, stack(0x00000050bf000000,0x00000050bf100000) (1024K)]
  0x000001bc6f4b6110 JavaThread "Compiler Source File Reader" daemon [_thread_blocked, id=12292, stack(0x00000050bc200000,0x00000050bc300000) (1024K)]
  0x000001bc77dfd8a0 JavaThread "ForkJoinPool.commonPool-worker-1" daemon [_thread_blocked, id=22644, stack(0x00000050bbf00000,0x00000050bc000000) (1024K)]
  0x000001bc77e00690 JavaThread "ForkJoinPool.commonPool-worker-2" daemon [_thread_blocked, id=17972, stack(0x00000050bc300000,0x00000050bc400000) (1024K)]
  0x000001bc77dfaab0 JavaThread "ForkJoinPool.commonPool-worker-3" daemon [_thread_blocked, id=11084, stack(0x00000050bf100000,0x00000050bf200000) (1024K)]
  0x000001bc77dfc4f0 JavaThread "ForkJoinPool.commonPool-worker-4" daemon [_thread_blocked, id=13924, stack(0x00000050bf200000,0x00000050bf300000) (1024K)]
  0x000001bc77dfcb80 JavaThread "ForkJoinPool.commonPool-worker-5" daemon [_thread_blocked, id=20180, stack(0x00000050bf300000,0x00000050bf400000) (1024K)]
  0x000001bc77dff2e0 JavaThread "Compiler Source File Reader" daemon [_thread_blocked, id=12992, stack(0x00000050bf400000,0x00000050bf500000) (1024K)]
  0x000001bc77dff970 JavaThread "ForkJoinPool.commonPool-worker-6" daemon [_thread_blocked, id=16896, stack(0x00000050bf500000,0x00000050bf600000) (1024K)]
  0x000001bc77dfdf30 JavaThread "ForkJoinPool.commonPool-worker-7" daemon [_thread_blocked, id=10144, stack(0x00000050bf600000,0x00000050bf700000) (1024K)]
  0x000001bc77e00000 JavaThread "Cleaner-0"                  daemon [_thread_blocked, id=11604, stack(0x00000050bf800000,0x00000050bf900000) (1024K)]
  0x000001bc77df9700 JavaThread "Compiler Source File Reader" daemon [_thread_blocked, id=20076, stack(0x00000050bf900000,0x00000050bfa00000) (1024K)]
  0x000001bc77df9d90 JavaThread "ForkJoinPool.commonPool-worker-9" daemon [_thread_blocked, id=23180, stack(0x00000050bfc00000,0x00000050bfd00000) (1024K)]
  0x000001bc77dfa420 JavaThread "ForkJoinPool.commonPool-worker-8" daemon [_thread_blocked, id=16736, stack(0x00000050bfd00000,0x00000050bfe00000) (1024K)]
  0x000001bc77812b60 JavaThread "ForkJoinPool.commonPool-worker-10" daemon [_thread_blocked, id=5152, stack(0x00000050bfe00000,0x00000050bff00000) (1024K)]
  0x000001bc77810a90 JavaThread "ForkJoinPool.commonPool-worker-11" daemon [_thread_blocked, id=23336, stack(0x00000050bff00000,0x00000050c0000000) (1024K)]
  0x000001bc778131f0 JavaThread "Compiler Source File Reader" daemon [_thread_blocked, id=22992, stack(0x00000050c0300000,0x00000050c0400000) (1024K)]
  0x000001bc778117b0 JavaThread "Compiler Source File Reader" daemon [_thread_blocked, id=18568, stack(0x00000050b9e00000,0x00000050b9f00000) (1024K)]
  0x000001bc6b1410e0 JavaThread "Java Debug Server"          daemon [_thread_in_native, id=17908, stack(0x00000050b9f00000,0x00000050ba000000) (1024K)]
  0x000001bc6b13e980 JavaThread "pool-5-thread-1"                   [_thread_in_native, id=19092, stack(0x00000050baf00000,0x00000050bb000000) (1024K)]
  0x000001bc6b13dc60 JavaThread "RxSchedulerPurge-1"         daemon [_thread_blocked, id=3976, stack(0x00000050bc100000,0x00000050bc200000) (1024K)]
  0x000001bc6b142490 JavaThread "RxCachedWorkerPoolEvictor-1" daemon [_thread_blocked, id=9200, stack(0x00000050bc500000,0x00000050bc600000) (1024K)]
  0x000001bc6b141e00 JavaThread "RxNewThreadScheduler-1"     daemon [_thread_blocked, id=13600, stack(0x00000050bd700000,0x00000050bd800000) (1024K)]
  0x000001bc6b13e2f0 JavaThread "process reaper (pid 7808)"  daemon [_thread_in_native, id=22492, stack(0x00000050b99a0000,0x00000050b99c0000) (128K)]
Total: 80

Other Threads:
  0x000001bc0c8e5ed0 VMThread "VM Thread"                           [id=17676, stack(0x00000050ba300000,0x00000050ba400000) (1024K)]
  0x000001bc0c7dc180 WatcherThread "VM Periodic Task Thread"        [id=15588, stack(0x00000050ba200000,0x00000050ba300000) (1024K)]
  0x000001bc0c970470 WorkerThread "GC Thread#0"                     [id=22640, stack(0x00000050ba100000,0x00000050ba200000) (1024K)]
  0x000001bc6b8323c0 WorkerThread "GC Thread#1"                     [id=19672, stack(0x00000050bb000000,0x00000050bb100000) (1024K)]
  0x000001bc6b8377f0 WorkerThread "GC Thread#2"                     [id=19688, stack(0x00000050bb100000,0x00000050bb200000) (1024K)]
  0x000001bc6b837b90 WorkerThread "GC Thread#3"                     [id=19692, stack(0x00000050bb200000,0x00000050bb300000) (1024K)]
  0x000001bc6b066650 WorkerThread "GC Thread#4"                     [id=21656, stack(0x00000050bb300000,0x00000050bb400000) (1024K)]
  0x000001bc6b0669f0 WorkerThread "GC Thread#5"                     [id=22816, stack(0x00000050bb400000,0x00000050bb500000) (1024K)]
  0x000001bc6b066d90 WorkerThread "GC Thread#6"                     [id=7988, stack(0x00000050bb500000,0x00000050bb600000) (1024K)]
  0x000001bc6ba1cbd0 WorkerThread "GC Thread#7"                     [id=23524, stack(0x00000050bb800000,0x00000050bb900000) (1024K)]
  0x000001bc6bddd3a0 WorkerThread "GC Thread#8"                     [id=4520, stack(0x00000050bbc00000,0x00000050bbd00000) (1024K)]
  0x000001bc6bdde5c0 WorkerThread "GC Thread#9"                     [id=15364, stack(0x00000050bbd00000,0x00000050bbe00000) (1024K)]
Total: 12

Threads with active compile tasks:
C2 CompilerThread0  243524 19153 % !   4       org.eclipse.jdt.internal.core.ClassFileInfo::generateMethodInfos @ 331 (750 bytes)
Total: 1

VM state: not at safepoint (normal execution)

VM Mutex/Monitor currently owned by a thread: None

Heap address: 0x0000000080000000, size: 2048 MB, Compressed Oops mode: 32-bit

CDS archive(s) mapped at: [0x000001bc24000000-0x000001bc24ba0000-0x000001bc24ba0000), size 12189696, SharedBaseAddress: 0x000001bc24000000, ArchiveRelocationMode: 1.
Compressed class space mapped at: 0x000001bc25000000-0x000001bc65000000, reserved size: 1073741824
Narrow klass base: 0x000001bc24000000, Narrow klass shift: 0, Narrow klass range: 0x100000000

GC Precious Log:
 CardTable entry size: 512
 CPUs: 12 total, 12 available
 Memory: 7896M
 Large Page Support: Disabled
 NUMA Support: Disabled
 Compressed Oops: Enabled (32-bit)
 Alignments: Space 512K, Generation 512K, Heap 2M
 Heap Min Capacity: 100M
 Heap Initial Capacity: 100M
 Heap Max Capacity: 2G
 Pre-touch: Disabled
 Parallel Workers: 10

Heap:
 PSYoungGen      total 12288K, used 516K [0x00000000d5580000, 0x00000000d6200000, 0x0000000100000000)
  eden space 11264K, 1% used [0x00000000d5580000,0x00000000d55b7cd0,0x00000000d6080000)
  from space 1024K, 28% used [0x00000000d6080000,0x00000000d60c94e0,0x00000000d6180000)
  to   space 512K, 0% used [0x00000000d6180000,0x00000000d6180000,0x00000000d6200000)
 ParOldGen       total 1348608K, used 906219K [0x0000000080000000, 0x00000000d2500000, 0x00000000d5580000)
  object space 1348608K, 67% used [0x0000000080000000,0x00000000b74faf98,0x00000000d2500000)
 Metaspace       used 82155K, committed 83840K, reserved 1179648K
  class space    used 8323K, committed 9088K, reserved 1048576K

Card table byte_map: [0x000001bc0c2f0000,0x000001bc0c700000] _byte_map_base: 0x000001bc0bef0000

Marking Bits: (ParMarkBitMap*) 0x00007ffa94542250
 Begin Bits: [0x000001bc1ef50000, 0x000001bc20f50000)
 End Bits:   [0x000001bc20f50000, 0x000001bc22f50000)

Polling page: 0x000001bc0a8f0000

Metaspace:

Usage:
  Non-class:     72.10 MB used.
      Class:      8.13 MB used.
       Both:     80.23 MB used.

Virtual space:
  Non-class space:      128.00 MB reserved,      73.00 MB ( 57%) committed,  2 nodes.
      Class space:        1.00 GB reserved,       8.88 MB ( <1%) committed,  1 nodes.
             Both:        1.12 GB reserved,      81.88 MB (  7%) committed. 

Chunk freelists:
   Non-Class:  6.27 MB
       Class:  7.01 MB
        Both:  13.28 MB

MaxMetaspaceSize: unlimited
CompressedClassSpaceSize: 1.00 GB
Initial GC threshold: 21.00 MB
Current GC threshold: 126.81 MB
CDS: on
 - commit_granule_bytes: 65536.
 - commit_granule_words: 8192.
 - virtual_space_node_default_size: 8388608.
 - enlarge_chunks_in_place: 1.
 - use_allocation_guard: 0.


Internal statistics:

num_allocs_failed_limit: 9.
num_arena_births: 1592.
num_arena_deaths: 22.
num_vsnodes_births: 3.
num_vsnodes_deaths: 0.
num_space_committed: 1310.
num_space_uncommitted: 0.
num_chunks_returned_to_freelist: 34.
num_chunks_taken_from_freelist: 5653.
num_chunk_merges: 20.
num_chunk_splits: 3415.
num_chunks_enlarged: 1880.
num_inconsistent_stats: 0.

CodeHeap 'non-profiled nmethods': size=120000Kb used=17967Kb max_used=17967Kb free=102032Kb
 bounds [0x000001bc17770000, 0x000001bc18900000, 0x000001bc1eca0000]
CodeHeap 'profiled nmethods': size=120000Kb used=42596Kb max_used=42596Kb free=77403Kb
 bounds [0x000001bc0fca0000, 0x000001bc12640000, 0x000001bc171d0000]
CodeHeap 'non-nmethods': size=5760Kb used=1498Kb max_used=1554Kb free=4261Kb
 bounds [0x000001bc171d0000, 0x000001bc17440000, 0x000001bc17770000]
 total_blobs=18061 nmethods=17238 adapters=727
 compilation: enabled
              stopped_count=0, restarted_count=0
 full_count=0

Compilation events (20 events):
Event: 243.409 Thread 0x000001bc0ca08b10 19258       3       org.jsoup.internal.StringUtil::isActuallyWhitespace (43 bytes)
Event: 243.409 Thread 0x000001bc0ca08b10 nmethod 19258 0x000001bc12635e10 code [0x000001bc12635fc0, 0x000001bc126361f0]
Event: 243.409 Thread 0x000001bc0ca08b10 19257       2       org.jsoup.nodes.Node::hasParent (13 bytes)
Event: 243.409 Thread 0x000001bc0ca08b10 nmethod 19257 0x000001bc12636290 code [0x000001bc12636420, 0x000001bc12636538]
Event: 243.409 Thread 0x000001bc0ca08b10 19252       2       org.jsoup.safety.Cleaner$CleaningVisitor::head (207 bytes)
Event: 243.410 Thread 0x000001bc0ca08b10 nmethod 19252 0x000001bc12636610 code [0x000001bc126368a0, 0x000001bc12637008]
Event: 243.410 Thread 0x000001bc0ca08b10 19253       2       org.jsoup.safety.Cleaner$CleaningVisitor::tail (36 bytes)
Event: 243.413 Thread 0x000001bc0ca08b10 nmethod 19253 0x000001bc12637510 code [0x000001bc126376e0, 0x000001bc12637918]
Event: 243.413 Thread 0x000001bc0ca08b10 19254       2       org.jsoup.safety.Whitelist::isSafeTag (6 bytes)
Event: 243.413 Thread 0x000001bc0ca08b10 nmethod 19254 0x000001bc12637a90 code [0x000001bc12637c60, 0x000001bc12637f00]
Event: 243.413 Thread 0x000001bc0ca08b10 19255       2       org.jsoup.helper.Validate::isTrue (15 bytes)
Event: 243.413 Thread 0x000001bc0ca08b10 nmethod 19255 0x000001bc12638090 code [0x000001bc12638240, 0x000001bc126383e8]
Event: 243.413 Thread 0x000001bc0ca08b10 19256       2       org.jsoup.nodes.Attributes::checkCapacity (82 bytes)
Event: 243.413 Thread 0x000001bc0ca08b10 nmethod 19256 0x000001bc12638490 code [0x000001bc12638660, 0x000001bc126389e8]
Event: 243.413 Thread 0x000001bc0ca08b10 19260       2       org.jsoup.nodes.TextNode::text (8 bytes)
Event: 243.414 Thread 0x000001bc0ca08b10 nmethod 19260 0x000001bc12638c10 code [0x000001bc12638de0, 0x000001bc12638f98]
Event: 243.414 Thread 0x000001bc0ca08b10 19259       1       java.util.regex.Pattern::lambda$ALL$10 (2 bytes)
Event: 243.414 Thread 0x000001bc0ca08b10 nmethod 19259 0x000001bc188fbc90 code [0x000001bc188fbe20, 0x000001bc188fbec8]
Event: 243.414 Thread 0x000001bc0ca08b10 19261       2       org.jsoup.internal.StringUtil::normaliseWhitespace (15 bytes)
Event: 243.414 Thread 0x000001bc0ca08b10 nmethod 19261 0x000001bc12639110 code [0x000001bc126392e0, 0x000001bc12639440]

GC Heap History (20 events):
Event: 243.286 GC heap before
{Heap before GC invocations=1530 (full 4):
 PSYoungGen      total 4608K, used 4480K [0x00000000d5580000, 0x00000000d5b80000, 0x0000000100000000)
  eden space 4096K, 100% used [0x00000000d5580000,0x00000000d5980000,0x00000000d5980000)
  from space 512K, 75% used [0x00000000d5980000,0x00000000d59e0000,0x00000000d5a00000)
  to   space 512K, 0% used [0x00000000d5b00000,0x00000000d5b00000,0x00000000d5b80000)
 ParOldGen       total 1348608K, used 900482K [0x0000000080000000, 0x00000000d2500000, 0x00000000d5580000)
  object space 1348608K, 66% used [0x0000000080000000,0x00000000b6f608e0,0x00000000d2500000)
 Metaspace       used 82128K, committed 83840K, reserved 1179648K
  class space    used 8323K, committed 9088K, reserved 1048576K
}
Event: 243.287 GC heap after
{Heap after GC invocations=1530 (full 4):
 PSYoungGen      total 5632K, used 352K [0x00000000d5580000, 0x00000000d5b80000, 0x0000000100000000)
  eden space 5120K, 0% used [0x00000000d5580000,0x00000000d5580000,0x00000000d5a80000)
  from space 512K, 68% used [0x00000000d5b00000,0x00000000d5b58000,0x00000000d5b80000)
  to   space 512K, 0% used [0x00000000d5a80000,0x00000000d5a80000,0x00000000d5b00000)
 ParOldGen       total 1348608K, used 900666K [0x0000000080000000, 0x00000000d2500000, 0x00000000d5580000)
  object space 1348608K, 66% used [0x0000000080000000,0x00000000b6f8e8e0,0x00000000d2500000)
 Metaspace       used 82128K, committed 83840K, reserved 1179648K
  class space    used 8323K, committed 9088K, reserved 1048576K
}
Event: 243.294 GC heap before
{Heap before GC invocations=1531 (full 4):
 PSYoungGen      total 5632K, used 5122K [0x00000000d5580000, 0x00000000d5b80000, 0x0000000100000000)
  eden space 5120K, 93% used [0x00000000d5580000,0x00000000d5a289b0,0x00000000d5a80000)
  from space 512K, 68% used [0x00000000d5b00000,0x00000000d5b58000,0x00000000d5b80000)
  to   space 512K, 0% used [0x00000000d5a80000,0x00000000d5a80000,0x00000000d5b00000)
 ParOldGen       total 1348608K, used 900666K [0x0000000080000000, 0x00000000d2500000, 0x00000000d5580000)
  object space 1348608K, 66% used [0x0000000080000000,0x00000000b6f8e8e0,0x00000000d2500000)
 Metaspace       used 82128K, committed 83840K, reserved 1179648K
  class space    used 8323K, committed 9088K, reserved 1048576K
}
Event: 243.297 GC heap after
{Heap after GC invocations=1531 (full 4):
 PSYoungGen      total 5632K, used 512K [0x00000000d5580000, 0x00000000d5d80000, 0x0000000100000000)
  eden space 5120K, 0% used [0x00000000d5580000,0x00000000d5580000,0x00000000d5a80000)
  from space 512K, 100% used [0x00000000d5a80000,0x00000000d5b00000,0x00000000d5b00000)
  to   space 1024K, 0% used [0x00000000d5c80000,0x00000000d5c80000,0x00000000d5d80000)
 ParOldGen       total 1348608K, used 900922K [0x0000000080000000, 0x00000000d2500000, 0x00000000d5580000)
  object space 1348608K, 66% used [0x0000000080000000,0x00000000b6fce8e0,0x00000000d2500000)
 Metaspace       used 82128K, committed 83840K, reserved 1179648K
  class space    used 8323K, committed 9088K, reserved 1048576K
}
Event: 243.305 GC heap before
{Heap before GC invocations=1532 (full 4):
 PSYoungGen      total 5632K, used 5620K [0x00000000d5580000, 0x00000000d5d80000, 0x0000000100000000)
  eden space 5120K, 99% used [0x00000000d5580000,0x00000000d5a7d280,0x00000000d5a80000)
  from space 512K, 100% used [0x00000000d5a80000,0x00000000d5b00000,0x00000000d5b00000)
  to   space 1024K, 0% used [0x00000000d5c80000,0x00000000d5c80000,0x00000000d5d80000)
 ParOldGen       total 1348608K, used 900922K [0x0000000080000000, 0x00000000d2500000, 0x00000000d5580000)
  object space 1348608K, 66% used [0x0000000080000000,0x00000000b6fce8e0,0x00000000d2500000)
 Metaspace       used 82129K, committed 83840K, reserved 1179648K
  class space    used 8323K, committed 9088K, reserved 1048576K
}
Event: 243.313 GC heap after
{Heap after GC invocations=1532 (full 4):
 PSYoungGen      total 7168K, used 717K [0x00000000d5580000, 0x00000000d5d80000, 0x0000000100000000)
  eden space 6144K, 0% used [0x00000000d5580000,0x00000000d5580000,0x00000000d5b80000)
  from space 1024K, 70% used [0x00000000d5c80000,0x00000000d5d33780,0x00000000d5d80000)
  to   space 1024K, 0% used [0x00000000d5b80000,0x00000000d5b80000,0x00000000d5c80000)
 ParOldGen       total 1348608K, used 903167K [0x0000000080000000, 0x00000000d2500000, 0x00000000d5580000)
  object space 1348608K, 66% used [0x0000000080000000,0x00000000b71ffdd8,0x00000000d2500000)
 Metaspace       used 82129K, committed 83840K, reserved 1179648K
  class space    used 8323K, committed 9088K, reserved 1048576K
}
Event: 243.320 GC heap before
{Heap before GC invocations=1533 (full 4):
 PSYoungGen      total 7168K, used 6861K [0x00000000d5580000, 0x00000000d5d80000, 0x0000000100000000)
  eden space 6144K, 100% used [0x00000000d5580000,0x00000000d5b80000,0x00000000d5b80000)
  from space 1024K, 70% used [0x00000000d5c80000,0x00000000d5d33780,0x00000000d5d80000)
  to   space 1024K, 0% used [0x00000000d5b80000,0x00000000d5b80000,0x00000000d5c80000)
 ParOldGen       total 1348608K, used 903167K [0x0000000080000000, 0x00000000d2500000, 0x00000000d5580000)
  object space 1348608K, 66% used [0x0000000080000000,0x00000000b71ffdd8,0x00000000d2500000)
 Metaspace       used 82129K, committed 83840K, reserved 1179648K
  class space    used 8323K, committed 9088K, reserved 1048576K
}
Event: 243.322 GC heap after
{Heap after GC invocations=1533 (full 4):
 PSYoungGen      total 7168K, used 448K [0x00000000d5580000, 0x00000000d5f00000, 0x0000000100000000)
  eden space 6144K, 0% used [0x00000000d5580000,0x00000000d5580000,0x00000000d5b80000)
  from space 1024K, 43% used [0x00000000d5b80000,0x00000000d5bf0000,0x00000000d5c80000)
  to   space 1024K, 0% used [0x00000000d5e00000,0x00000000d5e00000,0x00000000d5f00000)
 ParOldGen       total 1348608K, used 903362K [0x0000000080000000, 0x00000000d2500000, 0x00000000d5580000)
  object space 1348608K, 66% used [0x0000000080000000,0x00000000b7230bf8,0x00000000d2500000)
 Metaspace       used 82129K, committed 83840K, reserved 1179648K
  class space    used 8323K, committed 9088K, reserved 1048576K
}
Event: 243.333 GC heap before
{Heap before GC invocations=1534 (full 4):
 PSYoungGen      total 7168K, used 6270K [0x00000000d5580000, 0x00000000d5f00000, 0x0000000100000000)
  eden space 6144K, 94% used [0x00000000d5580000,0x00000000d5b2fb20,0x00000000d5b80000)
  from space 1024K, 43% used [0x00000000d5b80000,0x00000000d5bf0000,0x00000000d5c80000)
  to   space 1024K, 0% used [0x00000000d5e00000,0x00000000d5e00000,0x00000000d5f00000)
 ParOldGen       total 1348608K, used 903362K [0x0000000080000000, 0x00000000d2500000, 0x00000000d5580000)
  object space 1348608K, 66% used [0x0000000080000000,0x00000000b7230bf8,0x00000000d2500000)
 Metaspace       used 82129K, committed 83840K, reserved 1179648K
  class space    used 8323K, committed 9088K, reserved 1048576K
}
Event: 243.336 GC heap after
{Heap after GC invocations=1534 (full 4):
 PSYoungGen      total 8704K, used 653K [0x00000000d5580000, 0x00000000d5f00000, 0x0000000100000000)
  eden space 7680K, 0% used [0x00000000d5580000,0x00000000d5580000,0x00000000d5d00000)
  from space 1024K, 63% used [0x00000000d5e00000,0x00000000d5ea36f0,0x00000000d5f00000)
  to   space 1024K, 0% used [0x00000000d5d00000,0x00000000d5d00000,0x00000000d5e00000)
 ParOldGen       total 1348608K, used 903802K [0x0000000080000000, 0x00000000d2500000, 0x00000000d5580000)
  object space 1348608K, 67% used [0x0000000080000000,0x00000000b729ebf8,0x00000000d2500000)
 Metaspace       used 82129K, committed 83840K, reserved 1179648K
  class space    used 8323K, committed 9088K, reserved 1048576K
}
Event: 243.345 GC heap before
{Heap before GC invocations=1535 (full 4):
 PSYoungGen      total 8704K, used 8333K [0x00000000d5580000, 0x00000000d5f00000, 0x0000000100000000)
  eden space 7680K, 100% used [0x00000000d5580000,0x00000000d5d00000,0x00000000d5d00000)
  from space 1024K, 63% used [0x00000000d5e00000,0x00000000d5ea36f0,0x00000000d5f00000)
  to   space 1024K, 0% used [0x00000000d5d00000,0x00000000d5d00000,0x00000000d5e00000)
 ParOldGen       total 1348608K, used 903802K [0x0000000080000000, 0x00000000d2500000, 0x00000000d5580000)
  object space 1348608K, 67% used [0x0000000080000000,0x00000000b729ebf8,0x00000000d2500000)
 Metaspace       used 82129K, committed 83840K, reserved 1179648K
  class space    used 8323K, committed 9088K, reserved 1048576K
}
Event: 243.347 GC heap after
{Heap after GC invocations=1535 (full 4):
 PSYoungGen      total 8704K, used 512K [0x00000000d5580000, 0x00000000d6080000, 0x0000000100000000)
  eden space 7680K, 0% used [0x00000000d5580000,0x00000000d5580000,0x00000000d5d00000)
  from space 1024K, 50% used [0x00000000d5d00000,0x00000000d5d80000,0x00000000d5e00000)
  to   space 1024K, 0% used [0x00000000d5f80000,0x00000000d5f80000,0x00000000d6080000)
 ParOldGen       total 1348608K, used 904330K [0x0000000080000000, 0x00000000d2500000, 0x00000000d5580000)
  object space 1348608K, 67% used [0x0000000080000000,0x00000000b7322be8,0x00000000d2500000)
 Metaspace       used 82129K, committed 83840K, reserved 1179648K
  class space    used 8323K, committed 9088K, reserved 1048576K
}
Event: 243.358 GC heap before
{Heap before GC invocations=1536 (full 4):
 PSYoungGen      total 8704K, used 7460K [0x00000000d5580000, 0x00000000d6080000, 0x0000000100000000)
  eden space 7680K, 90% used [0x00000000d5580000,0x00000000d5c492b8,0x00000000d5d00000)
  from space 1024K, 50% used [0x00000000d5d00000,0x00000000d5d80000,0x00000000d5e00000)
  to   space 1024K, 0% used [0x00000000d5f80000,0x00000000d5f80000,0x00000000d6080000)
 ParOldGen       total 1348608K, used 904330K [0x0000000080000000, 0x00000000d2500000, 0x00000000d5580000)
  object space 1348608K, 67% used [0x0000000080000000,0x00000000b7322be8,0x00000000d2500000)
 Metaspace       used 82129K, committed 83840K, reserved 1179648K
  class space    used 8323K, committed 9088K, reserved 1048576K
}
Event: 243.361 GC heap after
{Heap after GC invocations=1536 (full 4):
 PSYoungGen      total 10240K, used 739K [0x00000000d5580000, 0x00000000d6080000, 0x0000000100000000)
  eden space 9216K, 0% used [0x00000000d5580000,0x00000000d5580000,0x00000000d5e80000)
  from space 1024K, 72% used [0x00000000d5f80000,0x00000000d6038ce0,0x00000000d6080000)
  to   space 1024K, 0% used [0x00000000d5e80000,0x00000000d5e80000,0x00000000d5f80000)
 ParOldGen       total 1348608K, used 904738K [0x0000000080000000, 0x00000000d2500000, 0x00000000d5580000)
  object space 1348608K, 67% used [0x0000000080000000,0x00000000b7388be8,0x00000000d2500000)
 Metaspace       used 82129K, committed 83840K, reserved 1179648K
  class space    used 8323K, committed 9088K, reserved 1048576K
}
Event: 243.371 GC heap before
{Heap before GC invocations=1537 (full 4):
 PSYoungGen      total 10240K, used 9955K [0x00000000d5580000, 0x00000000d6080000, 0x0000000100000000)
  eden space 9216K, 100% used [0x00000000d5580000,0x00000000d5e80000,0x00000000d5e80000)
  from space 1024K, 72% used [0x00000000d5f80000,0x00000000d6038ce0,0x00000000d6080000)
  to   space 1024K, 0% used [0x00000000d5e80000,0x00000000d5e80000,0x00000000d5f80000)
 ParOldGen       total 1348608K, used 904738K [0x0000000080000000, 0x00000000d2500000, 0x00000000d5580000)
  object space 1348608K, 67% used [0x0000000080000000,0x00000000b7388be8,0x00000000d2500000)
 Metaspace       used 82130K, committed 83840K, reserved 1179648K
  class space    used 8323K, committed 9088K, reserved 1048576K
}
Event: 243.374 GC heap after
{Heap after GC invocations=1537 (full 4):
 PSYoungGen      total 10240K, used 544K [0x00000000d5580000, 0x00000000d6280000, 0x0000000100000000)
  eden space 9216K, 0% used [0x00000000d5580000,0x00000000d5580000,0x00000000d5e80000)
  from space 1024K, 53% used [0x00000000d5e80000,0x00000000d5f08000,0x00000000d5f80000)
  to   space 1024K, 0% used [0x00000000d6180000,0x00000000d6180000,0x00000000d6280000)
 ParOldGen       total 1348608K, used 905326K [0x0000000080000000, 0x00000000d2500000, 0x00000000d5580000)
  object space 1348608K, 67% used [0x0000000080000000,0x00000000b741b8c8,0x00000000d2500000)
 Metaspace       used 82130K, committed 83840K, reserved 1179648K
  class space    used 8323K, committed 9088K, reserved 1048576K
}
Event: 243.386 GC heap before
{Heap before GC invocations=1538 (full 4):
 PSYoungGen      total 10240K, used 8558K [0x00000000d5580000, 0x00000000d6280000, 0x0000000100000000)
  eden space 9216K, 86% used [0x00000000d5580000,0x00000000d5d53958,0x00000000d5e80000)
  from space 1024K, 53% used [0x00000000d5e80000,0x00000000d5f08000,0x00000000d5f80000)
  to   space 1024K, 0% used [0x00000000d6180000,0x00000000d6180000,0x00000000d6280000)
 ParOldGen       total 1348608K, used 905326K [0x0000000080000000, 0x00000000d2500000, 0x00000000d5580000)
  object space 1348608K, 67% used [0x0000000080000000,0x00000000b741b8c8,0x00000000d2500000)
 Metaspace       used 82133K, committed 83840K, reserved 1179648K
  class space    used 8323K, committed 9088K, reserved 1048576K
}
Event: 243.388 GC heap after
{Heap after GC invocations=1538 (full 4):
 PSYoungGen      total 12288K, used 762K [0x00000000d5580000, 0x00000000d6280000, 0x0000000100000000)
  eden space 11264K, 0% used [0x00000000d5580000,0x00000000d5580000,0x00000000d6080000)
  from space 1024K, 74% used [0x00000000d6180000,0x00000000d623e900,0x00000000d6280000)
  to   space 1024K, 0% used [0x00000000d6080000,0x00000000d6080000,0x00000000d6180000)
 ParOldGen       total 1348608K, used 905774K [0x0000000080000000, 0x00000000d2500000, 0x00000000d5580000)
  object space 1348608K, 67% used [0x0000000080000000,0x00000000b748b8c8,0x00000000d2500000)
 Metaspace       used 82133K, committed 83840K, reserved 1179648K
  class space    used 8323K, committed 9088K, reserved 1048576K
}
Event: 243.410 GC heap before
{Heap before GC invocations=1539 (full 4):
 PSYoungGen      total 12288K, used 12026K [0x00000000d5580000, 0x00000000d6280000, 0x0000000100000000)
  eden space 11264K, 100% used [0x00000000d5580000,0x00000000d6080000,0x00000000d6080000)
  from space 1024K, 74% used [0x00000000d6180000,0x00000000d623e900,0x00000000d6280000)
  to   space 1024K, 0% used [0x00000000d6080000,0x00000000d6080000,0x00000000d6180000)
 ParOldGen       total 1348608K, used 905774K [0x0000000080000000, 0x00000000d2500000, 0x00000000d5580000)
  object space 1348608K, 67% used [0x0000000080000000,0x00000000b748b8c8,0x00000000d2500000)
 Metaspace       used 82154K, committed 83840K, reserved 1179648K
  class space    used 8323K, committed 9088K, reserved 1048576K
}
Event: 243.413 GC heap after
{Heap after GC invocations=1539 (full 4):
 PSYoungGen      total 12288K, used 293K [0x00000000d5580000, 0x00000000d6200000, 0x0000000100000000)
  eden space 11264K, 0% used [0x00000000d5580000,0x00000000d5580000,0x00000000d6080000)
  from space 1024K, 28% used [0x00000000d6080000,0x00000000d60c94e0,0x00000000d6180000)
  to   space 512K, 0% used [0x00000000d6180000,0x00000000d6180000,0x00000000d6200000)
 ParOldGen       total 1348608K, used 906219K [0x0000000080000000, 0x00000000d2500000, 0x00000000d5580000)
  object space 1348608K, 67% used [0x0000000080000000,0x00000000b74faf98,0x00000000d2500000)
 Metaspace       used 82154K, committed 83840K, reserved 1179648K
  class space    used 8323K, committed 9088K, reserved 1048576K
}

Dll operation events (11 events):
Event: 0.007 Loaded shared library c:\Users\IBYTE\.vscode\extensions\redhat.java-1.39.0-win32-x64\jre\21.0.5-win32-x86_64\bin\java.dll
Event: 0.067 Loaded shared library c:\Users\IBYTE\.vscode\extensions\redhat.java-1.39.0-win32-x64\jre\21.0.5-win32-x86_64\bin\zip.dll
Event: 0.086 Loaded shared library C:\Users\IBYTE\.vscode\extensions\redhat.java-1.39.0-win32-x64\jre\21.0.5-win32-x86_64\bin\instrument.dll
Event: 0.088 Loaded shared library C:\Users\IBYTE\.vscode\extensions\redhat.java-1.39.0-win32-x64\jre\21.0.5-win32-x86_64\bin\net.dll
Event: 0.091 Loaded shared library C:\Users\IBYTE\.vscode\extensions\redhat.java-1.39.0-win32-x64\jre\21.0.5-win32-x86_64\bin\nio.dll
Event: 0.095 Loaded shared library C:\Users\IBYTE\.vscode\extensions\redhat.java-1.39.0-win32-x64\jre\21.0.5-win32-x86_64\bin\zip.dll
Event: 0.112 Loaded shared library C:\Users\IBYTE\.vscode\extensions\redhat.java-1.39.0-win32-x64\jre\21.0.5-win32-x86_64\bin\jimage.dll
Event: 0.169 Loaded shared library c:\Users\IBYTE\.vscode\extensions\redhat.java-1.39.0-win32-x64\jre\21.0.5-win32-x86_64\bin\verify.dll
Event: 1.114 Loaded shared library C:\Users\IBYTE\AppData\Roaming\Code\User\globalStorage\redhat.java\1.39.0\config_win\org.eclipse.equinox.launcher\org.eclipse.equinox.launcher.win32.win32.x86_64_1.2.1100.v20240722-2106\eclipse_11904.dll
Event: 2.740 Loaded shared library C:\Users\IBYTE\AppData\Local\Temp\jna-69471441\jna11313633866131575756.dll
Event: 241.116 Loaded shared library C:\Users\IBYTE\.vscode\extensions\redhat.java-1.39.0-win32-x64\jre\21.0.5-win32-x86_64\bin\extnet.dll

Deoptimization events (20 events):
Event: 243.403 Thread 0x000001bc77dfcb80 DEOPT PACKING pc=0x000001bc125891ba sp=0x00000050bf3fd8e0
Event: 243.403 Thread 0x000001bc77dfcb80 DEOPT UNPACKING pc=0x000001bc17224242 sp=0x00000050bf3fcdf8 mode 0
Event: 243.403 Thread 0x000001bc77dfcb80 DEOPT PACKING pc=0x000001bc12625cf9 sp=0x00000050bf3fd900
Event: 243.403 Thread 0x000001bc77dfcb80 DEOPT UNPACKING pc=0x000001bc17224242 sp=0x00000050bf3fcdd0 mode 0
Event: 243.403 Thread 0x000001bc77dfcb80 DEOPT PACKING pc=0x000001bc12625c59 sp=0x00000050bf3fd900
Event: 243.403 Thread 0x000001bc77dfcb80 DEOPT UNPACKING pc=0x000001bc17224242 sp=0x00000050bf3fcdd0 mode 0
Event: 243.403 Thread 0x000001bc77dfcb80 DEOPT PACKING pc=0x000001bc12625cf9 sp=0x00000050bf3fd900
Event: 243.403 Thread 0x000001bc77dfcb80 DEOPT UNPACKING pc=0x000001bc17224242 sp=0x00000050bf3fcdd0 mode 0
Event: 243.405 Thread 0x000001bc77dfcb80 Uncommon trap: trap_request=0xffffff45 fr.pc=0x000001bc17a6d18c relative=0x00000000000004ac
Event: 243.405 Thread 0x000001bc77dfcb80 Uncommon trap: reason=unstable_if action=reinterpret pc=0x000001bc17a6d18c method=org.eclipse.jdt.core.manipulation.internal.javadoc.CoreJavaDoc2HTMLTextReader.computeSubstitution(I)Ljava/lang/String; @ 21 c2
Event: 243.405 Thread 0x000001bc77dfcb80 DEOPT PACKING pc=0x000001bc17a6d18c sp=0x00000050bf3fe940
Event: 243.405 Thread 0x000001bc77dfcb80 DEOPT UNPACKING pc=0x000001bc17223aa2 sp=0x00000050bf3fe8a0 mode 2
Event: 243.405 Thread 0x000001bc77dfcb80 Uncommon trap: trap_request=0xffffff45 fr.pc=0x000001bc17cb0134 relative=0x00000000000003d4
Event: 243.405 Thread 0x000001bc77dfcb80 Uncommon trap: reason=unstable_if action=reinterpret pc=0x000001bc17cb0134 method=org.eclipse.text.readers.SubstitutionReader.nextChar()I @ 8 c2
Event: 243.405 Thread 0x000001bc77dfcb80 DEOPT PACKING pc=0x000001bc17cb0134 sp=0x00000050bf3fe8e0
Event: 243.405 Thread 0x000001bc77dfcb80 DEOPT UNPACKING pc=0x000001bc17223aa2 sp=0x00000050bf3fe8a0 mode 2
Event: 243.409 Thread 0x000001bc77dfcb80 Uncommon trap: trap_request=0xffffff45 fr.pc=0x000001bc179de740 relative=0x00000000000000a0
Event: 243.409 Thread 0x000001bc77dfcb80 Uncommon trap: reason=unstable_if action=reinterpret pc=0x000001bc179de740 method=org.jsoup.internal.StringUtil.isActuallyWhitespace(I)Z @ 34 c2
Event: 243.409 Thread 0x000001bc77dfcb80 DEOPT PACKING pc=0x000001bc179de740 sp=0x00000050bf3fe380
Event: 243.409 Thread 0x000001bc77dfcb80 DEOPT UNPACKING pc=0x000001bc17223aa2 sp=0x00000050bf3fe300 mode 2

Classes loaded (20 events):
Event: 242.111 Loading class java/util/stream/Streams$RangeIntSpliterator
Event: 242.111 Loading class java/util/stream/Streams$RangeIntSpliterator done
Event: 242.114 Loading class java/lang/ProcessBuilder
Event: 242.114 Loading class java/lang/ProcessBuilder done
Event: 242.114 Loading class java/lang/ProcessImpl
Event: 242.115 Loading class java/lang/ProcessImpl done
Event: 242.120 Loading class java/lang/ProcessImpl$2
Event: 242.120 Loading class java/lang/ProcessImpl$2 done
Event: 242.120 Loading class java/lang/Process$PipeInputStream
Event: 242.120 Loading class java/lang/Process$PipeInputStream done
Event: 242.125 Loading class jdk/internal/event/ProcessStartEvent
Event: 242.126 Loading class jdk/internal/event/ProcessStartEvent done
Event: 242.279 Loading class java/util/concurrent/ScheduledThreadPoolExecutor$DelayedWorkQueue$Itr
Event: 242.279 Loading class java/util/concurrent/ScheduledThreadPoolExecutor$DelayedWorkQueue$Itr done
Event: 242.450 Loading class java/lang/ProcessHandleImpl$ExitCompletion
Event: 242.450 Loading class java/lang/ProcessHandleImpl$ExitCompletion done
Event: 242.450 Loading class java/lang/ProcessHandleImpl$1
Event: 242.450 Loading class java/lang/ProcessHandleImpl$1 done
Event: 242.451 Loading class java/util/concurrent/CompletableFuture$UniHandle
Event: 242.451 Loading class java/util/concurrent/CompletableFuture$UniHandle done

Classes unloaded (11 events):
Event: 3.462 Thread 0x000001bc0c8e5ed0 Unloading class 0x000001bc251a1400 'java/lang/invoke/LambdaForm$MH+0x000001bc251a1400'
Event: 3.462 Thread 0x000001bc0c8e5ed0 Unloading class 0x000001bc251a1000 'java/lang/invoke/LambdaForm$MH+0x000001bc251a1000'
Event: 3.462 Thread 0x000001bc0c8e5ed0 Unloading class 0x000001bc251a0c00 'java/lang/invoke/LambdaForm$MH+0x000001bc251a0c00'
Event: 3.462 Thread 0x000001bc0c8e5ed0 Unloading class 0x000001bc251a0800 'java/lang/invoke/LambdaForm$MH+0x000001bc251a0800'
Event: 3.463 Thread 0x000001bc0c8e5ed0 Unloading class 0x000001bc251a0400 'java/lang/invoke/LambdaForm$BMH+0x000001bc251a0400'
Event: 3.463 Thread 0x000001bc0c8e5ed0 Unloading class 0x000001bc251a0000 'java/lang/invoke/LambdaForm$DMH+0x000001bc251a0000'
Event: 3.463 Thread 0x000001bc0c8e5ed0 Unloading class 0x000001bc2519ec00 'java/lang/invoke/LambdaForm$DMH+0x000001bc2519ec00'
Event: 10.075 Thread 0x000001bc0c8e5ed0 Unloading class 0x000001bc25655400 'java/lang/invoke/LambdaForm$DMH+0x000001bc25655400'
Event: 10.075 Thread 0x000001bc0c8e5ed0 Unloading class 0x000001bc25654c00 'java/lang/invoke/LambdaForm$DMH+0x000001bc25654c00'
Event: 10.075 Thread 0x000001bc0c8e5ed0 Unloading class 0x000001bc25655000 'java/lang/invoke/LambdaForm$DMH+0x000001bc25655000'
Event: 10.075 Thread 0x000001bc0c8e5ed0 Unloading class 0x000001bc25654800 'java/lang/invoke/LambdaForm$DMH+0x000001bc25654800'

Classes redefined (0 events):
No events

Internal exceptions (20 events):
Event: 241.389 Thread 0x000001bc6b141e00 Exception <a 'sun/nio/fs/WindowsException'{0x00000000d57dc3e8}> (0x00000000d57dc3e8) 
thrown [s\src\hotspot\share\prims\jni.cpp, line 520]
Event: 241.389 Thread 0x000001bc6b141e00 Exception <a 'sun/nio/fs/WindowsException'{0x00000000d57dd470}> (0x00000000d57dd470) 
thrown [s\src\hotspot\share\prims\jni.cpp, line 520]
Event: 241.407 Thread 0x000001bc6b141e00 Exception <a 'java/lang/NoSuchMethodError'{0x00000000d5869290}: 'void java.lang.invoke.DirectMethodHandle$Holder.invokeStatic(java.lang.Object, java.lang.Object, java.lang.Object, java.lang.Object, java.lang.Object, java.lang.Object, java.lang.Object)'> (0x00000000d5869290) 
thrown [s\src\hotspot\share\interpreter\linkResolver.cpp, line 773]
Event: 242.084 Thread 0x000001bc6b143840 Exception <a 'java/lang/NoSuchMethodError'{0x00000000d55e2300}: 'long java.lang.invoke.DelegatingMethodHandle$Holder.reinvoke_L(java.lang.Object, java.lang.Object)'> (0x00000000d55e2300) 
thrown [s\src\hotspot\share\interpreter\linkResolver.cpp, line 773]
Event: 242.085 Thread 0x000001bc6b143840 Exception <a 'java/lang/NoSuchMethodError'{0x00000000d55ec4f8}: 'void java.lang.invoke.DelegatingMethodHandle$Holder.reinvoke_L(java.lang.Object, java.lang.Object, long)'> (0x00000000d55ec4f8) 
thrown [s\src\hotspot\share\interpreter\linkResolver.cpp, line 773]
Event: 242.113 Thread 0x000001bc6b143840 Exception <a 'sun/nio/fs/WindowsException'{0x00000000d5651088}> (0x00000000d5651088) 
thrown [s\src\hotspot\share\prims\jni.cpp, line 520]
Event: 242.119 Thread 0x000001bc6b143840 Exception <a 'java/lang/NoSuchMethodError'{0x00000000d565ecc8}: 'void java.lang.invoke.DirectMethodHandle$Holder.invokeStatic(java.lang.Object, long)'> (0x00000000d565ecc8) 
thrown [s\src\hotspot\share\interpreter\linkResolver.cpp, line 773]
Event: 242.189 Thread 0x000001bc6b143840 Exception <a 'sun/nio/fs/WindowsException'{0x00000000d5682908}> (0x00000000d5682908) 
thrown [s\src\hotspot\share\prims\jni.cpp, line 520]
Event: 242.260 Thread 0x000001bc6b143840 Exception <a 'sun/nio/fs/WindowsException'{0x00000000d56932a8}> (0x00000000d56932a8) 
thrown [s\src\hotspot\share\prims\jni.cpp, line 520]
Event: 242.331 Thread 0x000001bc6b143840 Exception <a 'sun/nio/fs/WindowsException'{0x00000000d56aa350}> (0x00000000d56aa350) 
thrown [s\src\hotspot\share\prims\jni.cpp, line 520]
Event: 242.410 Thread 0x000001bc6b143840 Exception <a 'sun/nio/fs/WindowsException'{0x00000000d56ba1d0}> (0x00000000d56ba1d0) 
thrown [s\src\hotspot\share\prims\jni.cpp, line 520]
Event: 242.452 Thread 0x000001bc6b143840 Exception <a 'java/lang/NoSuchMethodError'{0x00000000d570bf30}: 'long java.lang.invoke.Invokers$Holder.invokeExact_MT(java.lang.Object, java.lang.Object, java.lang.Object)'> (0x00000000d570bf30) 
thrown [s\src\hotspot\share\interpreter\linkResolver.cpp, line 773]
Event: 243.218 Thread 0x000001bc77dfcb80 Implicit null exception at 0x000001bc17fac923 to 0x000001bc17faccc0
Event: 243.408 Thread 0x000001bc77dfcb80 Exception <a 'java/lang/ClassNotFoundException'{0x00000000d6055fb8}: sun/net/www/protocol/jdt/Handler> (0x00000000d6055fb8) 
thrown [s\src\hotspot\share\classfile\systemDictionary.cpp, line 312]
Event: 243.409 Thread 0x000001bc77dfcb80 Exception <a 'java/lang/ClassNotFoundException'{0x00000000d6058c38}: sun/net/www/protocol/jdt/Handler> (0x00000000d6058c38) 
thrown [s\src\hotspot\share\classfile\systemDictionary.cpp, line 312]
Event: 243.409 Thread 0x000001bc77dfcb80 Exception <a 'java/lang/ClassNotFoundException'{0x00000000d605df00}: sun/net/www/protocol/jdt/Handler> (0x00000000d605df00) 
thrown [s\src\hotspot\share\classfile\systemDictionary.cpp, line 312]
Event: 243.409 Thread 0x000001bc77dfcb80 Exception <a 'java/lang/ClassNotFoundException'{0x00000000d6062610}: sun/net/www/protocol/jdt/Handler> (0x00000000d6062610) 
thrown [s\src\hotspot\share\classfile\systemDictionary.cpp, line 312]
Event: 243.409 Thread 0x000001bc77dfcb80 Exception <a 'java/lang/ClassNotFoundException'{0x00000000d6064da0}: sun/net/www/protocol/jdt/Handler> (0x00000000d6064da0) 
thrown [s\src\hotspot\share\classfile\systemDictionary.cpp, line 312]
Event: 243.409 Thread 0x000001bc77dfcb80 Exception <a 'java/lang/ClassNotFoundException'{0x00000000d6067570}: sun/net/www/protocol/jdt/Handler> (0x00000000d6067570) 
thrown [s\src\hotspot\share\classfile\systemDictionary.cpp, line 312]
Event: 243.409 Thread 0x000001bc77dfcb80 Exception <a 'java/lang/ClassNotFoundException'{0x00000000d6069d68}: sun/net/www/protocol/jdt/Handler> (0x00000000d6069d68) 
thrown [s\src\hotspot\share\classfile\systemDictionary.cpp, line 312]

ZGC Phase Switch (0 events):
No events

VM Operations (20 events):
Event: 243.285 Executing VM operation: ParallelGCFailedAllocation (Allocation Failure)
Event: 243.287 Executing VM operation: ParallelGCFailedAllocation (Allocation Failure) done
Event: 243.294 Executing VM operation: ParallelGCFailedAllocation (Allocation Failure)
Event: 243.297 Executing VM operation: ParallelGCFailedAllocation (Allocation Failure) done
Event: 243.305 Executing VM operation: ParallelGCFailedAllocation (Allocation Failure)
Event: 243.313 Executing VM operation: ParallelGCFailedAllocation (Allocation Failure) done
Event: 243.320 Executing VM operation: ParallelGCFailedAllocation (Allocation Failure)
Event: 243.322 Executing VM operation: ParallelGCFailedAllocation (Allocation Failure) done
Event: 243.333 Executing VM operation: ParallelGCFailedAllocation (Allocation Failure)
Event: 243.336 Executing VM operation: ParallelGCFailedAllocation (Allocation Failure) done
Event: 243.345 Executing VM operation: ParallelGCFailedAllocation (Allocation Failure)
Event: 243.347 Executing VM operation: ParallelGCFailedAllocation (Allocation Failure) done
Event: 243.358 Executing VM operation: ParallelGCFailedAllocation (Allocation Failure)
Event: 243.361 Executing VM operation: ParallelGCFailedAllocation (Allocation Failure) done
Event: 243.371 Executing VM operation: ParallelGCFailedAllocation (Allocation Failure)
Event: 243.374 Executing VM operation: ParallelGCFailedAllocation (Allocation Failure) done
Event: 243.386 Executing VM operation: ParallelGCFailedAllocation (Allocation Failure)
Event: 243.388 Executing VM operation: ParallelGCFailedAllocation (Allocation Failure) done
Event: 243.410 Executing VM operation: ParallelGCFailedAllocation (Allocation Failure)
Event: 243.413 Executing VM operation: ParallelGCFailedAllocation (Allocation Failure) done

Memory protections (0 events):
No events

Nmethod flushes (20 events):
Event: 97.888 Thread 0x000001bc0c8e5ed0 flushing  nmethod 0x000001bc10e98b10
Event: 97.888 Thread 0x000001bc0c8e5ed0 flushing  nmethod 0x000001bc10e98e90
Event: 97.888 Thread 0x000001bc0c8e5ed0 flushing  nmethod 0x000001bc10e99590
Event: 97.888 Thread 0x000001bc0c8e5ed0 flushing  nmethod 0x000001bc10e9d310
Event: 97.888 Thread 0x000001bc0c8e5ed0 flushing  nmethod 0x000001bc10e9d790
Event: 97.888 Thread 0x000001bc0c8e5ed0 flushing  nmethod 0x000001bc10f6bd10
Event: 97.888 Thread 0x000001bc0c8e5ed0 flushing  nmethod 0x000001bc10f93c10
Event: 97.888 Thread 0x000001bc0c8e5ed0 flushing  nmethod 0x000001bc10f94090
Event: 97.888 Thread 0x000001bc0c8e5ed0 flushing  nmethod 0x000001bc10f94410
Event: 97.888 Thread 0x000001bc0c8e5ed0 flushing  nmethod 0x000001bc10fa2190
Event: 97.888 Thread 0x000001bc0c8e5ed0 flushing  nmethod 0x000001bc10fa3990
Event: 97.888 Thread 0x000001bc0c8e5ed0 flushing  nmethod 0x000001bc10fb8c90
Event: 97.888 Thread 0x000001bc0c8e5ed0 flushing  nmethod 0x000001bc10fbc610
Event: 97.888 Thread 0x000001bc0c8e5ed0 flushing  nmethod 0x000001bc10fbe510
Event: 97.888 Thread 0x000001bc0c8e5ed0 flushing  nmethod 0x000001bc10fc5b10
Event: 97.888 Thread 0x000001bc0c8e5ed0 flushing  nmethod 0x000001bc10fc8890
Event: 97.888 Thread 0x000001bc0c8e5ed0 flushing  nmethod 0x000001bc10ff7c90
Event: 97.888 Thread 0x000001bc0c8e5ed0 flushing  nmethod 0x000001bc10ffe610
Event: 97.888 Thread 0x000001bc0c8e5ed0 flushing  nmethod 0x000001bc11016410
Event: 97.888 Thread 0x000001bc0c8e5ed0 flushing  nmethod 0x000001bc11064590

Events (20 events):
Event: 224.031 Thread 0x000001bc6f4b81e0 Thread exited: 0x000001bc6f4b81e0
Event: 224.153 Thread 0x000001bc77dfbe60 Thread exited: 0x000001bc77dfbe60
Event: 224.154 Thread 0x000001bc6bd9ef70 Thread exited: 0x000001bc6bd9ef70
Event: 224.154 Thread 0x000001bc6bd9a740 Thread exited: 0x000001bc6bd9a740
Event: 224.154 Thread 0x000001bc6ee8acf0 Thread exited: 0x000001bc6ee8acf0
Event: 225.540 Thread 0x000001bc77e00d20 Thread exited: 0x000001bc77e00d20
Event: 238.738 Thread 0x000001bc6bd9d530 Thread exited: 0x000001bc6bd9d530
Event: 240.951 Thread 0x000001bc0ca08b10 Thread added: 0x000001bc6cb0e000
Event: 241.014 Thread 0x000001bc6ee84a80 Thread exited: 0x000001bc6ee84a80
Event: 241.119 Thread 0x000001bc77dfcb80 Thread added: 0x000001bc6b1410e0
Event: 241.125 Thread 0x000001bc6b1410e0 Thread added: 0x000001bc6b13e980
Event: 241.268 Thread 0x000001bc6b13e980 Thread added: 0x000001bc6b13dc60
Event: 241.273 Thread 0x000001bc6b13e980 Thread added: 0x000001bc6b142490
Event: 241.366 Thread 0x000001bc6b13e980 Thread added: 0x000001bc6b141e00
Event: 241.405 Thread 0x000001bc6b141e00 Thread added: 0x000001bc6b1431b0
Event: 241.516 Thread 0x000001bc6cb0e000 Thread exited: 0x000001bc6cb0e000
Event: 242.082 Thread 0x000001bc6b13e980 Thread added: 0x000001bc6b143840
Event: 242.082 Thread 0x000001bc6b1431b0 Thread exited: 0x000001bc6b1431b0
Event: 242.451 Thread 0x000001bc6b143840 Thread added: 0x000001bc6b13e2f0
Event: 242.454 Thread 0x000001bc6b143840 Thread exited: 0x000001bc6b143840


Dynamic libraries:
0x00007ff7e1f60000 - 0x00007ff7e1f6e000 	c:\Users\IBYTE\.vscode\extensions\redhat.java-1.39.0-win32-x64\jre\21.0.5-win32-x86_64\bin\java.exe
0x00007ffae9250000 - 0x00007ffae9467000 	C:\WINDOWS\SYSTEM32\ntdll.dll
0x00007ffae8740000 - 0x00007ffae8804000 	C:\WINDOWS\System32\KERNEL32.DLL
0x00007ffae68a0000 - 0x00007ffae6c70000 	C:\WINDOWS\System32\KERNELBASE.dll
0x00007ffae6780000 - 0x00007ffae6891000 	C:\WINDOWS\System32\ucrtbase.dll
0x00007ffad91b0000 - 0x00007ffad91ce000 	c:\Users\IBYTE\.vscode\extensions\redhat.java-1.39.0-win32-x64\jre\21.0.5-win32-x86_64\bin\VCRUNTIME140.dll
0x00007ffad8fa0000 - 0x00007ffad8fb8000 	c:\Users\IBYTE\.vscode\extensions\redhat.java-1.39.0-win32-x64\jre\21.0.5-win32-x86_64\bin\jli.dll
0x00007ffae8820000 - 0x00007ffae89ce000 	C:\WINDOWS\System32\USER32.dll
0x00007ffacf9d0000 - 0x00007ffacfc62000 	C:\WINDOWS\WinSxS\amd64_microsoft.windows.common-controls_6595b64144ccf1df_6.0.22621.4830_none_270fe7d773858e80\COMCTL32.dll
0x00007ffae6f10000 - 0x00007ffae6f36000 	C:\WINDOWS\System32\win32u.dll
0x00007ffae72f0000 - 0x00007ffae7397000 	C:\WINDOWS\System32\msvcrt.dll
0x00007ffae90e0000 - 0x00007ffae9109000 	C:\WINDOWS\System32\GDI32.dll
0x00007ffae6500000 - 0x00007ffae661b000 	C:\WINDOWS\System32\gdi32full.dll
0x00007ffae66e0000 - 0x00007ffae677a000 	C:\WINDOWS\System32\msvcp_win.dll
0x00007ffae91d0000 - 0x00007ffae9201000 	C:\WINDOWS\System32\IMM32.DLL
0x00007ffada1f0000 - 0x00007ffada1fc000 	c:\Users\IBYTE\.vscode\extensions\redhat.java-1.39.0-win32-x64\jre\21.0.5-win32-x86_64\bin\vcruntime140_1.dll
0x00007ffac1e20000 - 0x00007ffac1ead000 	c:\Users\IBYTE\.vscode\extensions\redhat.java-1.39.0-win32-x64\jre\21.0.5-win32-x86_64\bin\msvcp140.dll
0x00007ffa93890000 - 0x00007ffa9461f000 	c:\Users\IBYTE\.vscode\extensions\redhat.java-1.39.0-win32-x64\jre\21.0.5-win32-x86_64\bin\server\jvm.dll
0x00007ffae9110000 - 0x00007ffae91c1000 	C:\WINDOWS\System32\ADVAPI32.dll
0x00007ffae6f40000 - 0x00007ffae6fe7000 	C:\WINDOWS\System32\sechost.dll
0x00007ffae6c70000 - 0x00007ffae6c98000 	C:\WINDOWS\System32\bcrypt.dll
0x00007ffae73a0000 - 0x00007ffae74b4000 	C:\WINDOWS\System32\RPCRT4.dll
0x00007ffae8b50000 - 0x00007ffae8bc1000 	C:\WINDOWS\System32\WS2_32.dll
0x00007ffae6320000 - 0x00007ffae636d000 	C:\WINDOWS\SYSTEM32\POWRPROF.dll
0x00007ffacbb30000 - 0x00007ffacbb3a000 	C:\WINDOWS\SYSTEM32\VERSION.dll
0x00007ffae1510000 - 0x00007ffae1544000 	C:\WINDOWS\SYSTEM32\WINMM.dll
0x00007ffae6200000 - 0x00007ffae6213000 	C:\WINDOWS\SYSTEM32\UMPDC.dll
0x00007ffae5540000 - 0x00007ffae5558000 	C:\WINDOWS\SYSTEM32\kernel.appcore.dll
0x00007ffad9d50000 - 0x00007ffad9d5a000 	c:\Users\IBYTE\.vscode\extensions\redhat.java-1.39.0-win32-x64\jre\21.0.5-win32-x86_64\bin\jimage.dll
0x00007ffae3d10000 - 0x00007ffae3f42000 	C:\WINDOWS\SYSTEM32\DBGHELP.DLL
0x00007ffae7a80000 - 0x00007ffae7e10000 	C:\WINDOWS\System32\combase.dll
0x00007ffae7890000 - 0x00007ffae7967000 	C:\WINDOWS\System32\OLEAUT32.dll
0x00007ffacc3b0000 - 0x00007ffacc3e2000 	C:\WINDOWS\SYSTEM32\dbgcore.DLL
0x00007ffae6e90000 - 0x00007ffae6f0b000 	C:\WINDOWS\System32\bcryptPrimitives.dll
0x00007ffad9b20000 - 0x00007ffad9b2f000 	c:\Users\IBYTE\.vscode\extensions\redhat.java-1.39.0-win32-x64\jre\21.0.5-win32-x86_64\bin\instrument.dll
0x00007ffad88b0000 - 0x00007ffad88cf000 	c:\Users\IBYTE\.vscode\extensions\redhat.java-1.39.0-win32-x64\jre\21.0.5-win32-x86_64\bin\java.dll
0x00007ffae7e10000 - 0x00007ffae8688000 	C:\WINDOWS\System32\SHELL32.dll
0x00007ffae4400000 - 0x00007ffae4d10000 	C:\WINDOWS\SYSTEM32\windows.storage.dll
0x00007ffae42c0000 - 0x00007ffae43ff000 	C:\WINDOWS\SYSTEM32\wintypes.dll
0x00007ffae8a40000 - 0x00007ffae8b4a000 	C:\WINDOWS\System32\SHCORE.dll
0x00007ffae7680000 - 0x00007ffae76de000 	C:\WINDOWS\System32\shlwapi.dll
0x00007ffae6430000 - 0x00007ffae645b000 	C:\WINDOWS\SYSTEM32\profapi.dll
0x00007ffad8890000 - 0x00007ffad88a8000 	c:\Users\IBYTE\.vscode\extensions\redhat.java-1.39.0-win32-x64\jre\21.0.5-win32-x86_64\bin\zip.dll
0x00007ffad9ae0000 - 0x00007ffad9af0000 	C:\Users\IBYTE\.vscode\extensions\redhat.java-1.39.0-win32-x64\jre\21.0.5-win32-x86_64\bin\net.dll
0x00007ffae2c80000 - 0x00007ffae2dac000 	C:\WINDOWS\SYSTEM32\WINHTTP.dll
0x00007ffae59c0000 - 0x00007ffae5a29000 	C:\WINDOWS\system32\mswsock.dll
0x00007ffad8830000 - 0x00007ffad8846000 	C:\Users\IBYTE\.vscode\extensions\redhat.java-1.39.0-win32-x64\jre\21.0.5-win32-x86_64\bin\nio.dll
0x00007ffad92e0000 - 0x00007ffad92f0000 	c:\Users\IBYTE\.vscode\extensions\redhat.java-1.39.0-win32-x64\jre\21.0.5-win32-x86_64\bin\verify.dll
0x00007ffaad0c0000 - 0x00007ffaad105000 	C:\Users\IBYTE\AppData\Roaming\Code\User\globalStorage\redhat.java\1.39.0\config_win\org.eclipse.equinox.launcher\org.eclipse.equinox.launcher.win32.win32.x86_64_1.2.1100.v20240722-2106\eclipse_11904.dll
0x00007ffae76e0000 - 0x00007ffae7881000 	C:\WINDOWS\System32\ole32.dll
0x00007ffae5c10000 - 0x00007ffae5c2b000 	C:\WINDOWS\SYSTEM32\CRYPTSP.dll
0x00007ffae5480000 - 0x00007ffae54b5000 	C:\WINDOWS\system32\rsaenh.dll
0x00007ffae5ab0000 - 0x00007ffae5ad8000 	C:\WINDOWS\SYSTEM32\USERENV.dll
0x00007ffae5c30000 - 0x00007ffae5c3c000 	C:\WINDOWS\SYSTEM32\CRYPTBASE.dll
0x00007ffae4fb0000 - 0x00007ffae4fdd000 	C:\WINDOWS\SYSTEM32\IPHLPAPI.DLL
0x00007ffae8810000 - 0x00007ffae8819000 	C:\WINDOWS\System32\NSI.dll
0x00007ffa9b210000 - 0x00007ffa9b259000 	C:\Users\IBYTE\AppData\Local\Temp\jna-69471441\jna11313633866131575756.dll
0x00007ffae7510000 - 0x00007ffae7518000 	C:\WINDOWS\System32\PSAPI.DLL
0x00007ffae1980000 - 0x00007ffae1999000 	C:\WINDOWS\SYSTEM32\dhcpcsvc6.DLL
0x00007ffae19e0000 - 0x00007ffae19ff000 	C:\WINDOWS\SYSTEM32\dhcpcsvc.DLL
0x00007ffad03d0000 - 0x00007ffad03d9000 	C:\Users\IBYTE\.vscode\extensions\redhat.java-1.39.0-win32-x64\jre\21.0.5-win32-x86_64\bin\extnet.dll

dbghelp: loaded successfully - version: 4.0.5 - missing functions: none
symbol engine: initialized successfully - sym options: 0x614 - pdb path: .;c:\Users\IBYTE\.vscode\extensions\redhat.java-1.39.0-win32-x64\jre\21.0.5-win32-x86_64\bin;C:\WINDOWS\SYSTEM32;C:\WINDOWS\WinSxS\amd64_microsoft.windows.common-controls_6595b64144ccf1df_6.0.22621.4830_none_270fe7d773858e80;c:\Users\IBYTE\.vscode\extensions\redhat.java-1.39.0-win32-x64\jre\21.0.5-win32-x86_64\bin\server;C:\Users\IBYTE\AppData\Roaming\Code\User\globalStorage\redhat.java\1.39.0\config_win\org.eclipse.equinox.launcher\org.eclipse.equinox.launcher.win32.win32.x86_64_1.2.1100.v20240722-2106;C:\Users\IBYTE\AppData\Local\Temp\jna-69471441

VM Arguments:
jvm_args: --add-modules=ALL-SYSTEM --add-opens=java.base/java.util=ALL-UNNAMED --add-opens=java.base/java.lang=ALL-UNNAMED --add-opens=java.base/sun.nio.fs=ALL-UNNAMED -Declipse.application=org.eclipse.jdt.ls.core.id1 -Dosgi.bundles.defaultStartLevel=4 -Declipse.product=org.eclipse.jdt.ls.core.product -Djava.import.generatesMetadataFilesAtProjectRoot=false -DDetectVMInstallationsJob.disabled=true -Dfile.encoding=utf8 -XX:+UseParallelGC -XX:GCTimeRatio=4 -XX:AdaptiveSizePolicyWeight=90 -Dsun.zip.disableMemoryMapping=true -Xmx2G -Xms100m -Xlog:disable -javaagent:c:\Users\IBYTE\.vscode\extensions\redhat.java-1.39.0-win32-x64\lombok\lombok-1.18.34.jar -XX:+HeapDumpOnOutOfMemoryError -XX:HeapDumpPath=c:\Users\IBYTE\AppData\Roaming\Code\User\workspaceStorage\59ce07a759c63856ad17a90456c615a0\redhat.java -Daether.dependencyCollector.impl=bf 
java_command: c:\Users\IBYTE\.vscode\extensions\redhat.java-1.39.0-win32-x64\server\plugins\org.eclipse.equinox.launcher_1.6.900.v20240613-2009.jar -configuration c:\Users\IBYTE\AppData\Roaming\Code\User\globalStorage\redhat.java\1.39.0\config_win -data c:\Users\IBYTE\AppData\Roaming\Code\User\workspaceStorage\59ce07a759c63856ad17a90456c615a0\redhat.java\jdt_ws --pipe=\\.\pipe\lsp-5bdea28ac32a25f42b96ff1c89300712-sock
java_class_path (initial): c:\Users\IBYTE\.vscode\extensions\redhat.java-1.39.0-win32-x64\server\plugins\org.eclipse.equinox.launcher_1.6.900.v20240613-2009.jar
Launcher Type: SUN_STANDARD

[Global flags]
    uintx AdaptiveSizePolicyWeight                 = 90                                        {product} {command line}
     intx CICompilerCount                          = 4                                         {product} {ergonomic}
    uintx GCTimeRatio                              = 4                                         {product} {command line}
     bool HeapDumpOnOutOfMemoryError               = true                                   {manageable} {command line}
    ccstr HeapDumpPath                             = c:\Users\IBYTE\AppData\Roaming\Code\User\workspaceStorage\59ce07a759c63856ad17a90456c615a0\redhat.java         {manageable} {command line}
   size_t InitialHeapSize                          = 104857600                                 {product} {command line}
   size_t MaxHeapSize                              = 2147483648                                {product} {command line}
   size_t MaxNewSize                               = 715653120                                 {product} {ergonomic}
   size_t MinHeapDeltaBytes                        = 524288                                    {product} {ergonomic}
   size_t MinHeapSize                              = 104857600                                 {product} {command line}
   size_t NewSize                                  = 34603008                                  {product} {ergonomic}
    uintx NonNMethodCodeHeapSize                   = 5839372                                {pd product} {ergonomic}
    uintx NonProfiledCodeHeapSize                  = 122909434                              {pd product} {ergonomic}
   size_t OldSize                                  = 70254592                                  {product} {ergonomic}
    uintx ProfiledCodeHeapSize                     = 122909434                              {pd product} {ergonomic}
    uintx ReservedCodeCacheSize                    = 251658240                              {pd product} {ergonomic}
     bool SegmentedCodeCache                       = true                                      {product} {ergonomic}
   size_t SoftMaxHeapSize                          = 2147483648                             {manageable} {ergonomic}
     bool UseCompressedOops                        = true                           {product lp64_product} {ergonomic}
     bool UseLargePagesIndividualAllocation        = false                                  {pd product} {ergonomic}
     bool UseParallelGC                            = true                                      {product} {command line}

Logging:
Log output configuration:
 #0: stdout all=off uptime,level,tags foldmultilines=false
 #1: stderr all=off uptime,level,tags foldmultilines=false

Environment Variables:
JAVA_HOME=C:\Program Files\Java\jdk-17\
PATH=C:\Windows\System32;C:\Program Files\Microsoft SQL Server\150\Tools\Binn\;C:\Program Files\Microsoft SQL Server\Client SDK\ODBC\170\Tools\Binn\;C:\Program Files\dotnet\;C:\Windows\System32\WindowsPowerShell\v1.0\;C:\Users\IBYTE\scripts;C:\Users\IBYTE\apache-maven-3.9.9-bin\bin;C:\Program Files\Java\apache-maven-3.9.7\bin;;C:\Program Files\Docker\Docker\resources\bin;C:\Program Files\MySQL\MySQL Shell 8.0\bin\;C:\Users\IBYTE\AppData\Local\Programs\Python\Python312\Scripts\;C:\Users\IBYTE\AppData\Local\Programs\Python\Python312\;C:\Users\IBYTE\AppData\Local\Programs\Python\Launcher\;C:\Users\IBYTE\AppData\Local\Microsoft\WindowsApps;C:\Users\IBYTE\AppData\Local\GitHubDesktop\bin;C:\Program Files\nodejs;C:\Users\IBYTE\AppData\Roaming\npm;C:\Users\IBYTE\.dotnet\tools;C:\Users\IBYTE\AppData\Local\Programs\Microsoft VS Code\bin;C:\cmder\bin;C:\Program Files\PostgreSQL\15\bin;C:\Program Files\MySQL\MySQL Server 8.0\bin;C:\Users\IBYTE\.dotnet\tools;C:\Program Files\Java\jdk-17\\bin
USERNAME=IBYTE
OS=Windows_NT
PROCESSOR_IDENTIFIER=Intel64 Family 6 Model 154 Stepping 3, GenuineIntel
TMP=C:\Users\IBYTE\AppData\Local\Temp
TEMP=C:\Users\IBYTE\AppData\Local\Temp




Periodic native trim disabled

---------------  S Y S T E M  ---------------

OS:
 Windows 11 , 64 bit Build 22621 (10.0.22621.4830)
OS uptime: 0 days 1:20 hours
Hyper-V role detected

CPU: total 12 (initial active 12) (6 cores per cpu, 2 threads per core) family 6 model 154 stepping 3 microcode 0x423, cx8, cmov, fxsr, ht, mmx, 3dnowpref, sse, sse2, sse3, ssse3, sse4.1, sse4.2, popcnt, lzcnt, tsc, tscinvbit, avx, avx2, aes, erms, clmul, bmi1, bmi2, adx, sha, fma, vzeroupper, clflush, clflushopt, clwb, hv, serialize, rdtscp, rdpid, fsrm, f16c, cet_ibt, cet_ss
Processor Information for processor 0
  Max Mhz: 2000, Current Mhz: 2000, Mhz Limit: 2000
Processor Information for processor 1
  Max Mhz: 2000, Current Mhz: 2000, Mhz Limit: 2000
Processor Information for processor 2
  Max Mhz: 2000, Current Mhz: 2000, Mhz Limit: 2000
Processor Information for processor 3
  Max Mhz: 2000, Current Mhz: 2000, Mhz Limit: 2000
Processor Information for processor 4
  Max Mhz: 2000, Current Mhz: 2000, Mhz Limit: 2000
Processor Information for processor 5
  Max Mhz: 2000, Current Mhz: 2000, Mhz Limit: 2000
Processor Information for processor 6
  Max Mhz: 2000, Current Mhz: 2000, Mhz Limit: 2000
Processor Information for processor 7
  Max Mhz: 2000, Current Mhz: 2000, Mhz Limit: 2000
Processor Information for processor 8
  Max Mhz: 2000, Current Mhz: 1500, Mhz Limit: 1500
Processor Information for processor 9
  Max Mhz: 2000, Current Mhz: 1500, Mhz Limit: 1500
Processor Information for processor 10
  Max Mhz: 2000, Current Mhz: 1500, Mhz Limit: 1500
Processor Information for processor 11
  Max Mhz: 2000, Current Mhz: 1500, Mhz Limit: 1500

Memory: 4k page, system-wide physical 7896M (357M free)
TotalPageFile size 17539M (AvailPageFile size 2M)
current process WorkingSet (physical memory assigned to process): 824M, peak: 1153M
current process commit charge ("private bytes"): 1687M, peak: 1724M

vm_info: OpenJDK 64-Bit Server VM (21.0.5+11-LTS) for windows-amd64 JRE (21.0.5+11-LTS), built on 2024-10-15T00:00:00Z by "admin" with MS VC++ 17.7 (VS2022)

END.
